running build_ext
skipping 'lib/qvmc/utils.c' Cython extension (up-to-date)
skipping 'lib/qvmc/state.c' Cython extension (up-to-date)
skipping 'lib/qvmc/optimizer.c' Cython extension (up-to-date)
skipping 'lib/qvmc/debug.c' Cython extension (up-to-date)
skipping 'lib/qvmc/hamiltonian.c' Cython extension (up-to-date)
/home/hanbury.p/env/lib/python3.7/site-packages/numpy/core/numeric.py:538: ComplexWarning: Casting complex values to real discards the imaginary part
  return array(a, dtype, copy=False, order=order)
**********************************************************************
{'deltas': [0.975],
 'fixed_params': {'a': array([0, 0, 0, 0, 0, 0, 0, 0]),
                  'b': array([0, 0, 0, 0, 0, 0, 0, 0])},
 'notes': '\n'
          '              The purpose of this program is to get a set of Ws\n'
          '              that could be used in place of the existing Ws\n'
          '              By tunnelling through them for Delta = 0.975\n'
          '              ',
 'num_monte_carlos_per_delta': 800,
 'num_particles': 8,
 'num_steps': 8000,
 'save_dir': '/home/hanbury.p/feiguin/vmc/cython_version/outputs/2019-04-30-15:14'}
------------------------------------------------------------
Total time = 2.3720108180555552 hours
Final Parameters:
{'a': array([0, 0, 0, 0, 0, 0, 0, 0]),
 'b': array([0, 0, 0, 0, 0, 0, 0, 0]),
 'w': array([[-0.83760578+0.39518632j,  0.82550606+0.3460379j ,
         0.07149726+0.20196968j, -0.08278917+0.04621544j,
         0.05884146+0.08747974j, -0.04638379+0.06806422j,
         0.10345889-0.10918271j, -0.11707886+0.52584194j],
       [ 0.36330904-0.04360562j, -0.36843484-0.01507945j,
         0.37255085-0.047422j  , -0.38543919+0.02674542j,
         0.38898628-0.00681346j, -0.40596791+0.03455985j,
        -0.00254059+0.01643856j, -0.00138071-0.00296701j],
       [ 0.00589074+0.21422765j,  0.00805715+0.12288092j,
        -0.92615724+0.82754241j,  0.93524824-0.39187292j,
         0.07211918+0.1896835j , -0.08541025+0.1707087j ,
         0.00469842+0.15123842j,  0.00309758+0.24962241j],
       [-0.01319446-0.08651955j, -0.0243367 +0.07109424j,
         0.02307851-0.02073136j, -0.01542548+0.02536726j,
        -0.72191873-0.30681191j,  0.7419163 +0.30319841j,
         0.00838824-0.16807929j,  0.00296128+0.17977892j],
       [-0.02912692+0.14297169j,  0.051523  +0.07637111j,
        -0.07550139+0.32123008j,  0.08252306+0.11363129j,
         0.80422135+0.00323891j, -0.79054348+0.48119791j,
         0.00166268+0.14534999j,  0.00769815+0.29692477j],
       [-0.05012814-0.00254613j,  0.07740761+0.02936945j,
         0.11893213-0.04584786j, -0.13851912+0.06178499j,
        -0.06744927+0.10754103j,  0.01817924-0.09824545j,
        -0.88054543-0.06650763j,  0.86032391+0.08241185j],
       [-0.7658525 -0.18577116j,  0.81796789-0.2145866j ,
        -0.00798313-0.34149216j,  0.01741618-0.10065784j,
         0.06925299-0.04908657j, -0.08478293-0.24652055j,
        -0.04883569+1.67948759j,  0.06534529+0.9706327j ],
       [-0.11366497+0.02109117j,  0.10020518-0.04014786j,
         0.6095719 +0.01370186j, -0.59881407-0.01589438j,
        -0.00711456-0.12930624j,  0.02289613+0.10602904j,
         0.12787019-0.12626429j, -0.11911634+0.12851885j]])}
------------------------------------------------------------
Final Summary: 
Delta: 0.97
Energy: -5.93E+00 + 1.54E-03j
------------------------------------------------------------
