running build_ext
skipping 'lib/enumeration_qvmc/utils.c' Cython extension (up-to-date)
skipping 'lib/enumeration_qvmc/state.c' Cython extension (up-to-date)
skipping 'lib/enumeration_qvmc/optimizer.c' Cython extension (up-to-date)
skipping 'lib/enumeration_qvmc/debug.c' Cython extension (up-to-date)
skipping 'lib/enumeration_qvmc/hamiltonian.c' Cython extension (up-to-date)
/home/hanbury.p/env/lib/python3.7/site-packages/numpy/core/numeric.py:538: ComplexWarning: Casting complex values to real discards the imaginary part
  return array(a, dtype, copy=False, order=order)
/home/hanbury.p/env/lib/python3.7/site-packages/matplotlib/pyplot.py:514: RuntimeWarning: More than 20 figures have been opened. Figures created through the pyplot interface (`matplotlib.pyplot.figure`) are retained until explicitly closed and may consume too much memory. (To control this warning, see the rcParam `figure.max_open_warning`).
  max_open_warning, RuntimeWarning)
Run Configurations:
{'deltas': [0.0,
            0.05,
            0.1,
            0.15,
            0.2,
            0.25,
            0.3,
            0.35,
            0.4,
            0.45,
            0.5,
            0.55,
            0.6,
            0.65,
            0.7,
            0.75,
            0.8,
            0.85,
            0.9,
            0.95,
            1.0],
 'fixed_params': [],
 'initial_diamer_state': 'option_1',
 'learning_rate': 0.01,
 'name': 'EnumUnfixedAB',
 'noise_scale': 0.01,
 'notes': '\n'
          '              This is to determine what will happen\n'
          '              if we unfix A and B\n'
          '              ',
 'num_monte_carlos_per_delta': 200,
 'num_particles': 8,
 'num_steps': 10000,
 'save_dir': '/home/hanbury.p/feiguin/vmc/dynamic_adiabatic/outputs/EnumUnfixedAB_2019-05-28-09:29'}
**************************************************


N=4
{'a': array([0, 0, 0, 0, 0, 0, 0, 0]), 'b': array([0, 0, 0, 0, 0, 0, 0, 0]), 'w': array([[-0.02523459+0.55774897j, -0.06531514+0.66235724j,
         0.07280762+0.23832074j,  0.03371101+0.13593509j,
         0.        +0.j        ,  0.        +0.j        ,
         0.        +0.j        ,  0.        +0.j        ],
       [ 0.01778873-0.19981178j, -0.018714  +0.21127783j,
         0.02511414+0.21019687j, -0.0116046 -0.20405439j,
         0.        +0.j        ,  0.        +0.j        ,
         0.        +0.j        ,  0.        +0.j        ],
       [-0.05256053+0.25303982j, -0.05967314+0.10479921j,
         0.04616985+0.52876648j,  0.03876476+0.67472191j,
         0.        +0.j        ,  0.        +0.j        ,
         0.        +0.j        ,  0.        +0.j        ],
       [-0.00353225-0.03664985j,  0.02744336+0.02684347j,
        -0.02471043+0.02897657j,  0.0057429 -0.03775505j,
         0.        +0.j        ,  0.        +0.j        ,
         0.        +0.j        ,  0.        +0.j        ],
       [ 0.        +0.j        ,  0.        +0.j        ,
         0.        +0.j        ,  0.        +0.j        ,
        -0.02523459+0.55774897j, -0.06531514+0.66235724j,
         0.07280762+0.23832074j,  0.03371101+0.13593509j],
       [ 0.        +0.j        ,  0.        +0.j        ,
         0.        +0.j        ,  0.        +0.j        ,
         0.01778873-0.19981178j, -0.018714  +0.21127783j,
         0.02511414+0.21019687j, -0.0116046 -0.20405439j],
       [ 0.        +0.j        ,  0.        +0.j        ,
         0.        +0.j        ,  0.        +0.j        ,
        -0.05256053+0.25303982j, -0.05967314+0.10479921j,
         0.04616985+0.52876648j,  0.03876476+0.67472191j],
       [ 0.        +0.j        ,  0.        +0.j        ,
         0.        +0.j        ,  0.        +0.j        ,
        -0.00353225-0.03664985j,  0.02744336+0.02684347j,
        -0.02471043+0.02897657j,  0.0057429 -0.03775505j]])}
**********************************************************************
Output for N=4 Hamiltonian
------------------------------------------------------------
Total time = 0.015992557777777777 hours
Parameters:
{'a': array([ 0.00617878-0.00318145j, -0.00432706-0.00727492j,
        0.00413422-0.00812958j,  0.0135371 -0.00578445j]),
 'b': array([-0.01605422+0.00023898j,  0.00518545-0.01848185j,
       -0.01357562+0.00336117j,  0.00070232+0.00795481j]),
 'w': array([[-0.02523459+0.55774897j, -0.06531514+0.66235724j,
         0.07280762+0.23832074j,  0.03371101+0.13593509j],
       [ 0.01778873-0.19981178j, -0.018714  +0.21127783j,
         0.02511414+0.21019687j, -0.0116046 -0.20405439j],
       [-0.05256053+0.25303982j, -0.05967314+0.10479921j,
         0.04616985+0.52876648j,  0.03876476+0.67472191j],
       [-0.00353225-0.03664985j,  0.02744336+0.02684347j,
        -0.02471043+0.02897657j,  0.0057429 -0.03775505j]])}
------------------------------------------------------------
Summary: 
Delta: 0.00
Energy: -1.50E+00 + -7.79E-20j
------------------------------------------------------------






Delta: 0.05
Energy: -1.54E+00 + -2.54E-21j
------------------------------------------------------------






Delta: 0.10
Energy: -1.57E+00 + -1.02E-20j
------------------------------------------------------------






Delta: 0.15
Energy: -1.58E+00 + -1.52E-20j
------------------------------------------------------------






Delta: 0.20
Energy: -1.59E+00 + 8.56E-20j
------------------------------------------------------------






Delta: 0.25
Energy: -1.60E+00 + 8.09E-20j
------------------------------------------------------------






Delta: 0.30
Energy: -1.62E+00 + 5.82E-20j
------------------------------------------------------------






Delta: 0.35
Energy: -1.63E+00 + -1.13E-20j
------------------------------------------------------------






Delta: 0.40
Energy: -1.64E+00 + -3.00E-20j
------------------------------------------------------------






Delta: 0.45
Energy: -1.66E+00 + -2.42E-20j
------------------------------------------------------------






Delta: 0.50
Energy: -1.67E+00 + -5.55E-20j
------------------------------------------------------------






Delta: 0.55
Energy: -1.69E+00 + 5.40E-21j
------------------------------------------------------------






Delta: 0.60
Energy: -1.70E+00 + 5.39E-20j
------------------------------------------------------------






Delta: 0.65
Energy: -1.72E+00 + -9.00E-21j
------------------------------------------------------------






Delta: 0.70
Energy: -1.73E+00 + 1.46E-20j
------------------------------------------------------------






Delta: 0.75
Energy: -1.75E+00 + -9.50E-21j
------------------------------------------------------------






Delta: 0.80
Energy: -1.77E+00 + -2.21E-21j
------------------------------------------------------------






Delta: 0.85
Energy: -1.79E+00 + 8.09E-21j
------------------------------------------------------------






Delta: 0.90
Energy: -1.81E+00 + -1.24E-20j
------------------------------------------------------------






Delta: 0.95
Energy: -1.83E+00 + 6.88E-21j
------------------------------------------------------------






Delta: 1.00
Energy: -1.85E+00 + -3.67E-20j
------------------------------------------------------------






N=8
{'a': array([0, 0, 0, 0, 0, 0, 0, 0, 0, 0, 0, 0, 0, 0, 0, 0]), 'b': array([0, 0, 0, 0, 0, 0, 0, 0, 0, 0, 0, 0, 0, 0, 0, 0]), 'w': array([[ 0.0346563 +5.25340161e-01j, -0.06302468+6.38449962e-01j,
         0.03567149+2.53440338e-01j,  0.00618683-1.39802399e-02j,
         0.01277335+1.38523585e-02j, -0.02264679-6.95634376e-04j,
         0.01549431+2.31852054e-02j, -0.00314192+1.54769883e-01j,
         0.        +0.00000000e+00j,  0.        +0.00000000e+00j,
         0.        +0.00000000e+00j,  0.        +0.00000000e+00j,
         0.        +0.00000000e+00j,  0.        +0.00000000e+00j,
         0.        +0.00000000e+00j,  0.        +0.00000000e+00j],
       [ 0.01892027-1.65967559e-01j, -0.03809536+2.25137446e-01j,
         0.05292586+2.01101583e-01j, -0.0257793 -1.87048946e-01j,
         0.01303616-5.60778809e-02j, -0.01881295+7.86140816e-03j,
         0.0167054 +2.58766522e-02j, -0.0063158 -3.32741703e-02j,
         0.        +0.00000000e+00j,  0.        +0.00000000e+00j,
         0.        +0.00000000e+00j,  0.        +0.00000000e+00j,
         0.        +0.00000000e+00j,  0.        +0.00000000e+00j,
         0.        +0.00000000e+00j,  0.        +0.00000000e+00j],
       [ 0.00207071+6.92082257e-03j, -0.03512531+1.71546691e-01j,
         0.02174014+4.21794794e-01j, -0.00970953+7.42314932e-01j,
        -0.00523812+2.53052641e-01j, -0.02140839-6.87692858e-03j,
         0.02310043+6.32817157e-03j, -0.00272898-3.37537125e-02j,
         0.        +0.00000000e+00j,  0.        +0.00000000e+00j,
         0.        +0.00000000e+00j,  0.        +0.00000000e+00j,
         0.        +0.00000000e+00j,  0.        +0.00000000e+00j,
         0.        +0.00000000e+00j,  0.        +0.00000000e+00j],
       [-0.04829433-4.33789256e-02j,  0.07999883+3.72966792e-02j,
        -0.07700034+2.61798948e-02j,  0.05230019-2.87888621e-02j,
        -0.06138775-1.29603205e-02j,  0.0711754 +5.48441180e-04j,
        -0.06910077+1.53660687e-02j,  0.05725236-1.28478355e-02j,
         0.        +0.00000000e+00j,  0.        +0.00000000e+00j,
         0.        +0.00000000e+00j,  0.        +0.00000000e+00j,
         0.        +0.00000000e+00j,  0.        +0.00000000e+00j,
         0.        +0.00000000e+00j,  0.        +0.00000000e+00j],
       [ 0.01277335+1.38523585e-02j, -0.02264679-6.95634376e-04j,
         0.01549431+2.31852054e-02j, -0.00314192+1.54769883e-01j,
         0.0346563 +5.25340161e-01j, -0.06302468+6.38449962e-01j,
         0.03567149+2.53440338e-01j,  0.00618683-1.39802399e-02j,
         0.        +0.00000000e+00j,  0.        +0.00000000e+00j,
         0.        +0.00000000e+00j,  0.        +0.00000000e+00j,
         0.        +0.00000000e+00j,  0.        +0.00000000e+00j,
         0.        +0.00000000e+00j,  0.        +0.00000000e+00j],
       [ 0.01303616-5.60778809e-02j, -0.01881295+7.86140816e-03j,
         0.0167054 +2.58766522e-02j, -0.0063158 -3.32741703e-02j,
         0.01892027-1.65967559e-01j, -0.03809536+2.25137446e-01j,
         0.05292586+2.01101583e-01j, -0.0257793 -1.87048946e-01j,
         0.        +0.00000000e+00j,  0.        +0.00000000e+00j,
         0.        +0.00000000e+00j,  0.        +0.00000000e+00j,
         0.        +0.00000000e+00j,  0.        +0.00000000e+00j,
         0.        +0.00000000e+00j,  0.        +0.00000000e+00j],
       [-0.00523812+2.53052641e-01j, -0.02140839-6.87692858e-03j,
         0.02310043+6.32817157e-03j, -0.00272898-3.37537125e-02j,
         0.00207071+6.92082257e-03j, -0.03512531+1.71546691e-01j,
         0.02174014+4.21794794e-01j, -0.00970953+7.42314932e-01j,
         0.        +0.00000000e+00j,  0.        +0.00000000e+00j,
         0.        +0.00000000e+00j,  0.        +0.00000000e+00j,
         0.        +0.00000000e+00j,  0.        +0.00000000e+00j,
         0.        +0.00000000e+00j,  0.        +0.00000000e+00j],
       [-0.06138775-1.29603205e-02j,  0.0711754 +5.48441180e-04j,
        -0.06910077+1.53660687e-02j,  0.05725236-1.28478355e-02j,
        -0.04829433-4.33789256e-02j,  0.07999883+3.72966792e-02j,
        -0.07700034+2.61798948e-02j,  0.05230019-2.87888621e-02j,
         0.        +0.00000000e+00j,  0.        +0.00000000e+00j,
         0.        +0.00000000e+00j,  0.        +0.00000000e+00j,
         0.        +0.00000000e+00j,  0.        +0.00000000e+00j,
         0.        +0.00000000e+00j,  0.        +0.00000000e+00j],
       [ 0.        +0.00000000e+00j,  0.        +0.00000000e+00j,
         0.        +0.00000000e+00j,  0.        +0.00000000e+00j,
         0.        +0.00000000e+00j,  0.        +0.00000000e+00j,
         0.        +0.00000000e+00j,  0.        +0.00000000e+00j,
         0.0346563 +5.25340161e-01j, -0.06302468+6.38449962e-01j,
         0.03567149+2.53440338e-01j,  0.00618683-1.39802399e-02j,
         0.01277335+1.38523585e-02j, -0.02264679-6.95634376e-04j,
         0.01549431+2.31852054e-02j, -0.00314192+1.54769883e-01j],
       [ 0.        +0.00000000e+00j,  0.        +0.00000000e+00j,
         0.        +0.00000000e+00j,  0.        +0.00000000e+00j,
         0.        +0.00000000e+00j,  0.        +0.00000000e+00j,
         0.        +0.00000000e+00j,  0.        +0.00000000e+00j,
         0.01892027-1.65967559e-01j, -0.03809536+2.25137446e-01j,
         0.05292586+2.01101583e-01j, -0.0257793 -1.87048946e-01j,
         0.01303616-5.60778809e-02j, -0.01881295+7.86140816e-03j,
         0.0167054 +2.58766522e-02j, -0.0063158 -3.32741703e-02j],
       [ 0.        +0.00000000e+00j,  0.        +0.00000000e+00j,
         0.        +0.00000000e+00j,  0.        +0.00000000e+00j,
         0.        +0.00000000e+00j,  0.        +0.00000000e+00j,
         0.        +0.00000000e+00j,  0.        +0.00000000e+00j,
         0.00207071+6.92082257e-03j, -0.03512531+1.71546691e-01j,
         0.02174014+4.21794794e-01j, -0.00970953+7.42314932e-01j,
        -0.00523812+2.53052641e-01j, -0.02140839-6.87692858e-03j,
         0.02310043+6.32817157e-03j, -0.00272898-3.37537125e-02j],
       [ 0.        +0.00000000e+00j,  0.        +0.00000000e+00j,
         0.        +0.00000000e+00j,  0.        +0.00000000e+00j,
         0.        +0.00000000e+00j,  0.        +0.00000000e+00j,
         0.        +0.00000000e+00j,  0.        +0.00000000e+00j,
        -0.04829433-4.33789256e-02j,  0.07999883+3.72966792e-02j,
        -0.07700034+2.61798948e-02j,  0.05230019-2.87888621e-02j,
        -0.06138775-1.29603205e-02j,  0.0711754 +5.48441180e-04j,
        -0.06910077+1.53660687e-02j,  0.05725236-1.28478355e-02j],
       [ 0.        +0.00000000e+00j,  0.        +0.00000000e+00j,
         0.        +0.00000000e+00j,  0.        +0.00000000e+00j,
         0.        +0.00000000e+00j,  0.        +0.00000000e+00j,
         0.        +0.00000000e+00j,  0.        +0.00000000e+00j,
         0.01277335+1.38523585e-02j, -0.02264679-6.95634376e-04j,
         0.01549431+2.31852054e-02j, -0.00314192+1.54769883e-01j,
         0.0346563 +5.25340161e-01j, -0.06302468+6.38449962e-01j,
         0.03567149+2.53440338e-01j,  0.00618683-1.39802399e-02j],
       [ 0.        +0.00000000e+00j,  0.        +0.00000000e+00j,
         0.        +0.00000000e+00j,  0.        +0.00000000e+00j,
         0.        +0.00000000e+00j,  0.        +0.00000000e+00j,
         0.        +0.00000000e+00j,  0.        +0.00000000e+00j,
         0.01303616-5.60778809e-02j, -0.01881295+7.86140816e-03j,
         0.0167054 +2.58766522e-02j, -0.0063158 -3.32741703e-02j,
         0.01892027-1.65967559e-01j, -0.03809536+2.25137446e-01j,
         0.05292586+2.01101583e-01j, -0.0257793 -1.87048946e-01j],
       [ 0.        +0.00000000e+00j,  0.        +0.00000000e+00j,
         0.        +0.00000000e+00j,  0.        +0.00000000e+00j,
         0.        +0.00000000e+00j,  0.        +0.00000000e+00j,
         0.        +0.00000000e+00j,  0.        +0.00000000e+00j,
        -0.00523812+2.53052641e-01j, -0.02140839-6.87692858e-03j,
         0.02310043+6.32817157e-03j, -0.00272898-3.37537125e-02j,
         0.00207071+6.92082257e-03j, -0.03512531+1.71546691e-01j,
         0.02174014+4.21794794e-01j, -0.00970953+7.42314932e-01j],
       [ 0.        +0.00000000e+00j,  0.        +0.00000000e+00j,
         0.        +0.00000000e+00j,  0.        +0.00000000e+00j,
         0.        +0.00000000e+00j,  0.        +0.00000000e+00j,
         0.        +0.00000000e+00j,  0.        +0.00000000e+00j,
        -0.06138775-1.29603205e-02j,  0.0711754 +5.48441180e-04j,
        -0.06910077+1.53660687e-02j,  0.05725236-1.28478355e-02j,
        -0.04829433-4.33789256e-02j,  0.07999883+3.72966792e-02j,
        -0.07700034+2.61798948e-02j,  0.05230019-2.87888621e-02j]])}
**********************************************************************
Output for N=8 Hamiltonian
------------------------------------------------------------
Total time = 0.1766542152777778 hours
Parameters:
{'a': array([-7.19090086e-17-4.87210810e-18j, -6.34994412e-19-6.06856753e-19j,
        6.41050516e-18+5.23720474e-19j,  2.71085028e-18+3.03375862e-18j,
       -3.85815882e-17+1.26277366e-18j, -4.87957570e-17-6.52414422e-18j,
       -5.98577116e-17+4.80216857e-19j, -3.61880930e-17+6.76486251e-18j]),
 'b': array([ 9.55582639e-18-5.23733423e-17j, -1.34678747e-17+4.56421379e-17j,
       -5.09637514e-18+3.92776468e-17j, -1.07849340e-17+9.56373772e-18j,
        2.19988728e-18-8.42374638e-18j,  1.45192494e-17-5.21885246e-17j,
       -6.54881867e-18-1.97991782e-17j, -7.54321201e-18-4.61174683e-18j]),
 'w': array([[ 0.0346563 +5.25340161e-01j, -0.06302468+6.38449962e-01j,
         0.03567149+2.53440338e-01j,  0.00618683-1.39802399e-02j,
         0.01277335+1.38523585e-02j, -0.02264679-6.95634376e-04j,
         0.01549431+2.31852054e-02j, -0.00314192+1.54769883e-01j],
       [ 0.01892027-1.65967559e-01j, -0.03809536+2.25137446e-01j,
         0.05292586+2.01101583e-01j, -0.0257793 -1.87048946e-01j,
         0.01303616-5.60778809e-02j, -0.01881295+7.86140816e-03j,
         0.0167054 +2.58766522e-02j, -0.0063158 -3.32741703e-02j],
       [ 0.00207071+6.92082257e-03j, -0.03512531+1.71546691e-01j,
         0.02174014+4.21794794e-01j, -0.00970953+7.42314932e-01j,
        -0.00523812+2.53052641e-01j, -0.02140839-6.87692858e-03j,
         0.02310043+6.32817157e-03j, -0.00272898-3.37537125e-02j],
       [-0.04829433-4.33789256e-02j,  0.07999883+3.72966792e-02j,
        -0.07700034+2.61798948e-02j,  0.05230019-2.87888621e-02j,
        -0.06138775-1.29603205e-02j,  0.0711754 +5.48441180e-04j,
        -0.06910077+1.53660687e-02j,  0.05725236-1.28478355e-02j],
       [ 0.01277335+1.38523585e-02j, -0.02264679-6.95634376e-04j,
         0.01549431+2.31852054e-02j, -0.00314192+1.54769883e-01j,
         0.0346563 +5.25340161e-01j, -0.06302468+6.38449962e-01j,
         0.03567149+2.53440338e-01j,  0.00618683-1.39802399e-02j],
       [ 0.01303616-5.60778809e-02j, -0.01881295+7.86140816e-03j,
         0.0167054 +2.58766522e-02j, -0.0063158 -3.32741703e-02j,
         0.01892027-1.65967559e-01j, -0.03809536+2.25137446e-01j,
         0.05292586+2.01101583e-01j, -0.0257793 -1.87048946e-01j],
       [-0.00523812+2.53052641e-01j, -0.02140839-6.87692858e-03j,
         0.02310043+6.32817157e-03j, -0.00272898-3.37537125e-02j,
         0.00207071+6.92082257e-03j, -0.03512531+1.71546691e-01j,
         0.02174014+4.21794794e-01j, -0.00970953+7.42314932e-01j],
       [-0.06138775-1.29603205e-02j,  0.0711754 +5.48441180e-04j,
        -0.06910077+1.53660687e-02j,  0.05725236-1.28478355e-02j,
        -0.04829433-4.33789256e-02j,  0.07999883+3.72966792e-02j,
        -0.07700034+2.61798948e-02j,  0.05230019-2.87888621e-02j]])}
------------------------------------------------------------
Summary: 
Delta: 0.00
Energy: -3.23E+00 + 1.71E-19j
------------------------------------------------------------






Delta: 0.05
Energy: -3.23E+00 + -2.79E-19j
------------------------------------------------------------






Delta: 0.10
Energy: -3.23E+00 + 4.17E-20j
------------------------------------------------------------






Delta: 0.15
Energy: -3.24E+00 + -3.89E-19j
------------------------------------------------------------






Delta: 0.20
Energy: -3.24E+00 + -4.63E-19j
------------------------------------------------------------






Delta: 0.25
Energy: -3.25E+00 + 5.41E-19j
------------------------------------------------------------






Delta: 0.30
Energy: -3.26E+00 + 1.92E-19j
------------------------------------------------------------






Delta: 0.35
Energy: -3.27E+00 + -4.31E-19j
------------------------------------------------------------






Delta: 0.40
Energy: -3.28E+00 + -9.24E-19j
------------------------------------------------------------






Delta: 0.45
Energy: -3.30E+00 + 4.49E-19j
------------------------------------------------------------






Delta: 0.50
Energy: -3.32E+00 + -1.58E-19j
------------------------------------------------------------






Delta: 0.55
Energy: -3.34E+00 + 6.06E-19j
------------------------------------------------------------






Delta: 0.60
Energy: -3.36E+00 + -1.22E-18j
------------------------------------------------------------






Delta: 0.65
Energy: -3.39E+00 + 2.28E-18j
------------------------------------------------------------






Delta: 0.70
Energy: -3.42E+00 + -1.25E-18j
------------------------------------------------------------






Delta: 0.75
Energy: -3.45E+00 + 2.59E-18j
------------------------------------------------------------






Delta: 0.80
Energy: -3.49E+00 + 2.93E-18j
------------------------------------------------------------






Delta: 0.85
Energy: -3.52E+00 + -1.45E-18j
------------------------------------------------------------






Delta: 0.90
Energy: -3.56E+00 + -2.90E-19j
------------------------------------------------------------






Delta: 0.95
Energy: -3.60E+00 + -3.38E-18j
------------------------------------------------------------






Delta: 1.00
Energy: -3.65E+00 + -1.71E-18j
------------------------------------------------------------






Total time: -0.19265113194444444
