running build_ext
skipping 'lib/qvmc/utils.c' Cython extension (up-to-date)
skipping 'lib/qvmc/state.c' Cython extension (up-to-date)
skipping 'lib/qvmc/optimizer.c' Cython extension (up-to-date)
skipping 'lib/qvmc/debug.c' Cython extension (up-to-date)
skipping 'lib/qvmc/hamiltonian.c' Cython extension (up-to-date)
/home/hanbury.p/env/lib/python3.7/site-packages/numpy/core/numeric.py:538: ComplexWarning: Casting complex values to real discards the imaginary part
  return array(a, dtype, copy=False, order=order)
/home/hanbury.p/env/lib/python3.7/site-packages/matplotlib/pyplot.py:514: RuntimeWarning: More than 20 figures have been opened. Figures created through the pyplot interface (`matplotlib.pyplot.figure`) are retained until explicitly closed and may consume too much memory. (To control this warning, see the rcParam `figure.max_open_warning`).
  max_open_warning, RuntimeWarning)
Run Configurations:
{'deltas': [0.0,
            0.05,
            0.1,
            0.15,
            0.2,
            0.25,
            0.3,
            0.35,
            0.4,
            0.45,
            0.5,
            0.55,
            0.6,
            0.65,
            0.7,
            0.75,
            0.8,
            0.85,
            0.9,
            0.95,
            1.0],
 'fixed_params': ['a', 'b'],
 'initial_diamer_state': 'option_3',
 'name': '8ParticleOption3',
 'notes': '\n'
          '              This is part of a group of three runs that each\n'
          '              test options 1, 2 and 3 to compare different\n'
          '              initial parameters for N=4 to see how that\n'
          '              affects our convergences.\n'
          '              ',
 'num_monte_carlos_per_delta': 350,
 'num_particles': 8,
 'num_steps': 9000,
 'save_dir': '/home/hanbury.p/feiguin/vmc/dynamic_adiabatic/outputs/8ParticleOption3_2019-05-08-14:24'}
**************************************************


N=4
{'a': array([0, 0, 0, 0, 0, 0, 0, 0]), 'b': array([0, 0, 0, 0, 0, 0, 0, 0]), 'w': array([[-0.07710355+0.72579585j,  0.1170265 +0.82240433j,
        -0.08071327-0.06388321j,  0.11249772+0.03653766j,
         0.        +0.j        ,  0.        +0.j        ,
         0.        +0.j        ,  0.        +0.j        ],
       [-0.12311965+0.9089331j ,  0.06820674+0.63925646j,
        -0.10670888+0.13357624j,  0.08443064-0.13328977j,
         0.        +0.j        ,  0.        +0.j        ,
         0.        +0.j        ,  0.        +0.j        ],
       [ 0.2410308 +0.07048201j, -0.24823078-0.07478884j,
         0.21656582-0.68125291j, -0.27916669-0.82387665j,
         0.        +0.j        ,  0.        +0.j        ,
         0.        +0.j        ,  0.        +0.j        ],
       [-0.08387699+0.06029541j,  0.10910058-0.06060154j,
        -0.10196155-0.74127101j,  0.09254762-0.85437378j,
         0.        +0.j        ,  0.        +0.j        ,
         0.        +0.j        ,  0.        +0.j        ],
       [ 0.        +0.j        ,  0.        +0.j        ,
         0.        +0.j        ,  0.        +0.j        ,
        -0.07710355+0.72579585j,  0.1170265 +0.82240433j,
        -0.08071327-0.06388321j,  0.11249772+0.03653766j],
       [ 0.        +0.j        ,  0.        +0.j        ,
         0.        +0.j        ,  0.        +0.j        ,
        -0.12311965+0.9089331j ,  0.06820674+0.63925646j,
        -0.10670888+0.13357624j,  0.08443064-0.13328977j],
       [ 0.        +0.j        ,  0.        +0.j        ,
         0.        +0.j        ,  0.        +0.j        ,
         0.2410308 +0.07048201j, -0.24823078-0.07478884j,
         0.21656582-0.68125291j, -0.27916669-0.82387665j],
       [ 0.        +0.j        ,  0.        +0.j        ,
         0.        +0.j        ,  0.        +0.j        ,
        -0.08387699+0.06029541j,  0.10910058-0.06060154j,
        -0.10196155-0.74127101j,  0.09254762-0.85437378j]])}
**********************************************************************
Output for N=4 Hamiltonian
------------------------------------------------------------
Total time = 4.429092336388889 hours
Parameters:
{'a': array([0, 0, 0, 0]),
 'b': array([0, 0, 0, 0]),
 'w': array([[-0.07710355+0.72579585j,  0.1170265 +0.82240433j,
        -0.08071327-0.06388321j,  0.11249772+0.03653766j],
       [-0.12311965+0.9089331j ,  0.06820674+0.63925646j,
        -0.10670888+0.13357624j,  0.08443064-0.13328977j],
       [ 0.2410308 +0.07048201j, -0.24823078-0.07478884j,
         0.21656582-0.68125291j, -0.27916669-0.82387665j],
       [-0.08387699+0.06029541j,  0.10910058-0.06060154j,
        -0.10196155-0.74127101j,  0.09254762-0.85437378j]])}
------------------------------------------------------------
Summary: 
Delta: 0.00
Energy: -1.53E+00 + -4.11E-04j
------------------------------------------------------------






Delta: 0.05
Energy: -1.53E+00 + -2.89E-04j
------------------------------------------------------------






Delta: 0.10
Energy: -1.54E+00 + -2.11E-04j
------------------------------------------------------------






Delta: 0.15
Energy: -1.54E+00 + -2.24E-04j
------------------------------------------------------------






Delta: 0.20
Energy: -1.54E+00 + -2.45E-04j
------------------------------------------------------------






Delta: 0.25
Energy: -1.55E+00 + -2.38E-04j
------------------------------------------------------------






Delta: 0.30
Energy: -1.55E+00 + -3.10E-04j
------------------------------------------------------------






Delta: 0.35
Energy: -1.56E+00 + -3.23E-04j
------------------------------------------------------------






Delta: 0.40
Energy: -1.56E+00 + -2.09E-04j
------------------------------------------------------------






Delta: 0.45
Energy: -1.56E+00 + -2.66E-04j
------------------------------------------------------------






Delta: 0.50
Energy: -1.57E+00 + -2.18E-04j
------------------------------------------------------------






Delta: 0.55
Energy: -1.57E+00 + -1.73E-04j
------------------------------------------------------------






Delta: 0.60
Energy: -1.58E+00 + -2.12E-04j
------------------------------------------------------------






Delta: 0.65
Energy: -1.58E+00 + -1.64E-04j
------------------------------------------------------------






Delta: 0.70
Energy: -1.59E+00 + -2.43E-04j
------------------------------------------------------------






Delta: 0.75
Energy: -1.59E+00 + -2.50E-04j
------------------------------------------------------------






Delta: 0.80
Energy: -1.60E+00 + -2.44E-04j
------------------------------------------------------------






Delta: 0.85
Energy: -1.60E+00 + -3.44E-04j
------------------------------------------------------------






Delta: 0.90
Energy: -1.61E+00 + -2.02E-04j
------------------------------------------------------------






Delta: 0.95
Energy: -1.61E+00 + -2.35E-04j
------------------------------------------------------------






Delta: 1.00
Energy: -1.62E+00 + -1.68E-04j
------------------------------------------------------------






N=8
{'a': array([0, 0, 0, 0, 0, 0, 0, 0, 0, 0, 0, 0, 0, 0, 0, 0]), 'b': array([0, 0, 0, 0, 0, 0, 0, 0, 0, 0, 0, 0, 0, 0, 0, 0]), 'w': array([[-0.32062516+0.35417102j, -0.02528962+0.3245459j ,
         0.22866912-0.64397681j,  0.4534083 +0.52119755j,
         0.18789106+0.13408586j, -0.8460554 +0.27252126j,
         0.27782637+0.27757833j,  0.10762845+0.28241928j,
         0.        +0.j        ,  0.        +0.j        ,
         0.        +0.j        ,  0.        +0.j        ,
         0.        +0.j        ,  0.        +0.j        ,
         0.        +0.j        ,  0.        +0.j        ],
       [ 0.30079467+0.9246114j , -0.23505304+0.70415744j,
        -0.54140271+0.06102271j,  0.89665749-0.13936296j,
        -0.19959327-0.16307537j, -0.14464132+0.60722783j,
         0.10596019-0.08408303j, -0.34203058-0.32623497j,
         0.        +0.j        ,  0.        +0.j        ,
         0.        +0.j        ,  0.        +0.j        ,
         0.        +0.j        ,  0.        +0.j        ,
         0.        +0.j        ,  0.        +0.j        ],
       [ 1.30094122+0.31369386j, -1.19715193-0.22995542j,
        -0.06495366-0.92160152j,  0.17105472-1.3830498j ,
        -0.08189654+0.31113516j, -0.12086719+0.21092568j,
         0.06024556+0.08717382j, -0.15915684+0.08035508j,
         0.        +0.j        ,  0.        +0.j        ,
         0.        +0.j        ,  0.        +0.j        ,
         0.        +0.j        ,  0.        +0.j        ,
         0.        +0.j        ,  0.        +0.j        ],
       [-0.0105607 +0.31147704j,  0.39157462-0.15562604j,
        -0.59735466-0.41041543j,  0.71536337-0.44492698j,
        -0.23248341-0.57728273j, -0.0303261 +0.19414596j,
        -0.47748669-0.03831055j,  0.21646686-0.48116612j,
         0.        +0.j        ,  0.        +0.j        ,
         0.        +0.j        ,  0.        +0.j        ,
         0.        +0.j        ,  0.        +0.j        ,
         0.        +0.j        ,  0.        +0.j        ],
       [-0.37266381+0.21073732j,  0.40258342-0.45476818j,
        -0.11706492-0.03448401j,  0.14870327-0.02781719j,
        -0.03190565+1.39392173j,  0.01452561+1.27714615j,
         0.06094519-0.45290689j,  0.00367686-0.35057956j,
         0.        +0.j        ,  0.        +0.j        ,
         0.        +0.j        ,  0.        +0.j        ,
         0.        +0.j        ,  0.        +0.j        ,
         0.        +0.j        ,  0.        +0.j        ],
       [ 0.0134857 +0.09395818j, -0.34372965-0.20320148j,
         0.60664481-0.23019454j, -0.64049828+0.5535427j ,
         0.15832885+0.14519027j, -0.04309211+0.46190702j,
        -0.04767146+0.59130991j,  0.22185537+0.16441506j,
         0.        +0.j        ,  0.        +0.j        ,
         0.        +0.j        ,  0.        +0.j        ,
         0.        +0.j        ,  0.        +0.j        ,
         0.        +0.j        ,  0.        +0.j        ],
       [ 0.12547994-0.04727857j,  0.12494161+0.04160097j,
        -0.00948208-0.19095012j, -0.07490981-0.40001351j,
         0.00645024-0.1881526j ,  0.09877224-0.14657489j,
         0.7273987 -0.14931494j, -1.0517601 -0.44900247j,
         0.        +0.j        ,  0.        +0.j        ,
         0.        +0.j        ,  0.        +0.j        ,
         0.        +0.j        ,  0.        +0.j        ,
         0.        +0.j        ,  0.        +0.j        ],
       [-0.10895796+0.20322635j,  0.08019739+0.16508266j,
        -0.08289772+0.34111839j,  0.05122133+0.10162484j,
        -0.32096368+0.17083415j,  0.22814691+0.21361941j,
         0.21727109-1.5032805j , -0.07511254-1.33807068j,
         0.        +0.j        ,  0.        +0.j        ,
         0.        +0.j        ,  0.        +0.j        ,
         0.        +0.j        ,  0.        +0.j        ,
         0.        +0.j        ,  0.        +0.j        ],
       [ 0.        +0.j        ,  0.        +0.j        ,
         0.        +0.j        ,  0.        +0.j        ,
         0.        +0.j        ,  0.        +0.j        ,
         0.        +0.j        ,  0.        +0.j        ,
        -0.32062516+0.35417102j, -0.02528962+0.3245459j ,
         0.22866912-0.64397681j,  0.4534083 +0.52119755j,
         0.18789106+0.13408586j, -0.8460554 +0.27252126j,
         0.27782637+0.27757833j,  0.10762845+0.28241928j],
       [ 0.        +0.j        ,  0.        +0.j        ,
         0.        +0.j        ,  0.        +0.j        ,
         0.        +0.j        ,  0.        +0.j        ,
         0.        +0.j        ,  0.        +0.j        ,
         0.30079467+0.9246114j , -0.23505304+0.70415744j,
        -0.54140271+0.06102271j,  0.89665749-0.13936296j,
        -0.19959327-0.16307537j, -0.14464132+0.60722783j,
         0.10596019-0.08408303j, -0.34203058-0.32623497j],
       [ 0.        +0.j        ,  0.        +0.j        ,
         0.        +0.j        ,  0.        +0.j        ,
         0.        +0.j        ,  0.        +0.j        ,
         0.        +0.j        ,  0.        +0.j        ,
         1.30094122+0.31369386j, -1.19715193-0.22995542j,
        -0.06495366-0.92160152j,  0.17105472-1.3830498j ,
        -0.08189654+0.31113516j, -0.12086719+0.21092568j,
         0.06024556+0.08717382j, -0.15915684+0.08035508j],
       [ 0.        +0.j        ,  0.        +0.j        ,
         0.        +0.j        ,  0.        +0.j        ,
         0.        +0.j        ,  0.        +0.j        ,
         0.        +0.j        ,  0.        +0.j        ,
        -0.0105607 +0.31147704j,  0.39157462-0.15562604j,
        -0.59735466-0.41041543j,  0.71536337-0.44492698j,
        -0.23248341-0.57728273j, -0.0303261 +0.19414596j,
        -0.47748669-0.03831055j,  0.21646686-0.48116612j],
       [ 0.        +0.j        ,  0.        +0.j        ,
         0.        +0.j        ,  0.        +0.j        ,
         0.        +0.j        ,  0.        +0.j        ,
         0.        +0.j        ,  0.        +0.j        ,
        -0.37266381+0.21073732j,  0.40258342-0.45476818j,
        -0.11706492-0.03448401j,  0.14870327-0.02781719j,
        -0.03190565+1.39392173j,  0.01452561+1.27714615j,
         0.06094519-0.45290689j,  0.00367686-0.35057956j],
       [ 0.        +0.j        ,  0.        +0.j        ,
         0.        +0.j        ,  0.        +0.j        ,
         0.        +0.j        ,  0.        +0.j        ,
         0.        +0.j        ,  0.        +0.j        ,
         0.0134857 +0.09395818j, -0.34372965-0.20320148j,
         0.60664481-0.23019454j, -0.64049828+0.5535427j ,
         0.15832885+0.14519027j, -0.04309211+0.46190702j,
        -0.04767146+0.59130991j,  0.22185537+0.16441506j],
       [ 0.        +0.j        ,  0.        +0.j        ,
         0.        +0.j        ,  0.        +0.j        ,
         0.        +0.j        ,  0.        +0.j        ,
         0.        +0.j        ,  0.        +0.j        ,
         0.12547994-0.04727857j,  0.12494161+0.04160097j,
        -0.00948208-0.19095012j, -0.07490981-0.40001351j,
         0.00645024-0.1881526j ,  0.09877224-0.14657489j,
         0.7273987 -0.14931494j, -1.0517601 -0.44900247j],
       [ 0.        +0.j        ,  0.        +0.j        ,
         0.        +0.j        ,  0.        +0.j        ,
         0.        +0.j        ,  0.        +0.j        ,
         0.        +0.j        ,  0.        +0.j        ,
        -0.10895796+0.20322635j,  0.08019739+0.16508266j,
        -0.08289772+0.34111839j,  0.05122133+0.10162484j,
        -0.32096368+0.17083415j,  0.22814691+0.21361941j,
         0.21727109-1.5032805j , -0.07511254-1.33807068j]])}
**********************************************************************
Output for N=8 Hamiltonian
------------------------------------------------------------
Total time = 10.762987533611112 hours
Parameters:
{'a': array([0, 0, 0, 0, 0, 0, 0, 0]),
 'b': array([0, 0, 0, 0, 0, 0, 0, 0]),
 'w': array([[-0.32062516+0.35417102j, -0.02528962+0.3245459j ,
         0.22866912-0.64397681j,  0.4534083 +0.52119755j,
         0.18789106+0.13408586j, -0.8460554 +0.27252126j,
         0.27782637+0.27757833j,  0.10762845+0.28241928j],
       [ 0.30079467+0.9246114j , -0.23505304+0.70415744j,
        -0.54140271+0.06102271j,  0.89665749-0.13936296j,
        -0.19959327-0.16307537j, -0.14464132+0.60722783j,
         0.10596019-0.08408303j, -0.34203058-0.32623497j],
       [ 1.30094122+0.31369386j, -1.19715193-0.22995542j,
        -0.06495366-0.92160152j,  0.17105472-1.3830498j ,
        -0.08189654+0.31113516j, -0.12086719+0.21092568j,
         0.06024556+0.08717382j, -0.15915684+0.08035508j],
       [-0.0105607 +0.31147704j,  0.39157462-0.15562604j,
        -0.59735466-0.41041543j,  0.71536337-0.44492698j,
        -0.23248341-0.57728273j, -0.0303261 +0.19414596j,
        -0.47748669-0.03831055j,  0.21646686-0.48116612j],
       [-0.37266381+0.21073732j,  0.40258342-0.45476818j,
        -0.11706492-0.03448401j,  0.14870327-0.02781719j,
        -0.03190565+1.39392173j,  0.01452561+1.27714615j,
         0.06094519-0.45290689j,  0.00367686-0.35057956j],
       [ 0.0134857 +0.09395818j, -0.34372965-0.20320148j,
         0.60664481-0.23019454j, -0.64049828+0.5535427j ,
         0.15832885+0.14519027j, -0.04309211+0.46190702j,
        -0.04767146+0.59130991j,  0.22185537+0.16441506j],
       [ 0.12547994-0.04727857j,  0.12494161+0.04160097j,
        -0.00948208-0.19095012j, -0.07490981-0.40001351j,
         0.00645024-0.1881526j ,  0.09877224-0.14657489j,
         0.7273987 -0.14931494j, -1.0517601 -0.44900247j],
       [-0.10895796+0.20322635j,  0.08019739+0.16508266j,
        -0.08289772+0.34111839j,  0.05122133+0.10162484j,
        -0.32096368+0.17083415j,  0.22814691+0.21361941j,
         0.21727109-1.5032805j , -0.07511254-1.33807068j]])}
------------------------------------------------------------
Summary: 
Delta: 0.00
Energy: -2.99E+00 + -2.21E-03j
------------------------------------------------------------






Delta: 0.05
Energy: -5.39E+00 + -1.59E+00j
------------------------------------------------------------






Delta: 0.10
Energy: -3.05E+00 + -1.94E-03j
------------------------------------------------------------






Delta: 0.15
Energy: -3.83E+00 + -5.32E-01j
------------------------------------------------------------






Delta: 0.20
Energy: -9.05E+00 + -1.90E+00j
------------------------------------------------------------






Delta: 0.25
Energy: -3.04E+00 + -7.87E-03j
------------------------------------------------------------






Delta: 0.30
Energy: -3.10E+00 + -1.12E-03j
------------------------------------------------------------






Delta: 0.35
Energy: -3.10E+00 + -8.56E-04j
------------------------------------------------------------






Delta: 0.40
Energy: -3.11E+00 + 2.42E-02j
------------------------------------------------------------






Delta: 0.45
Energy: -3.11E+00 + -6.80E-03j
------------------------------------------------------------






Delta: 0.50
Energy: -3.11E+00 + -2.86E-03j
------------------------------------------------------------






Delta: 0.55
Energy: -3.15E+00 + -3.96E-03j
------------------------------------------------------------






Delta: 0.60
Energy: -3.17E+00 + 4.35E-03j
------------------------------------------------------------






Delta: 0.65
Energy: -3.19E+00 + -1.48E-03j
------------------------------------------------------------






Delta: 0.70
Energy: -3.21E+00 + 5.92E-03j
------------------------------------------------------------






Delta: 0.75
Energy: -3.24E+00 + 2.29E-03j
------------------------------------------------------------






Delta: 0.80
Energy: -3.27E+00 + -5.62E-03j
------------------------------------------------------------






Delta: 0.85
Energy: -3.30E+00 + -1.05E-02j
------------------------------------------------------------






Delta: 0.90
Energy: -3.33E+00 + -1.29E-03j
------------------------------------------------------------






Delta: 0.95
Energy: -3.36E+00 + 2.27E-02j
------------------------------------------------------------






Delta: 1.00
Energy: -3.41E+00 + 4.86E-03j
------------------------------------------------------------






Total time: -15.192082742777778
