running build_ext
skipping 'lib/qvmc/utils.c' Cython extension (up-to-date)
skipping 'lib/qvmc/state.c' Cython extension (up-to-date)
skipping 'lib/qvmc/optimizer.c' Cython extension (up-to-date)
skipping 'lib/qvmc/debug.c' Cython extension (up-to-date)
skipping 'lib/qvmc/hamiltonian.c' Cython extension (up-to-date)
/home/hanbury.p/env/lib/python3.7/site-packages/numpy/core/numeric.py:538: ComplexWarning: Casting complex values to real discards the imaginary part
  return array(a, dtype, copy=False, order=order)
/home/hanbury.p/env/lib/python3.7/site-packages/matplotlib/pyplot.py:514: RuntimeWarning: More than 20 figures have been opened. Figures created through the pyplot interface (`matplotlib.pyplot.figure`) are retained until explicitly closed and may consume too much memory. (To control this warning, see the rcParam `figure.max_open_warning`).
  max_open_warning, RuntimeWarning)
Run Configurations:
{'deltas': [0.0,
            0.05,
            0.1,
            0.15,
            0.2,
            0.25,
            0.3,
            0.35,
            0.4,
            0.45,
            0.5,
            0.55,
            0.6,
            0.65,
            0.7,
            0.75,
            0.8,
            0.85,
            0.9,
            0.95,
            1.0],
 'fixed_params': ['a', 'b'],
 'initial_diamer_state': 'option_2',
 'name': '8ParticleOption2',
 'notes': '\n'
          '              This is part of a group of three runs that each\n'
          '              test options 1, 2 and 3 to compare different\n'
          '              initial parameters for N=4 to see how that\n'
          '              affects our convergences.\n'
          '              ',
 'num_monte_carlos_per_delta': 350,
 'num_particles': 8,
 'num_steps': 9000,
 'save_dir': '/home/hanbury.p/feiguin/vmc/dynamic_adiabatic/outputs/8ParticleOption2_2019-05-08-12:10'}
**************************************************


N=4
{'a': array([0, 0, 0, 0, 0, 0, 0, 0]), 'b': array([0, 0, 0, 0, 0, 0, 0, 0]), 'w': array([[-0.0791698 +7.95579776e-01j,  0.13451979+8.00512854e-01j,
        -0.11284992-1.64501602e-02j,  0.09696518-1.29568249e-02j,
         0.        +0.00000000e+00j,  0.        +0.00000000e+00j,
         0.        +0.00000000e+00j,  0.        +0.00000000e+00j],
       [ 0.22523341+8.12641577e-01j, -0.21626102+7.67072566e-01j,
         0.21591986+4.68164149e-02j, -0.23143501+6.37613163e-04j,
         0.        +0.00000000e+00j,  0.        +0.00000000e+00j,
         0.        +0.00000000e+00j,  0.        +0.00000000e+00j],
       [ 0.04773796+5.80185907e-02j, -0.01340498-4.06720929e-02j,
         0.02831106+8.29366345e-01j, -0.03422985+7.31178309e-01j,
         0.        +0.00000000e+00j,  0.        +0.00000000e+00j,
         0.        +0.00000000e+00j,  0.        +0.00000000e+00j],
       [ 0.08096632-7.47281736e-02j, -0.1032866 +5.71911036e-02j,
         0.08940417+6.88831925e-01j, -0.0944038 +8.19204957e-01j,
         0.        +0.00000000e+00j,  0.        +0.00000000e+00j,
         0.        +0.00000000e+00j,  0.        +0.00000000e+00j],
       [ 0.        +0.00000000e+00j,  0.        +0.00000000e+00j,
         0.        +0.00000000e+00j,  0.        +0.00000000e+00j,
        -0.0791698 +7.95579776e-01j,  0.13451979+8.00512854e-01j,
        -0.11284992-1.64501602e-02j,  0.09696518-1.29568249e-02j],
       [ 0.        +0.00000000e+00j,  0.        +0.00000000e+00j,
         0.        +0.00000000e+00j,  0.        +0.00000000e+00j,
         0.22523341+8.12641577e-01j, -0.21626102+7.67072566e-01j,
         0.21591986+4.68164149e-02j, -0.23143501+6.37613163e-04j],
       [ 0.        +0.00000000e+00j,  0.        +0.00000000e+00j,
         0.        +0.00000000e+00j,  0.        +0.00000000e+00j,
         0.04773796+5.80185907e-02j, -0.01340498-4.06720929e-02j,
         0.02831106+8.29366345e-01j, -0.03422985+7.31178309e-01j],
       [ 0.        +0.00000000e+00j,  0.        +0.00000000e+00j,
         0.        +0.00000000e+00j,  0.        +0.00000000e+00j,
         0.08096632-7.47281736e-02j, -0.1032866 +5.71911036e-02j,
         0.08940417+6.88831925e-01j, -0.0944038 +8.19204957e-01j]])}
**********************************************************************
Output for N=4 Hamiltonian
------------------------------------------------------------
Total time = 4.0996720425 hours
Parameters:
{'a': array([0, 0, 0, 0]),
 'b': array([0, 0, 0, 0]),
 'w': array([[-0.0791698 +7.95579776e-01j,  0.13451979+8.00512854e-01j,
        -0.11284992-1.64501602e-02j,  0.09696518-1.29568249e-02j],
       [ 0.22523341+8.12641577e-01j, -0.21626102+7.67072566e-01j,
         0.21591986+4.68164149e-02j, -0.23143501+6.37613163e-04j],
       [ 0.04773796+5.80185907e-02j, -0.01340498-4.06720929e-02j,
         0.02831106+8.29366345e-01j, -0.03422985+7.31178309e-01j],
       [ 0.08096632-7.47281736e-02j, -0.1032866 +5.71911036e-02j,
         0.08940417+6.88831925e-01j, -0.0944038 +8.19204957e-01j]])}
------------------------------------------------------------
Summary: 
Delta: 0.00
Energy: -1.53E+00 + -3.48E-04j
------------------------------------------------------------






Delta: 0.05
Energy: -1.53E+00 + -4.61E-04j
------------------------------------------------------------






Delta: 0.10
Energy: -1.54E+00 + 9.67E-05j
------------------------------------------------------------






Delta: 0.15
Energy: -1.54E+00 + 4.14E-05j
------------------------------------------------------------






Delta: 0.20
Energy: -1.54E+00 + 2.79E-05j
------------------------------------------------------------






Delta: 0.25
Energy: -1.55E+00 + 1.73E-05j
------------------------------------------------------------






Delta: 0.30
Energy: -1.55E+00 + 8.36E-06j
------------------------------------------------------------






Delta: 0.35
Energy: -1.56E+00 + -2.89E-05j
------------------------------------------------------------






Delta: 0.40
Energy: -1.56E+00 + -3.01E-05j
------------------------------------------------------------






Delta: 0.45
Energy: -1.56E+00 + -2.99E-05j
------------------------------------------------------------






Delta: 0.50
Energy: -1.57E+00 + -5.73E-05j
------------------------------------------------------------






Delta: 0.55
Energy: -1.57E+00 + -5.61E-05j
------------------------------------------------------------






Delta: 0.60
Energy: -1.58E+00 + -5.42E-05j
------------------------------------------------------------






Delta: 0.65
Energy: -1.58E+00 + -6.44E-05j
------------------------------------------------------------






Delta: 0.70
Energy: -1.59E+00 + -3.82E-05j
------------------------------------------------------------






Delta: 0.75
Energy: -1.59E+00 + -4.70E-05j
------------------------------------------------------------






Delta: 0.80
Energy: -1.60E+00 + -2.97E-05j
------------------------------------------------------------






Delta: 0.85
Energy: -1.60E+00 + -2.98E-05j
------------------------------------------------------------






Delta: 0.90
Energy: -1.61E+00 + -3.49E-05j
------------------------------------------------------------






Delta: 0.95
Energy: -1.61E+00 + -1.98E-05j
------------------------------------------------------------






Delta: 1.00
Energy: -1.62E+00 + -3.82E-05j
------------------------------------------------------------






N=8
{'a': array([0, 0, 0, 0, 0, 0, 0, 0, 0, 0, 0, 0, 0, 0, 0, 0]), 'b': array([0, 0, 0, 0, 0, 0, 0, 0, 0, 0, 0, 0, 0, 0, 0, 0]), 'w': array([[ 0.22110716+1.40343263j, -0.13574103+1.56435281j,
         0.12284028-0.56278085j,  0.1389011 -0.39716497j,
        -0.29420415+0.04823072j,  0.21069643-0.48165423j,
        -0.14025082-0.06686728j, -0.19418543+0.00713894j,
         0.        +0.j        ,  0.        +0.j        ,
         0.        +0.j        ,  0.        +0.j        ,
         0.        +0.j        ,  0.        +0.j        ,
         0.        +0.j        ,  0.        +0.j        ],
       [ 0.58988857+0.85787287j, -1.43969161+1.0155084j ,
         0.58580122+0.08637966j,  0.34780339-0.07690137j,
         0.11538846-0.8446143j , -0.28699023+0.38938546j,
        -0.0808984 +0.37963826j,  0.17867484-0.18219547j,
         0.        +0.j        ,  0.        +0.j        ,
         0.        +0.j        ,  0.        +0.j        ,
         0.        +0.j        ,  0.        +0.j        ,
         0.        +0.j        ,  0.        +0.j        ],
       [-0.49451706+0.06116296j,  0.0359807 -0.62735564j,
         0.1773598 +1.19394229j,  0.2157418 +1.22794465j,
         0.03460104+0.04025514j, -0.40988211-0.14676173j,
        -0.23882272+0.01467491j,  0.68430486-0.21149897j,
         0.        +0.j        ,  0.        +0.j        ,
         0.        +0.j        ,  0.        +0.j        ,
         0.        +0.j        ,  0.        +0.j        ,
         0.        +0.j        ,  0.        +0.j        ],
       [-0.24106266-0.24949534j,  0.02645692-0.44104717j,
        -0.19815391+1.51068352j, -0.32333044+1.38856303j,
         0.57111313-0.25433744j, -0.29502842+0.02955013j,
         0.0913347 -0.29164553j,  0.33244708-0.16940925j,
         0.        +0.j        ,  0.        +0.j        ,
         0.        +0.j        ,  0.        +0.j        ,
         0.        +0.j        ,  0.        +0.j        ,
         0.        +0.j        ,  0.        +0.j        ],
       [-0.0222553 +0.09321516j, -0.34183467-0.36670131j,
        -0.94492196-0.57992934j,  0.80925893+0.91601103j,
         0.14573202+0.43551246j,  0.26518785+0.44545328j,
        -0.43260305-0.21714781j,  0.6170579 +0.77407313j,
         0.        +0.j        ,  0.        +0.j        ,
         0.        +0.j        ,  0.        +0.j        ,
         0.        +0.j        ,  0.        +0.j        ,
         0.        +0.j        ,  0.        +0.j        ],
       [-0.37469504-0.02178682j,  0.64302127-0.18281051j,
        -0.04700196-0.20132986j,  0.11741011-0.02957123j,
         0.22691332+0.84735197j, -0.61310006+0.81596723j,
         0.58151584+0.82412329j, -0.56434425-0.31385378j,
         0.        +0.j        ,  0.        +0.j        ,
         0.        +0.j        ,  0.        +0.j        ,
         0.        +0.j        ,  0.        +0.j        ,
         0.        +0.j        ,  0.        +0.j        ],
       [ 0.58664572-0.06007396j, -0.73577524-0.92445388j,
        -0.32711757+0.12159159j, -0.20369178+0.3344014j ,
         0.47825129+0.19434566j, -0.17291237+0.44776179j,
         0.74838408+0.76232587j, -0.39952161+0.75260442j,
         0.        +0.j        ,  0.        +0.j        ,
         0.        +0.j        ,  0.        +0.j        ,
         0.        +0.j        ,  0.        +0.j        ,
         0.        +0.j        ,  0.        +0.j        ],
       [ 0.35705522-0.07314218j,  0.39343087+0.36259703j,
        -0.78195843-0.67181229j,  0.87372596+0.2845526j ,
        -0.53157524-0.47044553j, -0.36565379-0.43024119j,
         0.38419313+1.68084908j, -0.40286319+0.87245288j,
         0.        +0.j        ,  0.        +0.j        ,
         0.        +0.j        ,  0.        +0.j        ,
         0.        +0.j        ,  0.        +0.j        ,
         0.        +0.j        ,  0.        +0.j        ],
       [ 0.        +0.j        ,  0.        +0.j        ,
         0.        +0.j        ,  0.        +0.j        ,
         0.        +0.j        ,  0.        +0.j        ,
         0.        +0.j        ,  0.        +0.j        ,
         0.22110716+1.40343263j, -0.13574103+1.56435281j,
         0.12284028-0.56278085j,  0.1389011 -0.39716497j,
        -0.29420415+0.04823072j,  0.21069643-0.48165423j,
        -0.14025082-0.06686728j, -0.19418543+0.00713894j],
       [ 0.        +0.j        ,  0.        +0.j        ,
         0.        +0.j        ,  0.        +0.j        ,
         0.        +0.j        ,  0.        +0.j        ,
         0.        +0.j        ,  0.        +0.j        ,
         0.58988857+0.85787287j, -1.43969161+1.0155084j ,
         0.58580122+0.08637966j,  0.34780339-0.07690137j,
         0.11538846-0.8446143j , -0.28699023+0.38938546j,
        -0.0808984 +0.37963826j,  0.17867484-0.18219547j],
       [ 0.        +0.j        ,  0.        +0.j        ,
         0.        +0.j        ,  0.        +0.j        ,
         0.        +0.j        ,  0.        +0.j        ,
         0.        +0.j        ,  0.        +0.j        ,
        -0.49451706+0.06116296j,  0.0359807 -0.62735564j,
         0.1773598 +1.19394229j,  0.2157418 +1.22794465j,
         0.03460104+0.04025514j, -0.40988211-0.14676173j,
        -0.23882272+0.01467491j,  0.68430486-0.21149897j],
       [ 0.        +0.j        ,  0.        +0.j        ,
         0.        +0.j        ,  0.        +0.j        ,
         0.        +0.j        ,  0.        +0.j        ,
         0.        +0.j        ,  0.        +0.j        ,
        -0.24106266-0.24949534j,  0.02645692-0.44104717j,
        -0.19815391+1.51068352j, -0.32333044+1.38856303j,
         0.57111313-0.25433744j, -0.29502842+0.02955013j,
         0.0913347 -0.29164553j,  0.33244708-0.16940925j],
       [ 0.        +0.j        ,  0.        +0.j        ,
         0.        +0.j        ,  0.        +0.j        ,
         0.        +0.j        ,  0.        +0.j        ,
         0.        +0.j        ,  0.        +0.j        ,
        -0.0222553 +0.09321516j, -0.34183467-0.36670131j,
        -0.94492196-0.57992934j,  0.80925893+0.91601103j,
         0.14573202+0.43551246j,  0.26518785+0.44545328j,
        -0.43260305-0.21714781j,  0.6170579 +0.77407313j],
       [ 0.        +0.j        ,  0.        +0.j        ,
         0.        +0.j        ,  0.        +0.j        ,
         0.        +0.j        ,  0.        +0.j        ,
         0.        +0.j        ,  0.        +0.j        ,
        -0.37469504-0.02178682j,  0.64302127-0.18281051j,
        -0.04700196-0.20132986j,  0.11741011-0.02957123j,
         0.22691332+0.84735197j, -0.61310006+0.81596723j,
         0.58151584+0.82412329j, -0.56434425-0.31385378j],
       [ 0.        +0.j        ,  0.        +0.j        ,
         0.        +0.j        ,  0.        +0.j        ,
         0.        +0.j        ,  0.        +0.j        ,
         0.        +0.j        ,  0.        +0.j        ,
         0.58664572-0.06007396j, -0.73577524-0.92445388j,
        -0.32711757+0.12159159j, -0.20369178+0.3344014j ,
         0.47825129+0.19434566j, -0.17291237+0.44776179j,
         0.74838408+0.76232587j, -0.39952161+0.75260442j],
       [ 0.        +0.j        ,  0.        +0.j        ,
         0.        +0.j        ,  0.        +0.j        ,
         0.        +0.j        ,  0.        +0.j        ,
         0.        +0.j        ,  0.        +0.j        ,
         0.35705522-0.07314218j,  0.39343087+0.36259703j,
        -0.78195843-0.67181229j,  0.87372596+0.2845526j ,
        -0.53157524-0.47044553j, -0.36565379-0.43024119j,
         0.38419313+1.68084908j, -0.40286319+0.87245288j]])}
**********************************************************************
Output for N=8 Hamiltonian
------------------------------------------------------------
Total time = 10.266507571944443 hours
Parameters:
{'a': array([0, 0, 0, 0, 0, 0, 0, 0]),
 'b': array([0, 0, 0, 0, 0, 0, 0, 0]),
 'w': array([[ 0.22110716+1.40343263j, -0.13574103+1.56435281j,
         0.12284028-0.56278085j,  0.1389011 -0.39716497j,
        -0.29420415+0.04823072j,  0.21069643-0.48165423j,
        -0.14025082-0.06686728j, -0.19418543+0.00713894j],
       [ 0.58988857+0.85787287j, -1.43969161+1.0155084j ,
         0.58580122+0.08637966j,  0.34780339-0.07690137j,
         0.11538846-0.8446143j , -0.28699023+0.38938546j,
        -0.0808984 +0.37963826j,  0.17867484-0.18219547j],
       [-0.49451706+0.06116296j,  0.0359807 -0.62735564j,
         0.1773598 +1.19394229j,  0.2157418 +1.22794465j,
         0.03460104+0.04025514j, -0.40988211-0.14676173j,
        -0.23882272+0.01467491j,  0.68430486-0.21149897j],
       [-0.24106266-0.24949534j,  0.02645692-0.44104717j,
        -0.19815391+1.51068352j, -0.32333044+1.38856303j,
         0.57111313-0.25433744j, -0.29502842+0.02955013j,
         0.0913347 -0.29164553j,  0.33244708-0.16940925j],
       [-0.0222553 +0.09321516j, -0.34183467-0.36670131j,
        -0.94492196-0.57992934j,  0.80925893+0.91601103j,
         0.14573202+0.43551246j,  0.26518785+0.44545328j,
        -0.43260305-0.21714781j,  0.6170579 +0.77407313j],
       [-0.37469504-0.02178682j,  0.64302127-0.18281051j,
        -0.04700196-0.20132986j,  0.11741011-0.02957123j,
         0.22691332+0.84735197j, -0.61310006+0.81596723j,
         0.58151584+0.82412329j, -0.56434425-0.31385378j],
       [ 0.58664572-0.06007396j, -0.73577524-0.92445388j,
        -0.32711757+0.12159159j, -0.20369178+0.3344014j ,
         0.47825129+0.19434566j, -0.17291237+0.44776179j,
         0.74838408+0.76232587j, -0.39952161+0.75260442j],
       [ 0.35705522-0.07314218j,  0.39343087+0.36259703j,
        -0.78195843-0.67181229j,  0.87372596+0.2845526j ,
        -0.53157524-0.47044553j, -0.36565379-0.43024119j,
         0.38419313+1.68084908j, -0.40286319+0.87245288j]])}
------------------------------------------------------------
Summary: 
Delta: 0.00
Energy: -3.06E+00 + -5.42E-04j
------------------------------------------------------------






Delta: 0.05
Energy: -4.12E+00 + -1.87E+00j
------------------------------------------------------------






Delta: 0.10
Energy: -3.88E+00 + -3.04E-01j
------------------------------------------------------------






Delta: 0.15
Energy: -4.54E+00 + -4.22E-01j
------------------------------------------------------------






Delta: 0.20
Energy: -3.90E+00 + 4.89E-01j
------------------------------------------------------------






Delta: 0.25
Energy: -3.43E+00 + 2.18E-01j
------------------------------------------------------------






Delta: 0.30
Energy: -3.12E+00 + -6.10E-02j
------------------------------------------------------------






Delta: 0.35
Energy: -3.02E+00 + 1.35E-02j
------------------------------------------------------------






Delta: 0.40
Energy: -3.12E+00 + -3.03E-03j
------------------------------------------------------------






Delta: 0.45
Energy: -3.17E+00 + -6.54E-03j
------------------------------------------------------------






Delta: 0.50
Energy: -3.19E+00 + 1.04E-02j
------------------------------------------------------------






Delta: 0.55
Energy: -3.23E+00 + 1.65E-02j
------------------------------------------------------------






Delta: 0.60
Energy: -3.26E+00 + -3.90E-03j
------------------------------------------------------------






Delta: 0.65
Energy: -3.30E+00 + 1.39E-02j
------------------------------------------------------------






Delta: 0.70
Energy: -3.33E+00 + 7.82E-03j
------------------------------------------------------------






Delta: 0.75
Energy: -3.36E+00 + 1.56E-02j
------------------------------------------------------------






Delta: 0.80
Energy: -3.38E+00 + -6.67E-03j
------------------------------------------------------------






Delta: 0.85
Energy: -3.42E+00 + -2.30E-02j
------------------------------------------------------------






Delta: 0.90
Energy: -3.46E+00 + -1.44E-02j
------------------------------------------------------------






Delta: 0.95
Energy: -3.51E+00 + -3.50E-02j
------------------------------------------------------------






Delta: 1.00
Energy: -3.55E+00 + -3.01E-02j
------------------------------------------------------------






Total time: -14.366181940555556
