running build_ext
skipping 'lib/qvmc/utils.c' Cython extension (up-to-date)
skipping 'lib/qvmc/state.c' Cython extension (up-to-date)
skipping 'lib/qvmc/optimizer.c' Cython extension (up-to-date)
skipping 'lib/qvmc/debug.c' Cython extension (up-to-date)
skipping 'lib/qvmc/hamiltonian.c' Cython extension (up-to-date)
/home/hanbury.p/env/lib/python3.7/site-packages/numpy/core/numeric.py:538: ComplexWarning: Casting complex values to real discards the imaginary part
  return array(a, dtype, copy=False, order=order)
/home/hanbury.p/env/lib/python3.7/site-packages/matplotlib/pyplot.py:514: RuntimeWarning: More than 20 figures have been opened. Figures created through the pyplot interface (`matplotlib.pyplot.figure`) are retained until explicitly closed and may consume too much memory. (To control this warning, see the rcParam `figure.max_open_warning`).
  max_open_warning, RuntimeWarning)
Run Configurations:
{'deltas': [0.0,
            0.05,
            0.1,
            0.15,
            0.2,
            0.25,
            0.3,
            0.35,
            0.4,
            0.45,
            0.5,
            0.55,
            0.6,
            0.65,
            0.7,
            0.75,
            0.8,
            0.85,
            0.9,
            0.95,
            1.0],
 'fixed_params': ['a', 'b'],
 'initial_diamer_state': 'option_2',
 'name': '8ParticleOption2',
 'notes': '\n'
          '              This is part of a group of three runs that each\n'
          '              test options 1, 2 and 3 to compare different\n'
          '              initial parameters for N=4 to see how that\n'
          '              affects our convergences.\n'
          '              ',
 'num_monte_carlos_per_delta': 350,
 'num_particles': 8,
 'num_steps': 9000,
 'save_dir': '/home/hanbury.p/feiguin/vmc/dynamic_adiabatic/outputs/8ParticleOption2_2019-05-08-12:10'}
**************************************************


N=4
{'a': array([0, 0, 0, 0, 0, 0, 0, 0]), 'b': array([0, 0, 0, 0, 0, 0, 0, 0]), 'w': array([[-0.23248157+0.70445793j,  0.22551794+0.83148011j,
        -0.20887383-0.05359765j,  0.25060574+0.07482481j,
         0.        +0.j        ,  0.        +0.j        ,
         0.        +0.j        ,  0.        +0.j        ],
       [-0.02617165+0.8811792j ,  0.02844367+0.69555175j,
        -0.03108791+0.10731989j,  0.01609916-0.07702946j,
         0.        +0.j        ,  0.        +0.j        ,
         0.        +0.j        ,  0.        +0.j        ],
       [ 0.14697753-0.09139275j, -0.14790484+0.08872567j,
         0.12280292+0.68096154j, -0.17205488+0.86181847j,
         0.        +0.j        ,  0.        +0.j        ,
         0.        +0.j        ,  0.        +0.j        ],
       [-0.07562512-0.03958495j,  0.09653506+0.02983624j,
        -0.08219613+0.74024641j,  0.09452091+0.8069758j ,
         0.        +0.j        ,  0.        +0.j        ,
         0.        +0.j        ,  0.        +0.j        ],
       [ 0.        +0.j        ,  0.        +0.j        ,
         0.        +0.j        ,  0.        +0.j        ,
        -0.23248157+0.70445793j,  0.22551794+0.83148011j,
        -0.20887383-0.05359765j,  0.25060574+0.07482481j],
       [ 0.        +0.j        ,  0.        +0.j        ,
         0.        +0.j        ,  0.        +0.j        ,
        -0.02617165+0.8811792j ,  0.02844367+0.69555175j,
        -0.03108791+0.10731989j,  0.01609916-0.07702946j],
       [ 0.        +0.j        ,  0.        +0.j        ,
         0.        +0.j        ,  0.        +0.j        ,
         0.14697753-0.09139275j, -0.14790484+0.08872567j,
         0.12280292+0.68096154j, -0.17205488+0.86181847j],
       [ 0.        +0.j        ,  0.        +0.j        ,
         0.        +0.j        ,  0.        +0.j        ,
        -0.07562512-0.03958495j,  0.09653506+0.02983624j,
        -0.08219613+0.74024641j,  0.09452091+0.8069758j ]])}
**********************************************************************
Output for N=4 Hamiltonian
------------------------------------------------------------
Total time = 5.324639516666666 hours
Parameters:
{'a': array([0, 0, 0, 0]),
 'b': array([0, 0, 0, 0]),
 'w': array([[-0.23248157+0.70445793j,  0.22551794+0.83148011j,
        -0.20887383-0.05359765j,  0.25060574+0.07482481j],
       [-0.02617165+0.8811792j ,  0.02844367+0.69555175j,
        -0.03108791+0.10731989j,  0.01609916-0.07702946j],
       [ 0.14697753-0.09139275j, -0.14790484+0.08872567j,
         0.12280292+0.68096154j, -0.17205488+0.86181847j],
       [-0.07562512-0.03958495j,  0.09653506+0.02983624j,
        -0.08219613+0.74024641j,  0.09452091+0.8069758j ]])}
------------------------------------------------------------
Summary: 
Delta: 0.00
Energy: -1.53E+00 + -4.91E-04j
------------------------------------------------------------






Delta: 0.05
Energy: -1.53E+00 + -2.81E-04j
------------------------------------------------------------






Delta: 0.10
Energy: -1.54E+00 + -1.56E-04j
------------------------------------------------------------






Delta: 0.15
Energy: -1.54E+00 + -1.01E-04j
------------------------------------------------------------






Delta: 0.20
Energy: -1.54E+00 + -1.02E-04j
------------------------------------------------------------






Delta: 0.25
Energy: -1.55E+00 + -8.45E-05j
------------------------------------------------------------






Delta: 0.30
Energy: -1.55E+00 + -1.79E-04j
------------------------------------------------------------






Delta: 0.35
Energy: -1.56E+00 + -1.30E-04j
------------------------------------------------------------






Delta: 0.40
Energy: -1.56E+00 + -1.38E-04j
------------------------------------------------------------






Delta: 0.45
Energy: -1.56E+00 + -1.04E-04j
------------------------------------------------------------






Delta: 0.50
Energy: -1.57E+00 + -1.09E-04j
------------------------------------------------------------






Delta: 0.55
Energy: -1.57E+00 + -8.64E-05j
------------------------------------------------------------






Delta: 0.60
Energy: -1.58E+00 + -8.40E-05j
------------------------------------------------------------






Delta: 0.65
Energy: -1.58E+00 + -6.16E-05j
------------------------------------------------------------






Delta: 0.70
Energy: -1.59E+00 + -1.19E-04j
------------------------------------------------------------






Delta: 0.75
Energy: -1.59E+00 + -1.13E-04j
------------------------------------------------------------






Delta: 0.80
Energy: -1.60E+00 + -1.37E-04j
------------------------------------------------------------






Delta: 0.85
Energy: -1.60E+00 + -1.99E-04j
------------------------------------------------------------






Delta: 0.90
Energy: -1.61E+00 + -1.48E-04j
------------------------------------------------------------






Delta: 0.95
Energy: -1.61E+00 + -1.79E-04j
------------------------------------------------------------






Delta: 1.00
Energy: -1.62E+00 + -1.06E-04j
------------------------------------------------------------






N=8
{'a': array([0, 0, 0, 0, 0, 0, 0, 0, 0, 0, 0, 0, 0, 0, 0, 0]), 'b': array([0, 0, 0, 0, 0, 0, 0, 0, 0, 0, 0, 0, 0, 0, 0, 0]), 'w': array([[-0.6855302 +0.49657825j,  0.26097374+0.42828126j,
        -0.0801564 +0.09141046j,  0.2368149 +0.21262744j,
        -0.20250374+0.49729914j,  0.3078912 +0.12204198j,
         0.02186551+0.17251426j,  0.26375049-0.37115933j,
         0.        +0.j        ,  0.        +0.j        ,
         0.        +0.j        ,  0.        +0.j        ,
         0.        +0.j        ,  0.        +0.j        ,
         0.        +0.j        ,  0.        +0.j        ],
       [-0.05227166+1.20072051j, -0.09770171+0.91090104j,
        -0.15090658+0.04516117j, -0.27173625-0.5471733j ,
         1.05403251+0.33318426j, -0.21639828+0.15019996j,
        -0.14879702+0.28162054j, -0.17450622-0.69549073j,
         0.        +0.j        ,  0.        +0.j        ,
         0.        +0.j        ,  0.        +0.j        ,
         0.        +0.j        ,  0.        +0.j        ,
         0.        +0.j        ,  0.        +0.j        ],
       [ 0.24537916-0.02485097j, -0.35203907+0.49788566j,
         0.53075283+0.42974152j, -0.50283774+0.48109608j,
         0.14930159-0.29367794j, -0.40868676-0.23072519j,
         0.01036139+0.45836785j,  0.23207257+0.12804296j,
         0.        +0.j        ,  0.        +0.j        ,
         0.        +0.j        ,  0.        +0.j        ,
         0.        +0.j        ,  0.        +0.j        ,
         0.        +0.j        ,  0.        +0.j        ],
       [-0.28053073+0.36096155j,  0.59707288+0.29762195j,
        -0.55298292+0.30224145j,  0.13536969+0.18760063j,
         0.41623837+0.28596224j, -0.44282507+0.06173101j,
         0.20622808+0.14856738j, -0.04507059-0.13955641j,
         0.        +0.j        ,  0.        +0.j        ,
         0.        +0.j        ,  0.        +0.j        ,
         0.        +0.j        ,  0.        +0.j        ,
         0.        +0.j        ,  0.        +0.j        ],
       [ 0.04494695-0.21438827j,  0.05250688+0.29525847j,
        -0.15137964-0.52443714j, -0.37824169+0.47908707j,
        -0.11876456+0.60715715j,  1.08267423+0.67395641j,
        -0.38219198-0.17648822j, -0.10966487+0.42305042j,
         0.        +0.j        ,  0.        +0.j        ,
         0.        +0.j        ,  0.        +0.j        ,
         0.        +0.j        ,  0.        +0.j        ,
         0.        +0.j        ,  0.        +0.j        ],
       [-0.33597987-0.20203342j, -0.10052267-0.20561763j,
         0.0360059 +0.11518837j,  0.24490475+0.14272567j,
         0.04502566+1.11993687j, -0.43233284+0.65466462j,
        -0.3680973 +0.0874244j ,  0.85452596-0.12539439j,
         0.        +0.j        ,  0.        +0.j        ,
         0.        +0.j        ,  0.        +0.j        ,
         0.        +0.j        ,  0.        +0.j        ,
         0.        +0.j        ,  0.        +0.j        ],
       [-1.01519042+0.16248427j,  0.08795864+0.35641243j,
         0.42086767-0.22799877j, -0.3868633 +0.26367545j,
         0.12349989+0.74050636j,  0.00454052+0.45584102j,
         0.31898136-0.24863177j,  0.35550214-0.03529133j,
         0.        +0.j        ,  0.        +0.j        ,
         0.        +0.j        ,  0.        +0.j        ,
         0.        +0.j        ,  0.        +0.j        ,
         0.        +0.j        ,  0.        +0.j        ],
       [ 0.05637444-0.27848507j, -0.02523754-0.13508113j,
        -0.37473378-0.35079021j, -0.07084042+1.24279169j,
         0.20743544-0.2323764j ,  0.51381088+0.07947842j,
        -0.9820075 +0.0733525j ,  0.69490687+1.07507892j,
         0.        +0.j        ,  0.        +0.j        ,
         0.        +0.j        ,  0.        +0.j        ,
         0.        +0.j        ,  0.        +0.j        ,
         0.        +0.j        ,  0.        +0.j        ],
       [ 0.        +0.j        ,  0.        +0.j        ,
         0.        +0.j        ,  0.        +0.j        ,
         0.        +0.j        ,  0.        +0.j        ,
         0.        +0.j        ,  0.        +0.j        ,
        -0.6855302 +0.49657825j,  0.26097374+0.42828126j,
        -0.0801564 +0.09141046j,  0.2368149 +0.21262744j,
        -0.20250374+0.49729914j,  0.3078912 +0.12204198j,
         0.02186551+0.17251426j,  0.26375049-0.37115933j],
       [ 0.        +0.j        ,  0.        +0.j        ,
         0.        +0.j        ,  0.        +0.j        ,
         0.        +0.j        ,  0.        +0.j        ,
         0.        +0.j        ,  0.        +0.j        ,
        -0.05227166+1.20072051j, -0.09770171+0.91090104j,
        -0.15090658+0.04516117j, -0.27173625-0.5471733j ,
         1.05403251+0.33318426j, -0.21639828+0.15019996j,
        -0.14879702+0.28162054j, -0.17450622-0.69549073j],
       [ 0.        +0.j        ,  0.        +0.j        ,
         0.        +0.j        ,  0.        +0.j        ,
         0.        +0.j        ,  0.        +0.j        ,
         0.        +0.j        ,  0.        +0.j        ,
         0.24537916-0.02485097j, -0.35203907+0.49788566j,
         0.53075283+0.42974152j, -0.50283774+0.48109608j,
         0.14930159-0.29367794j, -0.40868676-0.23072519j,
         0.01036139+0.45836785j,  0.23207257+0.12804296j],
       [ 0.        +0.j        ,  0.        +0.j        ,
         0.        +0.j        ,  0.        +0.j        ,
         0.        +0.j        ,  0.        +0.j        ,
         0.        +0.j        ,  0.        +0.j        ,
        -0.28053073+0.36096155j,  0.59707288+0.29762195j,
        -0.55298292+0.30224145j,  0.13536969+0.18760063j,
         0.41623837+0.28596224j, -0.44282507+0.06173101j,
         0.20622808+0.14856738j, -0.04507059-0.13955641j],
       [ 0.        +0.j        ,  0.        +0.j        ,
         0.        +0.j        ,  0.        +0.j        ,
         0.        +0.j        ,  0.        +0.j        ,
         0.        +0.j        ,  0.        +0.j        ,
         0.04494695-0.21438827j,  0.05250688+0.29525847j,
        -0.15137964-0.52443714j, -0.37824169+0.47908707j,
        -0.11876456+0.60715715j,  1.08267423+0.67395641j,
        -0.38219198-0.17648822j, -0.10966487+0.42305042j],
       [ 0.        +0.j        ,  0.        +0.j        ,
         0.        +0.j        ,  0.        +0.j        ,
         0.        +0.j        ,  0.        +0.j        ,
         0.        +0.j        ,  0.        +0.j        ,
        -0.33597987-0.20203342j, -0.10052267-0.20561763j,
         0.0360059 +0.11518837j,  0.24490475+0.14272567j,
         0.04502566+1.11993687j, -0.43233284+0.65466462j,
        -0.3680973 +0.0874244j ,  0.85452596-0.12539439j],
       [ 0.        +0.j        ,  0.        +0.j        ,
         0.        +0.j        ,  0.        +0.j        ,
         0.        +0.j        ,  0.        +0.j        ,
         0.        +0.j        ,  0.        +0.j        ,
        -1.01519042+0.16248427j,  0.08795864+0.35641243j,
         0.42086767-0.22799877j, -0.3868633 +0.26367545j,
         0.12349989+0.74050636j,  0.00454052+0.45584102j,
         0.31898136-0.24863177j,  0.35550214-0.03529133j],
       [ 0.        +0.j        ,  0.        +0.j        ,
         0.        +0.j        ,  0.        +0.j        ,
         0.        +0.j        ,  0.        +0.j        ,
         0.        +0.j        ,  0.        +0.j        ,
         0.05637444-0.27848507j, -0.02523754-0.13508113j,
        -0.37473378-0.35079021j, -0.07084042+1.24279169j,
         0.20743544-0.2323764j ,  0.51381088+0.07947842j,
        -0.9820075 +0.0733525j ,  0.69490687+1.07507892j]])}
**********************************************************************
Output for N=8 Hamiltonian
------------------------------------------------------------
Total time = 11.895037421666666 hours
Parameters:
{'a': array([0, 0, 0, 0, 0, 0, 0, 0]),
 'b': array([0, 0, 0, 0, 0, 0, 0, 0]),
 'w': array([[-0.6855302 +0.49657825j,  0.26097374+0.42828126j,
        -0.0801564 +0.09141046j,  0.2368149 +0.21262744j,
        -0.20250374+0.49729914j,  0.3078912 +0.12204198j,
         0.02186551+0.17251426j,  0.26375049-0.37115933j],
       [-0.05227166+1.20072051j, -0.09770171+0.91090104j,
        -0.15090658+0.04516117j, -0.27173625-0.5471733j ,
         1.05403251+0.33318426j, -0.21639828+0.15019996j,
        -0.14879702+0.28162054j, -0.17450622-0.69549073j],
       [ 0.24537916-0.02485097j, -0.35203907+0.49788566j,
         0.53075283+0.42974152j, -0.50283774+0.48109608j,
         0.14930159-0.29367794j, -0.40868676-0.23072519j,
         0.01036139+0.45836785j,  0.23207257+0.12804296j],
       [-0.28053073+0.36096155j,  0.59707288+0.29762195j,
        -0.55298292+0.30224145j,  0.13536969+0.18760063j,
         0.41623837+0.28596224j, -0.44282507+0.06173101j,
         0.20622808+0.14856738j, -0.04507059-0.13955641j],
       [ 0.04494695-0.21438827j,  0.05250688+0.29525847j,
        -0.15137964-0.52443714j, -0.37824169+0.47908707j,
        -0.11876456+0.60715715j,  1.08267423+0.67395641j,
        -0.38219198-0.17648822j, -0.10966487+0.42305042j],
       [-0.33597987-0.20203342j, -0.10052267-0.20561763j,
         0.0360059 +0.11518837j,  0.24490475+0.14272567j,
         0.04502566+1.11993687j, -0.43233284+0.65466462j,
        -0.3680973 +0.0874244j ,  0.85452596-0.12539439j],
       [-1.01519042+0.16248427j,  0.08795864+0.35641243j,
         0.42086767-0.22799877j, -0.3868633 +0.26367545j,
         0.12349989+0.74050636j,  0.00454052+0.45584102j,
         0.31898136-0.24863177j,  0.35550214-0.03529133j],
       [ 0.05637444-0.27848507j, -0.02523754-0.13508113j,
        -0.37473378-0.35079021j, -0.07084042+1.24279169j,
         0.20743544-0.2323764j ,  0.51381088+0.07947842j,
        -0.9820075 +0.0733525j ,  0.69490687+1.07507892j]])}
------------------------------------------------------------
Summary: 
Delta: 0.00
Energy: -1.95E+01 + 6.15E+01j
------------------------------------------------------------






Delta: 0.05
Energy: -2.72E+00 + -1.19E-02j
------------------------------------------------------------






Delta: 0.10
Energy: -2.68E+00 + -5.36E-03j
------------------------------------------------------------






Delta: 0.15
Energy: -2.68E+00 + -6.19E-03j
------------------------------------------------------------






Delta: 0.20
Energy: -2.69E+00 + 1.88E-03j
------------------------------------------------------------






Delta: 0.25
Energy: -2.77E+00 + -2.19E-02j
------------------------------------------------------------






Delta: 0.30
Energy: -2.87E+00 + -3.37E-03j
------------------------------------------------------------






Delta: 0.35
Energy: -3.16E+00 + -1.23E-03j
------------------------------------------------------------






Delta: 0.40
Energy: -3.18E+00 + -1.40E-02j
------------------------------------------------------------






Delta: 0.45
Energy: -3.32E+00 + -1.91E-01j
------------------------------------------------------------






Delta: 0.50
Energy: -3.23E+00 + -1.40E-02j
------------------------------------------------------------






Delta: 0.55
Energy: -3.24E+00 + -4.43E-02j
------------------------------------------------------------






Delta: 0.60
Energy: -3.27E+00 + 6.75E-03j
------------------------------------------------------------






Delta: 0.65
Energy: -3.27E+00 + -8.59E-03j
------------------------------------------------------------






Delta: 0.70
Energy: -3.30E+00 + -5.84E-02j
------------------------------------------------------------






Delta: 0.75
Energy: -3.35E+00 + -2.36E-02j
------------------------------------------------------------






Delta: 0.80
Energy: -3.36E+00 + -1.13E-02j
------------------------------------------------------------






Delta: 0.85
Energy: -3.47E+00 + -8.76E-03j
------------------------------------------------------------






Delta: 0.90
Energy: -3.52E+00 + -6.76E-03j
------------------------------------------------------------






Delta: 0.95
Energy: -3.57E+00 + -1.17E-02j
------------------------------------------------------------






Delta: 1.00
Energy: -3.61E+00 + 8.31E-03j
------------------------------------------------------------






Total time: -17.219679859166668
