running build_ext
skipping 'lib/qvmc/utils.c' Cython extension (up-to-date)
skipping 'lib/qvmc/state.c' Cython extension (up-to-date)
skipping 'lib/qvmc/optimizer.c' Cython extension (up-to-date)
skipping 'lib/qvmc/debug.c' Cython extension (up-to-date)
skipping 'lib/qvmc/hamiltonian.c' Cython extension (up-to-date)
/home/hanbury.p/env/lib/python3.7/site-packages/numpy/core/numeric.py:538: ComplexWarning: Casting complex values to real discards the imaginary part
  return array(a, dtype, copy=False, order=order)
/home/hanbury.p/env/lib/python3.7/site-packages/matplotlib/pyplot.py:514: RuntimeWarning: More than 20 figures have been opened. Figures created through the pyplot interface (`matplotlib.pyplot.figure`) are retained until explicitly closed and may consume too much memory. (To control this warning, see the rcParam `figure.max_open_warning`).
  max_open_warning, RuntimeWarning)
**********************************************************************
{'deltas': [0.975,
            0.95,
            0.9249999999999999,
            0.8999999999999999,
            0.875,
            0.85,
            0.825,
            0.7999999999999999,
            0.7749999999999999,
            0.75,
            0.725,
            0.7,
            0.6499999999999999,
            0.6,
            0.5499999999999999,
            0.49999999999999994,
            0.44999999999999996,
            0.3999999999999999,
            0.35,
            0.29999999999999993,
            0.25,
            0.19999999999999996,
            0.1499999999999999,
            0.09999999999999998,
            0.04999999999999993,
            0.0],
 'fixed_params': {'a': array([0, 0, 0, 0, 0, 0, 0, 0]),
                  'b': array([0, 0, 0, 0, 0, 0, 0, 0])},
 'learning_rate': 0.01,
 'notes': '\n'
          '              The purpose of this test is run the algorithm at a '
          'lower learning rate and with \n'
          '              the new simpler hamiltonian.\n'
          '              ',
 'num_monte_carlos_per_delta': 200,
 'num_particles': 8,
 'num_steps': 8000,
 'print_params': True,
 'save_dir': '/home/hanbury.p/feiguin/vmc/cython_version/outputs/2019-05-15-12:39'}
------------------------------------------------------------
Total time = 7.874694109166667 hours
Final Parameters:
{'a': array([0, 0, 0, 0, 0, 0, 0, 0]),
 'b': array([0, 0, 0, 0, 0, 0, 0, 0]),
 'w': array([[-2.65725020e-01+1.00840287j, -1.78893806e-01+0.55249672j,
         2.12620494e-01-0.13165669j,  3.07681612e-02+0.13940616j,
         3.04324942e-02-0.11321876j, -2.29981354e-01-0.26129672j,
        -1.05531518e+00-0.27305672j,  1.38678783e+00+0.626904j  ],
       [ 5.51659798e-02+0.27715616j, -1.55332721e-02-0.19509237j,
         2.93920603e-01-0.31107521j, -2.76970374e-01+0.35089162j,
         1.03119795e+00+0.02103126j, -7.26261384e-01+0.02573164j,
        -2.79291361e-01-0.41026353j, -8.68340842e-02+0.16384928j],
       [-2.32678151e-01-0.04752116j,  3.11340877e-01-0.15000966j,
        -4.37779790e-01+1.2020804j ,  5.27982603e-01+1.31440201j,
         1.23755911e-01-0.27852908j,  4.31473533e-02+0.10213966j,
        -6.29206744e-01+0.06313166j,  2.54305372e-01-0.60005629j],
       [-1.96758725e-01+0.07222277j, -5.26456925e-02-0.10628165j,
        -3.32977027e-01+0.10592104j,  5.58484780e-01-0.14571569j,
         2.89985568e-01-0.09924052j,  1.86507265e-02+0.11271318j,
         3.08162570e-02-0.21125919j, -3.14525756e-01+0.23643655j],
       [ 1.22780171e+00-0.16882198j, -1.26760133e+00-0.45905599j,
        -1.56090494e-01-0.65936257j,  2.96503022e-01-0.6293869j ,
         9.48268814e-02+0.63718448j, -6.69704081e-02+1.36053785j,
        -2.06896519e-01+0.87684966j, -8.35407087e-02+0.62353927j],
       [ 1.99997861e-01+0.02274657j,  1.08636572e-01-0.13322759j,
        -5.33728340e-01-0.07393456j,  4.28965444e-01+0.11037257j,
        -4.37061348e-01-0.1619202j ,  4.80843531e-01+0.16327324j,
         4.39796936e-04+0.16899959j, -3.60440420e-01-0.14625538j],
       [-1.53223510e-01-0.14884689j,  2.24354906e-02-0.4125277j ,
        -6.38234310e-01+0.61950433j,  6.68160406e-01+0.10018561j,
         5.55229253e-01+0.6654257j , -7.65570454e-01+0.1049214j ,
         6.59163779e-01+0.43500092j, -3.04126264e-01+0.24741436j],
       [-4.71252941e-02+0.10675968j,  2.65878049e-02-0.30387277j,
         3.86315665e-01-0.32703255j, -2.49008749e-01+0.37671814j,
         1.73132713e-02+0.19732792j, -3.42052511e-02-0.05578156j,
         4.74388847e-01-0.28351554j, -5.06747947e-01+0.20793608j]])}



Optimal Parameters:
{'a': array([0, 0, 0, 0, 0, 0, 0, 0]),
 'b': array([0, 0, 0, 0, 0, 0, 0, 0]),
 'w': array([[-2.65725020e-01+1.00840287j, -1.78893806e-01+0.55249672j,
         2.12620494e-01-0.13165669j,  3.07681612e-02+0.13940616j,
         3.04324942e-02-0.11321876j, -2.29981354e-01-0.26129672j,
        -1.05531518e+00-0.27305672j,  1.38678783e+00+0.626904j  ],
       [ 5.51659798e-02+0.27715616j, -1.55332721e-02-0.19509237j,
         2.93920603e-01-0.31107521j, -2.76970374e-01+0.35089162j,
         1.03119795e+00+0.02103126j, -7.26261384e-01+0.02573164j,
        -2.79291361e-01-0.41026353j, -8.68340842e-02+0.16384928j],
       [-2.32678151e-01-0.04752116j,  3.11340877e-01-0.15000966j,
        -4.37779790e-01+1.2020804j ,  5.27982603e-01+1.31440201j,
         1.23755911e-01-0.27852908j,  4.31473533e-02+0.10213966j,
        -6.29206744e-01+0.06313166j,  2.54305372e-01-0.60005629j],
       [-1.96758725e-01+0.07222277j, -5.26456925e-02-0.10628165j,
        -3.32977027e-01+0.10592104j,  5.58484780e-01-0.14571569j,
         2.89985568e-01-0.09924052j,  1.86507265e-02+0.11271318j,
         3.08162570e-02-0.21125919j, -3.14525756e-01+0.23643655j],
       [ 1.22780171e+00-0.16882198j, -1.26760133e+00-0.45905599j,
        -1.56090494e-01-0.65936257j,  2.96503022e-01-0.6293869j ,
         9.48268814e-02+0.63718448j, -6.69704081e-02+1.36053785j,
        -2.06896519e-01+0.87684966j, -8.35407087e-02+0.62353927j],
       [ 1.99997861e-01+0.02274657j,  1.08636572e-01-0.13322759j,
        -5.33728340e-01-0.07393456j,  4.28965444e-01+0.11037257j,
        -4.37061348e-01-0.1619202j ,  4.80843531e-01+0.16327324j,
         4.39796936e-04+0.16899959j, -3.60440420e-01-0.14625538j],
       [-1.53223510e-01-0.14884689j,  2.24354906e-02-0.4125277j ,
        -6.38234310e-01+0.61950433j,  6.68160406e-01+0.10018561j,
         5.55229253e-01+0.6654257j , -7.65570454e-01+0.1049214j ,
         6.59163779e-01+0.43500092j, -3.04126264e-01+0.24741436j],
       [-4.71252941e-02+0.10675968j,  2.65878049e-02-0.30387277j,
         3.86315665e-01-0.32703255j, -2.49008749e-01+0.37671814j,
         1.73132713e-02+0.19732792j, -3.42052511e-02-0.05578156j,
         4.74388847e-01-0.28351554j, -5.06747947e-01+0.20793608j]])}
------------------------------------------------------------
Final Summary: 
Delta: 0.97
Energy: -3.04E+00 + -3.77E-03j
------------------------------------------------------------
Delta: 0.95
Energy: -2.83E+00 + 2.03E-02j
------------------------------------------------------------
Delta: 0.92
Energy: -3.09E+00 + 2.06E-03j
------------------------------------------------------------
Delta: 0.90
Energy: -3.16E+00 + 9.00E-03j
------------------------------------------------------------
Delta: 0.88
Energy: -3.21E+00 + -1.20E-03j
------------------------------------------------------------
Delta: 0.85
Energy: -3.23E+00 + 6.10E-03j
------------------------------------------------------------
Delta: 0.82
Energy: -3.21E+00 + 6.63E-03j
------------------------------------------------------------
Delta: 0.80
Energy: -3.21E+00 + 1.35E-02j
------------------------------------------------------------
Delta: 0.77
Energy: -3.20E+00 + 6.96E-03j
------------------------------------------------------------
Delta: 0.75
Energy: -3.19E+00 + -5.82E-03j
------------------------------------------------------------
Delta: 0.72
Energy: -3.18E+00 + -3.15E-03j
------------------------------------------------------------
Delta: 0.70
Energy: -3.17E+00 + -2.77E-03j
------------------------------------------------------------
Delta: 0.65
Energy: -3.14E+00 + -2.83E-03j
------------------------------------------------------------
Delta: 0.60
Energy: -3.11E+00 + 2.90E-03j
------------------------------------------------------------
Delta: 0.55
Energy: -3.10E+00 + 8.62E-03j
------------------------------------------------------------
Delta: 0.50
Energy: -3.08E+00 + -7.49E-04j
------------------------------------------------------------
Delta: 0.45
Energy: -3.06E+00 + 2.11E-04j
------------------------------------------------------------
Delta: 0.40
Energy: -3.05E+00 + -4.18E-03j
------------------------------------------------------------
Delta: 0.35
Energy: -3.03E+00 + -2.23E-03j
------------------------------------------------------------
Delta: 0.30
Energy: -3.03E+00 + -1.78E-03j
------------------------------------------------------------
Delta: 0.25
Energy: -3.02E+00 + -2.26E-03j
------------------------------------------------------------
Delta: 0.20
Energy: -3.01E+00 + -2.30E-03j
------------------------------------------------------------
Delta: 0.15
Energy: -3.00E+00 + 8.69E-04j
------------------------------------------------------------
Delta: 0.10
Energy: -3.00E+00 + -5.34E-04j
------------------------------------------------------------
Delta: 0.05
Energy: -3.00E+00 + 1.23E-04j
------------------------------------------------------------
Delta: 0.00
Energy: -3.00E+00 + 8.47E-05j
------------------------------------------------------------
