/home/hanbury.p/feiguin/vmc/env/lib/python3.7/site-packages/numpy/core/numeric.py:538: ComplexWarning: Casting complex values to real discards the imaginary part
  return array(a, dtype, copy=False, order=order)
/home/hanbury.p/feiguin/vmc/env/lib/python3.7/site-packages/matplotlib/pyplot.py:514: RuntimeWarning: More than 20 figures have been opened. Figures created through the pyplot interface (`matplotlib.pyplot.figure`) are retained until explicitly closed and may consume too much memory. (To control this warning, see the rcParam `figure.max_open_warning`).
  max_open_warning, RuntimeWarning)
2019-04-18 11:45:31.752076
**********************************************************************

Thursday Afternoon 

Purpose: 8 Particle ground state calculation using adiabatic method 



UPDATES: deltas increment by 0.025 from 1 to 0.7 then 0.05 onwards

total monte carlo steps at 400 per delta

hoping to ensure that converges occurs at each delta 

9,000 MC steps 


Saved in /home/hanbury.p/feiguin/vmc/outputs/2019-04-18-11:45
------------------------------------------------------------
Total time = 0.017771698055555556 hours
Final Summary: 
Delta: 0.97
Energy: -8.20E+00 + -1.24E+00j
------------------------------------------------------------
Delta: 0.95
Energy: -1.89E+01 + -1.85E+00j
------------------------------------------------------------
Delta: 0.92
Energy: -2.96E+01 + -2.46E+00j
------------------------------------------------------------
Delta: 0.90
Energy: -4.04E+01 + -3.07E+00j
------------------------------------------------------------
Delta: 0.88
Energy: -5.11E+01 + -3.68E+00j
------------------------------------------------------------
Delta: 0.85
Energy: -6.18E+01 + -4.29E+00j
------------------------------------------------------------
Delta: 0.82
Energy: -7.25E+01 + -4.90E+00j
------------------------------------------------------------
Delta: 0.80
Energy: -8.32E+01 + -5.51E+00j
------------------------------------------------------------
Delta: 0.77
Energy: -9.40E+01 + -6.12E+00j
------------------------------------------------------------
Delta: 0.75
Energy: -1.05E+02 + -6.73E+00j
------------------------------------------------------------
Delta: 0.72
Energy: -1.15E+02 + -7.33E+00j
------------------------------------------------------------
Delta: 0.70
Energy: -1.26E+02 + -7.94E+00j
------------------------------------------------------------
Delta: 0.65
Energy: -1.48E+02 + -9.16E+00j
------------------------------------------------------------
Delta: 0.60
Energy: -1.69E+02 + -1.04E+01j
------------------------------------------------------------
Delta: 0.55
Energy: -1.90E+02 + -1.16E+01j
------------------------------------------------------------
Delta: 0.50
Energy: -2.12E+02 + -1.28E+01j
------------------------------------------------------------
Delta: 0.45
Energy: -2.33E+02 + -1.40E+01j
------------------------------------------------------------
Delta: 0.40
Energy: -2.55E+02 + -1.53E+01j
------------------------------------------------------------
Delta: 0.35
Energy: -2.76E+02 + -1.65E+01j
------------------------------------------------------------
Delta: 0.30
Energy: -2.98E+02 + -1.77E+01j
------------------------------------------------------------
Delta: 0.25
Energy: -3.19E+02 + -1.89E+01j
------------------------------------------------------------
Delta: 0.20
Energy: -3.41E+02 + -2.01E+01j
------------------------------------------------------------
Delta: 0.15
Energy: -3.62E+02 + -2.13E+01j
------------------------------------------------------------
Delta: 0.10
Energy: -3.83E+02 + -2.26E+01j
------------------------------------------------------------
Delta: 0.05
Energy: -4.05E+02 + -2.38E+01j
------------------------------------------------------------
Delta: 0.00
Energy: -4.26E+02 + -2.50E+01j
------------------------------------------------------------
