/home/hanbury.p/env/lib/python3.7/site-packages/numpy/core/numeric.py:538: ComplexWarning: Casting complex values to real discards the imaginary part
  return array(a, dtype, copy=False, order=order)
/home/hanbury.p/env/lib/python3.7/site-packages/matplotlib/pyplot.py:514: RuntimeWarning: More than 20 figures have been opened. Figures created through the pyplot interface (`matplotlib.pyplot.figure`) are retained until explicitly closed and may consume too much memory. (To control this warning, see the rcParam `figure.max_open_warning`).
  max_open_warning, RuntimeWarning)
2019-04-23 15:39:31.657874
**********************************************************************

The purpose of this run is to test how long the program takes using 

for the python scrpt vs the cython one 

configs: 

   monte carlo loops: 5000 

   monte carlos per delta: 100 

   delta list: 0.025 increments until 0.7, 0.05 onwards 


Saved in /home/hanbury.p/feiguin/vmc/outputs/2019-04-23-15:39
------------------------------------------------------------
Total time = 0.9081171180555556 hours
Final Summary: 
Delta: 0.97
Energy: -2.96E+00 + -1.16E-04j
------------------------------------------------------------
Delta: 0.95
Energy: -2.93E+00 + -1.66E-04j
------------------------------------------------------------
Delta: 0.92
Energy: -2.89E+00 + -2.08E-04j
------------------------------------------------------------
Delta: 0.90
Energy: -2.85E+00 + -2.26E-04j
------------------------------------------------------------
Delta: 0.88
Energy: -2.81E+00 + -5.49E-04j
------------------------------------------------------------
Delta: 0.85
Energy: -2.78E+00 + -7.63E-04j
------------------------------------------------------------
Delta: 0.82
Energy: -2.73E+00 + 4.07E-05j
------------------------------------------------------------
Delta: 0.80
Energy: -2.70E+00 + 9.91E-04j
------------------------------------------------------------
Delta: 0.77
Energy: -2.67E+00 + 3.42E-04j
------------------------------------------------------------
Delta: 0.75
Energy: -2.63E+00 + -1.19E-04j
------------------------------------------------------------
Delta: 0.72
Energy: -2.59E+00 + -4.94E-05j
------------------------------------------------------------
Delta: 0.70
Energy: -2.56E+00 + -3.06E-05j
------------------------------------------------------------
Delta: 0.65
Energy: -2.49E+00 + -2.72E-05j
------------------------------------------------------------
Delta: 0.60
Energy: -2.41E+00 + -2.75E-05j
------------------------------------------------------------
Delta: 0.55
Energy: -2.34E+00 + -2.75E-05j
------------------------------------------------------------
Delta: 0.50
Energy: -2.27E+00 + -3.10E-05j
------------------------------------------------------------
Delta: 0.45
Energy: -2.20E+00 + -3.31E-05j
------------------------------------------------------------
Delta: 0.40
Energy: -2.13E+00 + -3.55E-05j
------------------------------------------------------------
Delta: 0.35
Energy: -2.06E+00 + -3.87E-05j
------------------------------------------------------------
Delta: 0.30
Energy: -2.00E+00 + -4.13E-05j
------------------------------------------------------------
Delta: 0.25
Energy: -1.93E+00 + -4.43E-05j
------------------------------------------------------------
Delta: 0.20
Energy: -1.87E+00 + -4.48E-05j
------------------------------------------------------------
Delta: 0.15
Energy: -1.80E+00 + -4.81E-05j
------------------------------------------------------------
Delta: 0.10
Energy: -1.74E+00 + -5.32E-05j
------------------------------------------------------------
Delta: 0.05
Energy: -1.68E+00 + -4.72E-05j
------------------------------------------------------------
Delta: 0.00
Energy: -1.62E+00 + -4.37E-05j
------------------------------------------------------------
