/home/hanbury.p/feiguin/vmc/env/lib/python3.7/site-packages/numpy/core/numeric.py:538: ComplexWarning: Casting complex values to real discards the imaginary part
  return array(a, dtype, copy=False, order=order)
/home/hanbury.p/feiguin/vmc/env/lib/python3.7/site-packages/matplotlib/pyplot.py:514: RuntimeWarning: More than 20 figures have been opened. Figures created through the pyplot interface (`matplotlib.pyplot.figure`) are retained until explicitly closed and may consume too much memory. (To control this warning, see the rcParam `figure.max_open_warning`).
  max_open_warning, RuntimeWarning)
2019-04-22 11:42:39.935732
**********************************************************************

Thursday morning 

Purpose: 8 Particle ground state calculation using adiabatic method 



deltas increment by 0.025 from 1 to 0.7 then 0.05 onwards

UPDATE: total monte carlo simulations at 500 per delta

hoping to ensure that converges occurs at each delta 

7,500 MC steps 


Saved in /home/hanbury.p/feiguin/vmc/outputs/2019-04-22-11:42
------------------------------------------------------------
Total time = 16.36328228861111 hours
Final Summary: 
Delta: 0.97
Energy: -5.93E+00 + -6.61E-04j
------------------------------------------------------------
Delta: 0.95
Energy: -5.85E+00 + -1.13E-03j
------------------------------------------------------------
Delta: 0.92
Energy: -5.77E+00 + -7.13E-04j
------------------------------------------------------------
Delta: 0.90
Energy: -5.70E+00 + -3.25E-03j
------------------------------------------------------------
Delta: 0.88
Energy: -5.62E+00 + 1.12E-03j
------------------------------------------------------------
Delta: 0.85
Energy: -5.54E+00 + -2.13E-03j
------------------------------------------------------------
Delta: 0.82
Energy: -5.46E+00 + -3.46E-03j
------------------------------------------------------------
Delta: 0.80
Energy: -5.38E+00 + 1.15E-03j
------------------------------------------------------------
Delta: 0.77
Energy: -5.30E+00 + -1.72E-03j
------------------------------------------------------------
Delta: 0.75
Energy: -5.22E+00 + -6.73E-04j
------------------------------------------------------------
Delta: 0.72
Energy: -5.12E+00 + -3.57E-04j
------------------------------------------------------------
Delta: 0.70
Energy: -5.03E+00 + -1.59E-03j
------------------------------------------------------------
Delta: 0.65
Energy: -4.90E+00 + -4.21E-03j
------------------------------------------------------------
Delta: 0.60
Energy: -4.72E+00 + -7.76E-03j
------------------------------------------------------------
Delta: 0.55
Energy: -4.53E+00 + -2.51E-03j
------------------------------------------------------------
Delta: 0.50
Energy: -4.33E+00 + -8.72E-03j
------------------------------------------------------------
Delta: 0.45
Energy: -4.20E+00 + 7.21E-03j
------------------------------------------------------------
Delta: 0.40
Energy: -4.05E+00 + 3.85E-03j
------------------------------------------------------------
Delta: 0.35
Energy: -3.90E+00 + 9.30E-04j
------------------------------------------------------------
Delta: 0.30
Energy: -3.74E+00 + -1.93E-06j
------------------------------------------------------------
Delta: 0.25
Energy: -3.58E+00 + -5.10E-03j
------------------------------------------------------------
Delta: 0.20
Energy: -3.43E+00 + -1.35E-03j
------------------------------------------------------------
Delta: 0.15
Energy: -3.31E+00 + -6.61E-04j
------------------------------------------------------------
Delta: 0.10
Energy: -3.15E+00 + 1.78E-03j
------------------------------------------------------------
Delta: 0.05
Energy: -2.97E+00 + 2.42E-03j
------------------------------------------------------------
Delta: 0.00
Energy: -2.85E+00 + -1.73E-03j
------------------------------------------------------------
