/home/hanbury.p/feiguin/vmc/env/lib/python3.7/site-packages/numpy/core/numeric.py:538: ComplexWarning: Casting complex values to real discards the imaginary part
  return array(a, dtype, copy=False, order=order)
/home/hanbury.p/feiguin/vmc/env/lib/python3.7/site-packages/matplotlib/pyplot.py:514: RuntimeWarning: More than 20 figures have been opened. Figures created through the pyplot interface (`matplotlib.pyplot.figure`) are retained until explicitly closed and may consume too much memory. (To control this warning, see the rcParam `figure.max_open_warning`).
  max_open_warning, RuntimeWarning)
2019-04-17 15:15:03.261857
**********************************************************************

Thursday Afternoon 

Purpose: 8 Particle ground state calculation using adiabatic method 



UPDATES: deltas increment by 0.025 from 1 to 0.7 then 0.05 onwards

total monte carlo steps at 400 per delta

hoping to ensure that converges occurs at each delta 

9,000 MC steps 


Saved in /home/hanbury.p/feiguin/vmc/outputs/2019-04-17-15:15
------------------------------------------------------------
Total time = 14.372464591388889 hours
Final Summary: 
Delta: 0.97
Energy: -5.93E+00 + -2.06E-03j
------------------------------------------------------------
Delta: 0.95
Energy: -5.84E+00 + -5.06E-04j
------------------------------------------------------------
Delta: 0.92
Energy: -5.77E+00 + -9.20E-05j
------------------------------------------------------------
Delta: 0.90
Energy: -5.70E+00 + -1.41E-04j
------------------------------------------------------------
Delta: 0.88
Energy: -5.63E+00 + 8.25E-05j
------------------------------------------------------------
Delta: 0.85
Energy: -5.55E+00 + -1.06E-04j
------------------------------------------------------------
Delta: 0.82
Energy: -5.48E+00 + -1.44E-04j
------------------------------------------------------------
Delta: 0.80
Energy: -5.41E+00 + -7.59E-04j
------------------------------------------------------------
Delta: 0.77
Energy: -5.33E+00 + -2.66E-03j
------------------------------------------------------------
Delta: 0.75
Energy: -5.26E+00 + 1.94E-03j
------------------------------------------------------------
Delta: 0.72
Energy: -5.19E+00 + -2.53E-03j
------------------------------------------------------------
Delta: 0.70
Energy: -5.11E+00 + 1.69E-03j
------------------------------------------------------------
Delta: 0.65
Energy: -4.97E+00 + 3.06E-04j
------------------------------------------------------------
Delta: 0.60
Energy: -4.83E+00 + 3.56E-03j
------------------------------------------------------------
Delta: 0.55
Energy: -4.69E+00 + -3.72E-03j
------------------------------------------------------------
Delta: 0.50
Energy: -4.55E+00 + 3.30E-03j
------------------------------------------------------------
Delta: 0.45
Energy: -4.41E+00 + -5.71E-04j
------------------------------------------------------------
Delta: 0.40
Energy: -4.27E+00 + -1.68E-02j
------------------------------------------------------------
Delta: 0.35
Energy: -4.14E+00 + 6.54E-05j
------------------------------------------------------------
Delta: 0.30
Energy: -4.00E+00 + 2.83E-03j
------------------------------------------------------------
Delta: 0.25
Energy: -3.87E+00 + 5.55E-03j
------------------------------------------------------------
Delta: 0.20
Energy: -3.76E+00 + 5.13E-02j
------------------------------------------------------------
Delta: 0.15
Energy: -3.66E+00 + 2.89E-02j
------------------------------------------------------------
Delta: 0.10
Energy: -3.55E+00 + 2.36E-02j
------------------------------------------------------------
Delta: 0.05
Energy: -3.48E+00 + 3.45E-02j
------------------------------------------------------------
Delta: 0.00
Energy: -3.40E+00 + -2.49E-02j
------------------------------------------------------------
