/home/hanbury.p/feiguin/vmc/env/lib/python3.7/site-packages/numpy/core/numeric.py:538: ComplexWarning: Casting complex values to real discards the imaginary part
  return array(a, dtype, copy=False, order=order)
/home/hanbury.p/feiguin/vmc/env/lib/python3.7/site-packages/matplotlib/pyplot.py:514: RuntimeWarning: More than 20 figures have been opened. Figures created through the pyplot interface (`matplotlib.pyplot.figure`) are retained until explicitly closed and may consume too much memory. (To control this warning, see the rcParam `figure.max_open_warning`).
  max_open_warning, RuntimeWarning)
2019-04-14 15:49:06.989667
(100, 8) (100,)
(8, 100, 8)
(100, 8) (100,)
(8, 100, 8)
(100, 8) (100,)
(8, 100, 8)
(100, 8) (100,)
(8, 100, 8)
(100, 8) (100,)
(8, 100, 8)
(100, 8) (100,)
(8, 100, 8)
(100, 8) (100,)
(8, 100, 8)
(100, 8) (100,)
(8, 100, 8)
(100, 8) (100,)
(8, 100, 8)
(100, 8) (100,)
(8, 100, 8)
(100, 8) (100,)
(8, 100, 8)
(100, 8) (100,)
(8, 100, 8)
(100, 8) (100,)
(8, 100, 8)
(100, 8) (100,)
(8, 100, 8)
(100, 8) (100,)
(8, 100, 8)
(100, 8) (100,)
(8, 100, 8)
(100, 8) (100,)
(8, 100, 8)
(100, 8) (100,)
(8, 100, 8)
(100, 8) (100,)
(8, 100, 8)
(100, 8) (100,)
(8, 100, 8)
(100, 8) (100,)
(8, 100, 8)
(100, 8) (100,)
(8, 100, 8)
(100, 8) (100,)
(8, 100, 8)
(100, 8) (100,)
(8, 100, 8)
(100, 8) (100,)
(8, 100, 8)
(100, 8) (100,)
(8, 100, 8)
(100, 8) (100,)
(8, 100, 8)
(100, 8) (100,)
(8, 100, 8)
(100, 8) (100,)
(8, 100, 8)
(100, 8) (100,)
(8, 100, 8)
(100, 8) (100,)
(8, 100, 8)
(100, 8) (100,)
(8, 100, 8)
(100, 8) (100,)
(8, 100, 8)
(100, 8) (100,)
(8, 100, 8)
(100, 8) (100,)
(8, 100, 8)
(100, 8) (100,)
(8, 100, 8)
(100, 8) (100,)
(8, 100, 8)
(100, 8) (100,)
(8, 100, 8)
(100, 8) (100,)
(8, 100, 8)
(100, 8) (100,)
(8, 100, 8)
(100, 8) (100,)
(8, 100, 8)
(100, 8) (100,)
(8, 100, 8)
(100, 8) (100,)
(8, 100, 8)
(100, 8) (100,)
(8, 100, 8)
(100, 8) (100,)
(8, 100, 8)
(100, 8) (100,)
(8, 100, 8)
(100, 8) (100,)
(8, 100, 8)
(100, 8) (100,)
(8, 100, 8)
(100, 8) (100,)
(8, 100, 8)
(100, 8) (100,)
(8, 100, 8)
(100, 8) (100,)
(8, 100, 8)
(100, 8) (100,)
(8, 100, 8)
(100, 8) (100,)
(8, 100, 8)
(100, 8) (100,)
(8, 100, 8)
(100, 8) (100,)
(8, 100, 8)
(100, 8) (100,)
(8, 100, 8)
(100, 8) (100,)
(8, 100, 8)
(100, 8) (100,)
(8, 100, 8)
(100, 8) (100,)
(8, 100, 8)
(100, 8) (100,)
(8, 100, 8)
(100, 8) (100,)
(8, 100, 8)
(100, 8) (100,)
(8, 100, 8)
(100, 8) (100,)
(8, 100, 8)
(100, 8) (100,)
(8, 100, 8)
(100, 8) (100,)
(8, 100, 8)
(100, 8) (100,)
(8, 100, 8)
(100, 8) (100,)
(8, 100, 8)
(100, 8) (100,)
(8, 100, 8)
(100, 8) (100,)
(8, 100, 8)
(100, 8) (100,)
(8, 100, 8)
(100, 8) (100,)
(8, 100, 8)
(100, 8) (100,)
(8, 100, 8)
(100, 8) (100,)
(8, 100, 8)
(100, 8) (100,)
(8, 100, 8)
(100, 8) (100,)
(8, 100, 8)
(100, 8) (100,)
(8, 100, 8)
(100, 8) (100,)
(8, 100, 8)
(100, 8) (100,)
(8, 100, 8)
(100, 8) (100,)
(8, 100, 8)
(100, 8) (100,)
(8, 100, 8)
(100, 8) (100,)
(8, 100, 8)
(100, 8) (100,)
(8, 100, 8)
(100, 8) (100,)
(8, 100, 8)
(100, 8) (100,)
(8, 100, 8)
(100, 8) (100,)
(8, 100, 8)
(100, 8) (100,)
(8, 100, 8)
(100, 8) (100,)
(8, 100, 8)
(100, 8) (100,)
(8, 100, 8)
(100, 8) (100,)
(8, 100, 8)
(100, 8) (100,)
(8, 100, 8)
(100, 8) (100,)
(8, 100, 8)
(100, 8) (100,)
(8, 100, 8)
(100, 8) (100,)
(8, 100, 8)
(100, 8) (100,)
(8, 100, 8)
(100, 8) (100,)
(8, 100, 8)
(100, 8) (100,)
(8, 100, 8)
(100, 8) (100,)
(8, 100, 8)
(100, 8) (100,)
(8, 100, 8)
(100, 8) (100,)
(8, 100, 8)
(100, 8) (100,)
(8, 100, 8)
(100, 8) (100,)
(8, 100, 8)
(100, 8) (100,)
(8, 100, 8)
(100, 8) (100,)
(8, 100, 8)
(100, 8) (100,)
(8, 100, 8)
(100, 8) (100,)
(8, 100, 8)
(100, 8) (100,)
(8, 100, 8)
(100, 8) (100,)
(8, 100, 8)
(100, 8) (100,)
(8, 100, 8)
(100, 8) (100,)
(8, 100, 8)
(100, 8) (100,)
(8, 100, 8)
(100, 8) (100,)
(8, 100, 8)
(100, 8) (100,)
(8, 100, 8)
(100, 8) (100,)
(8, 100, 8)
(100, 8) (100,)
(8, 100, 8)
(100, 8) (100,)
(8, 100, 8)
(100, 8) (100,)
(8, 100, 8)
(100, 8) (100,)
(8, 100, 8)
(100, 8) (100,)
(8, 100, 8)
(100, 8) (100,)
(8, 100, 8)
(100, 8) (100,)
(8, 100, 8)
(100, 8) (100,)
(8, 100, 8)
(100, 8) (100,)
(8, 100, 8)
(100, 8) (100,)
(8, 100, 8)
(100, 8) (100,)
(8, 100, 8)
(100, 8) (100,)
(8, 100, 8)
(100, 8) (100,)
(8, 100, 8)
(100, 8) (100,)
(8, 100, 8)
(100, 8) (100,)
(8, 100, 8)
(100, 8) (100,)
(8, 100, 8)
(100, 8) (100,)
(8, 100, 8)
(100, 8) (100,)
(8, 100, 8)
(100, 8) (100,)
(8, 100, 8)
(100, 8) (100,)
(8, 100, 8)
(100, 8) (100,)
(8, 100, 8)
(100, 8) (100,)
(8, 100, 8)
(100, 8) (100,)
(8, 100, 8)
(100, 8) (100,)
(8, 100, 8)
(100, 8) (100,)
(8, 100, 8)
(100, 8) (100,)
(8, 100, 8)
(100, 8) (100,)
(8, 100, 8)
(100, 8) (100,)
(8, 100, 8)
(100, 8) (100,)
(8, 100, 8)
(100, 8) (100,)
(8, 100, 8)
(100, 8) (100,)
(8, 100, 8)
(100, 8) (100,)
(8, 100, 8)
(100, 8) (100,)
(8, 100, 8)
(100, 8) (100,)
(8, 100, 8)
(100, 8) (100,)
(8, 100, 8)
(100, 8) (100,)
(8, 100, 8)
(100, 8) (100,)
(8, 100, 8)
(100, 8) (100,)
(8, 100, 8)
(100, 8) (100,)
(8, 100, 8)
(100, 8) (100,)
(8, 100, 8)
(100, 8) (100,)
(8, 100, 8)
(100, 8) (100,)
(8, 100, 8)
(100, 8) (100,)
(8, 100, 8)
(100, 8) (100,)
(8, 100, 8)
(100, 8) (100,)
(8, 100, 8)
(100, 8) (100,)
(8, 100, 8)
(100, 8) (100,)
(8, 100, 8)
**********************************************************************

Purpose: 8 Particle ground state calculation using adiabatic method 



increased total monte carlo simulations per delta from 50 to 100 

hoping to ensure that converges occurs at each delta 

15,000 MC steps 

a and b parameters are not fixed 

intermediate parameter plots are outputted 



for plots: Green dot indicates start. Red dot indicates end 


------------------------------------------------------------
Total time = 7.885699635277778 hours
Final Summary: 
Delta: 0.95
Energy: -5.85E+00 + 1.20E-04j
------------------------------------------------------------
Delta: 0.90
Energy: -5.70E+00 + -6.03E-04j
------------------------------------------------------------
Delta: 0.85
Energy: -4.24E+00 + 7.61E-03j
------------------------------------------------------------
Delta: 0.80
Energy: -5.33E+00 + 1.49E-03j
------------------------------------------------------------
Delta: 0.75
Energy: -5.23E+00 + 1.35E-03j
------------------------------------------------------------
Delta: 0.70
Energy: -5.10E+00 + 2.55E-03j
------------------------------------------------------------
Delta: 0.65
Energy: -4.96E+00 + 3.01E-03j
------------------------------------------------------------
Delta: 0.60
Energy: -4.81E+00 + 3.71E-03j
------------------------------------------------------------
Delta: 0.55
Energy: -4.67E+00 + 1.15E-03j
------------------------------------------------------------
Delta: 0.50
Energy: -4.53E+00 + 1.62E-03j
------------------------------------------------------------
Delta: 0.45
Energy: -4.39E+00 + 1.29E-03j
------------------------------------------------------------
Delta: 0.40
Energy: -4.25E+00 + 5.21E-03j
------------------------------------------------------------
Delta: 0.35
Energy: -4.11E+00 + 3.32E-03j
------------------------------------------------------------
Delta: 0.30
Energy: -3.98E+00 + 5.40E-03j
------------------------------------------------------------
Delta: 0.25
Energy: -3.84E+00 + 1.28E-04j
------------------------------------------------------------
Delta: 0.20
Energy: -3.71E+00 + 7.03E-03j
------------------------------------------------------------
Delta: 0.15
Energy: -3.58E+00 + -1.11E-03j
------------------------------------------------------------
Delta: 0.10
Energy: -3.46E+00 + -3.64E-03j
------------------------------------------------------------
Delta: 0.05
Energy: -3.35E+00 + -1.47E-02j
------------------------------------------------------------
Delta: 0.00
Energy: -3.23E+00 + 2.98E-03j
------------------------------------------------------------
