running build_ext
skipping 'lib/qvmc/utils.c' Cython extension (up-to-date)
skipping 'lib/qvmc/state.c' Cython extension (up-to-date)
cythoning lib/qvmc/optimizer.pyx to lib/qvmc/optimizer.c
building 'lib.qvmc.optimizer' extension
gcc -pthread -Wno-unused-result -Wsign-compare -DNDEBUG -g -fwrapv -O3 -Wall -fPIC -I/home/hanbury.p/env/include -I/shared/centos7/python/3.7.1/include/python3.7m -c lib/qvmc/optimizer.c -o build/temp.linux-x86_64-3.7/lib/qvmc/optimizer.o
gcc -pthread -shared build/temp.linux-x86_64-3.7/lib/qvmc/optimizer.o -L/shared/centos7/python/3.7.1/lib -lpython3.7m -o /home/hanbury.p/feiguin/vmc/cython_version/lib/qvmc/optimizer.cpython-37m-x86_64-linux-gnu.so
skipping 'lib/qvmc/debug.c' Cython extension (up-to-date)
skipping 'lib/qvmc/hamiltonian.c' Cython extension (up-to-date)
/home/hanbury.p/env/lib/python3.7/site-packages/Cython/Compiler/Main.py:367: FutureWarning: Cython directive 'language_level' not set, using 2 for now (Py2). This will change in a later release! File: /home/hanbury.p/feiguin/vmc/cython_version/lib/qvmc/optimizer.pyx
  tree = Parsing.p_module(s, pxd, full_module_name)
/home/hanbury.p/env/lib/python3.7/site-packages/numpy/core/numeric.py:538: ComplexWarning: Casting complex values to real discards the imaginary part
  return array(a, dtype, copy=False, order=order)
/home/hanbury.p/env/lib/python3.7/site-packages/matplotlib/pyplot.py:514: RuntimeWarning: More than 20 figures have been opened. Figures created through the pyplot interface (`matplotlib.pyplot.figure`) are retained until explicitly closed and may consume too much memory. (To control this warning, see the rcParam `figure.max_open_warning`).
  max_open_warning, RuntimeWarning)
**********************************************************************
{'deltas': [0.975,
            0.95,
            0.9249999999999999,
            0.8999999999999999,
            0.875,
            0.85,
            0.825,
            0.7999999999999999,
            0.7749999999999999,
            0.75,
            0.725,
            0.7,
            0.6499999999999999,
            0.6,
            0.5499999999999999,
            0.49999999999999994,
            0.44999999999999996,
            0.3999999999999999,
            0.35,
            0.29999999999999993,
            0.25,
            0.19999999999999996,
            0.1499999999999999,
            0.09999999999999998,
            0.04999999999999993,
            0.0],
 'fixed_params': {'a': array([0, 0, 0, 0, 0, 0, 0, 0]),
                  'b': array([0, 0, 0, 0, 0, 0, 0, 0])},
 'learning_rate': 0.01,
 'notes': '\n'
          '              The purpose of this test is run the algorithm at a '
          'lower learning rate and with \n'
          '              the new simpler hamiltonian.\n'
          '              ',
 'num_monte_carlos_per_delta': 200,
 'num_particles': 8,
 'num_steps': 8000,
 'print_params': True,
 'save_dir': '/home/hanbury.p/feiguin/vmc/cython_version/outputs/2019-05-15-11:07'}
------------------------------------------------------------
Total time = 13.754312455277777 hours
Final Parameters:
{'a': array([0, 0, 0, 0, 0, 0, 0, 0]),
 'b': array([0, 0, 0, 0, 0, 0, 0, 0]),
 'w': array([[-0.29396942+1.24490582j, -0.06478681+1.60104793j,
         0.32426268-0.09326407j, -0.06116578-0.38149999j,
         0.12665789-0.0527609j , -0.18977092-0.33167596j,
        -0.89578756-0.00456491j,  1.02265893-0.46985718j],
       [-0.11794238-0.12087049j, -0.06583077+0.28273497j,
        -0.68368153+0.12846896j,  0.70630501-0.18165381j,
        -0.21987408-0.01125969j,  0.14445874+0.117077j  ,
         0.04653119-0.3462247j ,  0.22579746+0.16395155j],
       [ 1.1125775 -0.31157349j, -1.26587496-0.25176849j,
         0.00929218+1.27675876j,  0.20697404+1.51854109j,
         0.15456833-0.27912688j, -0.23640042-0.2231287j ,
        -0.00723053-0.06608739j, -0.00645317-0.11195801j],
       [ 0.41376613+0.08187787j, -0.20613691-0.07665515j,
        -0.29433592-0.00980163j,  0.0561606 +0.03773122j,
         0.34462972+0.05496067j, -0.12345074-0.01346038j,
        -0.31275281+0.03369841j,  0.15655185-0.13089942j],
       [ 0.0566275 -0.21323498j,  0.1415693 -0.19598182j,
        -0.97555595-0.22927823j,  0.86884743-0.18513389j,
        -0.05452366+1.40356869j,  0.0268997 +1.27778791j,
        -0.03717363-0.09369865j, -0.02062644-0.23654411j],
       [-0.21079598-0.25695507j, -0.20263726+0.20792038j,
         0.25257561-0.18240975j,  0.16012974+0.29137975j,
        -0.03962071+0.02924987j, -0.14290855-0.09377738j,
         0.84070023+0.10280464j, -0.67877094-0.08720631j],
       [-0.26361578-0.15788701j,  0.37879717-0.10260003j,
        -0.29471892-0.27536381j,  0.07775534-0.17533613j,
         1.10942727-0.18870505j, -0.89983173-0.21011256j,
         0.24885465+1.39672584j, -0.25989518+1.31881942j],
       [-0.20585217+0.10500726j, -0.02219427-0.05134041j,
        -0.29340295-0.03323484j,  0.50118567-0.01345751j,
        -0.05941951-0.0598856j , -0.0309714 +0.09686144j,
         0.0593801 -0.34186919j,  0.07376865+0.26907639j]])}



Optimal Parameters:
{'a': array([0, 0, 0, 0, 0, 0, 0, 0]),
 'b': array([0, 0, 0, 0, 0, 0, 0, 0]),
 'w': array([[-0.29396942+1.24490582j, -0.06478681+1.60104793j,
         0.32426268-0.09326407j, -0.06116578-0.38149999j,
         0.12665789-0.0527609j , -0.18977092-0.33167596j,
        -0.89578756-0.00456491j,  1.02265893-0.46985718j],
       [-0.11794238-0.12087049j, -0.06583077+0.28273497j,
        -0.68368153+0.12846896j,  0.70630501-0.18165381j,
        -0.21987408-0.01125969j,  0.14445874+0.117077j  ,
         0.04653119-0.3462247j ,  0.22579746+0.16395155j],
       [ 1.1125775 -0.31157349j, -1.26587496-0.25176849j,
         0.00929218+1.27675876j,  0.20697404+1.51854109j,
         0.15456833-0.27912688j, -0.23640042-0.2231287j ,
        -0.00723053-0.06608739j, -0.00645317-0.11195801j],
       [ 0.41376613+0.08187787j, -0.20613691-0.07665515j,
        -0.29433592-0.00980163j,  0.0561606 +0.03773122j,
         0.34462972+0.05496067j, -0.12345074-0.01346038j,
        -0.31275281+0.03369841j,  0.15655185-0.13089942j],
       [ 0.0566275 -0.21323498j,  0.1415693 -0.19598182j,
        -0.97555595-0.22927823j,  0.86884743-0.18513389j,
        -0.05452366+1.40356869j,  0.0268997 +1.27778791j,
        -0.03717363-0.09369865j, -0.02062644-0.23654411j],
       [-0.21079598-0.25695507j, -0.20263726+0.20792038j,
         0.25257561-0.18240975j,  0.16012974+0.29137975j,
        -0.03962071+0.02924987j, -0.14290855-0.09377738j,
         0.84070023+0.10280464j, -0.67877094-0.08720631j],
       [-0.26361578-0.15788701j,  0.37879717-0.10260003j,
        -0.29471892-0.27536381j,  0.07775534-0.17533613j,
         1.10942727-0.18870505j, -0.89983173-0.21011256j,
         0.24885465+1.39672584j, -0.25989518+1.31881942j],
       [-0.20585217+0.10500726j, -0.02219427-0.05134041j,
        -0.29340295-0.03323484j,  0.50118567-0.01345751j,
        -0.05941951-0.0598856j , -0.0309714 +0.09686144j,
         0.0593801 -0.34186919j,  0.07376865+0.26907639j]])}
------------------------------------------------------------
Final Summary: 
Delta: 0.97
Energy: -3.09E+00 + 3.90E-02j
------------------------------------------------------------
Delta: 0.95
Energy: -3.31E+00 + -2.57E-03j
------------------------------------------------------------
Delta: 0.92
Energy: -3.37E+00 + -2.59E-03j
------------------------------------------------------------
Delta: 0.90
Energy: -3.43E+00 + 3.68E-03j
------------------------------------------------------------
Delta: 0.88
Energy: -3.41E+00 + -3.97E-03j
------------------------------------------------------------
Delta: 0.85
Energy: -3.39E+00 + -9.54E-04j
------------------------------------------------------------
Delta: 0.82
Energy: -3.36E+00 + -1.11E-03j
------------------------------------------------------------
Delta: 0.80
Energy: -3.33E+00 + -9.51E-03j
------------------------------------------------------------
Delta: 0.77
Energy: -3.31E+00 + 4.45E-03j
------------------------------------------------------------
Delta: 0.75
Energy: -3.29E+00 + -1.17E-03j
------------------------------------------------------------
Delta: 0.72
Energy: -3.27E+00 + 9.37E-04j
------------------------------------------------------------
Delta: 0.70
Energy: -3.24E+00 + -8.74E-04j
------------------------------------------------------------
Delta: 0.65
Energy: -3.20E+00 + 1.79E-03j
------------------------------------------------------------
Delta: 0.60
Energy: -3.17E+00 + 7.06E-04j
------------------------------------------------------------
Delta: 0.55
Energy: -3.14E+00 + 1.68E-03j
------------------------------------------------------------
Delta: 0.50
Energy: -3.11E+00 + -5.08E-04j
------------------------------------------------------------
Delta: 0.45
Energy: -3.09E+00 + 5.82E-04j
------------------------------------------------------------
Delta: 0.40
Energy: -3.07E+00 + -1.60E-04j
------------------------------------------------------------
Delta: 0.35
Energy: -3.05E+00 + 3.46E-05j
------------------------------------------------------------
Delta: 0.30
Energy: -3.04E+00 + -2.65E-04j
------------------------------------------------------------
Delta: 0.25
Energy: -3.03E+00 + -4.45E-04j
------------------------------------------------------------
Delta: 0.20
Energy: -3.02E+00 + 2.02E-04j
------------------------------------------------------------
Delta: 0.15
Energy: -3.01E+00 + -5.64E-04j
------------------------------------------------------------
Delta: 0.10
Energy: -3.00E+00 + 1.26E-03j
------------------------------------------------------------
Delta: 0.05
Energy: -3.00E+00 + -1.33E-03j
------------------------------------------------------------
Delta: 0.00
Energy: -3.00E+00 + 1.20E-04j
------------------------------------------------------------
