running build_ext
skipping 'lib/qvmc/utils.c' Cython extension (up-to-date)
skipping 'lib/qvmc/state.c' Cython extension (up-to-date)
skipping 'lib/qvmc/optimizer.c' Cython extension (up-to-date)
skipping 'lib/qvmc/debug.c' Cython extension (up-to-date)
skipping 'lib/qvmc/hamiltonian.c' Cython extension (up-to-date)
/home/hanbury.p/env/lib/python3.7/site-packages/numpy/core/numeric.py:538: ComplexWarning: Casting complex values to real discards the imaginary part
  return array(a, dtype, copy=False, order=order)
/home/hanbury.p/env/lib/python3.7/site-packages/matplotlib/pyplot.py:514: RuntimeWarning: More than 20 figures have been opened. Figures created through the pyplot interface (`matplotlib.pyplot.figure`) are retained until explicitly closed and may consume too much memory. (To control this warning, see the rcParam `figure.max_open_warning`).
  max_open_warning, RuntimeWarning)
**********************************************************************
{'deltas': [0.975,
            0.95,
            0.9249999999999999,
            0.8999999999999999,
            0.875,
            0.85,
            0.825,
            0.7999999999999999,
            0.7749999999999999,
            0.75,
            0.725,
            0.7,
            0.6499999999999999,
            0.6,
            0.5499999999999999,
            0.49999999999999994,
            0.44999999999999996,
            0.3999999999999999,
            0.35,
            0.29999999999999993,
            0.25,
            0.19999999999999996,
            0.1499999999999999,
            0.09999999999999998,
            0.04999999999999993,
            0.0],
 'fixed_params': {'a': array([0, 0, 0, 0]), 'b': array([0, 0, 0, 0])},
 'notes': '\n'
          '              The purpose of this run is to test the 4 particle '
          'run\n'
          '              when the best parameters are taken each time (the '
          'last\n'
          '              one used the latest parameters)\n'
          '              ',
 'num_monte_carlos_per_delta': 100,
 'num_particles': 4,
 'num_steps': 5000,
 'print_params': True,
 'save_dir': '/home/hanbury.p/feiguin/vmc/cython_version/outputs/2019-05-01-00:02'}
------------------------------------------------------------
Total time = 1.794439766388889 hours
Final Parameters:
{'a': array([0, 0, 0, 0]),
 'b': array([0, 0, 0, 0]),
 'w': array([[ 0.33195658+1.19836482j, -0.36147673+1.16317069j,
         0.07795622-0.31042917j, -0.10042919-0.46671733j],
       [ 0.3653739 -0.10216434j, -0.39281912+0.0876845j ,
         0.05897482-0.07054386j, -0.08629485+0.05565022j],
       [-0.17253794-0.3223252j ,  0.17229365-0.43726557j,
        -0.21762958+1.03025529j,  0.21033256+1.34883679j],
       [ 0.00713312-0.17459159j, -0.00333309+0.12147193j,
         0.05687325-0.12226848j, -0.05291315+0.06932023j]])}



Optimal Parameters:
{'a': array([0, 0, 0, 0]),
 'b': array([0, 0, 0, 0]),
 'w': array([[ 0.33376331+1.19773776j, -0.36322943+1.1638075j ,
         0.07692721-0.30984244j, -0.09945423-0.46731382j],
       [ 0.36738956-0.10282881j, -0.39483452+0.08834586j,
         0.057728  -0.07018835j, -0.08504828+0.05529782j],
       [-0.1723067 -0.32099882j,  0.17200833-0.43860169j,
        -0.21858861+1.02893672j,  0.21134567+1.3501651j ],
       [ 0.00678771-0.17512957j, -0.00298629+0.12201087j,
         0.05727699-0.12231357j, -0.05331828+0.06936436j]])}
------------------------------------------------------------
Final Summary: 
Delta: 0.97
Energy: -2.96E+00 + -2.81E-04j
------------------------------------------------------------
Delta: 0.95
Energy: -2.93E+00 + -2.58E-04j
------------------------------------------------------------
Delta: 0.92
Energy: -2.89E+00 + -5.38E-04j
------------------------------------------------------------
Delta: 0.90
Energy: -2.85E+00 + -8.85E-04j
------------------------------------------------------------
Delta: 0.88
Energy: -2.81E+00 + 5.40E-03j
------------------------------------------------------------
Delta: 0.85
Energy: -2.78E+00 + 2.34E-03j
------------------------------------------------------------
Delta: 0.82
Energy: -2.74E+00 + 2.90E-03j
------------------------------------------------------------
Delta: 0.80
Energy: -2.70E+00 + 4.56E-03j
------------------------------------------------------------
Delta: 0.77
Energy: -2.02E+00 + 5.94E-07j
------------------------------------------------------------
Delta: 0.75
Energy: -2.59E+00 + -2.51E-03j
------------------------------------------------------------
Delta: 0.72
Energy: -2.60E+00 + -2.42E-03j
------------------------------------------------------------
Delta: 0.70
Energy: -2.57E+00 + -2.44E-03j
------------------------------------------------------------
Delta: 0.65
Energy: -2.51E+00 + -1.92E-03j
------------------------------------------------------------
Delta: 0.60
Energy: -2.44E+00 + 9.35E-04j
------------------------------------------------------------
Delta: 0.55
Energy: -2.38E+00 + 1.07E-03j
------------------------------------------------------------
Delta: 0.50
Energy: -2.32E+00 + 9.20E-04j
------------------------------------------------------------
Delta: 0.45
Energy: -2.27E+00 + 1.63E-03j
------------------------------------------------------------
Delta: 0.40
Energy: -2.22E+00 + 1.70E-03j
------------------------------------------------------------
Delta: 0.35
Energy: -2.17E+00 + 1.19E-03j
------------------------------------------------------------
Delta: 0.30
Energy: -2.13E+00 + 4.42E-04j
------------------------------------------------------------
Delta: 0.25
Energy: -2.09E+00 + 8.88E-04j
------------------------------------------------------------
Delta: 0.20
Energy: -2.06E+00 + -1.39E-03j
------------------------------------------------------------
Delta: 0.15
Energy: -2.03E+00 + 9.09E-04j
------------------------------------------------------------
Delta: 0.10
Energy: -2.01E+00 + 1.10E-03j
------------------------------------------------------------
Delta: 0.05
Energy: -2.00E+00 + 3.83E-04j
------------------------------------------------------------
Delta: 0.00
Energy: -1.99E+00 + 5.08E-04j
------------------------------------------------------------
