running build_ext
skipping 'lib/qvmc/utils.c' Cython extension (up-to-date)
skipping 'lib/qvmc/state.c' Cython extension (up-to-date)
skipping 'lib/qvmc/optimizer.c' Cython extension (up-to-date)
skipping 'lib/qvmc/debug.c' Cython extension (up-to-date)
skipping 'lib/qvmc/hamiltonian.c' Cython extension (up-to-date)
/home/hanbury.p/env/lib/python3.7/site-packages/numpy/core/numeric.py:538: ComplexWarning: Casting complex values to real discards the imaginary part
  return array(a, dtype, copy=False, order=order)
/home/hanbury.p/env/lib/python3.7/site-packages/matplotlib/pyplot.py:514: RuntimeWarning: More than 20 figures have been opened. Figures created through the pyplot interface (`matplotlib.pyplot.figure`) are retained until explicitly closed and may consume too much memory. (To control this warning, see the rcParam `figure.max_open_warning`).
  max_open_warning, RuntimeWarning)
Run Configurations:
{'deltas': [0.0, 0.1, 0.2, 0.3, 0.4, 0.5, 0.6, 0.7, 0.8, 0.9, 1.0],
 'fixed_params': ['a', 'b'],
 'initial_diamer_state': 'option_1',
 'learning_rate': 0.03,
 'name': 'LessDeltasMoreSteps',
 'noise_scale': 0.03,
 'notes': '\n'
          '              This run is to test the effect of decreasing the '
          'random noise\n'
          '              ',
 'num_monte_carlos_per_delta': 100,
 'num_particles': 8,
 'num_steps': 15000,
 'save_dir': '/home/hanbury.p/feiguin/vmc/dynamic_adiabatic/outputs/LessDeltasMoreSteps_2019-05-16-14:36'}
**************************************************


N=4
{'a': array([0, 0, 0, 0, 0, 0, 0, 0]), 'b': array([0, 0, 0, 0, 0, 0, 0, 0]), 'w': array([[-2.07886220e-01+0.35694826j,  1.85059294e-01+0.41436586j,
        -4.32955149e-01+0.33465461j,  4.05314805e-01+0.39786j   ,
         0.00000000e+00+0.j        ,  0.00000000e+00+0.j        ,
         0.00000000e+00+0.j        ,  0.00000000e+00+0.j        ],
       [-2.41488110e-02+0.00960658j,  2.94334412e-02-0.03587421j,
         8.98656961e-03-0.05782759j, -2.84881992e-04+0.03177585j,
         0.00000000e+00+0.j        ,  0.00000000e+00+0.j        ,
         0.00000000e+00+0.j        ,  0.00000000e+00+0.j        ],
       [-5.02115622e-02+0.43766611j,  6.41153067e-02+0.27678286j,
        -8.91388679e-02+0.49656728j,  1.07880910e-01+0.25682034j,
         0.00000000e+00+0.j        ,  0.00000000e+00+0.j        ,
         0.00000000e+00+0.j        ,  0.00000000e+00+0.j        ],
       [ 9.84442158e-02-0.04703225j, -9.38779704e-02-0.03212142j,
         1.97990195e-01-0.0055055j , -1.93254147e-01-0.06913929j,
         0.00000000e+00+0.j        ,  0.00000000e+00+0.j        ,
         0.00000000e+00+0.j        ,  0.00000000e+00+0.j        ],
       [ 0.00000000e+00+0.j        ,  0.00000000e+00+0.j        ,
         0.00000000e+00+0.j        ,  0.00000000e+00+0.j        ,
        -2.07886220e-01+0.35694826j,  1.85059294e-01+0.41436586j,
        -4.32955149e-01+0.33465461j,  4.05314805e-01+0.39786j   ],
       [ 0.00000000e+00+0.j        ,  0.00000000e+00+0.j        ,
         0.00000000e+00+0.j        ,  0.00000000e+00+0.j        ,
        -2.41488110e-02+0.00960658j,  2.94334412e-02-0.03587421j,
         8.98656961e-03-0.05782759j, -2.84881992e-04+0.03177585j],
       [ 0.00000000e+00+0.j        ,  0.00000000e+00+0.j        ,
         0.00000000e+00+0.j        ,  0.00000000e+00+0.j        ,
        -5.02115622e-02+0.43766611j,  6.41153067e-02+0.27678286j,
        -8.91388679e-02+0.49656728j,  1.07880910e-01+0.25682034j],
       [ 0.00000000e+00+0.j        ,  0.00000000e+00+0.j        ,
         0.00000000e+00+0.j        ,  0.00000000e+00+0.j        ,
         9.84442158e-02-0.04703225j, -9.38779704e-02-0.03212142j,
         1.97990195e-01-0.0055055j , -1.93254147e-01-0.06913929j]])}
**********************************************************************
Output for N=4 Hamiltonian
------------------------------------------------------------
Total time = 2.176248261388889 hours
Parameters:
{'a': array([0, 0, 0, 0]),
 'b': array([0, 0, 0, 0]),
 'w': array([[-2.07886220e-01+0.35694826j,  1.85059294e-01+0.41436586j,
        -4.32955149e-01+0.33465461j,  4.05314805e-01+0.39786j   ],
       [-2.41488110e-02+0.00960658j,  2.94334412e-02-0.03587421j,
         8.98656961e-03-0.05782759j, -2.84881992e-04+0.03177585j],
       [-5.02115622e-02+0.43766611j,  6.41153067e-02+0.27678286j,
        -8.91388679e-02+0.49656728j,  1.07880910e-01+0.25682034j],
       [ 9.84442158e-02-0.04703225j, -9.38779704e-02-0.03212142j,
         1.97990195e-01-0.0055055j , -1.93254147e-01-0.06913929j]])}
------------------------------------------------------------
Summary: 
Delta: 0.00
Energy: -1.50E+00 + -2.12E-03j
------------------------------------------------------------






Delta: 0.10
Energy: -1.55E+00 + -9.49E-05j
------------------------------------------------------------






Delta: 0.20
Energy: -1.61E+00 + 9.03E-04j
------------------------------------------------------------






Delta: 0.30
Energy: -1.69E+00 + 5.62E-04j
------------------------------------------------------------






Delta: 0.40
Energy: -1.74E+00 + 4.47E-04j
------------------------------------------------------------






Delta: 0.50
Energy: -1.78E+00 + -3.22E-04j
------------------------------------------------------------






Delta: 0.60
Energy: -1.82E+00 + -7.46E-05j
------------------------------------------------------------






Delta: 0.70
Energy: -1.86E+00 + -5.16E-05j
------------------------------------------------------------






Delta: 0.80
Energy: -1.90E+00 + -4.78E-05j
------------------------------------------------------------






Delta: 0.90
Energy: -1.95E+00 + -1.18E-05j
------------------------------------------------------------






Delta: 1.00
Energy: -2.00E+00 + -3.91E-05j
------------------------------------------------------------






N=8
{'a': array([0, 0, 0, 0, 0, 0, 0, 0, 0, 0, 0, 0, 0, 0, 0, 0]), 'b': array([0, 0, 0, 0, 0, 0, 0, 0, 0, 0, 0, 0, 0, 0, 0, 0]), 'w': array([[ 3.00310555e-01+0.11246321j,  3.64161927e-01+0.1327737j ,
        -8.66078054e-01+0.25248125j,  3.63778558e-01+0.27959959j,
         2.76347325e-04+0.18585033j,  1.35705824e-02+0.14535187j,
        -6.49432514e-02+0.19017245j, -1.61543935e-01+0.20513634j,
         0.00000000e+00+0.j        ,  0.00000000e+00+0.j        ,
         0.00000000e+00+0.j        ,  0.00000000e+00+0.j        ,
         0.00000000e+00+0.j        ,  0.00000000e+00+0.j        ,
         0.00000000e+00+0.j        ,  0.00000000e+00+0.j        ],
       [-1.12307209e-01+0.26241906j,  4.98284110e-01+0.09904691j,
        -1.12136485e-01-0.24178679j, -2.22952537e-01-0.14426143j,
        -7.55907339e-03+0.1587261j ,  1.72379265e-01+0.13517407j,
        -6.47001511e-02-0.10435513j, -1.37021602e-01-0.21728216j,
         0.00000000e+00+0.j        ,  0.00000000e+00+0.j        ,
         0.00000000e+00+0.j        ,  0.00000000e+00+0.j        ,
         0.00000000e+00+0.j        ,  0.00000000e+00+0.j        ,
         0.00000000e+00+0.j        ,  0.00000000e+00+0.j        ],
       [-3.46686091e-01-0.0119461j ,  5.47989135e-01-0.03480998j,
        -1.91783464e-01+0.41216554j, -2.09074554e-01+0.33659842j,
         2.01437547e-01-0.013702j  , -1.38618464e-01+0.03783578j,
         1.01001182e-01+0.31812218j,  6.83804968e-02+0.42357276j,
         0.00000000e+00+0.j        ,  0.00000000e+00+0.j        ,
         0.00000000e+00+0.j        ,  0.00000000e+00+0.j        ,
         0.00000000e+00+0.j        ,  0.00000000e+00+0.j        ,
         0.00000000e+00+0.j        ,  0.00000000e+00+0.j        ],
       [ 2.89542913e-01-0.00781348j, -1.33837371e-01-0.02295195j,
         1.79880643e-01-0.00948615j, -3.34070054e-01-0.05537883j,
         3.56581925e-01+0.00280773j, -1.35671687e-01-0.00773633j,
        -5.85070591e-03-0.04399551j, -2.07273370e-01-0.00924394j,
         0.00000000e+00+0.j        ,  0.00000000e+00+0.j        ,
         0.00000000e+00+0.j        ,  0.00000000e+00+0.j        ,
         0.00000000e+00+0.j        ,  0.00000000e+00+0.j        ,
         0.00000000e+00+0.j        ,  0.00000000e+00+0.j        ],
       [ 4.57171636e-03+0.18348462j,  1.53853911e-02+0.14521445j,
        -6.48553237e-02+0.19416282j, -1.60660345e-01+0.20579573j,
         2.98808447e-01+0.11127467j,  3.62715416e-01+0.13012806j,
        -8.65876551e-01+0.25648242j,  3.59443979e-01+0.27728597j,
         0.00000000e+00+0.j        ,  0.00000000e+00+0.j        ,
         0.00000000e+00+0.j        ,  0.00000000e+00+0.j        ,
         0.00000000e+00+0.j        ,  0.00000000e+00+0.j        ,
         0.00000000e+00+0.j        ,  0.00000000e+00+0.j        ],
       [ 3.81556904e-04+0.15785488j,  1.72287629e-01+0.13176014j,
        -6.77342633e-02-0.0986302j , -1.43644456e-01-0.21264759j,
        -1.07688749e-01+0.25714082j,  5.00815427e-01+0.09748391j,
        -1.15321601e-01-0.24285384j, -2.25109227e-01-0.1424275j ,
         0.00000000e+00+0.j        ,  0.00000000e+00+0.j        ,
         0.00000000e+00+0.j        ,  0.00000000e+00+0.j        ,
         0.00000000e+00+0.j        ,  0.00000000e+00+0.j        ,
         0.00000000e+00+0.j        ,  0.00000000e+00+0.j        ],
       [ 1.95882770e-01-0.01316332j, -1.35655803e-01+0.03953727j,
         1.04408258e-01+0.31554869j,  7.47599470e-02+0.42198581j,
        -3.53411628e-01-0.01138383j,  5.45741234e-01-0.03383404j,
        -1.90696535e-01+0.41211164j, -2.08382456e-01+0.33703437j,
         0.00000000e+00+0.j        ,  0.00000000e+00+0.j        ,
         0.00000000e+00+0.j        ,  0.00000000e+00+0.j        ,
         0.00000000e+00+0.j        ,  0.00000000e+00+0.j        ,
         0.00000000e+00+0.j        ,  0.00000000e+00+0.j        ],
       [ 3.52780471e-01+0.00304884j, -1.28755031e-01-0.00685634j,
        -5.35418069e-03-0.04444742j, -2.10250235e-01-0.0071426j ,
         2.86453287e-01-0.00728243j, -1.25128777e-01-0.02250545j,
         1.79759097e-01-0.01201985j, -3.40202338e-01-0.05659321j,
         0.00000000e+00+0.j        ,  0.00000000e+00+0.j        ,
         0.00000000e+00+0.j        ,  0.00000000e+00+0.j        ,
         0.00000000e+00+0.j        ,  0.00000000e+00+0.j        ,
         0.00000000e+00+0.j        ,  0.00000000e+00+0.j        ],
       [ 0.00000000e+00+0.j        ,  0.00000000e+00+0.j        ,
         0.00000000e+00+0.j        ,  0.00000000e+00+0.j        ,
         0.00000000e+00+0.j        ,  0.00000000e+00+0.j        ,
         0.00000000e+00+0.j        ,  0.00000000e+00+0.j        ,
         3.00310555e-01+0.11246321j,  3.64161927e-01+0.1327737j ,
        -8.66078054e-01+0.25248125j,  3.63778558e-01+0.27959959j,
         2.76347325e-04+0.18585033j,  1.35705824e-02+0.14535187j,
        -6.49432514e-02+0.19017245j, -1.61543935e-01+0.20513634j],
       [ 0.00000000e+00+0.j        ,  0.00000000e+00+0.j        ,
         0.00000000e+00+0.j        ,  0.00000000e+00+0.j        ,
         0.00000000e+00+0.j        ,  0.00000000e+00+0.j        ,
         0.00000000e+00+0.j        ,  0.00000000e+00+0.j        ,
        -1.12307209e-01+0.26241906j,  4.98284110e-01+0.09904691j,
        -1.12136485e-01-0.24178679j, -2.22952537e-01-0.14426143j,
        -7.55907339e-03+0.1587261j ,  1.72379265e-01+0.13517407j,
        -6.47001511e-02-0.10435513j, -1.37021602e-01-0.21728216j],
       [ 0.00000000e+00+0.j        ,  0.00000000e+00+0.j        ,
         0.00000000e+00+0.j        ,  0.00000000e+00+0.j        ,
         0.00000000e+00+0.j        ,  0.00000000e+00+0.j        ,
         0.00000000e+00+0.j        ,  0.00000000e+00+0.j        ,
        -3.46686091e-01-0.0119461j ,  5.47989135e-01-0.03480998j,
        -1.91783464e-01+0.41216554j, -2.09074554e-01+0.33659842j,
         2.01437547e-01-0.013702j  , -1.38618464e-01+0.03783578j,
         1.01001182e-01+0.31812218j,  6.83804968e-02+0.42357276j],
       [ 0.00000000e+00+0.j        ,  0.00000000e+00+0.j        ,
         0.00000000e+00+0.j        ,  0.00000000e+00+0.j        ,
         0.00000000e+00+0.j        ,  0.00000000e+00+0.j        ,
         0.00000000e+00+0.j        ,  0.00000000e+00+0.j        ,
         2.89542913e-01-0.00781348j, -1.33837371e-01-0.02295195j,
         1.79880643e-01-0.00948615j, -3.34070054e-01-0.05537883j,
         3.56581925e-01+0.00280773j, -1.35671687e-01-0.00773633j,
        -5.85070591e-03-0.04399551j, -2.07273370e-01-0.00924394j],
       [ 0.00000000e+00+0.j        ,  0.00000000e+00+0.j        ,
         0.00000000e+00+0.j        ,  0.00000000e+00+0.j        ,
         0.00000000e+00+0.j        ,  0.00000000e+00+0.j        ,
         0.00000000e+00+0.j        ,  0.00000000e+00+0.j        ,
         4.57171636e-03+0.18348462j,  1.53853911e-02+0.14521445j,
        -6.48553237e-02+0.19416282j, -1.60660345e-01+0.20579573j,
         2.98808447e-01+0.11127467j,  3.62715416e-01+0.13012806j,
        -8.65876551e-01+0.25648242j,  3.59443979e-01+0.27728597j],
       [ 0.00000000e+00+0.j        ,  0.00000000e+00+0.j        ,
         0.00000000e+00+0.j        ,  0.00000000e+00+0.j        ,
         0.00000000e+00+0.j        ,  0.00000000e+00+0.j        ,
         0.00000000e+00+0.j        ,  0.00000000e+00+0.j        ,
         3.81556904e-04+0.15785488j,  1.72287629e-01+0.13176014j,
        -6.77342633e-02-0.0986302j , -1.43644456e-01-0.21264759j,
        -1.07688749e-01+0.25714082j,  5.00815427e-01+0.09748391j,
        -1.15321601e-01-0.24285384j, -2.25109227e-01-0.1424275j ],
       [ 0.00000000e+00+0.j        ,  0.00000000e+00+0.j        ,
         0.00000000e+00+0.j        ,  0.00000000e+00+0.j        ,
         0.00000000e+00+0.j        ,  0.00000000e+00+0.j        ,
         0.00000000e+00+0.j        ,  0.00000000e+00+0.j        ,
         1.95882770e-01-0.01316332j, -1.35655803e-01+0.03953727j,
         1.04408258e-01+0.31554869j,  7.47599470e-02+0.42198581j,
        -3.53411628e-01-0.01138383j,  5.45741234e-01-0.03383404j,
        -1.90696535e-01+0.41211164j, -2.08382456e-01+0.33703437j],
       [ 0.00000000e+00+0.j        ,  0.00000000e+00+0.j        ,
         0.00000000e+00+0.j        ,  0.00000000e+00+0.j        ,
         0.00000000e+00+0.j        ,  0.00000000e+00+0.j        ,
         0.00000000e+00+0.j        ,  0.00000000e+00+0.j        ,
         3.52780471e-01+0.00304884j, -1.28755031e-01-0.00685634j,
        -5.35418069e-03-0.04444742j, -2.10250235e-01-0.0071426j ,
         2.86453287e-01-0.00728243j, -1.25128777e-01-0.02250545j,
         1.79759097e-01-0.01201985j, -3.40202338e-01-0.05659321j]])}
**********************************************************************
Output for N=8 Hamiltonian
------------------------------------------------------------
Total time = 5.969212412777778 hours
Parameters:
{'a': array([0, 0, 0, 0, 0, 0, 0, 0]),
 'b': array([0, 0, 0, 0, 0, 0, 0, 0]),
 'w': array([[ 3.00310555e-01+0.11246321j,  3.64161927e-01+0.1327737j ,
        -8.66078054e-01+0.25248125j,  3.63778558e-01+0.27959959j,
         2.76347325e-04+0.18585033j,  1.35705824e-02+0.14535187j,
        -6.49432514e-02+0.19017245j, -1.61543935e-01+0.20513634j],
       [-1.12307209e-01+0.26241906j,  4.98284110e-01+0.09904691j,
        -1.12136485e-01-0.24178679j, -2.22952537e-01-0.14426143j,
        -7.55907339e-03+0.1587261j ,  1.72379265e-01+0.13517407j,
        -6.47001511e-02-0.10435513j, -1.37021602e-01-0.21728216j],
       [-3.46686091e-01-0.0119461j ,  5.47989135e-01-0.03480998j,
        -1.91783464e-01+0.41216554j, -2.09074554e-01+0.33659842j,
         2.01437547e-01-0.013702j  , -1.38618464e-01+0.03783578j,
         1.01001182e-01+0.31812218j,  6.83804968e-02+0.42357276j],
       [ 2.89542913e-01-0.00781348j, -1.33837371e-01-0.02295195j,
         1.79880643e-01-0.00948615j, -3.34070054e-01-0.05537883j,
         3.56581925e-01+0.00280773j, -1.35671687e-01-0.00773633j,
        -5.85070591e-03-0.04399551j, -2.07273370e-01-0.00924394j],
       [ 4.57171636e-03+0.18348462j,  1.53853911e-02+0.14521445j,
        -6.48553237e-02+0.19416282j, -1.60660345e-01+0.20579573j,
         2.98808447e-01+0.11127467j,  3.62715416e-01+0.13012806j,
        -8.65876551e-01+0.25648242j,  3.59443979e-01+0.27728597j],
       [ 3.81556904e-04+0.15785488j,  1.72287629e-01+0.13176014j,
        -6.77342633e-02-0.0986302j , -1.43644456e-01-0.21264759j,
        -1.07688749e-01+0.25714082j,  5.00815427e-01+0.09748391j,
        -1.15321601e-01-0.24285384j, -2.25109227e-01-0.1424275j ],
       [ 1.95882770e-01-0.01316332j, -1.35655803e-01+0.03953727j,
         1.04408258e-01+0.31554869j,  7.47599470e-02+0.42198581j,
        -3.53411628e-01-0.01138383j,  5.45741234e-01-0.03383404j,
        -1.90696535e-01+0.41211164j, -2.08382456e-01+0.33703437j],
       [ 3.52780471e-01+0.00304884j, -1.28755031e-01-0.00685634j,
        -5.35418069e-03-0.04444742j, -2.10250235e-01-0.0071426j ,
         2.86453287e-01-0.00728243j, -1.25128777e-01-0.02250545j,
         1.79759097e-01-0.01201985j, -3.40202338e-01-0.05659321j]])}
------------------------------------------------------------
Summary: 
Delta: 0.00
Energy: -2.86E+00 + 2.71E-05j
------------------------------------------------------------






Delta: 0.10
Energy: -3.05E+00 + -2.16E-03j
------------------------------------------------------------






Delta: 0.20
Energy: -3.16E+00 + -2.92E-03j
------------------------------------------------------------






Delta: 0.30
Energy: -3.19E+00 + 8.79E-04j
------------------------------------------------------------






Delta: 0.40
Energy: -3.22E+00 + -1.07E-04j
------------------------------------------------------------






Delta: 0.50
Energy: -3.26E+00 + -1.31E-03j
------------------------------------------------------------






Delta: 0.60
Energy: -3.31E+00 + -7.39E-04j
------------------------------------------------------------






Delta: 0.70
Energy: -3.36E+00 + -5.85E-04j
------------------------------------------------------------






Delta: 0.80
Energy: -3.42E+00 + 4.64E-04j
------------------------------------------------------------






Delta: 0.90
Energy: -3.47E+00 + 9.90E-04j
------------------------------------------------------------






Delta: 1.00
Energy: -3.51E+00 + -3.73E-03j
------------------------------------------------------------






Total time: -8.145463864166667
