/home/hanbury.p/feiguin/vmc/env/lib/python3.7/site-packages/numpy/core/numeric.py:538: ComplexWarning: Casting complex values to real discards the imaginary part
  return array(a, dtype, copy=False, order=order)
/home/hanbury.p/feiguin/vmc/env/lib/python3.7/site-packages/matplotlib/pyplot.py:514: RuntimeWarning: More than 20 figures have been opened. Figures created through the pyplot interface (`matplotlib.pyplot.figure`) are retained until explicitly closed and may consume too much memory. (To control this warning, see the rcParam `figure.max_open_warning`).
  max_open_warning, RuntimeWarning)
2019-04-20 15:18:28.787522
**********************************************************************

Thursday morning 

Purpose: 8 Particle ground state calculation using adiabatic method 



deltas increment by 0.025 from 1 to 0.7 then 0.05 onwards

UPDATE: Fixed bug where output parameters were always the last parameters
UPDATE: total monte carlo simulations at 50 per delta

hoping to ensure that converges occurs at each delta 

7,500 MC steps 


Saved in /home/hanbury.p/feiguin/vmc/outputs/2019-04-20-15:18
------------------------------------------------------------
Total time = 3.2248076372222223 hours
Final Summary: 
Delta: 0.97
Energy: -5.93E+00 + 1.31E-04j
------------------------------------------------------------
Delta: 0.95
Energy: -5.85E+00 + 8.65E-04j
------------------------------------------------------------
Delta: 0.92
Energy: -5.78E+00 + -7.51E-05j
------------------------------------------------------------
Delta: 0.90
Energy: -5.70E+00 + -3.34E-04j
------------------------------------------------------------
Delta: 0.88
Energy: -5.63E+00 + 2.20E-04j
------------------------------------------------------------
Delta: 0.85
Energy: -5.56E+00 + 2.66E-03j
------------------------------------------------------------
Delta: 0.82
Energy: -5.48E+00 + -8.41E-04j
------------------------------------------------------------
Delta: 0.80
Energy: -5.41E+00 + -4.57E-04j
------------------------------------------------------------
Delta: 0.77
Energy: -5.33E+00 + -1.05E-03j
------------------------------------------------------------
Delta: 0.75
Energy: -5.25E+00 + -3.54E-03j
------------------------------------------------------------
Delta: 0.72
Energy: -5.17E+00 + -1.43E-03j
------------------------------------------------------------
Delta: 0.70
Energy: -5.10E+00 + 2.48E-03j
------------------------------------------------------------
Delta: 0.65
Energy: -4.94E+00 + -3.64E-03j
------------------------------------------------------------
Delta: 0.60
Energy: -4.79E+00 + -3.09E-03j
------------------------------------------------------------
Delta: 0.55
Energy: -4.63E+00 + -2.03E-03j
------------------------------------------------------------
Delta: 0.50
Energy: -4.48E+00 + -3.85E-03j
------------------------------------------------------------
Delta: 0.45
Energy: -4.33E+00 + -3.02E-03j
------------------------------------------------------------
Delta: 0.40
Energy: -4.19E+00 + 4.24E-03j
------------------------------------------------------------
Delta: 0.35
Energy: -4.04E+00 + -9.10E-03j
------------------------------------------------------------
Delta: 0.30
Energy: -3.89E+00 + -9.58E-03j
------------------------------------------------------------
Delta: 0.25
Energy: -3.73E+00 + 1.39E-02j
------------------------------------------------------------
Delta: 0.20
Energy: -3.59E+00 + -1.64E-03j
------------------------------------------------------------
Delta: 0.15
Energy: -3.44E+00 + 1.39E-03j
------------------------------------------------------------
Delta: 0.10
Energy: -3.24E+00 + -7.75E-03j
------------------------------------------------------------
Delta: 0.05
Energy: -3.07E+00 + -1.73E-03j
------------------------------------------------------------
Delta: 0.00
Energy: -2.91E+00 + 7.17E-03j
------------------------------------------------------------
