/home/hanbury.p/env/lib/python3.7/site-packages/numpy/core/numeric.py:538: ComplexWarning: Casting complex values to real discards the imaginary part
  return array(a, dtype, copy=False, order=order)
2019-04-24 15:27:21.639627
{'a': array([0, 0, 0, 0, 0, 0, 0, 0]), 'b': array([0, 0, 0, 0, 0, 0, 0, 0]), 'w': array([[ 0.27797602+0.74500683j, -0.30842194+0.36827797j,
         0.40482618-0.11141765j, -0.37826178+0.20626778j,
        -0.23599709+0.16910035j,  0.17297089-0.05505902j,
         0.14258947-0.30283152j, -0.05514333+0.49651024j],
       [-0.05352003-0.00281443j,  0.02493133-0.01041083j,
        -0.01339601-0.05769515j, -0.00118699+0.04526498j,
         0.00271917+0.0186231j , -0.02344087-0.05861408j,
        -0.05442833-0.07238475j,  0.02544125+0.03800477j],
       [ 0.39384264-0.06539259j, -0.36512581-0.01632542j,
         0.28104681+0.7395248j , -0.31095871+0.66502256j,
        -0.18987769-0.32126539j,  0.09168098+0.4419175j ,
         0.13928403+0.477012j  , -0.06514444-0.3669517j ],
       [ 0.0375526 -0.03381473j, -0.05341285+0.02706898j,
         0.04599296+0.06326813j, -0.06023603-0.04983092j,
        -0.02371024-0.0267399j , -0.012182  +0.02581074j,
         0.06711144+0.01596667j, -0.09147799-0.0040846j ],
       [-0.15527214+0.36126657j,  0.12449379-0.46626948j,
         0.0124935 -0.21058293j,  0.00129967+0.13573108j,
         0.43602344+0.81265326j, -0.47117859+0.95885708j,
         0.27021714-0.03667988j, -0.19910273-0.0256308j ],
       [ 0.02555871+0.02548733j, -0.02245527-0.04584508j,
        -0.01635705-0.03159456j,  0.01296345+0.00400103j,
        -0.00483834-0.00151576j, -0.00080372-0.03361217j,
        -0.10384512-0.00400132j,  0.10808056-0.02458917j],
       [-0.23999401-0.15879525j,  0.30901057+0.3096216j ,
        -0.47395596+0.23101012j,  0.39732865-0.14033878j,
         0.16979628-0.07172227j, -0.15847447+0.35466221j,
        -0.01628177+0.55148792j,  0.01439071+0.4308231j ],
       [ 0.04998283-0.08565084j, -0.06713896+0.06133952j,
         0.05745795-0.05477067j, -0.061561  +0.03550956j,
        -0.08287911-0.12539981j,  0.06390179+0.13092008j,
         0.09414517-0.13713409j, -0.08311162+0.13028625j]])}
**********************************************************************

Run for delta = 0.99
num_steps = 5000
num loops = 400


Saved in /home/hanbury.p/feiguin/vmc/outputs/2019-04-24-15:27
------------------------------------------------------------
Total time = 0.5513060702777778 hours
Final Summary: 
Delta: 0.99
Energy: -5.99E+00 + -4.54E-03j
------------------------------------------------------------
