running build_ext
skipping 'lib/qvmc/utils.c' Cython extension (up-to-date)
skipping 'lib/qvmc/state.c' Cython extension (up-to-date)
skipping 'lib/qvmc/optimizer.c' Cython extension (up-to-date)
skipping 'lib/qvmc/debug.c' Cython extension (up-to-date)
skipping 'lib/qvmc/hamiltonian.c' Cython extension (up-to-date)
/home/hanbury.p/env/lib/python3.7/site-packages/numpy/core/numeric.py:538: ComplexWarning: Casting complex values to real discards the imaginary part
  return array(a, dtype, copy=False, order=order)
/home/hanbury.p/env/lib/python3.7/site-packages/matplotlib/pyplot.py:514: RuntimeWarning: More than 20 figures have been opened. Figures created through the pyplot interface (`matplotlib.pyplot.figure`) are retained until explicitly closed and may consume too much memory. (To control this warning, see the rcParam `figure.max_open_warning`).
  max_open_warning, RuntimeWarning)
**********************************************************************
{'deltas': [0.0,
            0.05,
            0.1,
            0.15,
            0.2,
            0.25,
            0.3,
            0.35,
            0.4,
            0.45,
            0.5,
            0.55,
            0.6,
            0.65,
            0.7,
            0.75,
            0.8,
            0.85,
            0.9,
            0.95,
            1.0],
 'fixed_params': {'a': array([0, 0, 0, 0, 0, 0, 0, 0]),
                  'b': array([0, 0, 0, 0, 0, 0, 0, 0])},
 'learning_rate': 0.01,
 'name': 'CythonFixedConjugate',
 'notes': '\n'
          '              This is the first iteration of Cython with \n'
          '              the derivatives fixed by the conjugate\n'
          '              ',
 'num_monte_carlos_per_delta': 200,
 'num_particles': 8,
 'num_steps': 10000,
 'print_params': True,
 'save_dir': '/home/hanbury.p/feiguin/vmc/cython_version/outputs/CythonFixedConjugate/2019-05-17-16:19'}
------------------------------------------------------------
Total time = 8.139251688055555 hours
Final Parameters:
{'a': array([0, 0, 0, 0, 0, 0, 0, 0]),
 'b': array([0, 0, 0, 0, 0, 0, 0, 0]),
 'w': array([[-0.07128295+9.99498714e-01j,  0.00714561+1.02450853e+00j,
         0.03815914-2.24531198e-01j,  0.07390096-1.67330055e-02j,
        -0.13567856-1.43893774e-02j,  0.07811815+2.77785369e-02j,
        -0.00260373+2.81744324e-02j, -0.01843578-2.18637038e-01j],
       [-0.13666037+9.51779234e-02j,  0.08831972-5.08701924e-02j,
        -0.10527712-8.74414705e-02j,  0.04843063+3.95208169e-02j,
        -0.03872178+4.56017050e-02j,  0.13099623-1.02008397e-01j,
        -0.04896164-7.69098635e-02j,  0.1165298 +1.33064864e-01j],
       [ 0.03801961+2.12199635e-02j, -0.04903207-2.07462713e-01j,
        -0.02285481+9.73615354e-01j,  0.15414844+9.48210231e-01j,
        -0.20872454-1.95379062e-01j, -0.00387131-6.78385713e-02j,
         0.02206849-1.30653694e-02j,  0.05490956+2.99169431e-02j],
       [-0.10069173-8.19387517e-02j,  0.11084614+4.97167705e-02j,
        -0.10366133+8.07341906e-02j,  0.09531301-5.19154765e-02j,
        -0.111352  +3.14970284e-04j,  0.06724282+5.76663470e-02j,
        -0.07358751+5.77134228e-02j,  0.0970856 -6.03929950e-02j],
       [-0.06146309-5.98491733e-03j, -0.04772209-3.05655236e-03j,
         0.06803031+6.50172517e-02j,  0.12953942-2.38264135e-01j,
        -0.07499462+9.70965441e-01j,  0.01286193+1.03359374e+00j,
         0.02094533-2.34567611e-01j, -0.04234448-2.11822132e-02j],
       [ 0.00315524+1.67174126e-01j, -0.04980808-9.57816220e-02j,
         0.03489894-1.37671495e-01j, -0.00891832+7.52477326e-02j,
         0.01106553+3.11560300e-02j,  0.00632524-1.19352959e-01j,
         0.00762292-1.16689563e-01j, -0.04325421+1.51640897e-01j],
       [ 0.02650557-1.93833392e-01j,  0.02639604+9.32985885e-03j,
         0.04267748+4.42669013e-02j,  0.07898335-4.01395671e-02j,
        -0.16831961+3.52938177e-03j,  0.05448393-2.73925529e-01j,
        -0.02686986+9.22409636e-01j,  0.01591287+1.08160939e+00j],
       [-0.00808627-7.95572280e-02j,  0.05788331+3.02055901e-02j,
        -0.02845554+6.39640716e-02j,  0.07171223-1.30080823e-02j,
        -0.03917227-3.64815193e-03j,  0.0403942 +2.88623116e-02j,
        -0.02445403+3.86468398e-02j,  0.02696865-5.49065197e-02j]])}



Optimal Parameters:
{'a': array([0, 0, 0, 0, 0, 0, 0, 0]),
 'b': array([0, 0, 0, 0, 0, 0, 0, 0]),
 'w': array([[-0.07128295+9.99498714e-01j,  0.00714561+1.02450853e+00j,
         0.03815914-2.24531198e-01j,  0.07390096-1.67330055e-02j,
        -0.13567856-1.43893774e-02j,  0.07811815+2.77785369e-02j,
        -0.00260373+2.81744324e-02j, -0.01843578-2.18637038e-01j],
       [-0.13666037+9.51779234e-02j,  0.08831972-5.08701924e-02j,
        -0.10527712-8.74414705e-02j,  0.04843063+3.95208169e-02j,
        -0.03872178+4.56017050e-02j,  0.13099623-1.02008397e-01j,
        -0.04896164-7.69098635e-02j,  0.1165298 +1.33064864e-01j],
       [ 0.03801961+2.12199635e-02j, -0.04903207-2.07462713e-01j,
        -0.02285481+9.73615354e-01j,  0.15414844+9.48210231e-01j,
        -0.20872454-1.95379062e-01j, -0.00387131-6.78385713e-02j,
         0.02206849-1.30653694e-02j,  0.05490956+2.99169431e-02j],
       [-0.10069173-8.19387517e-02j,  0.11084614+4.97167705e-02j,
        -0.10366133+8.07341906e-02j,  0.09531301-5.19154765e-02j,
        -0.111352  +3.14970284e-04j,  0.06724282+5.76663470e-02j,
        -0.07358751+5.77134228e-02j,  0.0970856 -6.03929950e-02j],
       [-0.06146309-5.98491733e-03j, -0.04772209-3.05655236e-03j,
         0.06803031+6.50172517e-02j,  0.12953942-2.38264135e-01j,
        -0.07499462+9.70965441e-01j,  0.01286193+1.03359374e+00j,
         0.02094533-2.34567611e-01j, -0.04234448-2.11822132e-02j],
       [ 0.00315524+1.67174126e-01j, -0.04980808-9.57816220e-02j,
         0.03489894-1.37671495e-01j, -0.00891832+7.52477326e-02j,
         0.01106553+3.11560300e-02j,  0.00632524-1.19352959e-01j,
         0.00762292-1.16689563e-01j, -0.04325421+1.51640897e-01j],
       [ 0.02650557-1.93833392e-01j,  0.02639604+9.32985885e-03j,
         0.04267748+4.42669013e-02j,  0.07898335-4.01395671e-02j,
        -0.16831961+3.52938177e-03j,  0.05448393-2.73925529e-01j,
        -0.02686986+9.22409636e-01j,  0.01591287+1.08160939e+00j],
       [-0.00808627-7.95572280e-02j,  0.05788331+3.02055901e-02j,
        -0.02845554+6.39640716e-02j,  0.07171223-1.30080823e-02j,
        -0.03917227-3.64815193e-03j,  0.0403942 +2.88623116e-02j,
        -0.02445403+3.86468398e-02j,  0.02696865-5.49065197e-02j]])}
------------------------------------------------------------
Final Summary: 
Delta: 0.00
Energy: -3.00E+00 + -6.30E-04j
------------------------------------------------------------
Delta: 0.05
Energy: -3.01E+00 + 6.74E-03j
------------------------------------------------------------
Delta: 0.10
Energy: -3.01E+00 + 6.88E-05j
------------------------------------------------------------
Delta: 0.15
Energy: -3.01E+00 + 6.34E-04j
------------------------------------------------------------
Delta: 0.20
Energy: -3.02E+00 + -1.20E-03j
------------------------------------------------------------
Delta: 0.25
Energy: -3.03E+00 + 1.18E-04j
------------------------------------------------------------
Delta: 0.30
Energy: -3.04E+00 + 3.19E-04j
------------------------------------------------------------
Delta: 0.35
Energy: -3.05E+00 + 1.55E-04j
------------------------------------------------------------
Delta: 0.40
Energy: -3.07E+00 + 8.07E-05j
------------------------------------------------------------
Delta: 0.45
Energy: -3.09E+00 + 7.23E-04j
------------------------------------------------------------
Delta: 0.50
Energy: -3.11E+00 + -6.40E-05j
------------------------------------------------------------
Delta: 0.55
Energy: -3.14E+00 + -4.36E-04j
------------------------------------------------------------
Delta: 0.60
Energy: -3.17E+00 + 2.40E-04j
------------------------------------------------------------
Delta: 0.65
Energy: -3.21E+00 + 2.28E-03j
------------------------------------------------------------
Delta: 0.70
Energy: -3.25E+00 + -4.26E-04j
------------------------------------------------------------
Delta: 0.75
Energy: -3.30E+00 + -8.15E-04j
------------------------------------------------------------
Delta: 0.80
Energy: -3.35E+00 + -1.40E-03j
------------------------------------------------------------
Delta: 0.85
Energy: -3.41E+00 + 4.08E-04j
------------------------------------------------------------
Delta: 0.90
Energy: -3.48E+00 + -6.72E-04j
------------------------------------------------------------
Delta: 0.95
Energy: -3.56E+00 + -1.71E-03j
------------------------------------------------------------
Delta: 1.00
Energy: -3.65E+00 + -8.58E-04j
------------------------------------------------------------
