running build_ext
skipping 'lib/qvmc/utils.c' Cython extension (up-to-date)
skipping 'lib/qvmc/state.c' Cython extension (up-to-date)
skipping 'lib/qvmc/optimizer.c' Cython extension (up-to-date)
skipping 'lib/qvmc/debug.c' Cython extension (up-to-date)
skipping 'lib/qvmc/hamiltonian.c' Cython extension (up-to-date)
/home/hanbury.p/env/lib/python3.7/site-packages/numpy/core/numeric.py:538: ComplexWarning: Casting complex values to real discards the imaginary part
  return array(a, dtype, copy=False, order=order)
**********************************************************************
{'deltas': [0.95],
 'fixed_params': {'a': array([0, 0, 0, 0, 0, 0, 0, 0]),
                  'b': array([0, 0, 0, 0, 0, 0, 0, 0])},
 'notes': '\n'
          '              The purpose of this program is to get a set of Ws\n'
          '              that could be used in place of the existing Ws\n'
          '              By tunnelling through them for Delta = 0.95\n'
          '              ',
 'num_monte_carlos_per_delta': 800,
 'num_particles': 8,
 'num_steps': 8000,
 'save_dir': '/home/hanbury.p/feiguin/vmc/cython_version/outputs/2019-04-30-14:49'}
------------------------------------------------------------
Total time = 2.887226570833333 hours
Final Parameters:
{'a': array([0, 0, 0, 0, 0, 0, 0, 0]),
 'b': array([0, 0, 0, 0, 0, 0, 0, 0]),
 'w': array([[-0.08890051+0.14008991j,  0.05640589+0.29176551j,
        -1.1195645 +0.32793341j,  1.10596271+0.07537672j,
        -0.06693595+0.31613319j,  0.03158962+0.08519068j,
        -0.0204064 +0.19285531j,  0.04189368+0.13996388j],
       [ 0.22528181-0.12101215j, -0.25369405+0.10619717j,
        -0.3041867 -0.22611601j,  0.285636  +0.21549874j,
         0.0081427 -0.06712719j, -0.02473249+0.07554154j,
         0.3388229 -0.00477962j, -0.3539911 -0.00341056j],
       [-0.0863084 -0.41900457j,  0.08027891-0.00237881j,
        -0.12107744+1.24001217j,  0.13728888+1.44849734j,
         0.03989182-0.18758656j, -0.00131698-0.17596245j,
        -0.91770294-0.20040869j,  0.90184074-0.1683193j ],
       [-0.47458577-0.06036238j,  0.469576  +0.06281055j,
        -0.0220519 +0.06075233j,  0.02278555-0.06210855j,
         0.02418696-0.02846558j, -0.01829941+0.01692313j,
        -0.15477378+0.02213674j,  0.13821761-0.00181867j],
       [ 0.18552625+0.21069698j, -0.17627107+0.17118175j,
         0.10506399+0.10241846j, -0.11816178+0.27293232j,
         1.11094013+0.17150729j, -1.10234267+0.24464901j,
        -0.10673609+0.24474585j,  0.0886327 +0.13384159j],
       [ 0.58498033-0.26069252j, -0.58216092+0.27402713j,
         0.04566102+0.1950647j , -0.04806935-0.1750035j ,
         0.00417527+0.17243544j,  0.00419429-0.13853486j,
         0.02261675-0.08397346j, -0.02683031+0.05272369j],
       [ 0.7161391 +0.48067624j, -0.69791184-0.12836437j,
        -0.13874495-0.02105899j,  0.16898591+0.35126551j,
        -0.13002569+0.03909064j,  0.12143636+0.23794702j,
        -0.3284149 +0.25228432j,  0.31404693+0.24907574j],
       [ 0.14184146+0.09580376j, -0.13961624-0.08528233j,
         0.25976192-0.23935913j, -0.26842041+0.24975904j,
        -0.37902107+0.11355506j,  0.35748758-0.10354404j,
        -0.14451853+0.05551434j,  0.15432443-0.05362576j]])}
------------------------------------------------------------
Final Summary: 
Delta: 0.95
Energy: -5.85E+00 + 4.55E-03j
------------------------------------------------------------
