running build_ext
skipping 'lib/qvmc/utils.c' Cython extension (up-to-date)
skipping 'lib/qvmc/state.c' Cython extension (up-to-date)
skipping 'lib/qvmc/optimizer.c' Cython extension (up-to-date)
skipping 'lib/qvmc/debug.c' Cython extension (up-to-date)
skipping 'lib/qvmc/hamiltonian.c' Cython extension (up-to-date)
/home/hanbury.p/env/lib/python3.7/site-packages/numpy/core/numeric.py:538: ComplexWarning: Casting complex values to real discards the imaginary part
  return array(a, dtype, copy=False, order=order)
/home/hanbury.p/env/lib/python3.7/site-packages/matplotlib/pyplot.py:514: RuntimeWarning: More than 20 figures have been opened. Figures created through the pyplot interface (`matplotlib.pyplot.figure`) are retained until explicitly closed and may consume too much memory. (To control this warning, see the rcParam `figure.max_open_warning`).
  max_open_warning, RuntimeWarning)
**********************************************************************
{'deltas': [0.975,
            0.95,
            0.9249999999999999,
            0.8999999999999999,
            0.875,
            0.85,
            0.825,
            0.7999999999999999,
            0.7749999999999999,
            0.75,
            0.725,
            0.7,
            0.6499999999999999,
            0.6,
            0.5499999999999999,
            0.49999999999999994,
            0.44999999999999996,
            0.3999999999999999,
            0.35,
            0.29999999999999993,
            0.25,
            0.19999999999999996,
            0.1499999999999999,
            0.09999999999999998,
            0.04999999999999993,
            0.0],
 'fixed_params': {'a': array([0, 0, 0, 0]), 'b': array([0, 0, 0, 0])},
 'notes': '\n'
          '              The purpose of this program is to get a set of Ws\n'
          '              that could be used in place of the existing Ws\n'
          '              By tunnelling through them for Delta = 0.975\n'
          '              ',
 'num_monte_carlos_per_delta': 100,
 'num_particles': 4,
 'num_steps': 5000,
 'print_params': True,
 'save_dir': '/home/hanbury.p/feiguin/vmc/cython_version/outputs/2019-04-30-16:23'}
------------------------------------------------------------
Total time = 1.7697690169444444 hours
Final Parameters:
{'a': array([0, 0, 0, 0]),
 'b': array([0, 0, 0, 0]),
 'w': array([[-0.2667189 +1.0957011j ,  0.24787576+1.28654868j,
        -0.35138094-0.30229655j,  0.34111866-0.44801608j],
       [-0.26963315-0.14389985j,  0.27691963+0.17736767j,
        -0.05702994-0.09623015j,  0.06471814+0.129806j  ],
       [ 0.02117996-0.41398146j, -0.00868112-0.37130995j,
        -0.06789918+1.24204356j,  0.07188498+1.10526297j],
       [ 0.03139775-0.18886178j, -0.02039475+0.17889618j,
         0.30291736-0.10959906j, -0.29132472+0.09950094j]])}



Optimal Parameters:
{'a': array([0, 0, 0, 0]),
 'b': array([0, 0, 0, 0]),
 'w': array([[-0.26659349+1.09536518j,  0.24776808+1.28690974j,
        -0.35179566-0.30200586j,  0.34151563-0.44833192j],
       [-0.27016144-0.14412646j,  0.27744886+0.17759468j,
        -0.05673087-0.09616156j,  0.06441813+0.12973699j],
       [ 0.02136063-0.41413929j, -0.00887938-0.37117716j,
        -0.06812267+1.24222837j,  0.07212606+1.10510319j],
       [ 0.03101764-0.18911726j, -0.02001315+0.17915155j,
         0.30356323-0.10944317j, -0.29197208+0.09934517j]])}
------------------------------------------------------------
Final Summary: 
Delta: 0.97
Energy: -2.96E+00 + -7.42E-04j
------------------------------------------------------------
Delta: 0.95
Energy: -2.93E+00 + -5.73E-04j
------------------------------------------------------------
Delta: 0.92
Energy: -2.89E+00 + -7.78E-04j
------------------------------------------------------------
Delta: 0.90
Energy: -2.85E+00 + -7.74E-04j
------------------------------------------------------------
Delta: 0.88
Energy: -2.81E+00 + -1.59E-03j
------------------------------------------------------------
Delta: 0.85
Energy: -2.77E+00 + 2.13E-03j
------------------------------------------------------------
Delta: 0.82
Energy: -2.74E+00 + 9.85E-04j
------------------------------------------------------------
Delta: 0.80
Energy: -2.73E+00 + -2.16E-02j
------------------------------------------------------------
Delta: 0.77
Energy: -2.67E+00 + 5.97E-03j
------------------------------------------------------------
Delta: 0.75
Energy: -2.63E+00 + -5.46E-03j
------------------------------------------------------------
Delta: 0.72
Energy: -2.59E+00 + -4.52E-03j
------------------------------------------------------------
Delta: 0.70
Energy: -2.15E+00 + -1.93E-03j
------------------------------------------------------------
Delta: 0.65
Energy: -2.48E+00 + -3.99E-03j
------------------------------------------------------------
Delta: 0.60
Energy: -2.43E+00 + -5.50E-03j
------------------------------------------------------------
Delta: 0.55
Energy: -2.38E+00 + -5.69E-04j
------------------------------------------------------------
Delta: 0.50
Energy: -2.32E+00 + 3.33E-03j
------------------------------------------------------------
Delta: 0.45
Energy: -2.27E+00 + 3.05E-03j
------------------------------------------------------------
Delta: 0.40
Energy: -2.22E+00 + 9.35E-04j
------------------------------------------------------------
Delta: 0.35
Energy: -2.17E+00 + 1.10E-04j
------------------------------------------------------------
Delta: 0.30
Energy: -2.13E+00 + -2.23E-04j
------------------------------------------------------------
Delta: 0.25
Energy: -2.09E+00 + -2.89E-04j
------------------------------------------------------------
Delta: 0.20
Energy: -2.06E+00 + -4.51E-04j
------------------------------------------------------------
Delta: 0.15
Energy: -2.03E+00 + -5.76E-04j
------------------------------------------------------------
Delta: 0.10
Energy: -2.01E+00 + -5.41E-04j
------------------------------------------------------------
Delta: 0.05
Energy: -2.00E+00 + -3.76E-04j
------------------------------------------------------------
Delta: 0.00
Energy: -2.00E+00 + -1.76E-04j
------------------------------------------------------------
