running build_ext
skipping 'lib/enumeration_qvmc/utils.c' Cython extension (up-to-date)
skipping 'lib/enumeration_qvmc/state.c' Cython extension (up-to-date)
skipping 'lib/enumeration_qvmc/optimizer.c' Cython extension (up-to-date)
skipping 'lib/enumeration_qvmc/debug.c' Cython extension (up-to-date)
skipping 'lib/enumeration_qvmc/hamiltonian.c' Cython extension (up-to-date)
/home/hanbury.p/env/lib/python3.7/site-packages/numpy/core/numeric.py:538: ComplexWarning: Casting complex values to real discards the imaginary part
  return array(a, dtype, copy=False, order=order)
/home/hanbury.p/env/lib/python3.7/site-packages/matplotlib/pyplot.py:514: RuntimeWarning: More than 20 figures have been opened. Figures created through the pyplot interface (`matplotlib.pyplot.figure`) are retained until explicitly closed and may consume too much memory. (To control this warning, see the rcParam `figure.max_open_warning`).
  max_open_warning, RuntimeWarning)
Run Configurations:
{'deltas': [0.0,
            0.05,
            0.1,
            0.15,
            0.2,
            0.25,
            0.3,
            0.35,
            0.4,
            0.45,
            0.5,
            0.55,
            0.6,
            0.65,
            0.7,
            0.75,
            0.8,
            0.85,
            0.9,
            0.95,
            1.0],
 'fixed_params': [],
 'initial_diamer_state': 'option_1',
 'learning_rate': 0.04,
 'name': 'EnumerationHigherLR',
 'noise_scale': 0.01,
 'notes': '\n'
          '              This is to determine what will happen\n'
          '              if we unfix A and B\n'
          '              ',
 'num_monte_carlos_per_delta': 50,
 'num_particles': 8,
 'num_steps': 10000,
 'save_dir': '/home/hanbury.p/feiguin/vmc/dynamic_adiabatic/outputs/EnumerationHigherLR_2019-05-28-09:43'}
**************************************************


N=4
{'a': array([0, 0, 0, 0, 0, 0, 0, 0]), 'b': array([0, 0, 0, 0, 0, 0, 0, 0]), 'w': array([[-0.15315386+7.77657472e-01j, -0.17494131+1.01651715e+00j,
         0.16286813+9.57343136e-03j,  0.14068905-2.30341029e-01j,
         0.        +0.00000000e+00j,  0.        +0.00000000e+00j,
         0.        +0.00000000e+00j,  0.        +0.00000000e+00j],
       [-0.00185884+3.30632762e-02j, -0.0028074 -3.72500724e-02j,
        -0.00404716-4.08589123e-02j, -0.00591767+2.88425260e-02j,
         0.        +0.00000000e+00j,  0.        +0.00000000e+00j,
         0.        +0.00000000e+00j,  0.        +0.00000000e+00j],
       [ 0.01526277-4.00506566e-02j, -0.33298579-1.83531852e-01j,
         0.33129049+8.24065554e-01j, -0.0167079 +9.67704176e-01j,
         0.        +0.00000000e+00j,  0.        +0.00000000e+00j,
         0.        +0.00000000e+00j,  0.        +0.00000000e+00j],
       [ 0.09419228-5.76374029e-04j, -0.09694624+5.90193095e-03j,
         0.0903765 +1.02282468e-02j, -0.10056239+3.45409061e-03j,
         0.        +0.00000000e+00j,  0.        +0.00000000e+00j,
         0.        +0.00000000e+00j,  0.        +0.00000000e+00j],
       [ 0.        +0.00000000e+00j,  0.        +0.00000000e+00j,
         0.        +0.00000000e+00j,  0.        +0.00000000e+00j,
        -0.15315386+7.77657472e-01j, -0.17494131+1.01651715e+00j,
         0.16286813+9.57343136e-03j,  0.14068905-2.30341029e-01j],
       [ 0.        +0.00000000e+00j,  0.        +0.00000000e+00j,
         0.        +0.00000000e+00j,  0.        +0.00000000e+00j,
        -0.00185884+3.30632762e-02j, -0.0028074 -3.72500724e-02j,
        -0.00404716-4.08589123e-02j, -0.00591767+2.88425260e-02j],
       [ 0.        +0.00000000e+00j,  0.        +0.00000000e+00j,
         0.        +0.00000000e+00j,  0.        +0.00000000e+00j,
         0.01526277-4.00506566e-02j, -0.33298579-1.83531852e-01j,
         0.33129049+8.24065554e-01j, -0.0167079 +9.67704176e-01j],
       [ 0.        +0.00000000e+00j,  0.        +0.00000000e+00j,
         0.        +0.00000000e+00j,  0.        +0.00000000e+00j,
         0.09419228-5.76374029e-04j, -0.09694624+5.90193095e-03j,
         0.0903765 +1.02282468e-02j, -0.10056239+3.45409061e-03j]])}
**********************************************************************
Output for N=4 Hamiltonian
------------------------------------------------------------
Total time = 0.008971537500000001 hours
Parameters:
{'a': array([0.00796226-0.00317643j, 0.00443014+0.00271904j,
       0.01191482-0.01304227j, 0.01289998-0.00778419j]),
 'b': array([-0.00840949-0.00380766j, -0.00101186-0.01961611j,
       -0.01161687+0.01814476j,  0.01317251+0.0012978j ]),
 'w': array([[-0.15315386+7.77657472e-01j, -0.17494131+1.01651715e+00j,
         0.16286813+9.57343136e-03j,  0.14068905-2.30341029e-01j],
       [-0.00185884+3.30632762e-02j, -0.0028074 -3.72500724e-02j,
        -0.00404716-4.08589123e-02j, -0.00591767+2.88425260e-02j],
       [ 0.01526277-4.00506566e-02j, -0.33298579-1.83531852e-01j,
         0.33129049+8.24065554e-01j, -0.0167079 +9.67704176e-01j],
       [ 0.09419228-5.76374029e-04j, -0.09694624+5.90193095e-03j,
         0.0903765 +1.02282468e-02j, -0.10056239+3.45409061e-03j]])}
------------------------------------------------------------
Summary: 
Delta: 0.00
Energy: -1.51E+00 + 6.10E-20j
------------------------------------------------------------






Delta: 0.05
Energy: -1.56E+00 + 8.47E-20j
------------------------------------------------------------






Delta: 0.10
Energy: -1.57E+00 + -1.52E-20j
------------------------------------------------------------






Delta: 0.15
Energy: -1.58E+00 + -2.29E-20j
------------------------------------------------------------






Delta: 0.20
Energy: -1.59E+00 + 3.39E-21j
------------------------------------------------------------






Delta: 0.25
Energy: -1.60E+00 + 8.47E-21j
------------------------------------------------------------






Delta: 0.30
Energy: -1.62E+00 + -3.39E-21j
------------------------------------------------------------






Delta: 0.35
Energy: -1.63E+00 + 5.93E-21j
------------------------------------------------------------






Delta: 0.40
Energy: -1.64E+00 + 2.12E-20j
------------------------------------------------------------






Delta: 0.45
Energy: -1.66E+00 + 7.62E-21j
------------------------------------------------------------






Delta: 0.50
Energy: -1.67E+00 + 3.39E-21j
------------------------------------------------------------






Delta: 0.55
Energy: -1.69E+00 + 2.96E-21j
------------------------------------------------------------






Delta: 0.60
Energy: -1.70E+00 + -2.54E-21j
------------------------------------------------------------






Delta: 0.65
Energy: -1.72E+00 + 0.00E+00j
------------------------------------------------------------






Delta: 0.70
Energy: -1.73E+00 + -2.75E-21j
------------------------------------------------------------






Delta: 0.75
Energy: -1.75E+00 + -6.35E-22j
------------------------------------------------------------






Delta: 0.80
Energy: -1.77E+00 + -2.12E-21j
------------------------------------------------------------






Delta: 0.85
Energy: -1.79E+00 + 1.48E-21j
------------------------------------------------------------






Delta: 0.90
Energy: -1.81E+00 + 8.47E-22j
------------------------------------------------------------






Delta: 0.95
Energy: -1.83E+00 + 1.06E-21j
------------------------------------------------------------






Delta: 1.00
Energy: -1.85E+00 + 1.38E-21j
------------------------------------------------------------






N=8
{'a': array([0, 0, 0, 0, 0, 0, 0, 0, 0, 0, 0, 0, 0, 0, 0, 0]), 'b': array([0, 0, 0, 0, 0, 0, 0, 0, 0, 0, 0, 0, 0, 0, 0, 0]), 'w': array([[-0.04552535+0.81821597j, -0.01163257+1.15696213j,
         0.0672761 -0.14996223j,  0.04288223+0.02396944j,
        -0.04837171+0.03412778j, -0.03291627-0.02751374j,
        -0.02143411-0.03925004j,  0.02518369-0.24314228j,
         0.        +0.j        ,  0.        +0.j        ,
         0.        +0.j        ,  0.        +0.j        ,
         0.        +0.j        ,  0.        +0.j        ,
         0.        +0.j        ,  0.        +0.j        ],
       [ 0.01820342+0.07385698j, -0.03723413-0.09844193j,
         0.00212986-0.09476275j,  0.01989291+0.09138133j,
        -0.01954237+0.04957135j,  0.00584234-0.06406289j,
         0.01435653-0.04508001j, -0.01827964+0.07133473j,
         0.        +0.j        ,  0.        +0.j        ,
         0.        +0.j        ,  0.        +0.j        ,
         0.        +0.j        ,  0.        +0.j        ,
         0.        +0.j        ,  0.        +0.j        ],
       [-0.07806735+0.04642158j, -0.16447324-0.27020349j,
         0.2746694 +0.85196565j, -0.0928433 +1.17620485j,
        -0.00299635-0.11871488j, -0.00358633-0.06299536j,
         0.03673654-0.04221892j,  0.02742018-0.01227221j,
         0.        +0.j        ,  0.        +0.j        ,
         0.        +0.j        ,  0.        +0.j        ,
         0.        +0.j        ,  0.        +0.j        ,
         0.        +0.j        ,  0.        +0.j        ],
       [ 0.14357981-0.05663661j, -0.20998911+0.0820113j ,
         0.17463117-0.03822469j, -0.13579748+0.10278293j,
         0.06522709-0.013104j  ,  0.00471015-0.01053986j,
         0.01756784+0.00163815j, -0.07286931-0.04891932j,
         0.        +0.j        ,  0.        +0.j        ,
         0.        +0.j        ,  0.        +0.j        ,
         0.        +0.j        ,  0.        +0.j        ,
         0.        +0.j        ,  0.        +0.j        ],
       [-0.04837171+0.03412778j, -0.03291627-0.02751374j,
        -0.02143411-0.03925004j,  0.02518369-0.24314228j,
        -0.04552535+0.81821597j, -0.01163257+1.15696213j,
         0.0672761 -0.14996223j,  0.04288223+0.02396944j,
         0.        +0.j        ,  0.        +0.j        ,
         0.        +0.j        ,  0.        +0.j        ,
         0.        +0.j        ,  0.        +0.j        ,
         0.        +0.j        ,  0.        +0.j        ],
       [-0.01954237+0.04957135j,  0.00584234-0.06406289j,
         0.01435653-0.04508001j, -0.01827964+0.07133473j,
         0.01820342+0.07385698j, -0.03723413-0.09844193j,
         0.00212986-0.09476275j,  0.01989291+0.09138133j,
         0.        +0.j        ,  0.        +0.j        ,
         0.        +0.j        ,  0.        +0.j        ,
         0.        +0.j        ,  0.        +0.j        ,
         0.        +0.j        ,  0.        +0.j        ],
       [-0.00299635-0.11871488j, -0.00358633-0.06299536j,
         0.03673654-0.04221892j,  0.02742018-0.01227221j,
        -0.07806735+0.04642158j, -0.16447324-0.27020349j,
         0.2746694 +0.85196565j, -0.0928433 +1.17620485j,
         0.        +0.j        ,  0.        +0.j        ,
         0.        +0.j        ,  0.        +0.j        ,
         0.        +0.j        ,  0.        +0.j        ,
         0.        +0.j        ,  0.        +0.j        ],
       [ 0.06522709-0.013104j  ,  0.00471015-0.01053986j,
         0.01756784+0.00163815j, -0.07286931-0.04891932j,
         0.14357981-0.05663661j, -0.20998911+0.0820113j ,
         0.17463117-0.03822469j, -0.13579748+0.10278293j,
         0.        +0.j        ,  0.        +0.j        ,
         0.        +0.j        ,  0.        +0.j        ,
         0.        +0.j        ,  0.        +0.j        ,
         0.        +0.j        ,  0.        +0.j        ],
       [ 0.        +0.j        ,  0.        +0.j        ,
         0.        +0.j        ,  0.        +0.j        ,
         0.        +0.j        ,  0.        +0.j        ,
         0.        +0.j        ,  0.        +0.j        ,
        -0.04552535+0.81821597j, -0.01163257+1.15696213j,
         0.0672761 -0.14996223j,  0.04288223+0.02396944j,
        -0.04837171+0.03412778j, -0.03291627-0.02751374j,
        -0.02143411-0.03925004j,  0.02518369-0.24314228j],
       [ 0.        +0.j        ,  0.        +0.j        ,
         0.        +0.j        ,  0.        +0.j        ,
         0.        +0.j        ,  0.        +0.j        ,
         0.        +0.j        ,  0.        +0.j        ,
         0.01820342+0.07385698j, -0.03723413-0.09844193j,
         0.00212986-0.09476275j,  0.01989291+0.09138133j,
        -0.01954237+0.04957135j,  0.00584234-0.06406289j,
         0.01435653-0.04508001j, -0.01827964+0.07133473j],
       [ 0.        +0.j        ,  0.        +0.j        ,
         0.        +0.j        ,  0.        +0.j        ,
         0.        +0.j        ,  0.        +0.j        ,
         0.        +0.j        ,  0.        +0.j        ,
        -0.07806735+0.04642158j, -0.16447324-0.27020349j,
         0.2746694 +0.85196565j, -0.0928433 +1.17620485j,
        -0.00299635-0.11871488j, -0.00358633-0.06299536j,
         0.03673654-0.04221892j,  0.02742018-0.01227221j],
       [ 0.        +0.j        ,  0.        +0.j        ,
         0.        +0.j        ,  0.        +0.j        ,
         0.        +0.j        ,  0.        +0.j        ,
         0.        +0.j        ,  0.        +0.j        ,
         0.14357981-0.05663661j, -0.20998911+0.0820113j ,
         0.17463117-0.03822469j, -0.13579748+0.10278293j,
         0.06522709-0.013104j  ,  0.00471015-0.01053986j,
         0.01756784+0.00163815j, -0.07286931-0.04891932j],
       [ 0.        +0.j        ,  0.        +0.j        ,
         0.        +0.j        ,  0.        +0.j        ,
         0.        +0.j        ,  0.        +0.j        ,
         0.        +0.j        ,  0.        +0.j        ,
        -0.04837171+0.03412778j, -0.03291627-0.02751374j,
        -0.02143411-0.03925004j,  0.02518369-0.24314228j,
        -0.04552535+0.81821597j, -0.01163257+1.15696213j,
         0.0672761 -0.14996223j,  0.04288223+0.02396944j],
       [ 0.        +0.j        ,  0.        +0.j        ,
         0.        +0.j        ,  0.        +0.j        ,
         0.        +0.j        ,  0.        +0.j        ,
         0.        +0.j        ,  0.        +0.j        ,
        -0.01954237+0.04957135j,  0.00584234-0.06406289j,
         0.01435653-0.04508001j, -0.01827964+0.07133473j,
         0.01820342+0.07385698j, -0.03723413-0.09844193j,
         0.00212986-0.09476275j,  0.01989291+0.09138133j],
       [ 0.        +0.j        ,  0.        +0.j        ,
         0.        +0.j        ,  0.        +0.j        ,
         0.        +0.j        ,  0.        +0.j        ,
         0.        +0.j        ,  0.        +0.j        ,
        -0.00299635-0.11871488j, -0.00358633-0.06299536j,
         0.03673654-0.04221892j,  0.02742018-0.01227221j,
        -0.07806735+0.04642158j, -0.16447324-0.27020349j,
         0.2746694 +0.85196565j, -0.0928433 +1.17620485j],
       [ 0.        +0.j        ,  0.        +0.j        ,
         0.        +0.j        ,  0.        +0.j        ,
         0.        +0.j        ,  0.        +0.j        ,
         0.        +0.j        ,  0.        +0.j        ,
         0.06522709-0.013104j  ,  0.00471015-0.01053986j,
         0.01756784+0.00163815j, -0.07286931-0.04891932j,
         0.14357981-0.05663661j, -0.20998911+0.0820113j ,
         0.17463117-0.03822469j, -0.13579748+0.10278293j]])}
**********************************************************************
Output for N=8 Hamiltonian
------------------------------------------------------------
Total time = 0.06230595305555556 hours
Parameters:
{'a': array([ 4.85796577e-18-1.70899788e-17j, -2.62892282e-17-2.52236635e-17j,
        7.84788117e-17+2.49911503e-18j,  5.22625446e-17+8.10579551e-18j,
        4.33964774e-17+1.58569699e-17j,  1.71687278e-18+5.96308293e-18j,
        5.34257181e-17+8.54944721e-18j,  3.32520883e-17-5.63272051e-19j]),
 'b': array([-2.17997461e-17-3.71474035e-19j, -2.94541859e-18-8.13493215e-18j,
       -1.91765187e-17-1.78300850e-17j,  9.81198450e-19-1.51732774e-17j,
        2.48213887e-17-2.73334212e-17j, -9.81134756e-18-3.42319796e-18j,
       -1.01995774e-17-3.02223001e-17j,  3.46920229e-17+3.44662753e-17j]),
 'w': array([[-0.04552535+0.81821597j, -0.01163257+1.15696213j,
         0.0672761 -0.14996223j,  0.04288223+0.02396944j,
        -0.04837171+0.03412778j, -0.03291627-0.02751374j,
        -0.02143411-0.03925004j,  0.02518369-0.24314228j],
       [ 0.01820342+0.07385698j, -0.03723413-0.09844193j,
         0.00212986-0.09476275j,  0.01989291+0.09138133j,
        -0.01954237+0.04957135j,  0.00584234-0.06406289j,
         0.01435653-0.04508001j, -0.01827964+0.07133473j],
       [-0.07806735+0.04642158j, -0.16447324-0.27020349j,
         0.2746694 +0.85196565j, -0.0928433 +1.17620485j,
        -0.00299635-0.11871488j, -0.00358633-0.06299536j,
         0.03673654-0.04221892j,  0.02742018-0.01227221j],
       [ 0.14357981-0.05663661j, -0.20998911+0.0820113j ,
         0.17463117-0.03822469j, -0.13579748+0.10278293j,
         0.06522709-0.013104j  ,  0.00471015-0.01053986j,
         0.01756784+0.00163815j, -0.07286931-0.04891932j],
       [-0.04837171+0.03412778j, -0.03291627-0.02751374j,
        -0.02143411-0.03925004j,  0.02518369-0.24314228j,
        -0.04552535+0.81821597j, -0.01163257+1.15696213j,
         0.0672761 -0.14996223j,  0.04288223+0.02396944j],
       [-0.01954237+0.04957135j,  0.00584234-0.06406289j,
         0.01435653-0.04508001j, -0.01827964+0.07133473j,
         0.01820342+0.07385698j, -0.03723413-0.09844193j,
         0.00212986-0.09476275j,  0.01989291+0.09138133j],
       [-0.00299635-0.11871488j, -0.00358633-0.06299536j,
         0.03673654-0.04221892j,  0.02742018-0.01227221j,
        -0.07806735+0.04642158j, -0.16447324-0.27020349j,
         0.2746694 +0.85196565j, -0.0928433 +1.17620485j],
       [ 0.06522709-0.013104j  ,  0.00471015-0.01053986j,
         0.01756784+0.00163815j, -0.07286931-0.04891932j,
         0.14357981-0.05663661j, -0.20998911+0.0820113j ,
         0.17463117-0.03822469j, -0.13579748+0.10278293j]])}
------------------------------------------------------------
Summary: 
Delta: 0.00
Energy: -3.22E+00 + -5.52E-18j
------------------------------------------------------------






Delta: 0.05
Energy: -3.23E+00 + -1.02E-17j
------------------------------------------------------------






Delta: 0.10
Energy: -3.23E+00 + -9.95E-20j
------------------------------------------------------------






Delta: 0.15
Energy: -3.23E+00 + -1.18E-17j
------------------------------------------------------------






Delta: 0.20
Energy: -3.24E+00 + -3.52E-17j
------------------------------------------------------------






Delta: 0.25
Energy: -3.24E+00 + 9.93E-18j
------------------------------------------------------------






Delta: 0.30
Energy: -3.25E+00 + 1.24E-18j
------------------------------------------------------------






Delta: 0.35
Energy: -3.26E+00 + 3.24E-17j
------------------------------------------------------------






Delta: 0.40
Energy: -3.27E+00 + -4.95E-18j
------------------------------------------------------------






Delta: 0.45
Energy: -3.29E+00 + 1.06E-17j
------------------------------------------------------------






Delta: 0.50
Energy: -3.31E+00 + -1.17E-17j
------------------------------------------------------------






Delta: 0.55
Energy: -3.34E+00 + -6.12E-18j
------------------------------------------------------------






Delta: 0.60
Energy: -3.36E+00 + -2.18E-17j
------------------------------------------------------------






Delta: 0.65
Energy: -3.39E+00 + 6.02E-17j
------------------------------------------------------------






Delta: 0.70
Energy: -3.42E+00 + -1.19E-18j
------------------------------------------------------------






Delta: 0.75
Energy: -3.45E+00 + -1.91E-17j
------------------------------------------------------------






Delta: 0.80
Energy: -3.48E+00 + -1.56E-17j
------------------------------------------------------------






Delta: 0.85
Energy: -3.52E+00 + 6.02E-17j
------------------------------------------------------------






Delta: 0.90
Energy: -3.56E+00 + 4.48E-17j
------------------------------------------------------------






Delta: 0.95
Energy: -3.60E+00 + 5.65E-17j
------------------------------------------------------------






Delta: 1.00
Energy: -3.65E+00 + 2.97E-17j
------------------------------------------------------------






Total time: -0.07128134416666666
