/home/hanbury.p/env/lib/python3.7/site-packages/numpy/core/numeric.py:538: ComplexWarning: Casting complex values to real discards the imaginary part
  return array(a, dtype, copy=False, order=order)
/home/hanbury.p/env/lib/python3.7/site-packages/matplotlib/pyplot.py:514: RuntimeWarning: More than 20 figures have been opened. Figures created through the pyplot interface (`matplotlib.pyplot.figure`) are retained until explicitly closed and may consume too much memory. (To control this warning, see the rcParam `figure.max_open_warning`).
  max_open_warning, RuntimeWarning)
**********************************************************************
{'deltas': [0.975,
            0.95,
            0.9249999999999999,
            0.8999999999999999,
            0.875,
            0.85,
            0.825,
            0.7999999999999999,
            0.7749999999999999,
            0.75,
            0.725,
            0.7,
            0.6499999999999999,
            0.6,
            0.5499999999999999,
            0.49999999999999994,
            0.44999999999999996,
            0.3999999999999999,
            0.35,
            0.29999999999999993,
            0.25,
            0.19999999999999996,
            0.1499999999999999,
            0.09999999999999998,
            0.04999999999999993,
            0.0],
 'fixed_params': {'a': array([0, 0, 0, 0]), 'b': array([0, 0, 0, 0])},
 'notes': '\n'
          '              The purpose of this run is to test how \n'
          '              long the program takes using\n'
          '              for the python scrpt vs the cython one\n'
          '              configs:\n'
          '              monte carlo loops: 5000\n'
          '              monte carlos per delta: 100\n'
          '              delta list: 0.025 increments until 0.7, 0.05 onwards\n'
          '              ',
 'num_monte_carlos_per_delta': 100,
 'num_particles': 4,
 'num_steps': 5000,
 'save_dir': '/home/hanbury.p/feiguin/vmc/cython_version/outputs/2019-04-23-15:39'}
------------------------------------------------------------
Total time = 0.9333587386111112 hours
Final Summary: 
Delta: 0.97
Energy: -2.96E+00 + 3.81E-05j
------------------------------------------------------------
Delta: 0.95
Energy: -2.93E+00 + 8.05E-04j
------------------------------------------------------------
Delta: 0.92
Energy: -2.89E+00 + 2.67E-04j
------------------------------------------------------------
Delta: 0.90
Energy: -2.85E+00 + -8.19E-06j
------------------------------------------------------------
Delta: 0.88
Energy: -2.82E+00 + -2.45E-04j
------------------------------------------------------------
Delta: 0.85
Energy: -2.78E+00 + -4.83E-04j
------------------------------------------------------------
Delta: 0.82
Energy: -2.74E+00 + -1.20E-03j
------------------------------------------------------------
Delta: 0.80
Energy: -2.71E+00 + -2.24E-03j
------------------------------------------------------------
Delta: 0.77
Energy: -2.67E+00 + 8.67E-05j
------------------------------------------------------------
Delta: 0.75
Energy: -2.64E+00 + -8.29E-04j
------------------------------------------------------------
Delta: 0.72
Energy: -2.61E+00 + -1.48E-04j
------------------------------------------------------------
Delta: 0.70
Energy: -2.57E+00 + -9.39E-05j
------------------------------------------------------------
Delta: 0.65
Energy: -2.51E+00 + -3.23E-05j
------------------------------------------------------------
Delta: 0.60
Energy: -2.44E+00 + -1.00E-05j
------------------------------------------------------------
Delta: 0.55
Energy: -2.38E+00 + 1.30E-06j
------------------------------------------------------------
Delta: 0.50
Energy: -2.32E+00 + 6.22E-06j
------------------------------------------------------------
Delta: 0.45
Energy: -2.27E+00 + 1.45E-05j
------------------------------------------------------------
Delta: 0.40
Energy: -2.22E+00 + 8.77E-06j
------------------------------------------------------------
Delta: 0.35
Energy: -2.17E+00 + 1.57E-05j
------------------------------------------------------------
Delta: 0.30
Energy: -2.13E+00 + 1.13E-05j
------------------------------------------------------------
Delta: 0.25
Energy: -2.09E+00 + 1.46E-05j
------------------------------------------------------------
Delta: 0.20
Energy: -2.06E+00 + 1.07E-05j
------------------------------------------------------------
Delta: 0.15
Energy: -2.03E+00 + 1.23E-05j
------------------------------------------------------------
Delta: 0.10
Energy: -2.02E+00 + 1.24E-05j
------------------------------------------------------------
Delta: 0.05
Energy: -2.00E+00 + 1.16E-05j
------------------------------------------------------------
Delta: 0.00
Energy: -2.00E+00 + 1.56E-05j
------------------------------------------------------------
