running build_ext
skipping 'lib/qvmc/utils.c' Cython extension (up-to-date)
skipping 'lib/qvmc/state.c' Cython extension (up-to-date)
skipping 'lib/qvmc/optimizer.c' Cython extension (up-to-date)
skipping 'lib/qvmc/debug.c' Cython extension (up-to-date)
skipping 'lib/qvmc/hamiltonian.c' Cython extension (up-to-date)
/home/hanbury.p/env/lib/python3.7/site-packages/numpy/core/numeric.py:538: ComplexWarning: Casting complex values to real discards the imaginary part
  return array(a, dtype, copy=False, order=order)
/home/hanbury.p/env/lib/python3.7/site-packages/matplotlib/pyplot.py:514: RuntimeWarning: More than 20 figures have been opened. Figures created through the pyplot interface (`matplotlib.pyplot.figure`) are retained until explicitly closed and may consume too much memory. (To control this warning, see the rcParam `figure.max_open_warning`).
  max_open_warning, RuntimeWarning)
Run Configurations:
{'deltas': [0.0,
            0.05,
            0.1,
            0.15,
            0.2,
            0.25,
            0.3,
            0.35,
            0.4,
            0.45,
            0.5,
            0.55,
            0.6,
            0.65,
            0.7,
            0.75,
            0.8,
            0.85,
            0.9,
            0.95,
            1.0],
 'fixed_params': ['a', 'b'],
 'initial_diamer_state': 'option_1',
 'learning_rate': 0.03,
 'name': '8LessNoise',
 'noise_scale': 0.001,
 'notes': '\n'
          '              This run is to test the effect of decreasing the '
          'random noise\n'
          '              ',
 'num_monte_carlos_per_delta': 100,
 'num_particles': 8,
 'num_steps': 10000,
 'save_dir': '/home/hanbury.p/feiguin/vmc/dynamic_adiabatic/outputs/8LessNoise_2019-05-15-14:22'}
**************************************************


N=4
{'a': array([0, 0, 0, 0, 0, 0, 0, 0]), 'b': array([0, 0, 0, 0, 0, 0, 0, 0]), 'w': array([[-0.15294386+0.79134259j,  0.15323506+0.77986966j,
        -0.15288688+0.00595976j,  0.1532823 -0.00550745j,
         0.        +0.j        ,  0.        +0.j        ,
         0.        +0.j        ,  0.        +0.j        ],
       [-0.04575748+0.03029445j,  0.04709389-0.03008316j,
        -0.04694918+0.03100077j,  0.04591267-0.0293821j ,
         0.        +0.j        ,  0.        +0.j        ,
         0.        +0.j        ,  0.        +0.j        ],
       [-0.01085605+0.05591806j,  0.01235954-0.05435324j,
        -0.01161002+0.84118415j,  0.01160926+0.73092179j,
         0.        +0.j        ,  0.        +0.j        ,
         0.        +0.j        ,  0.        +0.j        ],
       [-0.20950416-0.01663946j,  0.21126878+0.01622189j,
        -0.20949591-0.01673868j,  0.21128819+0.01612258j,
         0.        +0.j        ,  0.        +0.j        ,
         0.        +0.j        ,  0.        +0.j        ],
       [ 0.        +0.j        ,  0.        +0.j        ,
         0.        +0.j        ,  0.        +0.j        ,
        -0.15294386+0.79134259j,  0.15323506+0.77986966j,
        -0.15288688+0.00595976j,  0.1532823 -0.00550745j],
       [ 0.        +0.j        ,  0.        +0.j        ,
         0.        +0.j        ,  0.        +0.j        ,
        -0.04575748+0.03029445j,  0.04709389-0.03008316j,
        -0.04694918+0.03100077j,  0.04591267-0.0293821j ],
       [ 0.        +0.j        ,  0.        +0.j        ,
         0.        +0.j        ,  0.        +0.j        ,
        -0.01085605+0.05591806j,  0.01235954-0.05435324j,
        -0.01161002+0.84118415j,  0.01160926+0.73092179j],
       [ 0.        +0.j        ,  0.        +0.j        ,
         0.        +0.j        ,  0.        +0.j        ,
        -0.20950416-0.01663946j,  0.21126878+0.01622189j,
        -0.20949591-0.01673868j,  0.21128819+0.01612258j]])}
**********************************************************************
Output for N=4 Hamiltonian
------------------------------------------------------------
Total time = 2.211875471388889 hours
Parameters:
{'a': array([0, 0, 0, 0]),
 'b': array([0, 0, 0, 0]),
 'w': array([[-0.15294386+0.79134259j,  0.15323506+0.77986966j,
        -0.15288688+0.00595976j,  0.1532823 -0.00550745j],
       [-0.04575748+0.03029445j,  0.04709389-0.03008316j,
        -0.04694918+0.03100077j,  0.04591267-0.0293821j ],
       [-0.01085605+0.05591806j,  0.01235954-0.05435324j,
        -0.01161002+0.84118415j,  0.01160926+0.73092179j],
       [-0.20950416-0.01663946j,  0.21126878+0.01622189j,
        -0.20949591-0.01673868j,  0.21128819+0.01612258j]])}
------------------------------------------------------------
Summary: 
Delta: 0.00
Energy: -1.51E+00 + -8.60E-07j
------------------------------------------------------------






Delta: 0.05
Energy: -1.51E+00 + -1.14E-05j
------------------------------------------------------------






Delta: 0.10
Energy: -1.51E+00 + -9.78E-05j
------------------------------------------------------------






Delta: 0.15
Energy: -1.54E+00 + -1.01E-04j
------------------------------------------------------------






Delta: 0.20
Energy: -1.54E+00 + 5.91E-05j
------------------------------------------------------------






Delta: 0.25
Energy: -1.55E+00 + -5.40E-05j
------------------------------------------------------------






Delta: 0.30
Energy: -1.55E+00 + -6.11E-06j
------------------------------------------------------------






Delta: 0.35
Energy: -1.56E+00 + -3.63E-06j
------------------------------------------------------------






Delta: 0.40
Energy: -1.56E+00 + -3.88E-06j
------------------------------------------------------------






Delta: 0.45
Energy: -1.56E+00 + -2.41E-06j
------------------------------------------------------------






Delta: 0.50
Energy: -1.57E+00 + -2.78E-06j
------------------------------------------------------------






Delta: 0.55
Energy: -1.57E+00 + -6.09E-06j
------------------------------------------------------------






Delta: 0.60
Energy: -1.58E+00 + -2.04E-06j
------------------------------------------------------------






Delta: 0.65
Energy: -1.58E+00 + -2.59E-06j
------------------------------------------------------------






Delta: 0.70
Energy: -1.59E+00 + -1.97E-06j
------------------------------------------------------------






Delta: 0.75
Energy: -1.59E+00 + -1.78E-06j
------------------------------------------------------------






Delta: 0.80
Energy: -1.60E+00 + -1.93E-06j
------------------------------------------------------------






Delta: 0.85
Energy: -1.60E+00 + -4.13E-06j
------------------------------------------------------------






Delta: 0.90
Energy: -1.61E+00 + -6.05E-06j
------------------------------------------------------------






Delta: 0.95
Energy: -1.61E+00 + -2.58E-06j
------------------------------------------------------------






Delta: 1.00
Energy: -1.62E+00 + -3.28E-06j
------------------------------------------------------------






N=8
{'a': array([0, 0, 0, 0, 0, 0, 0, 0, 0, 0, 0, 0, 0, 0, 0, 0]), 'b': array([0, 0, 0, 0, 0, 0, 0, 0, 0, 0, 0, 0, 0, 0, 0, 0]), 'w': array([[-1.21075378e-01+1.20788392j,  7.93136830e-01+0.62269259j,
        -5.36500372e-01+0.41164608j,  2.46498154e-01-0.26017624j,
        -5.89946747e-01-0.18451168j,  6.14265525e-01+0.17207394j,
        -1.49444834e-01+0.16838305j, -2.56246569e-01-0.56632708j,
         0.00000000e+00+0.j        ,  0.00000000e+00+0.j        ,
         0.00000000e+00+0.j        ,  0.00000000e+00+0.j        ,
         0.00000000e+00+0.j        ,  0.00000000e+00+0.j        ,
         0.00000000e+00+0.j        ,  0.00000000e+00+0.j        ],
       [ 2.19283061e-01-0.07054968j,  5.58443883e-03-0.22790344j,
         7.84306431e-01+0.5313907j , -7.26897034e-01-0.46334253j,
        -7.29317146e-02+0.23414265j,  1.95087098e-01+0.07074481j,
        -8.31279806e-02-0.02733295j, -3.21165427e-01-0.04506933j,
         0.00000000e+00+0.j        ,  0.00000000e+00+0.j        ,
         0.00000000e+00+0.j        ,  0.00000000e+00+0.j        ,
         0.00000000e+00+0.j        ,  0.00000000e+00+0.j        ,
         0.00000000e+00+0.j        ,  0.00000000e+00+0.j        ],
       [ 3.73730353e-01+0.20433408j, -6.85455634e-04+0.22676123j,
         6.16219301e-02+0.92268999j, -1.39761261e-01+0.4722658j ,
        -8.39133399e-01-0.28860923j,  6.97359784e-01+0.02872973j,
         8.39256583e-02+0.60508156j, -2.35554883e-01-0.59758241j,
         0.00000000e+00+0.j        ,  0.00000000e+00+0.j        ,
         0.00000000e+00+0.j        ,  0.00000000e+00+0.j        ,
         0.00000000e+00+0.j        ,  0.00000000e+00+0.j        ,
         0.00000000e+00+0.j        ,  0.00000000e+00+0.j        ],
       [ 1.51145608e-01+0.0780225j ,  5.66006927e-02-0.14251309j,
         5.23957319e-01+0.34138692j, -7.09982748e-01-0.16566134j,
        -6.70136406e-02-0.05947241j,  4.00884359e-01+0.25539527j,
        -3.11935241e-01-0.19801156j, -4.12300569e-02-0.10992191j,
         0.00000000e+00+0.j        ,  0.00000000e+00+0.j        ,
         0.00000000e+00+0.j        ,  0.00000000e+00+0.j        ,
         0.00000000e+00+0.j        ,  0.00000000e+00+0.j        ,
         0.00000000e+00+0.j        ,  0.00000000e+00+0.j        ],
       [-8.62173457e-01-0.26062258j,  5.83177518e-01-0.18426502j,
        -7.44600752e-02+0.11973794j, -2.44499461e-01-0.51295683j,
         1.08991792e-01+1.62243366j,  2.35381064e-02+0.3909616j ,
         2.10314443e-01+1.01996314j,  1.61249632e-01-0.59666405j,
         0.00000000e+00+0.j        ,  0.00000000e+00+0.j        ,
         0.00000000e+00+0.j        ,  0.00000000e+00+0.j        ,
         0.00000000e+00+0.j        ,  0.00000000e+00+0.j        ,
         0.00000000e+00+0.j        ,  0.00000000e+00+0.j        ],
       [-1.87977906e-01+0.19412362j, -1.59901863e-01-0.33068355j,
         4.26070843e-01-0.01206561j, -3.83420767e-01-0.1131843j ,
         3.75355597e-01+0.82344399j, -3.83416071e-01-0.62476067j,
         4.50555577e-01+0.26684486j, -1.38783564e-01-0.19959004j,
         0.00000000e+00+0.j        ,  0.00000000e+00+0.j        ,
         0.00000000e+00+0.j        ,  0.00000000e+00+0.j        ,
         0.00000000e+00+0.j        ,  0.00000000e+00+0.j        ,
         0.00000000e+00+0.j        ,  0.00000000e+00+0.j        ],
       [-8.22897516e-02+0.18306515j,  7.13906159e-02-0.38549326j,
         5.18737618e-02+0.51190083j, -2.08874740e-01-0.19258383j,
         1.56484917e-01-0.87059383j,  3.85922061e-01+1.19036397j,
        -1.03135315e+00-0.7018043j ,  6.58349009e-01+1.83881601j,
         0.00000000e+00+0.j        ,  0.00000000e+00+0.j        ,
         0.00000000e+00+0.j        ,  0.00000000e+00+0.j        ,
         0.00000000e+00+0.j        ,  0.00000000e+00+0.j        ,
         0.00000000e+00+0.j        ,  0.00000000e+00+0.j        ],
       [-7.95274332e-01-0.10031898j,  5.82996752e-01-0.46199084j,
        -2.42335516e-02+0.16924912j, -1.68654885e-01-0.6077005j ,
         9.65909832e-02+0.80253525j,  2.76949765e-02-0.13195939j,
         1.42850490e-01+0.57773744j,  1.31130209e-01-0.24598778j,
         0.00000000e+00+0.j        ,  0.00000000e+00+0.j        ,
         0.00000000e+00+0.j        ,  0.00000000e+00+0.j        ,
         0.00000000e+00+0.j        ,  0.00000000e+00+0.j        ,
         0.00000000e+00+0.j        ,  0.00000000e+00+0.j        ],
       [ 0.00000000e+00+0.j        ,  0.00000000e+00+0.j        ,
         0.00000000e+00+0.j        ,  0.00000000e+00+0.j        ,
         0.00000000e+00+0.j        ,  0.00000000e+00+0.j        ,
         0.00000000e+00+0.j        ,  0.00000000e+00+0.j        ,
        -1.21075378e-01+1.20788392j,  7.93136830e-01+0.62269259j,
        -5.36500372e-01+0.41164608j,  2.46498154e-01-0.26017624j,
        -5.89946747e-01-0.18451168j,  6.14265525e-01+0.17207394j,
        -1.49444834e-01+0.16838305j, -2.56246569e-01-0.56632708j],
       [ 0.00000000e+00+0.j        ,  0.00000000e+00+0.j        ,
         0.00000000e+00+0.j        ,  0.00000000e+00+0.j        ,
         0.00000000e+00+0.j        ,  0.00000000e+00+0.j        ,
         0.00000000e+00+0.j        ,  0.00000000e+00+0.j        ,
         2.19283061e-01-0.07054968j,  5.58443883e-03-0.22790344j,
         7.84306431e-01+0.5313907j , -7.26897034e-01-0.46334253j,
        -7.29317146e-02+0.23414265j,  1.95087098e-01+0.07074481j,
        -8.31279806e-02-0.02733295j, -3.21165427e-01-0.04506933j],
       [ 0.00000000e+00+0.j        ,  0.00000000e+00+0.j        ,
         0.00000000e+00+0.j        ,  0.00000000e+00+0.j        ,
         0.00000000e+00+0.j        ,  0.00000000e+00+0.j        ,
         0.00000000e+00+0.j        ,  0.00000000e+00+0.j        ,
         3.73730353e-01+0.20433408j, -6.85455634e-04+0.22676123j,
         6.16219301e-02+0.92268999j, -1.39761261e-01+0.4722658j ,
        -8.39133399e-01-0.28860923j,  6.97359784e-01+0.02872973j,
         8.39256583e-02+0.60508156j, -2.35554883e-01-0.59758241j],
       [ 0.00000000e+00+0.j        ,  0.00000000e+00+0.j        ,
         0.00000000e+00+0.j        ,  0.00000000e+00+0.j        ,
         0.00000000e+00+0.j        ,  0.00000000e+00+0.j        ,
         0.00000000e+00+0.j        ,  0.00000000e+00+0.j        ,
         1.51145608e-01+0.0780225j ,  5.66006927e-02-0.14251309j,
         5.23957319e-01+0.34138692j, -7.09982748e-01-0.16566134j,
        -6.70136406e-02-0.05947241j,  4.00884359e-01+0.25539527j,
        -3.11935241e-01-0.19801156j, -4.12300569e-02-0.10992191j],
       [ 0.00000000e+00+0.j        ,  0.00000000e+00+0.j        ,
         0.00000000e+00+0.j        ,  0.00000000e+00+0.j        ,
         0.00000000e+00+0.j        ,  0.00000000e+00+0.j        ,
         0.00000000e+00+0.j        ,  0.00000000e+00+0.j        ,
        -8.62173457e-01-0.26062258j,  5.83177518e-01-0.18426502j,
        -7.44600752e-02+0.11973794j, -2.44499461e-01-0.51295683j,
         1.08991792e-01+1.62243366j,  2.35381064e-02+0.3909616j ,
         2.10314443e-01+1.01996314j,  1.61249632e-01-0.59666405j],
       [ 0.00000000e+00+0.j        ,  0.00000000e+00+0.j        ,
         0.00000000e+00+0.j        ,  0.00000000e+00+0.j        ,
         0.00000000e+00+0.j        ,  0.00000000e+00+0.j        ,
         0.00000000e+00+0.j        ,  0.00000000e+00+0.j        ,
        -1.87977906e-01+0.19412362j, -1.59901863e-01-0.33068355j,
         4.26070843e-01-0.01206561j, -3.83420767e-01-0.1131843j ,
         3.75355597e-01+0.82344399j, -3.83416071e-01-0.62476067j,
         4.50555577e-01+0.26684486j, -1.38783564e-01-0.19959004j],
       [ 0.00000000e+00+0.j        ,  0.00000000e+00+0.j        ,
         0.00000000e+00+0.j        ,  0.00000000e+00+0.j        ,
         0.00000000e+00+0.j        ,  0.00000000e+00+0.j        ,
         0.00000000e+00+0.j        ,  0.00000000e+00+0.j        ,
        -8.22897516e-02+0.18306515j,  7.13906159e-02-0.38549326j,
         5.18737618e-02+0.51190083j, -2.08874740e-01-0.19258383j,
         1.56484917e-01-0.87059383j,  3.85922061e-01+1.19036397j,
        -1.03135315e+00-0.7018043j ,  6.58349009e-01+1.83881601j],
       [ 0.00000000e+00+0.j        ,  0.00000000e+00+0.j        ,
         0.00000000e+00+0.j        ,  0.00000000e+00+0.j        ,
         0.00000000e+00+0.j        ,  0.00000000e+00+0.j        ,
         0.00000000e+00+0.j        ,  0.00000000e+00+0.j        ,
        -7.95274332e-01-0.10031898j,  5.82996752e-01-0.46199084j,
        -2.42335516e-02+0.16924912j, -1.68654885e-01-0.6077005j ,
         9.65909832e-02+0.80253525j,  2.76949765e-02-0.13195939j,
         1.42850490e-01+0.57773744j,  1.31130209e-01-0.24598778j]])}
**********************************************************************
Output for N=8 Hamiltonian
------------------------------------------------------------
Total time = 4.1860763725 hours
Parameters:
{'a': array([0, 0, 0, 0, 0, 0, 0, 0]),
 'b': array([0, 0, 0, 0, 0, 0, 0, 0]),
 'w': array([[-1.21075378e-01+1.20788392j,  7.93136830e-01+0.62269259j,
        -5.36500372e-01+0.41164608j,  2.46498154e-01-0.26017624j,
        -5.89946747e-01-0.18451168j,  6.14265525e-01+0.17207394j,
        -1.49444834e-01+0.16838305j, -2.56246569e-01-0.56632708j],
       [ 2.19283061e-01-0.07054968j,  5.58443883e-03-0.22790344j,
         7.84306431e-01+0.5313907j , -7.26897034e-01-0.46334253j,
        -7.29317146e-02+0.23414265j,  1.95087098e-01+0.07074481j,
        -8.31279806e-02-0.02733295j, -3.21165427e-01-0.04506933j],
       [ 3.73730353e-01+0.20433408j, -6.85455634e-04+0.22676123j,
         6.16219301e-02+0.92268999j, -1.39761261e-01+0.4722658j ,
        -8.39133399e-01-0.28860923j,  6.97359784e-01+0.02872973j,
         8.39256583e-02+0.60508156j, -2.35554883e-01-0.59758241j],
       [ 1.51145608e-01+0.0780225j ,  5.66006927e-02-0.14251309j,
         5.23957319e-01+0.34138692j, -7.09982748e-01-0.16566134j,
        -6.70136406e-02-0.05947241j,  4.00884359e-01+0.25539527j,
        -3.11935241e-01-0.19801156j, -4.12300569e-02-0.10992191j],
       [-8.62173457e-01-0.26062258j,  5.83177518e-01-0.18426502j,
        -7.44600752e-02+0.11973794j, -2.44499461e-01-0.51295683j,
         1.08991792e-01+1.62243366j,  2.35381064e-02+0.3909616j ,
         2.10314443e-01+1.01996314j,  1.61249632e-01-0.59666405j],
       [-1.87977906e-01+0.19412362j, -1.59901863e-01-0.33068355j,
         4.26070843e-01-0.01206561j, -3.83420767e-01-0.1131843j ,
         3.75355597e-01+0.82344399j, -3.83416071e-01-0.62476067j,
         4.50555577e-01+0.26684486j, -1.38783564e-01-0.19959004j],
       [-8.22897516e-02+0.18306515j,  7.13906159e-02-0.38549326j,
         5.18737618e-02+0.51190083j, -2.08874740e-01-0.19258383j,
         1.56484917e-01-0.87059383j,  3.85922061e-01+1.19036397j,
        -1.03135315e+00-0.7018043j ,  6.58349009e-01+1.83881601j],
       [-7.95274332e-01-0.10031898j,  5.82996752e-01-0.46199084j,
        -2.42335516e-02+0.16924912j, -1.68654885e-01-0.6077005j ,
         9.65909832e-02+0.80253525j,  2.76949765e-02-0.13195939j,
         1.42850490e-01+0.57773744j,  1.31130209e-01-0.24598778j]])}
------------------------------------------------------------
Summary: 
Delta: 0.00
Energy: -2.46E+02 + 8.06E+01j
------------------------------------------------------------






Delta: 0.05
Energy: -2.11E+00 + 1.64E-02j
------------------------------------------------------------






Delta: 0.10
Energy: -2.11E+00 + -7.13E-03j
------------------------------------------------------------






Delta: 0.15
Energy: -2.64E+00 + -2.65E-02j
------------------------------------------------------------






Delta: 0.20
Energy: -2.73E+00 + 3.18E-02j
------------------------------------------------------------






Delta: 0.25
Energy: -2.72E+00 + -3.38E-03j
------------------------------------------------------------






Delta: 0.30
Energy: -2.74E+00 + 1.83E-02j
------------------------------------------------------------






Delta: 0.35
Energy: -2.76E+00 + 2.53E-02j
------------------------------------------------------------






Delta: 0.40
Energy: -2.79E+00 + -5.23E-03j
------------------------------------------------------------






Delta: 0.45
Energy: -2.98E+00 + -1.58E-04j
------------------------------------------------------------






Delta: 0.50
Energy: -3.13E+00 + -1.86E-02j
------------------------------------------------------------






Delta: 0.55
Energy: -3.14E+00 + -1.23E-02j
------------------------------------------------------------






Delta: 0.60
Energy: -3.16E+00 + -8.75E-03j
------------------------------------------------------------






Delta: 0.65
Energy: -3.19E+00 + -3.26E-02j
------------------------------------------------------------






Delta: 0.70
Energy: -3.18E+00 + 9.61E-03j
------------------------------------------------------------






Delta: 0.75
Energy: -3.24E+00 + -1.52E-02j
------------------------------------------------------------






Delta: 0.80
Energy: -3.28E+00 + -2.10E-02j
------------------------------------------------------------






Delta: 0.85
Energy: -3.29E+00 + -6.46E-03j
------------------------------------------------------------






Delta: 0.90
Energy: -3.25E+00 + -6.60E-03j
------------------------------------------------------------






Delta: 0.95
Energy: -3.35E+00 + -3.23E-02j
------------------------------------------------------------






Delta: 1.00
Energy: -3.38E+00 + -1.89E-02j
------------------------------------------------------------






Total time: -6.397956005277778
