running build_ext
skipping 'lib/enumeration_qvmc/utils.c' Cython extension (up-to-date)
skipping 'lib/enumeration_qvmc/state.c' Cython extension (up-to-date)
skipping 'lib/enumeration_qvmc/optimizer.c' Cython extension (up-to-date)
skipping 'lib/enumeration_qvmc/debug.c' Cython extension (up-to-date)
skipping 'lib/enumeration_qvmc/hamiltonian.c' Cython extension (up-to-date)
/home/hanbury.p/env/lib/python3.7/site-packages/numpy/core/numeric.py:538: ComplexWarning: Casting complex values to real discards the imaginary part
  return array(a, dtype, copy=False, order=order)
/home/hanbury.p/env/lib/python3.7/site-packages/matplotlib/pyplot.py:514: RuntimeWarning: More than 20 figures have been opened. Figures created through the pyplot interface (`matplotlib.pyplot.figure`) are retained until explicitly closed and may consume too much memory. (To control this warning, see the rcParam `figure.max_open_warning`).
  max_open_warning, RuntimeWarning)
Run Configurations:
{'deltas': [0.0,
            0.05,
            0.1,
            0.15,
            0.2,
            0.25,
            0.3,
            0.35,
            0.4,
            0.45,
            0.5,
            0.55,
            0.6,
            0.65,
            0.7,
            0.75,
            0.8,
            0.85,
            0.9,
            0.95,
            1.0],
 'fixed_params': [],
 'initial_diamer_state': 'option_1',
 'learning_rate': 0.005,
 'name': 'EnumerationLowLR',
 'noise_scale': 0.01,
 'notes': '\n'
          '              This is to determine what will happen\n'
          '              if we unfix A and B\n'
          '              ',
 'num_monte_carlos_per_delta': 400,
 'num_particles': 8,
 'num_steps': 10000,
 'save_dir': '/home/hanbury.p/feiguin/vmc/dynamic_adiabatic/outputs/EnumerationLowLR_2019-05-28-09:51'}
**************************************************


N=4
{'a': array([0, 0, 0, 0, 0, 0, 0, 0]), 'b': array([0, 0, 0, 0, 0, 0, 0, 0]), 'w': array([[ 0.15651696+0.72240149j,  0.19851832+0.84772079j,
        -0.18102764+0.05696865j, -0.13900559-0.06620237j,
         0.        +0.j        ,  0.        +0.j        ,
         0.        +0.j        ,  0.        +0.j        ],
       [-0.03662556-0.00961984j,  0.01912119+0.01087469j,
        -0.03835613+0.01554064j,  0.01722236-0.00641567j,
         0.        +0.j        ,  0.        +0.j        ,
         0.        +0.j        ,  0.        +0.j        ],
       [ 0.045177  +0.00311378j,  0.27068798-0.01521278j,
        -0.29273398+0.77461155j, -0.06662644+0.79210998j,
         0.        +0.j        ,  0.        +0.j        ,
         0.        +0.j        ,  0.        +0.j        ],
       [ 0.02764025-0.19501551j, -0.01946563+0.18609875j,
         0.01638048+0.19574169j, -0.0303341 -0.18552577j,
         0.        +0.j        ,  0.        +0.j        ,
         0.        +0.j        ,  0.        +0.j        ],
       [ 0.        +0.j        ,  0.        +0.j        ,
         0.        +0.j        ,  0.        +0.j        ,
         0.15651696+0.72240149j,  0.19851832+0.84772079j,
        -0.18102764+0.05696865j, -0.13900559-0.06620237j],
       [ 0.        +0.j        ,  0.        +0.j        ,
         0.        +0.j        ,  0.        +0.j        ,
        -0.03662556-0.00961984j,  0.01912119+0.01087469j,
        -0.03835613+0.01554064j,  0.01722236-0.00641567j],
       [ 0.        +0.j        ,  0.        +0.j        ,
         0.        +0.j        ,  0.        +0.j        ,
         0.045177  +0.00311378j,  0.27068798-0.01521278j,
        -0.29273398+0.77461155j, -0.06662644+0.79210998j],
       [ 0.        +0.j        ,  0.        +0.j        ,
         0.        +0.j        ,  0.        +0.j        ,
         0.02764025-0.19501551j, -0.01946563+0.18609875j,
         0.01638048+0.19574169j, -0.0303341 -0.18552577j]])}
**********************************************************************
Output for N=4 Hamiltonian
------------------------------------------------------------
Total time = 0.016863261944444444 hours
Parameters:
{'a': array([-0.00395551-0.01299311j,  0.00463134-0.00182378j,
        0.00178138-0.00524412j, -0.00522193-0.00178981j]),
 'b': array([ 0.00141149+0.04955815j, -0.00368759+0.00360014j,
       -0.00462456-0.0450503j , -0.0085161 +0.00133754j]),
 'w': array([[ 0.15651696+0.72240149j,  0.19851832+0.84772079j,
        -0.18102764+0.05696865j, -0.13900559-0.06620237j],
       [-0.03662556-0.00961984j,  0.01912119+0.01087469j,
        -0.03835613+0.01554064j,  0.01722236-0.00641567j],
       [ 0.045177  +0.00311378j,  0.27068798-0.01521278j,
        -0.29273398+0.77461155j, -0.06662644+0.79210998j],
       [ 0.02764025-0.19501551j, -0.01946563+0.18609875j,
         0.01638048+0.19574169j, -0.0303341 -0.18552577j]])}
------------------------------------------------------------
Summary: 
Delta: 0.00
Energy: -1.50E+00 + -6.78E-20j
------------------------------------------------------------






Delta: 0.05
Energy: -1.53E+00 + 1.19E-20j
------------------------------------------------------------






Delta: 0.10
Energy: -1.57E+00 + -6.10E-20j
------------------------------------------------------------






Delta: 0.15
Energy: -1.58E+00 + 1.27E-20j
------------------------------------------------------------






Delta: 0.20
Energy: -1.59E+00 + 1.68E-19j
------------------------------------------------------------






Delta: 0.25
Energy: -1.60E+00 + 1.41E-19j
------------------------------------------------------------






Delta: 0.30
Energy: -1.62E+00 + 8.85E-20j
------------------------------------------------------------






Delta: 0.35
Energy: -1.63E+00 + -4.15E-20j
------------------------------------------------------------






Delta: 0.40
Energy: -1.64E+00 + 6.78E-21j
------------------------------------------------------------






Delta: 0.45
Energy: -1.66E+00 + -2.12E-21j
------------------------------------------------------------






Delta: 0.50
Energy: -1.67E+00 + 1.38E-20j
------------------------------------------------------------






Delta: 0.55
Energy: -1.69E+00 + -2.48E-20j
------------------------------------------------------------






Delta: 0.60
Energy: -1.70E+00 + -1.01E-20j
------------------------------------------------------------






Delta: 0.65
Energy: -1.72E+00 + 1.69E-21j
------------------------------------------------------------






Delta: 0.70
Energy: -1.73E+00 + 8.15E-21j
------------------------------------------------------------






Delta: 0.75
Energy: -1.75E+00 + -7.73E-21j
------------------------------------------------------------






Delta: 0.80
Energy: -1.77E+00 + 1.27E-20j
------------------------------------------------------------






Delta: 0.85
Energy: -1.79E+00 + 1.43E-21j
------------------------------------------------------------






Delta: 0.90
Energy: -1.81E+00 + -2.01E-21j
------------------------------------------------------------






Delta: 0.95
Energy: -1.83E+00 + 6.19E-21j
------------------------------------------------------------






Delta: 1.00
Energy: -1.85E+00 + 1.10E-20j
------------------------------------------------------------






N=8
{'a': array([0, 0, 0, 0, 0, 0, 0, 0, 0, 0, 0, 0, 0, 0, 0, 0]), 'b': array([0, 0, 0, 0, 0, 0, 0, 0, 0, 0, 0, 0, 0, 0, 0, 0]), 'w': array([[ 0.0947656 +0.56501841j,  0.0577558 +0.64551251j,
        -0.1101874 +0.14641278j, -0.13895183-0.07968235j,
         0.13406762-0.02487992j,  0.01545217+0.05038036j,
         0.03082491+0.07617918j, -0.04872481+0.18194759j,
         0.        +0.j        ,  0.        +0.j        ,
         0.        +0.j        ,  0.        +0.j        ,
         0.        +0.j        ,  0.        +0.j        ,
         0.        +0.j        ,  0.        +0.j        ],
       [-0.1305689 +0.04564105j,  0.09815566+0.00981865j,
        -0.11271698+0.02980005j,  0.11318073-0.07981687j,
        -0.12162912-0.04764205j,  0.07207265+0.05356449j,
        -0.07114486-0.03071873j,  0.11401266+0.02973323j,
         0.        +0.j        ,  0.        +0.j        ,
         0.        +0.j        ,  0.        +0.j        ,
         0.        +0.j        ,  0.        +0.j        ,
         0.        +0.j        ,  0.        +0.j        ],
       [ 0.12579851-0.10044346j,  0.14830932+0.22079401j,
        -0.20527556+0.56190286j,  0.05919626+0.59957039j,
        -0.0464732 +0.14543675j, -0.01917909+0.0508499j ,
        -0.03484996+0.04207282j, -0.07102171+0.03443926j,
         0.        +0.j        ,  0.        +0.j        ,
         0.        +0.j        ,  0.        +0.j        ,
         0.        +0.j        ,  0.        +0.j        ,
         0.        +0.j        ,  0.        +0.j        ],
       [-0.05768717-0.14618838j,  0.04748015+0.20796241j,
         0.01548868+0.1830332j , -0.0858119 -0.13897099j,
         0.08413012-0.04858691j,  0.03523605+0.01978038j,
        -0.04171222-0.01491028j, -0.00290271-0.06082027j,
         0.        +0.j        ,  0.        +0.j        ,
         0.        +0.j        ,  0.        +0.j        ,
         0.        +0.j        ,  0.        +0.j        ,
         0.        +0.j        ,  0.        +0.j        ],
       [ 0.13406762-0.02487992j,  0.01545217+0.05038036j,
         0.03082491+0.07617918j, -0.04872481+0.18194759j,
         0.0947656 +0.56501841j,  0.0577558 +0.64551251j,
        -0.1101874 +0.14641278j, -0.13895183-0.07968235j,
         0.        +0.j        ,  0.        +0.j        ,
         0.        +0.j        ,  0.        +0.j        ,
         0.        +0.j        ,  0.        +0.j        ,
         0.        +0.j        ,  0.        +0.j        ],
       [-0.12162912-0.04764205j,  0.07207265+0.05356449j,
        -0.07114486-0.03071873j,  0.11401266+0.02973323j,
        -0.1305689 +0.04564105j,  0.09815566+0.00981865j,
        -0.11271698+0.02980005j,  0.11318073-0.07981687j,
         0.        +0.j        ,  0.        +0.j        ,
         0.        +0.j        ,  0.        +0.j        ,
         0.        +0.j        ,  0.        +0.j        ,
         0.        +0.j        ,  0.        +0.j        ],
       [-0.0464732 +0.14543675j, -0.01917909+0.0508499j ,
        -0.03484996+0.04207282j, -0.07102171+0.03443926j,
         0.12579851-0.10044346j,  0.14830932+0.22079401j,
        -0.20527556+0.56190286j,  0.05919626+0.59957039j,
         0.        +0.j        ,  0.        +0.j        ,
         0.        +0.j        ,  0.        +0.j        ,
         0.        +0.j        ,  0.        +0.j        ,
         0.        +0.j        ,  0.        +0.j        ],
       [ 0.08413012-0.04858691j,  0.03523605+0.01978038j,
        -0.04171222-0.01491028j, -0.00290271-0.06082027j,
        -0.05768717-0.14618838j,  0.04748015+0.20796241j,
         0.01548868+0.1830332j , -0.0858119 -0.13897099j,
         0.        +0.j        ,  0.        +0.j        ,
         0.        +0.j        ,  0.        +0.j        ,
         0.        +0.j        ,  0.        +0.j        ,
         0.        +0.j        ,  0.        +0.j        ],
       [ 0.        +0.j        ,  0.        +0.j        ,
         0.        +0.j        ,  0.        +0.j        ,
         0.        +0.j        ,  0.        +0.j        ,
         0.        +0.j        ,  0.        +0.j        ,
         0.0947656 +0.56501841j,  0.0577558 +0.64551251j,
        -0.1101874 +0.14641278j, -0.13895183-0.07968235j,
         0.13406762-0.02487992j,  0.01545217+0.05038036j,
         0.03082491+0.07617918j, -0.04872481+0.18194759j],
       [ 0.        +0.j        ,  0.        +0.j        ,
         0.        +0.j        ,  0.        +0.j        ,
         0.        +0.j        ,  0.        +0.j        ,
         0.        +0.j        ,  0.        +0.j        ,
        -0.1305689 +0.04564105j,  0.09815566+0.00981865j,
        -0.11271698+0.02980005j,  0.11318073-0.07981687j,
        -0.12162912-0.04764205j,  0.07207265+0.05356449j,
        -0.07114486-0.03071873j,  0.11401266+0.02973323j],
       [ 0.        +0.j        ,  0.        +0.j        ,
         0.        +0.j        ,  0.        +0.j        ,
         0.        +0.j        ,  0.        +0.j        ,
         0.        +0.j        ,  0.        +0.j        ,
         0.12579851-0.10044346j,  0.14830932+0.22079401j,
        -0.20527556+0.56190286j,  0.05919626+0.59957039j,
        -0.0464732 +0.14543675j, -0.01917909+0.0508499j ,
        -0.03484996+0.04207282j, -0.07102171+0.03443926j],
       [ 0.        +0.j        ,  0.        +0.j        ,
         0.        +0.j        ,  0.        +0.j        ,
         0.        +0.j        ,  0.        +0.j        ,
         0.        +0.j        ,  0.        +0.j        ,
        -0.05768717-0.14618838j,  0.04748015+0.20796241j,
         0.01548868+0.1830332j , -0.0858119 -0.13897099j,
         0.08413012-0.04858691j,  0.03523605+0.01978038j,
        -0.04171222-0.01491028j, -0.00290271-0.06082027j],
       [ 0.        +0.j        ,  0.        +0.j        ,
         0.        +0.j        ,  0.        +0.j        ,
         0.        +0.j        ,  0.        +0.j        ,
         0.        +0.j        ,  0.        +0.j        ,
         0.13406762-0.02487992j,  0.01545217+0.05038036j,
         0.03082491+0.07617918j, -0.04872481+0.18194759j,
         0.0947656 +0.56501841j,  0.0577558 +0.64551251j,
        -0.1101874 +0.14641278j, -0.13895183-0.07968235j],
       [ 0.        +0.j        ,  0.        +0.j        ,
         0.        +0.j        ,  0.        +0.j        ,
         0.        +0.j        ,  0.        +0.j        ,
         0.        +0.j        ,  0.        +0.j        ,
        -0.12162912-0.04764205j,  0.07207265+0.05356449j,
        -0.07114486-0.03071873j,  0.11401266+0.02973323j,
        -0.1305689 +0.04564105j,  0.09815566+0.00981865j,
        -0.11271698+0.02980005j,  0.11318073-0.07981687j],
       [ 0.        +0.j        ,  0.        +0.j        ,
         0.        +0.j        ,  0.        +0.j        ,
         0.        +0.j        ,  0.        +0.j        ,
         0.        +0.j        ,  0.        +0.j        ,
        -0.0464732 +0.14543675j, -0.01917909+0.0508499j ,
        -0.03484996+0.04207282j, -0.07102171+0.03443926j,
         0.12579851-0.10044346j,  0.14830932+0.22079401j,
        -0.20527556+0.56190286j,  0.05919626+0.59957039j],
       [ 0.        +0.j        ,  0.        +0.j        ,
         0.        +0.j        ,  0.        +0.j        ,
         0.        +0.j        ,  0.        +0.j        ,
         0.        +0.j        ,  0.        +0.j        ,
         0.08413012-0.04858691j,  0.03523605+0.01978038j,
        -0.04171222-0.01491028j, -0.00290271-0.06082027j,
        -0.05768717-0.14618838j,  0.04748015+0.20796241j,
         0.01548868+0.1830332j , -0.0858119 -0.13897099j]])}
**********************************************************************
Output for N=8 Hamiltonian
------------------------------------------------------------
Total time = 0.4174924980555556 hours
Parameters:
{'a': array([-2.28350286e-17+2.81039868e-18j,  6.15650537e-18-1.10155507e-17j,
        2.29904034e-17-7.91784958e-18j,  1.87828127e-17+6.92835987e-19j,
        5.11343954e-18+7.01642825e-19j, -7.73049075e-19+1.87552735e-18j,
        1.15625255e-17+1.18020250e-17j, -2.55202446e-18+1.08642722e-18j]),
 'b': array([ 1.81389593e-17-5.53591353e-17j,  8.71866628e-18-1.53251405e-18j,
        9.55140458e-18+5.37140499e-18j,  2.11838546e-18+4.32890451e-17j,
        1.10136708e-17-7.01047099e-18j, -1.02718356e-17+3.14697991e-18j,
       -3.77040396e-19+1.28829775e-17j,  1.99700210e-18-1.12215189e-17j]),
 'w': array([[ 0.0947656 +0.56501841j,  0.0577558 +0.64551251j,
        -0.1101874 +0.14641278j, -0.13895183-0.07968235j,
         0.13406762-0.02487992j,  0.01545217+0.05038036j,
         0.03082491+0.07617918j, -0.04872481+0.18194759j],
       [-0.1305689 +0.04564105j,  0.09815566+0.00981865j,
        -0.11271698+0.02980005j,  0.11318073-0.07981687j,
        -0.12162912-0.04764205j,  0.07207265+0.05356449j,
        -0.07114486-0.03071873j,  0.11401266+0.02973323j],
       [ 0.12579851-0.10044346j,  0.14830932+0.22079401j,
        -0.20527556+0.56190286j,  0.05919626+0.59957039j,
        -0.0464732 +0.14543675j, -0.01917909+0.0508499j ,
        -0.03484996+0.04207282j, -0.07102171+0.03443926j],
       [-0.05768717-0.14618838j,  0.04748015+0.20796241j,
         0.01548868+0.1830332j , -0.0858119 -0.13897099j,
         0.08413012-0.04858691j,  0.03523605+0.01978038j,
        -0.04171222-0.01491028j, -0.00290271-0.06082027j],
       [ 0.13406762-0.02487992j,  0.01545217+0.05038036j,
         0.03082491+0.07617918j, -0.04872481+0.18194759j,
         0.0947656 +0.56501841j,  0.0577558 +0.64551251j,
        -0.1101874 +0.14641278j, -0.13895183-0.07968235j],
       [-0.12162912-0.04764205j,  0.07207265+0.05356449j,
        -0.07114486-0.03071873j,  0.11401266+0.02973323j,
        -0.1305689 +0.04564105j,  0.09815566+0.00981865j,
        -0.11271698+0.02980005j,  0.11318073-0.07981687j],
       [-0.0464732 +0.14543675j, -0.01917909+0.0508499j ,
        -0.03484996+0.04207282j, -0.07102171+0.03443926j,
         0.12579851-0.10044346j,  0.14830932+0.22079401j,
        -0.20527556+0.56190286j,  0.05919626+0.59957039j],
       [ 0.08413012-0.04858691j,  0.03523605+0.01978038j,
        -0.04171222-0.01491028j, -0.00290271-0.06082027j,
        -0.05768717-0.14618838j,  0.04748015+0.20796241j,
         0.01548868+0.1830332j , -0.0858119 -0.13897099j]])}
------------------------------------------------------------
Summary: 
Delta: 0.00
Energy: -3.23E+00 + -1.10E-18j
------------------------------------------------------------






Delta: 0.05
Energy: -3.23E+00 + -1.16E-18j
------------------------------------------------------------






Delta: 0.10
Energy: -3.23E+00 + -7.32E-19j
------------------------------------------------------------






Delta: 0.15
Energy: -3.23E+00 + 2.14E-18j
------------------------------------------------------------






Delta: 0.20
Energy: -3.24E+00 + 4.70E-18j
------------------------------------------------------------






Delta: 0.25
Energy: -3.24E+00 + -1.20E-18j
------------------------------------------------------------






Delta: 0.30
Energy: -3.24E+00 + -3.52E-18j
------------------------------------------------------------






Delta: 0.35
Energy: -3.25E+00 + 1.69E-20j
------------------------------------------------------------






Delta: 0.40
Energy: -3.26E+00 + 2.55E-18j
------------------------------------------------------------






Delta: 0.45
Energy: -3.27E+00 + 2.47E-18j
------------------------------------------------------------






Delta: 0.50
Energy: -3.30E+00 + 7.24E-18j
------------------------------------------------------------






Delta: 0.55
Energy: -3.33E+00 + -1.54E-18j
------------------------------------------------------------






Delta: 0.60
Energy: -3.36E+00 + -2.36E-18j
------------------------------------------------------------






Delta: 0.65
Energy: -3.38E+00 + 4.38E-18j
------------------------------------------------------------






Delta: 0.70
Energy: -3.41E+00 + 3.37E-18j
------------------------------------------------------------






Delta: 0.75
Energy: -3.44E+00 + -1.06E-17j
------------------------------------------------------------






Delta: 0.80
Energy: -3.48E+00 + -1.73E-17j
------------------------------------------------------------






Delta: 0.85
Energy: -3.52E+00 + -1.02E-18j
------------------------------------------------------------






Delta: 0.90
Energy: -3.56E+00 + -2.47E-17j
------------------------------------------------------------






Delta: 0.95
Energy: -3.60E+00 + -5.43E-18j
------------------------------------------------------------






Delta: 1.00
Energy: -3.64E+00 + 3.45E-17j
------------------------------------------------------------






Total time: -0.4343594902777778
