running build_ext
skipping 'lib/qvmc/utils.c' Cython extension (up-to-date)
skipping 'lib/qvmc/state.c' Cython extension (up-to-date)
cythoning lib/qvmc/optimizer.pyx to lib/qvmc/optimizer.c
building 'lib.qvmc.optimizer' extension
gcc -pthread -Wno-unused-result -Wsign-compare -DNDEBUG -g -fwrapv -O3 -Wall -fPIC -I/home/hanbury.p/env/include -I/shared/centos7/python/3.7.1/include/python3.7m -c lib/qvmc/optimizer.c -o build/temp.linux-x86_64-3.7/lib/qvmc/optimizer.o
gcc -pthread -shared build/temp.linux-x86_64-3.7/lib/qvmc/optimizer.o -L/shared/centos7/python/3.7.1/lib -lpython3.7m -o /home/hanbury.p/feiguin/vmc/dynamic_adiabatic/lib/qvmc/optimizer.cpython-37m-x86_64-linux-gnu.so
skipping 'lib/qvmc/debug.c' Cython extension (up-to-date)
skipping 'lib/qvmc/hamiltonian.c' Cython extension (up-to-date)
/home/hanbury.p/env/lib/python3.7/site-packages/numpy/core/numeric.py:538: ComplexWarning: Casting complex values to real discards the imaginary part
  return array(a, dtype, copy=False, order=order)
/home/hanbury.p/env/lib/python3.7/site-packages/matplotlib/pyplot.py:514: RuntimeWarning: More than 20 figures have been opened. Figures created through the pyplot interface (`matplotlib.pyplot.figure`) are retained until explicitly closed and may consume too much memory. (To control this warning, see the rcParam `figure.max_open_warning`).
  max_open_warning, RuntimeWarning)
Run Configurations:
{'deltas': [0.0,
            0.05,
            0.1,
            0.15,
            0.2,
            0.25,
            0.3,
            0.35,
            0.4,
            0.45,
            0.5,
            0.55,
            0.6,
            0.65,
            0.7,
            0.75,
            0.8,
            0.85,
            0.9,
            0.95,
            1.0],
 'fixed_params': ['a', 'b'],
 'initial_diamer_state': 'option_1',
 'learning_rate': 0.01,
 'name': '8LowLROption1',
 'notes': '\n'
          '              This is to test a smaller learning rate,\n'
          '              but larger than the last one, hoping to\n'
          '              fix the gradient descent problem. Using option 1\n'
          '              \n'
          '              Fixed optimal parameters bug. Will see what that '
          'does\n'
          '              ',
 'num_monte_carlos_per_delta': 100,
 'num_particles': 8,
 'num_steps': 10000,
 'save_dir': '/home/hanbury.p/feiguin/vmc/dynamic_adiabatic/outputs/8LowLROption1_2019-05-15-11:10'}
**************************************************


N=4
{'a': array([0, 0, 0, 0, 0, 0, 0, 0]), 'b': array([0, 0, 0, 0, 0, 0, 0, 0]), 'w': array([[-0.02814137+8.48425349e-01j,  0.01273836+7.01788293e-01j,
        -0.03151477+6.58764475e-02j,  0.01022226-7.71034283e-02j,
         0.        +0.00000000e+00j,  0.        +0.00000000e+00j,
         0.        +0.00000000e+00j,  0.        +0.00000000e+00j],
       [ 0.09321881-2.50277407e-02j, -0.1008923 -1.97185991e-02j,
         0.05590836-7.72019517e-03j, -0.13853612+4.38214472e-04j,
         0.        +0.00000000e+00j,  0.        +0.00000000e+00j,
         0.        +0.00000000e+00j,  0.        +0.00000000e+00j],
       [-0.11347981+5.50652783e-02j,  0.11882499-5.76541691e-02j,
        -0.10484672+8.45153233e-01j,  0.12981487+7.35188580e-01j,
         0.        +0.00000000e+00j,  0.        +0.00000000e+00j,
         0.        +0.00000000e+00j,  0.        +0.00000000e+00j],
       [ 0.21644711+5.66716802e-02j, -0.23794669-3.32431639e-02j,
         0.19623451+5.11510474e-02j, -0.25641404-3.44859996e-02j,
         0.        +0.00000000e+00j,  0.        +0.00000000e+00j,
         0.        +0.00000000e+00j,  0.        +0.00000000e+00j],
       [ 0.        +0.00000000e+00j,  0.        +0.00000000e+00j,
         0.        +0.00000000e+00j,  0.        +0.00000000e+00j,
        -0.02814137+8.48425349e-01j,  0.01273836+7.01788293e-01j,
        -0.03151477+6.58764475e-02j,  0.01022226-7.71034283e-02j],
       [ 0.        +0.00000000e+00j,  0.        +0.00000000e+00j,
         0.        +0.00000000e+00j,  0.        +0.00000000e+00j,
         0.09321881-2.50277407e-02j, -0.1008923 -1.97185991e-02j,
         0.05590836-7.72019517e-03j, -0.13853612+4.38214472e-04j],
       [ 0.        +0.00000000e+00j,  0.        +0.00000000e+00j,
         0.        +0.00000000e+00j,  0.        +0.00000000e+00j,
        -0.11347981+5.50652783e-02j,  0.11882499-5.76541691e-02j,
        -0.10484672+8.45153233e-01j,  0.12981487+7.35188580e-01j],
       [ 0.        +0.00000000e+00j,  0.        +0.00000000e+00j,
         0.        +0.00000000e+00j,  0.        +0.00000000e+00j,
         0.21644711+5.66716802e-02j, -0.23794669-3.32431639e-02j,
         0.19623451+5.11510474e-02j, -0.25641404-3.44859996e-02j]])}
**********************************************************************
Output for N=4 Hamiltonian
------------------------------------------------------------
Total time = 2.3271381091666665 hours
Parameters:
{'a': array([0, 0, 0, 0]),
 'b': array([0, 0, 0, 0]),
 'w': array([[-0.02814137+8.48425349e-01j,  0.01273836+7.01788293e-01j,
        -0.03151477+6.58764475e-02j,  0.01022226-7.71034283e-02j],
       [ 0.09321881-2.50277407e-02j, -0.1008923 -1.97185991e-02j,
         0.05590836-7.72019517e-03j, -0.13853612+4.38214472e-04j],
       [-0.11347981+5.50652783e-02j,  0.11882499-5.76541691e-02j,
        -0.10484672+8.45153233e-01j,  0.12981487+7.35188580e-01j],
       [ 0.21644711+5.66716802e-02j, -0.23794669-3.32431639e-02j,
         0.19623451+5.11510474e-02j, -0.25641404-3.44859996e-02j]])}
------------------------------------------------------------
Summary: 
Delta: 0.00
Energy: -1.51E+00 + 1.17E-05j
------------------------------------------------------------






Delta: 0.05
Energy: -1.51E+00 + 2.32E-04j
------------------------------------------------------------






Delta: 0.10
Energy: -1.51E+00 + 1.11E-03j
------------------------------------------------------------






Delta: 0.15
Energy: -1.53E+00 + 1.47E-03j
------------------------------------------------------------






Delta: 0.20
Energy: -1.54E+00 + 5.32E-04j
------------------------------------------------------------






Delta: 0.25
Energy: -1.55E+00 + 6.83E-04j
------------------------------------------------------------






Delta: 0.30
Energy: -1.55E+00 + 6.93E-04j
------------------------------------------------------------






Delta: 0.35
Energy: -1.56E+00 + 3.05E-04j
------------------------------------------------------------






Delta: 0.40
Energy: -1.56E+00 + -6.97E-06j
------------------------------------------------------------






Delta: 0.45
Energy: -1.56E+00 + -5.94E-05j
------------------------------------------------------------






Delta: 0.50
Energy: -1.57E+00 + -6.36E-05j
------------------------------------------------------------






Delta: 0.55
Energy: -1.57E+00 + -8.48E-05j
------------------------------------------------------------






Delta: 0.60
Energy: -1.58E+00 + -6.94E-05j
------------------------------------------------------------






Delta: 0.65
Energy: -1.58E+00 + -7.96E-05j
------------------------------------------------------------






Delta: 0.70
Energy: -1.59E+00 + -6.85E-05j
------------------------------------------------------------






Delta: 0.75
Energy: -1.59E+00 + -7.82E-05j
------------------------------------------------------------






Delta: 0.80
Energy: -1.60E+00 + -7.18E-05j
------------------------------------------------------------






Delta: 0.85
Energy: -1.60E+00 + -7.06E-05j
------------------------------------------------------------






Delta: 0.90
Energy: -1.61E+00 + -9.32E-05j
------------------------------------------------------------






Delta: 0.95
Energy: -1.61E+00 + -8.94E-05j
------------------------------------------------------------






Delta: 1.00
Energy: -1.62E+00 + -7.18E-05j
------------------------------------------------------------






N=8
{'a': array([0, 0, 0, 0, 0, 0, 0, 0, 0, 0, 0, 0, 0, 0, 0, 0]), 'b': array([0, 0, 0, 0, 0, 0, 0, 0, 0, 0, 0, 0, 0, 0, 0, 0]), 'w': array([[ 0.01867871+6.77488943e-01j,  0.28493767+8.16072104e-01j,
        -0.62027899-1.10496772e-01j,  0.2988516 -2.88146192e-02j,
         0.22464506-5.94455899e-01j, -0.49475746+6.70958519e-01j,
         0.57492673+2.86785495e-01j, -0.33765614-1.55664600e-01j,
         0.        +0.00000000e+00j,  0.        +0.00000000e+00j,
         0.        +0.00000000e+00j,  0.        +0.00000000e+00j,
         0.        +0.00000000e+00j,  0.        +0.00000000e+00j,
         0.        +0.00000000e+00j,  0.        +0.00000000e+00j],
       [ 0.55835322+3.45918778e-01j, -0.34617738-2.61376271e-01j,
        -0.06820262-1.82634495e-01j,  0.02179897-2.54604696e-02j,
        -0.19390714+5.83336184e-02j,  0.16628186+4.04527853e-02j,
         0.07162186-2.81591521e-04j, -0.28967623+4.28690242e-02j,
         0.        +0.00000000e+00j,  0.        +0.00000000e+00j,
         0.        +0.00000000e+00j,  0.        +0.00000000e+00j,
         0.        +0.00000000e+00j,  0.        +0.00000000e+00j,
         0.        +0.00000000e+00j,  0.        +0.00000000e+00j],
       [ 0.22525359-2.51939622e-01j,  0.32161472-6.47328626e-01j,
        -0.90855318+1.54735724e+00j,  0.62100353+1.44879700e+00j,
        -0.15335314-4.08785396e-02j,  0.00153404-2.25753735e-01j,
        -0.0062405 -3.90918426e-01j, -0.09875256+2.20315243e-01j,
         0.        +0.00000000e+00j,  0.        +0.00000000e+00j,
         0.        +0.00000000e+00j,  0.        +0.00000000e+00j,
         0.        +0.00000000e+00j,  0.        +0.00000000e+00j,
         0.        +0.00000000e+00j,  0.        +0.00000000e+00j],
       [ 0.71094208+1.81982026e-01j, -0.52203044+2.56158872e-01j,
         0.08547534-8.26194963e-02j, -0.29323998-4.39478277e-01j,
         0.00376689-5.11407023e-02j,  0.00092581+1.35344908e-01j,
         0.20903796+3.39013203e-01j, -0.23272309-3.08972290e-01j,
         0.        +0.00000000e+00j,  0.        +0.00000000e+00j,
         0.        +0.00000000e+00j,  0.        +0.00000000e+00j,
         0.        +0.00000000e+00j,  0.        +0.00000000e+00j,
         0.        +0.00000000e+00j,  0.        +0.00000000e+00j],
       [ 0.05660491-1.81341027e-01j,  0.02451431+3.25772360e-01j,
        -0.17191038+4.74839023e-01j,  0.03637242+6.85988569e-02j,
        -0.8223109 +3.98064991e-01j,  0.59715109+2.29073794e-01j,
         0.1932709 +2.42561815e-01j,  0.14317089+3.89419146e-02j,
         0.        +0.00000000e+00j,  0.        +0.00000000e+00j,
         0.        +0.00000000e+00j,  0.        +0.00000000e+00j,
         0.        +0.00000000e+00j,  0.        +0.00000000e+00j,
         0.        +0.00000000e+00j,  0.        +0.00000000e+00j],
       [ 0.08115046-2.85169955e-01j, -0.10522632+1.37118701e-01j,
        -0.39645492+2.16781857e-01j,  0.41037021-3.14921025e-01j,
        -0.18781652+2.15015488e-01j,  0.17206845-2.48252433e-01j,
        -0.18538695+2.14975236e-01j,  0.10964533-2.02522025e-02j,
         0.        +0.00000000e+00j,  0.        +0.00000000e+00j,
         0.        +0.00000000e+00j,  0.        +0.00000000e+00j,
         0.        +0.00000000e+00j,  0.        +0.00000000e+00j,
         0.        +0.00000000e+00j,  0.        +0.00000000e+00j],
       [-0.10826967+4.37217398e-01j, -0.32898675-3.61899135e-02j,
         0.20235561+7.97912330e-02j,  0.23967327+3.86298135e-01j,
        -0.05866276-5.20246298e-02j, -0.15260018+1.27900689e-01j,
        -0.38285672+1.11141471e-01j,  0.63926322+4.32204139e-01j,
         0.        +0.00000000e+00j,  0.        +0.00000000e+00j,
         0.        +0.00000000e+00j,  0.        +0.00000000e+00j,
         0.        +0.00000000e+00j,  0.        +0.00000000e+00j,
         0.        +0.00000000e+00j,  0.        +0.00000000e+00j],
       [ 0.04958618-1.32163528e-02j, -0.05917524+4.82625644e-01j,
         0.24009817-1.57687278e-01j, -0.28448307-2.27669872e-01j,
         0.35609927+1.27175588e-01j, -0.37340463-2.98260548e-01j,
         0.24579301+3.58820639e-01j, -0.27594681-1.81459912e-01j,
         0.        +0.00000000e+00j,  0.        +0.00000000e+00j,
         0.        +0.00000000e+00j,  0.        +0.00000000e+00j,
         0.        +0.00000000e+00j,  0.        +0.00000000e+00j,
         0.        +0.00000000e+00j,  0.        +0.00000000e+00j],
       [ 0.        +0.00000000e+00j,  0.        +0.00000000e+00j,
         0.        +0.00000000e+00j,  0.        +0.00000000e+00j,
         0.        +0.00000000e+00j,  0.        +0.00000000e+00j,
         0.        +0.00000000e+00j,  0.        +0.00000000e+00j,
         0.01867871+6.77488943e-01j,  0.28493767+8.16072104e-01j,
        -0.62027899-1.10496772e-01j,  0.2988516 -2.88146192e-02j,
         0.22464506-5.94455899e-01j, -0.49475746+6.70958519e-01j,
         0.57492673+2.86785495e-01j, -0.33765614-1.55664600e-01j],
       [ 0.        +0.00000000e+00j,  0.        +0.00000000e+00j,
         0.        +0.00000000e+00j,  0.        +0.00000000e+00j,
         0.        +0.00000000e+00j,  0.        +0.00000000e+00j,
         0.        +0.00000000e+00j,  0.        +0.00000000e+00j,
         0.55835322+3.45918778e-01j, -0.34617738-2.61376271e-01j,
        -0.06820262-1.82634495e-01j,  0.02179897-2.54604696e-02j,
        -0.19390714+5.83336184e-02j,  0.16628186+4.04527853e-02j,
         0.07162186-2.81591521e-04j, -0.28967623+4.28690242e-02j],
       [ 0.        +0.00000000e+00j,  0.        +0.00000000e+00j,
         0.        +0.00000000e+00j,  0.        +0.00000000e+00j,
         0.        +0.00000000e+00j,  0.        +0.00000000e+00j,
         0.        +0.00000000e+00j,  0.        +0.00000000e+00j,
         0.22525359-2.51939622e-01j,  0.32161472-6.47328626e-01j,
        -0.90855318+1.54735724e+00j,  0.62100353+1.44879700e+00j,
        -0.15335314-4.08785396e-02j,  0.00153404-2.25753735e-01j,
        -0.0062405 -3.90918426e-01j, -0.09875256+2.20315243e-01j],
       [ 0.        +0.00000000e+00j,  0.        +0.00000000e+00j,
         0.        +0.00000000e+00j,  0.        +0.00000000e+00j,
         0.        +0.00000000e+00j,  0.        +0.00000000e+00j,
         0.        +0.00000000e+00j,  0.        +0.00000000e+00j,
         0.71094208+1.81982026e-01j, -0.52203044+2.56158872e-01j,
         0.08547534-8.26194963e-02j, -0.29323998-4.39478277e-01j,
         0.00376689-5.11407023e-02j,  0.00092581+1.35344908e-01j,
         0.20903796+3.39013203e-01j, -0.23272309-3.08972290e-01j],
       [ 0.        +0.00000000e+00j,  0.        +0.00000000e+00j,
         0.        +0.00000000e+00j,  0.        +0.00000000e+00j,
         0.        +0.00000000e+00j,  0.        +0.00000000e+00j,
         0.        +0.00000000e+00j,  0.        +0.00000000e+00j,
         0.05660491-1.81341027e-01j,  0.02451431+3.25772360e-01j,
        -0.17191038+4.74839023e-01j,  0.03637242+6.85988569e-02j,
        -0.8223109 +3.98064991e-01j,  0.59715109+2.29073794e-01j,
         0.1932709 +2.42561815e-01j,  0.14317089+3.89419146e-02j],
       [ 0.        +0.00000000e+00j,  0.        +0.00000000e+00j,
         0.        +0.00000000e+00j,  0.        +0.00000000e+00j,
         0.        +0.00000000e+00j,  0.        +0.00000000e+00j,
         0.        +0.00000000e+00j,  0.        +0.00000000e+00j,
         0.08115046-2.85169955e-01j, -0.10522632+1.37118701e-01j,
        -0.39645492+2.16781857e-01j,  0.41037021-3.14921025e-01j,
        -0.18781652+2.15015488e-01j,  0.17206845-2.48252433e-01j,
        -0.18538695+2.14975236e-01j,  0.10964533-2.02522025e-02j],
       [ 0.        +0.00000000e+00j,  0.        +0.00000000e+00j,
         0.        +0.00000000e+00j,  0.        +0.00000000e+00j,
         0.        +0.00000000e+00j,  0.        +0.00000000e+00j,
         0.        +0.00000000e+00j,  0.        +0.00000000e+00j,
        -0.10826967+4.37217398e-01j, -0.32898675-3.61899135e-02j,
         0.20235561+7.97912330e-02j,  0.23967327+3.86298135e-01j,
        -0.05866276-5.20246298e-02j, -0.15260018+1.27900689e-01j,
        -0.38285672+1.11141471e-01j,  0.63926322+4.32204139e-01j],
       [ 0.        +0.00000000e+00j,  0.        +0.00000000e+00j,
         0.        +0.00000000e+00j,  0.        +0.00000000e+00j,
         0.        +0.00000000e+00j,  0.        +0.00000000e+00j,
         0.        +0.00000000e+00j,  0.        +0.00000000e+00j,
         0.04958618-1.32163528e-02j, -0.05917524+4.82625644e-01j,
         0.24009817-1.57687278e-01j, -0.28448307-2.27669872e-01j,
         0.35609927+1.27175588e-01j, -0.37340463-2.98260548e-01j,
         0.24579301+3.58820639e-01j, -0.27594681-1.81459912e-01j]])}
**********************************************************************
Output for N=8 Hamiltonian
------------------------------------------------------------
Total time = 5.697419576944444 hours
Parameters:
{'a': array([0, 0, 0, 0, 0, 0, 0, 0]),
 'b': array([0, 0, 0, 0, 0, 0, 0, 0]),
 'w': array([[ 0.01867871+6.77488943e-01j,  0.28493767+8.16072104e-01j,
        -0.62027899-1.10496772e-01j,  0.2988516 -2.88146192e-02j,
         0.22464506-5.94455899e-01j, -0.49475746+6.70958519e-01j,
         0.57492673+2.86785495e-01j, -0.33765614-1.55664600e-01j],
       [ 0.55835322+3.45918778e-01j, -0.34617738-2.61376271e-01j,
        -0.06820262-1.82634495e-01j,  0.02179897-2.54604696e-02j,
        -0.19390714+5.83336184e-02j,  0.16628186+4.04527853e-02j,
         0.07162186-2.81591521e-04j, -0.28967623+4.28690242e-02j],
       [ 0.22525359-2.51939622e-01j,  0.32161472-6.47328626e-01j,
        -0.90855318+1.54735724e+00j,  0.62100353+1.44879700e+00j,
        -0.15335314-4.08785396e-02j,  0.00153404-2.25753735e-01j,
        -0.0062405 -3.90918426e-01j, -0.09875256+2.20315243e-01j],
       [ 0.71094208+1.81982026e-01j, -0.52203044+2.56158872e-01j,
         0.08547534-8.26194963e-02j, -0.29323998-4.39478277e-01j,
         0.00376689-5.11407023e-02j,  0.00092581+1.35344908e-01j,
         0.20903796+3.39013203e-01j, -0.23272309-3.08972290e-01j],
       [ 0.05660491-1.81341027e-01j,  0.02451431+3.25772360e-01j,
        -0.17191038+4.74839023e-01j,  0.03637242+6.85988569e-02j,
        -0.8223109 +3.98064991e-01j,  0.59715109+2.29073794e-01j,
         0.1932709 +2.42561815e-01j,  0.14317089+3.89419146e-02j],
       [ 0.08115046-2.85169955e-01j, -0.10522632+1.37118701e-01j,
        -0.39645492+2.16781857e-01j,  0.41037021-3.14921025e-01j,
        -0.18781652+2.15015488e-01j,  0.17206845-2.48252433e-01j,
        -0.18538695+2.14975236e-01j,  0.10964533-2.02522025e-02j],
       [-0.10826967+4.37217398e-01j, -0.32898675-3.61899135e-02j,
         0.20235561+7.97912330e-02j,  0.23967327+3.86298135e-01j,
        -0.05866276-5.20246298e-02j, -0.15260018+1.27900689e-01j,
        -0.38285672+1.11141471e-01j,  0.63926322+4.32204139e-01j],
       [ 0.04958618-1.32163528e-02j, -0.05917524+4.82625644e-01j,
         0.24009817-1.57687278e-01j, -0.28448307-2.27669872e-01j,
         0.35609927+1.27175588e-01j, -0.37340463-2.98260548e-01j,
         0.24579301+3.58820639e-01j, -0.27594681-1.81459912e-01j]])}
------------------------------------------------------------
Summary: 
Delta: 0.00
Energy: -3.06E+00 + -3.14E-03j
------------------------------------------------------------






Delta: 0.05
Energy: -3.05E+00 + -2.79E-03j
------------------------------------------------------------






Delta: 0.10
Energy: -2.73E+00 + -1.20E-02j
------------------------------------------------------------






Delta: 0.15
Energy: -2.17E+00 + 8.42E-03j
------------------------------------------------------------






Delta: 0.20
Energy: -2.43E+00 + -1.81E-02j
------------------------------------------------------------






Delta: 0.25
Energy: -2.50E+00 + 3.03E-03j
------------------------------------------------------------






Delta: 0.30
Energy: -2.63E+00 + 1.58E-02j
------------------------------------------------------------






Delta: 0.35
Energy: -2.67E+00 + 3.46E-03j
------------------------------------------------------------






Delta: 0.40
Energy: -2.69E+00 + -4.62E-03j
------------------------------------------------------------






Delta: 0.45
Energy: -2.77E+00 + 4.94E-03j
------------------------------------------------------------






Delta: 0.50
Energy: -2.94E+00 + 3.92E-03j
------------------------------------------------------------






Delta: 0.55
Energy: -2.97E+00 + -3.77E-05j
------------------------------------------------------------






Delta: 0.60
Energy: -3.00E+00 + -3.22E-03j
------------------------------------------------------------






Delta: 0.65
Energy: -3.01E+00 + 4.91E-03j
------------------------------------------------------------






Delta: 0.70
Energy: -3.05E+00 + 2.07E-02j
------------------------------------------------------------






Delta: 0.75
Energy: -3.07E+00 + -9.53E-04j
------------------------------------------------------------






Delta: 0.80
Energy: -3.09E+00 + -7.61E-03j
------------------------------------------------------------






Delta: 0.85
Energy: -3.12E+00 + -7.05E-03j
------------------------------------------------------------






Delta: 0.90
Energy: -3.17E+00 + -1.93E-02j
------------------------------------------------------------






Delta: 0.95
Energy: -3.20E+00 + -7.41E-03j
------------------------------------------------------------






Delta: 1.00
Energy: -3.24E+00 + -1.15E-02j
------------------------------------------------------------






Total time: -8.024560708333333
