running build_ext
skipping 'lib/enumeration_qvmc/utils.c' Cython extension (up-to-date)
cythoning lib/enumeration_qvmc/state.pyx to lib/enumeration_qvmc/state.c
building 'lib.enumeration_qvmc.state' extension
gcc -pthread -Wno-unused-result -Wsign-compare -DNDEBUG -g -fwrapv -O3 -Wall -fPIC -I/home/hanbury.p/env/include -I/shared/centos7/python/3.7.1/include/python3.7m -c lib/enumeration_qvmc/state.c -o build/temp.linux-x86_64-3.7/lib/enumeration_qvmc/state.o
gcc -pthread -shared build/temp.linux-x86_64-3.7/lib/enumeration_qvmc/state.o -L/shared/centos7/python/3.7.1/lib -lpython3.7m -o /home/hanbury.p/feiguin/vmc/dynamic_adiabatic/lib/enumeration_qvmc/state.cpython-37m-x86_64-linux-gnu.so
cythoning lib/enumeration_qvmc/optimizer.pyx to lib/enumeration_qvmc/optimizer.c
building 'lib.enumeration_qvmc.optimizer' extension
gcc -pthread -Wno-unused-result -Wsign-compare -DNDEBUG -g -fwrapv -O3 -Wall -fPIC -I/home/hanbury.p/env/include -I/shared/centos7/python/3.7.1/include/python3.7m -c lib/enumeration_qvmc/optimizer.c -o build/temp.linux-x86_64-3.7/lib/enumeration_qvmc/optimizer.o
gcc -pthread -shared build/temp.linux-x86_64-3.7/lib/enumeration_qvmc/optimizer.o -L/shared/centos7/python/3.7.1/lib -lpython3.7m -o /home/hanbury.p/feiguin/vmc/dynamic_adiabatic/lib/enumeration_qvmc/optimizer.cpython-37m-x86_64-linux-gnu.so
skipping 'lib/enumeration_qvmc/debug.c' Cython extension (up-to-date)
skipping 'lib/enumeration_qvmc/hamiltonian.c' Cython extension (up-to-date)
/home/hanbury.p/env/lib/python3.7/site-packages/numpy/core/numeric.py:538: ComplexWarning: Casting complex values to real discards the imaginary part
  return array(a, dtype, copy=False, order=order)
/home/hanbury.p/env/lib/python3.7/site-packages/matplotlib/pyplot.py:514: RuntimeWarning: More than 20 figures have been opened. Figures created through the pyplot interface (`matplotlib.pyplot.figure`) are retained until explicitly closed and may consume too much memory. (To control this warning, see the rcParam `figure.max_open_warning`).
  max_open_warning, RuntimeWarning)
Run Configurations:
{'deltas': [0.0,
            0.05,
            0.1,
            0.15,
            0.2,
            0.25,
            0.3,
            0.35,
            0.4,
            0.45,
            0.5,
            0.55,
            0.6,
            0.65,
            0.7,
            0.75,
            0.8,
            0.85,
            0.9,
            0.95,
            1.0],
 'fixed_params': ['a', 'b'],
 'initial_diamer_state': 'option_1',
 'learning_rate': 0.02,
 'name': 'EnumerationFixedDerivatives',
 'noise_scale': 0.02,
 'notes': '\n'
          '              Running Enumeration Using the Fixed Derivatives\n'
          '              ',
 'num_monte_carlos_per_delta': 150,
 'num_particles': 8,
 'num_steps': 10000,
 'save_dir': '/home/hanbury.p/feiguin/vmc/dynamic_adiabatic/outputs/EnumerationFixedDerivatives_2019-05-31-12:17'}
**************************************************


N=4
{'a': array([0, 0, 0, 0, 0, 0, 0, 0]), 'b': array([0, 0, 0, 0, 0, 0, 0, 0]), 'w': array([[ 0.0473562 +1.12182107j,  0.10094183+0.81047003j,
        -0.12046151-0.35406059j, -0.06795541-0.035335j  ,
         0.        +0.j        ,  0.        +0.j        ,
         0.        +0.j        ,  0.        +0.j        ],
       [ 0.14139019-0.05195025j, -0.09895295+0.06106359j,
         0.092396  +0.07563799j, -0.14799177-0.03030484j,
         0.        +0.j        ,  0.        +0.j        ,
         0.        +0.j        ,  0.        +0.j        ],
       [ 0.14204556-0.16259424j,  0.06433919-0.18562709j,
        -0.03077531+0.97323743j, -0.10125323+0.99952059j,
         0.        +0.j        ,  0.        +0.j        ,
         0.        +0.j        ,  0.        +0.j        ],
       [-0.08641638-0.04094068j,  0.11500577+0.06795859j,
        -0.10678638+0.06162565j,  0.09882433-0.04331422j,
         0.        +0.j        ,  0.        +0.j        ,
         0.        +0.j        ,  0.        +0.j        ],
       [ 0.        +0.j        ,  0.        +0.j        ,
         0.        +0.j        ,  0.        +0.j        ,
         0.0473562 +1.12182107j,  0.10094183+0.81047003j,
        -0.12046151-0.35406059j, -0.06795541-0.035335j  ],
       [ 0.        +0.j        ,  0.        +0.j        ,
         0.        +0.j        ,  0.        +0.j        ,
         0.14139019-0.05195025j, -0.09895295+0.06106359j,
         0.092396  +0.07563799j, -0.14799177-0.03030484j],
       [ 0.        +0.j        ,  0.        +0.j        ,
         0.        +0.j        ,  0.        +0.j        ,
         0.14204556-0.16259424j,  0.06433919-0.18562709j,
        -0.03077531+0.97323743j, -0.10125323+0.99952059j],
       [ 0.        +0.j        ,  0.        +0.j        ,
         0.        +0.j        ,  0.        +0.j        ,
        -0.08641638-0.04094068j,  0.11500577+0.06795859j,
        -0.10678638+0.06162565j,  0.09882433-0.04331422j]])}
**********************************************************************
Output for N=4 Hamiltonian
------------------------------------------------------------
Total time = 0.015332381944444445 hours
Parameters:
{'a': array([0, 0, 0, 0]),
 'b': array([0, 0, 0, 0]),
 'w': array([[ 0.0473562 +1.12182107j,  0.10094183+0.81047003j,
        -0.12046151-0.35406059j, -0.06795541-0.035335j  ],
       [ 0.14139019-0.05195025j, -0.09895295+0.06106359j,
         0.092396  +0.07563799j, -0.14799177-0.03030484j],
       [ 0.14204556-0.16259424j,  0.06433919-0.18562709j,
        -0.03077531+0.97323743j, -0.10125323+0.99952059j],
       [-0.08641638-0.04094068j,  0.11500577+0.06795859j,
        -0.10678638+0.06162565j,  0.09882433-0.04331422j]])}
------------------------------------------------------------
Summary: 
Delta: 0.00
Energy: -1.55E+00 + 0.00E+00j
------------------------------------------------------------






Delta: 0.05
Energy: -1.57E+00 + 1.91E-19j
------------------------------------------------------------






Delta: 0.10
Energy: -1.58E+00 + 1.69E-21j
------------------------------------------------------------






Delta: 0.15
Energy: -1.59E+00 + 1.63E-19j
------------------------------------------------------------






Delta: 0.20
Energy: -1.60E+00 + 1.25E-19j
------------------------------------------------------------






Delta: 0.25
Energy: -1.61E+00 + -7.03E-20j
------------------------------------------------------------






Delta: 0.30
Energy: -1.62E+00 + -2.63E-19j
------------------------------------------------------------






Delta: 0.35
Energy: -1.63E+00 + 6.19E-22j
------------------------------------------------------------






Delta: 0.40
Energy: -1.64E+00 + -1.13E-19j
------------------------------------------------------------






Delta: 0.45
Energy: -1.66E+00 + -9.27E-21j
------------------------------------------------------------






Delta: 0.50
Energy: -1.67E+00 + -4.73E-20j
------------------------------------------------------------






Delta: 0.55
Energy: -1.69E+00 + 3.28E-19j
------------------------------------------------------------






Delta: 0.60
Energy: -1.70E+00 + 1.37E-19j
------------------------------------------------------------






Delta: 0.65
Energy: -1.72E+00 + 1.64E-19j
------------------------------------------------------------






Delta: 0.70
Energy: -1.73E+00 + 8.10E-21j
------------------------------------------------------------






Delta: 0.75
Energy: -1.75E+00 + 1.77E-19j
------------------------------------------------------------






Delta: 0.80
Energy: -1.77E+00 + 2.06E-20j
------------------------------------------------------------






Delta: 0.85
Energy: -1.79E+00 + 2.80E-19j
------------------------------------------------------------






Delta: 0.90
Energy: -1.81E+00 + 3.24E-20j
------------------------------------------------------------






Delta: 0.95
Energy: -1.83E+00 + 1.07E-19j
------------------------------------------------------------






Delta: 1.00
Energy: -1.85E+00 + 1.01E-19j
------------------------------------------------------------






N=8
{'a': array([0, 0, 0, 0, 0, 0, 0, 0, 0, 0, 0, 0, 0, 0, 0, 0]), 'b': array([0, 0, 0, 0, 0, 0, 0, 0, 0, 0, 0, 0, 0, 0, 0, 0]), 'w': array([[-0.001801  +1.1483743j ,  0.05583678+0.88408451j,
        -0.07329766-0.30633382j, -0.07325476+0.03784581j,
         0.01806256-0.00819675j,  0.0143113 -0.02535337j,
         0.01549509-0.0662716j ,  0.00452881-0.12125357j,
         0.        +0.j        ,  0.        +0.j        ,
         0.        +0.j        ,  0.        +0.j        ,
         0.        +0.j        ,  0.        +0.j        ,
         0.        +0.j        ,  0.        +0.j        ],
       [ 0.09104087-0.10560218j, -0.08085494+0.09457915j,
         0.10142695+0.07621782j, -0.12932757-0.01203845j,
         0.08040778-0.04732462j, -0.03929933+0.04466362j,
         0.02405459+0.06798299j, -0.0606069 -0.06403186j,
         0.        +0.j        ,  0.        +0.j        ,
         0.        +0.j        ,  0.        +0.j        ,
         0.        +0.j        ,  0.        +0.j        ,
         0.        +0.j        ,  0.        +0.j        ],
       [ 0.07370239+0.06537481j,  0.05028758-0.19987838j,
         0.02606427+1.06659864j, -0.03952142+0.95097475j,
         0.02932126-0.23666884j, -0.02836374-0.05467615j,
        -0.00311389-0.02717793j, -0.03402023+0.05998979j,
         0.        +0.j        ,  0.        +0.j        ,
         0.        +0.j        ,  0.        +0.j        ,
         0.        +0.j        ,  0.        +0.j        ,
         0.        +0.j        ,  0.        +0.j        ],
       [-0.0924921 -0.03501189j,  0.11154021+0.06992623j,
        -0.08688478+0.09762891j,  0.06311438-0.07505596j,
        -0.03813902-0.06665503j,  0.00339046+0.04608269j,
        -0.02613381+0.04762325j,  0.08623199-0.03920886j,
         0.        +0.j        ,  0.        +0.j        ,
         0.        +0.j        ,  0.        +0.j        ,
         0.        +0.j        ,  0.        +0.j        ,
         0.        +0.j        ,  0.        +0.j        ],
       [ 0.01806256-0.00819675j,  0.0143113 -0.02535337j,
         0.01549509-0.0662716j ,  0.00452881-0.12125357j,
        -0.001801  +1.1483743j ,  0.05583678+0.88408451j,
        -0.07329766-0.30633382j, -0.07325476+0.03784581j,
         0.        +0.j        ,  0.        +0.j        ,
         0.        +0.j        ,  0.        +0.j        ,
         0.        +0.j        ,  0.        +0.j        ,
         0.        +0.j        ,  0.        +0.j        ],
       [ 0.08040778-0.04732462j, -0.03929933+0.04466362j,
         0.02405459+0.06798299j, -0.0606069 -0.06403186j,
         0.09104087-0.10560218j, -0.08085494+0.09457915j,
         0.10142695+0.07621782j, -0.12932757-0.01203845j,
         0.        +0.j        ,  0.        +0.j        ,
         0.        +0.j        ,  0.        +0.j        ,
         0.        +0.j        ,  0.        +0.j        ,
         0.        +0.j        ,  0.        +0.j        ],
       [ 0.02932126-0.23666884j, -0.02836374-0.05467615j,
        -0.00311389-0.02717793j, -0.03402023+0.05998979j,
         0.07370239+0.06537481j,  0.05028758-0.19987838j,
         0.02606427+1.06659864j, -0.03952142+0.95097475j,
         0.        +0.j        ,  0.        +0.j        ,
         0.        +0.j        ,  0.        +0.j        ,
         0.        +0.j        ,  0.        +0.j        ,
         0.        +0.j        ,  0.        +0.j        ],
       [-0.03813902-0.06665503j,  0.00339046+0.04608269j,
        -0.02613381+0.04762325j,  0.08623199-0.03920886j,
        -0.0924921 -0.03501189j,  0.11154021+0.06992623j,
        -0.08688478+0.09762891j,  0.06311438-0.07505596j,
         0.        +0.j        ,  0.        +0.j        ,
         0.        +0.j        ,  0.        +0.j        ,
         0.        +0.j        ,  0.        +0.j        ,
         0.        +0.j        ,  0.        +0.j        ],
       [ 0.        +0.j        ,  0.        +0.j        ,
         0.        +0.j        ,  0.        +0.j        ,
         0.        +0.j        ,  0.        +0.j        ,
         0.        +0.j        ,  0.        +0.j        ,
        -0.001801  +1.1483743j ,  0.05583678+0.88408451j,
        -0.07329766-0.30633382j, -0.07325476+0.03784581j,
         0.01806256-0.00819675j,  0.0143113 -0.02535337j,
         0.01549509-0.0662716j ,  0.00452881-0.12125357j],
       [ 0.        +0.j        ,  0.        +0.j        ,
         0.        +0.j        ,  0.        +0.j        ,
         0.        +0.j        ,  0.        +0.j        ,
         0.        +0.j        ,  0.        +0.j        ,
         0.09104087-0.10560218j, -0.08085494+0.09457915j,
         0.10142695+0.07621782j, -0.12932757-0.01203845j,
         0.08040778-0.04732462j, -0.03929933+0.04466362j,
         0.02405459+0.06798299j, -0.0606069 -0.06403186j],
       [ 0.        +0.j        ,  0.        +0.j        ,
         0.        +0.j        ,  0.        +0.j        ,
         0.        +0.j        ,  0.        +0.j        ,
         0.        +0.j        ,  0.        +0.j        ,
         0.07370239+0.06537481j,  0.05028758-0.19987838j,
         0.02606427+1.06659864j, -0.03952142+0.95097475j,
         0.02932126-0.23666884j, -0.02836374-0.05467615j,
        -0.00311389-0.02717793j, -0.03402023+0.05998979j],
       [ 0.        +0.j        ,  0.        +0.j        ,
         0.        +0.j        ,  0.        +0.j        ,
         0.        +0.j        ,  0.        +0.j        ,
         0.        +0.j        ,  0.        +0.j        ,
        -0.0924921 -0.03501189j,  0.11154021+0.06992623j,
        -0.08688478+0.09762891j,  0.06311438-0.07505596j,
        -0.03813902-0.06665503j,  0.00339046+0.04608269j,
        -0.02613381+0.04762325j,  0.08623199-0.03920886j],
       [ 0.        +0.j        ,  0.        +0.j        ,
         0.        +0.j        ,  0.        +0.j        ,
         0.        +0.j        ,  0.        +0.j        ,
         0.        +0.j        ,  0.        +0.j        ,
         0.01806256-0.00819675j,  0.0143113 -0.02535337j,
         0.01549509-0.0662716j ,  0.00452881-0.12125357j,
        -0.001801  +1.1483743j ,  0.05583678+0.88408451j,
        -0.07329766-0.30633382j, -0.07325476+0.03784581j],
       [ 0.        +0.j        ,  0.        +0.j        ,
         0.        +0.j        ,  0.        +0.j        ,
         0.        +0.j        ,  0.        +0.j        ,
         0.        +0.j        ,  0.        +0.j        ,
         0.08040778-0.04732462j, -0.03929933+0.04466362j,
         0.02405459+0.06798299j, -0.0606069 -0.06403186j,
         0.09104087-0.10560218j, -0.08085494+0.09457915j,
         0.10142695+0.07621782j, -0.12932757-0.01203845j],
       [ 0.        +0.j        ,  0.        +0.j        ,
         0.        +0.j        ,  0.        +0.j        ,
         0.        +0.j        ,  0.        +0.j        ,
         0.        +0.j        ,  0.        +0.j        ,
         0.02932126-0.23666884j, -0.02836374-0.05467615j,
        -0.00311389-0.02717793j, -0.03402023+0.05998979j,
         0.07370239+0.06537481j,  0.05028758-0.19987838j,
         0.02606427+1.06659864j, -0.03952142+0.95097475j],
       [ 0.        +0.j        ,  0.        +0.j        ,
         0.        +0.j        ,  0.        +0.j        ,
         0.        +0.j        ,  0.        +0.j        ,
         0.        +0.j        ,  0.        +0.j        ,
        -0.03813902-0.06665503j,  0.00339046+0.04608269j,
        -0.02613381+0.04762325j,  0.08623199-0.03920886j,
        -0.0924921 -0.03501189j,  0.11154021+0.06992623j,
        -0.08688478+0.09762891j,  0.06311438-0.07505596j]])}
**********************************************************************
Output for N=8 Hamiltonian
------------------------------------------------------------
Total time = 0.20572024444444445 hours
Parameters:
{'a': array([0, 0, 0, 0, 0, 0, 0, 0]),
 'b': array([0, 0, 0, 0, 0, 0, 0, 0]),
 'w': array([[-0.001801  +1.1483743j ,  0.05583678+0.88408451j,
        -0.07329766-0.30633382j, -0.07325476+0.03784581j,
         0.01806256-0.00819675j,  0.0143113 -0.02535337j,
         0.01549509-0.0662716j ,  0.00452881-0.12125357j],
       [ 0.09104087-0.10560218j, -0.08085494+0.09457915j,
         0.10142695+0.07621782j, -0.12932757-0.01203845j,
         0.08040778-0.04732462j, -0.03929933+0.04466362j,
         0.02405459+0.06798299j, -0.0606069 -0.06403186j],
       [ 0.07370239+0.06537481j,  0.05028758-0.19987838j,
         0.02606427+1.06659864j, -0.03952142+0.95097475j,
         0.02932126-0.23666884j, -0.02836374-0.05467615j,
        -0.00311389-0.02717793j, -0.03402023+0.05998979j],
       [-0.0924921 -0.03501189j,  0.11154021+0.06992623j,
        -0.08688478+0.09762891j,  0.06311438-0.07505596j,
        -0.03813902-0.06665503j,  0.00339046+0.04608269j,
        -0.02613381+0.04762325j,  0.08623199-0.03920886j],
       [ 0.01806256-0.00819675j,  0.0143113 -0.02535337j,
         0.01549509-0.0662716j ,  0.00452881-0.12125357j,
        -0.001801  +1.1483743j ,  0.05583678+0.88408451j,
        -0.07329766-0.30633382j, -0.07325476+0.03784581j],
       [ 0.08040778-0.04732462j, -0.03929933+0.04466362j,
         0.02405459+0.06798299j, -0.0606069 -0.06403186j,
         0.09104087-0.10560218j, -0.08085494+0.09457915j,
         0.10142695+0.07621782j, -0.12932757-0.01203845j],
       [ 0.02932126-0.23666884j, -0.02836374-0.05467615j,
        -0.00311389-0.02717793j, -0.03402023+0.05998979j,
         0.07370239+0.06537481j,  0.05028758-0.19987838j,
         0.02606427+1.06659864j, -0.03952142+0.95097475j],
       [-0.03813902-0.06665503j,  0.00339046+0.04608269j,
        -0.02613381+0.04762325j,  0.08623199-0.03920886j,
        -0.0924921 -0.03501189j,  0.11154021+0.06992623j,
        -0.08688478+0.09762891j,  0.06311438-0.07505596j]])}
------------------------------------------------------------
Summary: 
Delta: 0.00
Energy: -3.23E+00 + -7.16E-18j
------------------------------------------------------------






Delta: 0.05
Energy: -3.23E+00 + -5.87E-18j
------------------------------------------------------------






Delta: 0.10
Energy: -3.23E+00 + -4.97E-18j
------------------------------------------------------------






Delta: 0.15
Energy: -3.24E+00 + -6.73E-19j
------------------------------------------------------------






Delta: 0.20
Energy: -3.24E+00 + 1.39E-18j
------------------------------------------------------------






Delta: 0.25
Energy: -3.25E+00 + 6.52E-18j
------------------------------------------------------------






Delta: 0.30
Energy: -3.26E+00 + 3.30E-18j
------------------------------------------------------------






Delta: 0.35
Energy: -3.27E+00 + 7.23E-19j
------------------------------------------------------------






Delta: 0.40
Energy: -3.29E+00 + 3.01E-18j
------------------------------------------------------------






Delta: 0.45
Energy: -3.30E+00 + 8.84E-18j
------------------------------------------------------------






Delta: 0.50
Energy: -3.32E+00 + -1.83E-17j
------------------------------------------------------------






Delta: 0.55
Energy: -3.34E+00 + -1.93E-17j
------------------------------------------------------------






Delta: 0.60
Energy: -3.36E+00 + -9.62E-18j
------------------------------------------------------------






Delta: 0.65
Energy: -3.39E+00 + 3.37E-18j
------------------------------------------------------------






Delta: 0.70
Energy: -3.42E+00 + -1.23E-18j
------------------------------------------------------------






Delta: 0.75
Energy: -3.45E+00 + 2.40E-17j
------------------------------------------------------------






Delta: 0.80
Energy: -3.49E+00 + 5.88E-18j
------------------------------------------------------------






Delta: 0.85
Energy: -3.52E+00 + 1.34E-17j
------------------------------------------------------------






Delta: 0.90
Energy: -3.56E+00 + -1.73E-17j
------------------------------------------------------------






Delta: 0.95
Energy: -3.60E+00 + -8.15E-18j
------------------------------------------------------------






Delta: 1.00
Energy: -3.65E+00 + -9.46E-18j
------------------------------------------------------------






Total time: -0.2210578036111111
