/home/hanbury.p/feiguin/vmc/env/lib/python3.7/site-packages/numpy/core/numeric.py:538: ComplexWarning: Casting complex values to real discards the imaginary part
  return array(a, dtype, copy=False, order=order)
/home/hanbury.p/feiguin/vmc/env/lib/python3.7/site-packages/matplotlib/pyplot.py:514: RuntimeWarning: More than 20 figures have been opened. Figures created through the pyplot interface (`matplotlib.pyplot.figure`) are retained until explicitly closed and may consume too much memory. (To control this warning, see the rcParam `figure.max_open_warning`).
  max_open_warning, RuntimeWarning)
2019-04-16 10:38:58.190565
**********************************************************************

Tuesday monrning 

Purpose: 8 Particle ground state calculation using adiabatic method 



increased total monte carlo simulations per delta from 200 to 400 (all before this were at most 200) 

hoping to ensure that converges occurs at each delta 

9,000 MC steps 


Saved in /home/hanbury.p/feiguin/vmc/outputs/2019-04-16-10:38
------------------------------------------------------------
Total time = 20.456480983333332 hours
Final Summary: 
Delta: 0.95
Energy: -5.85E+00 + -3.58E-03j
------------------------------------------------------------
Delta: 0.90
Energy: -5.70E+00 + -5.66E-04j
------------------------------------------------------------
Delta: 0.85
Energy: -5.55E+00 + 4.27E-04j
------------------------------------------------------------
Delta: 0.80
Energy: -5.40E+00 + 1.64E-04j
------------------------------------------------------------
Delta: 0.75
Energy: -5.26E+00 + -2.99E-04j
------------------------------------------------------------
Delta: 0.70
Energy: -5.11E+00 + 2.00E-03j
------------------------------------------------------------
Delta: 0.65
Energy: -4.97E+00 + 9.12E-03j
------------------------------------------------------------
Delta: 0.60
Energy: -4.83E+00 + 2.83E-03j
------------------------------------------------------------
Delta: 0.55
Energy: -4.68E+00 + -1.47E-03j
------------------------------------------------------------
Delta: 0.50
Energy: -4.55E+00 + 6.30E-03j
------------------------------------------------------------
Delta: 0.45
Energy: -4.41E+00 + 4.18E-03j
------------------------------------------------------------
Delta: 0.40
Energy: -4.27E+00 + -7.78E-04j
------------------------------------------------------------
Delta: 0.35
Energy: -4.14E+00 + 2.10E-03j
------------------------------------------------------------
Delta: 0.30
Energy: -4.01E+00 + -2.03E-02j
------------------------------------------------------------
Delta: 0.25
Energy: -3.89E+00 + -2.50E-02j
------------------------------------------------------------
Delta: 0.20
Energy: -3.78E+00 + -1.66E-02j
------------------------------------------------------------
Delta: 0.15
Energy: -3.67E+00 + -1.44E-02j
------------------------------------------------------------
Delta: 0.10
Energy: -3.61E+00 + -1.30E-02j
------------------------------------------------------------
Delta: 0.05
Energy: -3.56E+00 + -7.21E-03j
------------------------------------------------------------
Delta: 0.00
Energy: -3.60E+00 + -7.64E-03j
------------------------------------------------------------
