/home/hanbury.p/env/lib/python3.7/site-packages/numpy/core/numeric.py:538: ComplexWarning: Casting complex values to real discards the imaginary part
  return array(a, dtype, copy=False, order=order)
**********************************************************************
{'deltas': [0.99],
 'fixed_params': {'a': array([0, 0, 0, 0, 0, 0, 0, 0]),
                  'b': array([0, 0, 0, 0, 0, 0, 0, 0])},
 'notes': '\n'
          '              The purpose of this run is to test how \n'
          '              long the program takes using\n'
          '              for the python scrpt vs the cython one\n'
          '              configs:\n'
          '              monte carlo loops: 5000\n'
          '              monte carlos per delta: 100\n'
          '              delta list: 0.025 increments until 0.7, 0.05 onwards\n'
          '              ',
 'num_monte_carlos_per_delta': 800,
 'num_particles': 8,
 'num_steps': 8000,
 'save_dir': '/home/hanbury.p/feiguin/vmc/cython_version/outputs/2019-04-29-22:53'}
------------------------------------------------------------
Total time = 1.5624449797222224 hours
Final Parameters:
{'a': array([0, 0, 0, 0, 0, 0, 0, 0]),
 'b': array([0, 0, 0, 0, 0, 0, 0, 0]),
 'w': array([[ 0.11734761+1.14931003e+00j, -0.17514578+1.19735493e+00j,
        -0.28705222+2.90336056e-02j,  0.3047412 -2.94792084e-01j,
        -0.0428569 -4.13055657e-03j,  0.03754162-4.93210867e-02j,
        -0.3469691 -9.55907178e-02j,  0.42713692-3.56594550e-01j],
       [-0.26617485+6.03998113e-03j,  0.27222827+3.64956173e-02j,
         0.08526898-1.63042843e-01j, -0.09293961+1.81602977e-01j,
        -0.14526907-4.08537865e-04j,  0.16970876-1.18347158e-02j,
        -0.06507701+1.49435631e-01j,  0.07433941-1.33949732e-01j],
       [-0.3164473 -8.48434660e-01j,  0.31673189+7.21002715e-01j,
         0.3723042 +8.00377792e-01j, -0.4079647 +9.29535441e-01j,
        -0.44988865-4.00561483e-03j,  0.54282767+5.83004103e-02j,
        -0.11192094-9.40477904e-02j,  0.03202663+2.06879225e-02j],
       [ 0.19262145+1.36037550e-01j, -0.1818291 -1.10112719e-01j,
        -0.09814099+6.90949946e-02j,  0.13591806-6.76345348e-02j,
         0.14096819+5.34932530e-02j, -0.14011014-3.88629542e-02j,
         0.15485608-1.03439746e-01j, -0.14576575+1.16485035e-01j],
       [ 0.00410211+2.96877324e-02j, -0.02753701+6.23521978e-02j,
        -0.45875576+3.49134789e-01j,  0.45184575-6.55521170e-02j,
         0.06286288+4.65554480e-01j, -0.02756538+4.66143892e-01j,
        -0.15463751+3.12670242e-01j,  0.11994092-4.33960937e-02j],
       [ 0.05759152+1.64078980e-01j, -0.03843486-1.46962520e-01j,
        -0.19987439-8.09000298e-02j,  0.20465531+1.21982201e-01j,
         0.0587379 +1.01216310e-01j, -0.08201021-9.80544190e-02j,
         0.04105182+5.36935374e-02j, -0.03429158-3.60842515e-02j],
       [-0.39945441-6.62995780e-01j,  0.19615121+9.22806948e-01j,
         0.29083075+6.71890672e-02j, -0.27974628-7.57257829e-02j,
        -0.60702681-2.74996005e-02j,  0.58424599+9.73063396e-03j,
        -0.17539839+6.47968517e-01j,  0.23318641+5.79344878e-01j],
       [-0.26073877+2.88564553e-02j,  0.22981713-3.72192074e-03j,
         0.0934691 -6.28163732e-02j, -0.10163037+7.43724913e-02j,
        -0.08289932+3.24777099e-02j,  0.10931342-3.14655852e-02j,
         0.10775944+2.85623210e-01j, -0.11607148-2.72566381e-01j]])}
------------------------------------------------------------
Final Summary: 
Delta: 0.99
Energy: -5.97E+00 + -1.89E-03j
------------------------------------------------------------
