running build_ext
skipping 'lib/qvmc/utils.c' Cython extension (up-to-date)
skipping 'lib/qvmc/state.c' Cython extension (up-to-date)
skipping 'lib/qvmc/optimizer.c' Cython extension (up-to-date)
skipping 'lib/qvmc/debug.c' Cython extension (up-to-date)
skipping 'lib/qvmc/hamiltonian.c' Cython extension (up-to-date)
/home/hanbury.p/env/lib/python3.7/site-packages/numpy/core/numeric.py:538: ComplexWarning: Casting complex values to real discards the imaginary part
  return array(a, dtype, copy=False, order=order)
/home/hanbury.p/env/lib/python3.7/site-packages/matplotlib/pyplot.py:514: RuntimeWarning: More than 20 figures have been opened. Figures created through the pyplot interface (`matplotlib.pyplot.figure`) are retained until explicitly closed and may consume too much memory. (To control this warning, see the rcParam `figure.max_open_warning`).
  max_open_warning, RuntimeWarning)
Run Configurations:
{'deltas': [0.975,
            0.95,
            0.9249999999999999,
            0.8999999999999999,
            0.875,
            0.85,
            0.825,
            0.7999999999999999,
            0.7749999999999999,
            0.75,
            0.725,
            0.7,
            0.6499999999999999,
            0.6,
            0.5499999999999999,
            0.49999999999999994,
            0.44999999999999996,
            0.3999999999999999,
            0.35,
            0.29999999999999993,
            0.25,
            0.19999999999999996,
            0.1499999999999999,
            0.09999999999999998,
            0.04999999999999993,
            0.0],
 'fixed_params': ['a', 'b'],
 'initial_diamer_state': 'option_1',
 'name': 'InitialTest4ParticleFull',
 'notes': '\n'
          '              This is the initial test for the dynamic\n'
          '              adiabatic approach for 4 particles\n'
          '              ',
 'num_monte_carlos_per_delta': 200,
 'num_particles': 4,
 'num_steps': 5000,
 'save_dir': '/home/hanbury.p/feiguin/vmc/dynamic_adiabatic/outputs/2019-05-01-21:13'}
**************************************************


N=2
{'a': array([0, 0, 0, 0]), 'b': array([0, 0, 0, 0]), 'w': array([[ 0.02313758+0.79371117j, -0.01534313+0.83115104j,
         0.        +0.j        ,  0.        +0.j        ],
       [-0.01119384-0.00751781j, -0.00553899+0.03108004j,
         0.        +0.j        ,  0.        +0.j        ],
       [ 0.        +0.j        ,  0.        +0.j        ,
         0.02313758+0.79371117j, -0.01534313+0.83115104j],
       [ 0.        +0.j        ,  0.        +0.j        ,
        -0.01119384-0.00751781j, -0.00553899+0.03108004j]])}
**********************************************************************
Output for N=2 Hamiltonian
------------------------------------------------------------
Total time = 1.4297081147222221 hours
Parameters:
{'a': array([0, 0]),
 'b': array([0, 0]),
 'w': array([[ 0.02313758+0.79371117j, -0.01534313+0.83115104j],
       [-0.01119384-0.00751781j, -0.00553899+0.03108004j]])}
------------------------------------------------------------
Summary: 
Delta: 0.97
Energy: -1.48E+00 + 0.00E+00j
------------------------------------------------------------






Delta: 0.95
Energy: -1.46E+00 + 2.17E-19j
------------------------------------------------------------






Delta: 0.92
Energy: -1.44E+00 + -2.17E-19j
------------------------------------------------------------






Delta: 0.90
Energy: -1.42E+00 + 0.00E+00j
------------------------------------------------------------






Delta: 0.88
Energy: -1.41E+00 + -2.17E-19j
------------------------------------------------------------






Delta: 0.85
Energy: -1.39E+00 + 2.17E-19j
------------------------------------------------------------






Delta: 0.82
Energy: -1.37E+00 + 2.17E-19j
------------------------------------------------------------






Delta: 0.80
Energy: -1.35E+00 + -2.17E-19j
------------------------------------------------------------






Delta: 0.77
Energy: -1.33E+00 + -2.17E-19j
------------------------------------------------------------






Delta: 0.75
Energy: -1.31E+00 + 2.17E-19j
------------------------------------------------------------






Delta: 0.72
Energy: -1.29E+00 + 2.17E-19j
------------------------------------------------------------






Delta: 0.70
Energy: -1.27E+00 + -2.17E-19j
------------------------------------------------------------






Delta: 0.65
Energy: -1.24E+00 + 2.17E-19j
------------------------------------------------------------






Delta: 0.60
Energy: -1.20E+00 + -2.17E-19j
------------------------------------------------------------






Delta: 0.55
Energy: -1.16E+00 + -4.34E-19j
------------------------------------------------------------






Delta: 0.50
Energy: -1.13E+00 + 0.00E+00j
------------------------------------------------------------






Delta: 0.45
Energy: -1.09E+00 + -2.17E-19j
------------------------------------------------------------






Delta: 0.40
Energy: -1.05E+00 + -2.17E-19j
------------------------------------------------------------






Delta: 0.35
Energy: -1.01E+00 + 2.17E-19j
------------------------------------------------------------






Delta: 0.30
Energy: -9.75E-01 + -2.17E-19j
------------------------------------------------------------






Delta: 0.25
Energy: -9.38E-01 + -2.17E-19j
------------------------------------------------------------






Delta: 0.20
Energy: -9.00E-01 + -2.17E-19j
------------------------------------------------------------






Delta: 0.15
Energy: -8.63E-01 + -2.17E-19j
------------------------------------------------------------






Delta: 0.10
Energy: -8.25E-01 + 0.00E+00j
------------------------------------------------------------






Delta: 0.05
Energy: -7.88E-01 + -1.08E-19j
------------------------------------------------------------






Delta: 0.00
Energy: -7.50E-01 + -1.08E-19j
------------------------------------------------------------






N=4
{'a': array([0, 0, 0, 0, 0, 0, 0, 0]), 'b': array([0, 0, 0, 0, 0, 0, 0, 0]), 'w': array([[ 0.09142961+1.16003988j, -0.09108448+1.25351801j,
         0.71040998-0.51748407j, -0.7087496 -0.21273462j,
         0.        +0.j        ,  0.        +0.j        ,
         0.        +0.j        ,  0.        +0.j        ],
       [ 0.75994769-0.02063341j, -0.78063911+0.01603678j,
        -0.11876695+0.05779546j,  0.09801702-0.06252037j,
         0.        +0.j        ,  0.        +0.j        ,
         0.        +0.j        ,  0.        +0.j        ],
       [-0.08127887-0.40633783j,  0.07154556-0.34355362j,
         0.50784145+1.43644441j, -0.5188835 +0.95744336j,
         0.        +0.j        ,  0.        +0.j        ,
         0.        +0.j        ,  0.        +0.j        ],
       [ 0.09621772+0.06628245j, -0.12242109-0.03729842j,
         0.4188954 -0.00891337j, -0.44496452+0.03774478j,
         0.        +0.j        ,  0.        +0.j        ,
         0.        +0.j        ,  0.        +0.j        ],
       [ 0.        +0.j        ,  0.        +0.j        ,
         0.        +0.j        ,  0.        +0.j        ,
         0.09142961+1.16003988j, -0.09108448+1.25351801j,
         0.71040998-0.51748407j, -0.7087496 -0.21273462j],
       [ 0.        +0.j        ,  0.        +0.j        ,
         0.        +0.j        ,  0.        +0.j        ,
         0.75994769-0.02063341j, -0.78063911+0.01603678j,
        -0.11876695+0.05779546j,  0.09801702-0.06252037j],
       [ 0.        +0.j        ,  0.        +0.j        ,
         0.        +0.j        ,  0.        +0.j        ,
        -0.08127887-0.40633783j,  0.07154556-0.34355362j,
         0.50784145+1.43644441j, -0.5188835 +0.95744336j],
       [ 0.        +0.j        ,  0.        +0.j        ,
         0.        +0.j        ,  0.        +0.j        ,
         0.09621772+0.06628245j, -0.12242109-0.03729842j,
         0.4188954 -0.00891337j, -0.44496452+0.03774478j]])}
**********************************************************************
Output for N=4 Hamiltonian
------------------------------------------------------------
Total time = 1.9806535138888888 hours
Parameters:
{'a': array([0, 0, 0, 0]),
 'b': array([0, 0, 0, 0]),
 'w': array([[ 0.09142961+1.16003988j, -0.09108448+1.25351801j,
         0.71040998-0.51748407j, -0.7087496 -0.21273462j],
       [ 0.75994769-0.02063341j, -0.78063911+0.01603678j,
        -0.11876695+0.05779546j,  0.09801702-0.06252037j],
       [-0.08127887-0.40633783j,  0.07154556-0.34355362j,
         0.50784145+1.43644441j, -0.5188835 +0.95744336j],
       [ 0.09621772+0.06628245j, -0.12242109-0.03729842j,
         0.4188954 -0.00891337j, -0.44496452+0.03774478j]])}
------------------------------------------------------------
Summary: 
Delta: 0.97
Energy: -1.95E+00 + -4.82E-03j
------------------------------------------------------------






Delta: 0.95
Energy: -1.95E+00 + -8.28E-04j
------------------------------------------------------------






Delta: 0.92
Energy: -1.92E+00 + -2.71E-04j
------------------------------------------------------------






Delta: 0.90
Energy: -1.90E+00 + -1.83E-04j
------------------------------------------------------------






Delta: 0.88
Energy: -1.88E+00 + -1.64E-04j
------------------------------------------------------------






Delta: 0.85
Energy: -1.85E+00 + -2.17E-04j
------------------------------------------------------------






Delta: 0.82
Energy: -1.82E+00 + -1.55E-04j
------------------------------------------------------------






Delta: 0.80
Energy: -1.80E+00 + -2.91E-04j
------------------------------------------------------------






Delta: 0.77
Energy: -1.77E+00 + -2.74E-04j
------------------------------------------------------------






Delta: 0.75
Energy: -1.75E+00 + -3.79E-04j
------------------------------------------------------------






Delta: 0.72
Energy: -1.73E+00 + -4.74E-03j
------------------------------------------------------------






Delta: 0.70
Energy: -1.74E+00 + -7.65E-04j
------------------------------------------------------------






Delta: 0.65
Energy: -1.70E+00 + -5.74E-04j
------------------------------------------------------------






Delta: 0.60
Energy: -1.67E+00 + -3.00E-04j
------------------------------------------------------------






Delta: 0.55
Energy: -1.64E+00 + -6.53E-05j
------------------------------------------------------------






Delta: 0.50
Energy: -1.62E+00 + 5.25E-05j
------------------------------------------------------------






Delta: 0.45
Energy: -1.59E+00 + 9.28E-05j
------------------------------------------------------------






Delta: 0.40
Energy: -1.57E+00 + 1.23E-04j
------------------------------------------------------------






Delta: 0.35
Energy: -1.55E+00 + 1.42E-04j
------------------------------------------------------------






Delta: 0.30
Energy: -1.54E+00 + 1.08E-04j
------------------------------------------------------------






Delta: 0.25
Energy: -1.53E+00 + 1.01E-04j
------------------------------------------------------------






Delta: 0.20
Energy: -1.52E+00 + 1.37E-04j
------------------------------------------------------------






Delta: 0.15
Energy: -1.51E+00 + 9.53E-05j
------------------------------------------------------------






Delta: 0.10
Energy: -1.50E+00 + 9.89E-05j
------------------------------------------------------------






Delta: 0.05
Energy: -1.50E+00 + 5.05E-05j
------------------------------------------------------------






Delta: 0.00
Energy: -1.50E+00 + -7.41E-06j
------------------------------------------------------------






Total time: -3.410363531111111
