running build_ext
skipping 'lib/enumeration_qvmc/utils.c' Cython extension (up-to-date)
skipping 'lib/enumeration_qvmc/state.c' Cython extension (up-to-date)
cythoning lib/enumeration_qvmc/optimizer.pyx to lib/enumeration_qvmc/optimizer.c
building 'lib.enumeration_qvmc.optimizer' extension
gcc -pthread -Wno-unused-result -Wsign-compare -DNDEBUG -g -fwrapv -O3 -Wall -fPIC -I/home/hanbury.p/env/include -I/shared/centos7/python/3.7.1/include/python3.7m -c lib/enumeration_qvmc/optimizer.c -o build/temp.linux-x86_64-3.7/lib/enumeration_qvmc/optimizer.o
gcc -pthread -shared build/temp.linux-x86_64-3.7/lib/enumeration_qvmc/optimizer.o -L/shared/centos7/python/3.7.1/lib -lpython3.7m -o /home/hanbury.p/feiguin/vmc/dynamic_adiabatic/lib/enumeration_qvmc/optimizer.cpython-37m-x86_64-linux-gnu.so
skipping 'lib/enumeration_qvmc/debug.c' Cython extension (up-to-date)
skipping 'lib/enumeration_qvmc/hamiltonian.c' Cython extension (up-to-date)
/home/hanbury.p/env/lib/python3.7/site-packages/numpy/core/numeric.py:538: ComplexWarning: Casting complex values to real discards the imaginary part
  return array(a, dtype, copy=False, order=order)
/home/hanbury.p/env/lib/python3.7/site-packages/matplotlib/pyplot.py:514: RuntimeWarning: More than 20 figures have been opened. Figures created through the pyplot interface (`matplotlib.pyplot.figure`) are retained until explicitly closed and may consume too much memory. (To control this warning, see the rcParam `figure.max_open_warning`).
  max_open_warning, RuntimeWarning)
Run Configurations:
{'deltas': [0.0,
            0.05,
            0.1,
            0.15,
            0.2,
            0.25,
            0.3,
            0.35,
            0.4,
            0.45,
            0.5,
            0.55,
            0.6,
            0.65,
            0.7,
            0.75,
            0.8,
            0.85,
            0.9,
            0.95,
            1.0],
 'fixed_params': ['a', 'b'],
 'initial_diamer_state': 'option_1',
 'learning_rate': 0.01,
 'name': 'EnumerationRun',
 'noise_scale': 0.01,
 'notes': '\n'
          '              This is to test the fixed\n'
          '              conjugate problem when \n'
          '              taking derivatives\n'
          '              ',
 'num_monte_carlos_per_delta': 200,
 'num_particles': 8,
 'num_steps': 10000,
 'save_dir': '/home/hanbury.p/feiguin/vmc/dynamic_adiabatic/outputs/EnumerationRun_2019-05-28-09:24'}
**************************************************


N=4
{'a': array([0, 0, 0, 0, 0, 0, 0, 0]), 'b': array([0, 0, 0, 0, 0, 0, 0, 0]), 'w': array([[ 0.19457681+0.68955865j,  0.1397684 +0.75904172j,
        -0.13076098+0.1069464j , -0.18563666+0.03795003j,
         0.        +0.j        ,  0.        +0.j        ,
         0.        +0.j        ,  0.        +0.j        ],
       [ 0.12485746+0.13901008j, -0.11684657-0.14473266j,
         0.11844704-0.14862906j, -0.12273824+0.13428977j,
         0.        +0.j        ,  0.        +0.j        ,
         0.        +0.j        ,  0.        +0.j        ],
       [ 0.22998927+0.03078226j,  0.10621765+0.07845752j,
        -0.09566587+0.73048421j, -0.21913229+0.68226673j,
         0.        +0.j        ,  0.        +0.j        ,
         0.        +0.j        ,  0.        +0.j        ],
       [-0.02220321+0.12556064j,  0.04308541-0.12277944j,
        -0.03742592-0.12216102j,  0.02781067+0.12490144j,
         0.        +0.j        ,  0.        +0.j        ,
         0.        +0.j        ,  0.        +0.j        ],
       [ 0.        +0.j        ,  0.        +0.j        ,
         0.        +0.j        ,  0.        +0.j        ,
         0.19457681+0.68955865j,  0.1397684 +0.75904172j,
        -0.13076098+0.1069464j , -0.18563666+0.03795003j],
       [ 0.        +0.j        ,  0.        +0.j        ,
         0.        +0.j        ,  0.        +0.j        ,
         0.12485746+0.13901008j, -0.11684657-0.14473266j,
         0.11844704-0.14862906j, -0.12273824+0.13428977j],
       [ 0.        +0.j        ,  0.        +0.j        ,
         0.        +0.j        ,  0.        +0.j        ,
         0.22998927+0.03078226j,  0.10621765+0.07845752j,
        -0.09566587+0.73048421j, -0.21913229+0.68226673j],
       [ 0.        +0.j        ,  0.        +0.j        ,
         0.        +0.j        ,  0.        +0.j        ,
        -0.02220321+0.12556064j,  0.04308541-0.12277944j,
        -0.03742592-0.12216102j,  0.02781067+0.12490144j]])}
**********************************************************************
Output for N=4 Hamiltonian
------------------------------------------------------------
Total time = 0.012703875833333333 hours
Parameters:
{'a': array([0, 0, 0, 0]),
 'b': array([0, 0, 0, 0]),
 'w': array([[ 0.19457681+0.68955865j,  0.1397684 +0.75904172j,
        -0.13076098+0.1069464j , -0.18563666+0.03795003j],
       [ 0.12485746+0.13901008j, -0.11684657-0.14473266j,
         0.11844704-0.14862906j, -0.12273824+0.13428977j],
       [ 0.22998927+0.03078226j,  0.10621765+0.07845752j,
        -0.09566587+0.73048421j, -0.21913229+0.68226673j],
       [-0.02220321+0.12556064j,  0.04308541-0.12277944j,
        -0.03742592-0.12216102j,  0.02781067+0.12490144j]])}
------------------------------------------------------------
Summary: 
Delta: 0.00
Energy: -1.50E+00 + -7.79E-20j
------------------------------------------------------------






Delta: 0.05
Energy: -1.54E+00 + 5.59E-20j
------------------------------------------------------------






Delta: 0.10
Energy: -1.57E+00 + 4.02E-21j
------------------------------------------------------------






Delta: 0.15
Energy: -1.58E+00 + -2.79E-21j
------------------------------------------------------------






Delta: 0.20
Energy: -1.59E+00 + 1.61E-21j
------------------------------------------------------------






Delta: 0.25
Energy: -1.60E+00 + 2.40E-20j
------------------------------------------------------------






Delta: 0.30
Energy: -1.62E+00 + 3.92E-20j
------------------------------------------------------------






Delta: 0.35
Energy: -1.63E+00 + -6.05E-20j
------------------------------------------------------------






Delta: 0.40
Energy: -1.64E+00 + -3.69E-20j
------------------------------------------------------------






Delta: 0.45
Energy: -1.66E+00 + -2.69E-20j
------------------------------------------------------------






Delta: 0.50
Energy: -1.67E+00 + -2.63E-20j
------------------------------------------------------------






Delta: 0.55
Energy: -1.69E+00 + 7.65E-20j
------------------------------------------------------------






Delta: 0.60
Energy: -1.70E+00 + 5.13E-20j
------------------------------------------------------------






Delta: 0.65
Energy: -1.72E+00 + 2.03E-20j
------------------------------------------------------------






Delta: 0.70
Energy: -1.73E+00 + -2.01E-20j
------------------------------------------------------------






Delta: 0.75
Energy: -1.75E+00 + -4.82E-20j
------------------------------------------------------------






Delta: 0.80
Energy: -1.77E+00 + -1.11E-20j
------------------------------------------------------------






Delta: 0.85
Energy: -1.79E+00 + 4.07E-20j
------------------------------------------------------------






Delta: 0.90
Energy: -1.81E+00 + -9.77E-20j
------------------------------------------------------------






Delta: 0.95
Energy: -1.83E+00 + 2.80E-20j
------------------------------------------------------------






Delta: 1.00
Energy: -1.85E+00 + 1.77E-20j
------------------------------------------------------------






N=8
{'a': array([0, 0, 0, 0, 0, 0, 0, 0, 0, 0, 0, 0, 0, 0, 0, 0]), 'b': array([0, 0, 0, 0, 0, 0, 0, 0, 0, 0, 0, 0, 0, 0, 0, 0]), 'w': array([[ 0.06466484+0.58455938j,  0.03187628+0.5923355j ,
        -0.09689689+0.23189446j, -0.1228053 -0.07303429j,
         0.06841141+0.0069967j ,  0.03472852+0.02210345j,
         0.04998401+0.04714943j, -0.01201531+0.18149216j,
         0.        +0.j        ,  0.        +0.j        ,
         0.        +0.j        ,  0.        +0.j        ,
         0.        +0.j        ,  0.        +0.j        ,
         0.        +0.j        ,  0.        +0.j        ],
       [ 0.09385199+0.10809577j, -0.11678343-0.13411104j,
         0.12968506-0.12893751j, -0.10798017+0.083122j  ,
         0.06928659+0.04461051j, -0.06744809-0.01789762j,
         0.06092416-0.02712861j, -0.05781643+0.05218464j,
         0.        +0.j        ,  0.        +0.j        ,
         0.        +0.j        ,  0.        +0.j        ,
         0.        +0.j        ,  0.        +0.j        ,
         0.        +0.j        ,  0.        +0.j        ],
       [ 0.12992856-0.07934506j,  0.10175109+0.21418415j,
         0.00015917+0.56568633j, -0.09134767+0.59278493j,
         0.03226598+0.18990031j, -0.0491411 +0.04125819j,
        -0.02789663+0.01218792j, -0.07431063-0.01466605j,
         0.        +0.j        ,  0.        +0.j        ,
         0.        +0.j        ,  0.        +0.j        ,
         0.        +0.j        ,  0.        +0.j        ,
         0.        +0.j        ,  0.        +0.j        ],
       [-0.04570661+0.09130364j,  0.05213846-0.11699374j,
        -0.03705472-0.12249006j,  0.03318637+0.09901128j,
        -0.04914827+0.06764607j,  0.01515037-0.03872541j,
        -0.02127522-0.03577995j,  0.06397656+0.06154978j,
         0.        +0.j        ,  0.        +0.j        ,
         0.        +0.j        ,  0.        +0.j        ,
         0.        +0.j        ,  0.        +0.j        ,
         0.        +0.j        ,  0.        +0.j        ],
       [ 0.06841141+0.0069967j ,  0.03472852+0.02210345j,
         0.04998401+0.04714943j, -0.01201531+0.18149216j,
         0.06466484+0.58455938j,  0.03187628+0.5923355j ,
        -0.09689689+0.23189446j, -0.1228053 -0.07303429j,
         0.        +0.j        ,  0.        +0.j        ,
         0.        +0.j        ,  0.        +0.j        ,
         0.        +0.j        ,  0.        +0.j        ,
         0.        +0.j        ,  0.        +0.j        ],
       [ 0.06928659+0.04461051j, -0.06744809-0.01789762j,
         0.06092416-0.02712861j, -0.05781643+0.05218464j,
         0.09385199+0.10809577j, -0.11678343-0.13411104j,
         0.12968506-0.12893751j, -0.10798017+0.083122j  ,
         0.        +0.j        ,  0.        +0.j        ,
         0.        +0.j        ,  0.        +0.j        ,
         0.        +0.j        ,  0.        +0.j        ,
         0.        +0.j        ,  0.        +0.j        ],
       [ 0.03226598+0.18990031j, -0.0491411 +0.04125819j,
        -0.02789663+0.01218792j, -0.07431063-0.01466605j,
         0.12992856-0.07934506j,  0.10175109+0.21418415j,
         0.00015917+0.56568633j, -0.09134767+0.59278493j,
         0.        +0.j        ,  0.        +0.j        ,
         0.        +0.j        ,  0.        +0.j        ,
         0.        +0.j        ,  0.        +0.j        ,
         0.        +0.j        ,  0.        +0.j        ],
       [-0.04914827+0.06764607j,  0.01515037-0.03872541j,
        -0.02127522-0.03577995j,  0.06397656+0.06154978j,
        -0.04570661+0.09130364j,  0.05213846-0.11699374j,
        -0.03705472-0.12249006j,  0.03318637+0.09901128j,
         0.        +0.j        ,  0.        +0.j        ,
         0.        +0.j        ,  0.        +0.j        ,
         0.        +0.j        ,  0.        +0.j        ,
         0.        +0.j        ,  0.        +0.j        ],
       [ 0.        +0.j        ,  0.        +0.j        ,
         0.        +0.j        ,  0.        +0.j        ,
         0.        +0.j        ,  0.        +0.j        ,
         0.        +0.j        ,  0.        +0.j        ,
         0.06466484+0.58455938j,  0.03187628+0.5923355j ,
        -0.09689689+0.23189446j, -0.1228053 -0.07303429j,
         0.06841141+0.0069967j ,  0.03472852+0.02210345j,
         0.04998401+0.04714943j, -0.01201531+0.18149216j],
       [ 0.        +0.j        ,  0.        +0.j        ,
         0.        +0.j        ,  0.        +0.j        ,
         0.        +0.j        ,  0.        +0.j        ,
         0.        +0.j        ,  0.        +0.j        ,
         0.09385199+0.10809577j, -0.11678343-0.13411104j,
         0.12968506-0.12893751j, -0.10798017+0.083122j  ,
         0.06928659+0.04461051j, -0.06744809-0.01789762j,
         0.06092416-0.02712861j, -0.05781643+0.05218464j],
       [ 0.        +0.j        ,  0.        +0.j        ,
         0.        +0.j        ,  0.        +0.j        ,
         0.        +0.j        ,  0.        +0.j        ,
         0.        +0.j        ,  0.        +0.j        ,
         0.12992856-0.07934506j,  0.10175109+0.21418415j,
         0.00015917+0.56568633j, -0.09134767+0.59278493j,
         0.03226598+0.18990031j, -0.0491411 +0.04125819j,
        -0.02789663+0.01218792j, -0.07431063-0.01466605j],
       [ 0.        +0.j        ,  0.        +0.j        ,
         0.        +0.j        ,  0.        +0.j        ,
         0.        +0.j        ,  0.        +0.j        ,
         0.        +0.j        ,  0.        +0.j        ,
        -0.04570661+0.09130364j,  0.05213846-0.11699374j,
        -0.03705472-0.12249006j,  0.03318637+0.09901128j,
        -0.04914827+0.06764607j,  0.01515037-0.03872541j,
        -0.02127522-0.03577995j,  0.06397656+0.06154978j],
       [ 0.        +0.j        ,  0.        +0.j        ,
         0.        +0.j        ,  0.        +0.j        ,
         0.        +0.j        ,  0.        +0.j        ,
         0.        +0.j        ,  0.        +0.j        ,
         0.06841141+0.0069967j ,  0.03472852+0.02210345j,
         0.04998401+0.04714943j, -0.01201531+0.18149216j,
         0.06466484+0.58455938j,  0.03187628+0.5923355j ,
        -0.09689689+0.23189446j, -0.1228053 -0.07303429j],
       [ 0.        +0.j        ,  0.        +0.j        ,
         0.        +0.j        ,  0.        +0.j        ,
         0.        +0.j        ,  0.        +0.j        ,
         0.        +0.j        ,  0.        +0.j        ,
         0.06928659+0.04461051j, -0.06744809-0.01789762j,
         0.06092416-0.02712861j, -0.05781643+0.05218464j,
         0.09385199+0.10809577j, -0.11678343-0.13411104j,
         0.12968506-0.12893751j, -0.10798017+0.083122j  ],
       [ 0.        +0.j        ,  0.        +0.j        ,
         0.        +0.j        ,  0.        +0.j        ,
         0.        +0.j        ,  0.        +0.j        ,
         0.        +0.j        ,  0.        +0.j        ,
         0.03226598+0.18990031j, -0.0491411 +0.04125819j,
        -0.02789663+0.01218792j, -0.07431063-0.01466605j,
         0.12992856-0.07934506j,  0.10175109+0.21418415j,
         0.00015917+0.56568633j, -0.09134767+0.59278493j],
       [ 0.        +0.j        ,  0.        +0.j        ,
         0.        +0.j        ,  0.        +0.j        ,
         0.        +0.j        ,  0.        +0.j        ,
         0.        +0.j        ,  0.        +0.j        ,
        -0.04914827+0.06764607j,  0.01515037-0.03872541j,
        -0.02127522-0.03577995j,  0.06397656+0.06154978j,
        -0.04570661+0.09130364j,  0.05213846-0.11699374j,
        -0.03705472-0.12249006j,  0.03318637+0.09901128j]])}
**********************************************************************
Output for N=8 Hamiltonian
------------------------------------------------------------
Total time = 0.22377442083333332 hours
Parameters:
{'a': array([0, 0, 0, 0, 0, 0, 0, 0]),
 'b': array([0, 0, 0, 0, 0, 0, 0, 0]),
 'w': array([[ 0.06466484+0.58455938j,  0.03187628+0.5923355j ,
        -0.09689689+0.23189446j, -0.1228053 -0.07303429j,
         0.06841141+0.0069967j ,  0.03472852+0.02210345j,
         0.04998401+0.04714943j, -0.01201531+0.18149216j],
       [ 0.09385199+0.10809577j, -0.11678343-0.13411104j,
         0.12968506-0.12893751j, -0.10798017+0.083122j  ,
         0.06928659+0.04461051j, -0.06744809-0.01789762j,
         0.06092416-0.02712861j, -0.05781643+0.05218464j],
       [ 0.12992856-0.07934506j,  0.10175109+0.21418415j,
         0.00015917+0.56568633j, -0.09134767+0.59278493j,
         0.03226598+0.18990031j, -0.0491411 +0.04125819j,
        -0.02789663+0.01218792j, -0.07431063-0.01466605j],
       [-0.04570661+0.09130364j,  0.05213846-0.11699374j,
        -0.03705472-0.12249006j,  0.03318637+0.09901128j,
        -0.04914827+0.06764607j,  0.01515037-0.03872541j,
        -0.02127522-0.03577995j,  0.06397656+0.06154978j],
       [ 0.06841141+0.0069967j ,  0.03472852+0.02210345j,
         0.04998401+0.04714943j, -0.01201531+0.18149216j,
         0.06466484+0.58455938j,  0.03187628+0.5923355j ,
        -0.09689689+0.23189446j, -0.1228053 -0.07303429j],
       [ 0.06928659+0.04461051j, -0.06744809-0.01789762j,
         0.06092416-0.02712861j, -0.05781643+0.05218464j,
         0.09385199+0.10809577j, -0.11678343-0.13411104j,
         0.12968506-0.12893751j, -0.10798017+0.083122j  ],
       [ 0.03226598+0.18990031j, -0.0491411 +0.04125819j,
        -0.02789663+0.01218792j, -0.07431063-0.01466605j,
         0.12992856-0.07934506j,  0.10175109+0.21418415j,
         0.00015917+0.56568633j, -0.09134767+0.59278493j],
       [-0.04914827+0.06764607j,  0.01515037-0.03872541j,
        -0.02127522-0.03577995j,  0.06397656+0.06154978j,
        -0.04570661+0.09130364j,  0.05213846-0.11699374j,
        -0.03705472-0.12249006j,  0.03318637+0.09901128j]])}
------------------------------------------------------------
Summary: 
Delta: 0.00
Energy: -3.23E+00 + 7.16E-19j
------------------------------------------------------------






Delta: 0.05
Energy: -3.23E+00 + 5.16E-19j
------------------------------------------------------------






Delta: 0.10
Energy: -3.23E+00 + -7.83E-20j
------------------------------------------------------------






Delta: 0.15
Energy: -3.24E+00 + -9.47E-19j
------------------------------------------------------------






Delta: 0.20
Energy: -3.24E+00 + -1.02E-18j
------------------------------------------------------------






Delta: 0.25
Energy: -3.24E+00 + 6.99E-19j
------------------------------------------------------------






Delta: 0.30
Energy: -3.25E+00 + -8.35E-19j
------------------------------------------------------------






Delta: 0.35
Energy: -3.27E+00 + 1.00E-18j
------------------------------------------------------------






Delta: 0.40
Energy: -3.28E+00 + -8.64E-19j
------------------------------------------------------------






Delta: 0.45
Energy: -3.30E+00 + 1.06E-18j
------------------------------------------------------------






Delta: 0.50
Energy: -3.32E+00 + 2.21E-19j
------------------------------------------------------------






Delta: 0.55
Energy: -3.34E+00 + -5.51E-19j
------------------------------------------------------------






Delta: 0.60
Energy: -3.36E+00 + -3.55E-19j
------------------------------------------------------------






Delta: 0.65
Energy: -3.39E+00 + 5.63E-19j
------------------------------------------------------------






Delta: 0.70
Energy: -3.42E+00 + 1.72E-19j
------------------------------------------------------------






Delta: 0.75
Energy: -3.45E+00 + 1.71E-18j
------------------------------------------------------------






Delta: 0.80
Energy: -3.48E+00 + -9.33E-19j
------------------------------------------------------------






Delta: 0.85
Energy: -3.52E+00 + 2.06E-18j
------------------------------------------------------------






Delta: 0.90
Energy: -3.56E+00 + 1.63E-18j
------------------------------------------------------------






Delta: 0.95
Energy: -3.60E+00 + 1.57E-18j
------------------------------------------------------------






Delta: 1.00
Energy: -3.65E+00 + 8.71E-19j
------------------------------------------------------------






Total time: -0.23648155694444445
