/home/hanbury.p/feiguin/vmc/env/lib/python3.7/site-packages/numpy/core/numeric.py:538: ComplexWarning: Casting complex values to real discards the imaginary part
  return array(a, dtype, copy=False, order=order)
/home/hanbury.p/feiguin/vmc/env/lib/python3.7/site-packages/matplotlib/pyplot.py:514: RuntimeWarning: More than 20 figures have been opened. Figures created through the pyplot interface (`matplotlib.pyplot.figure`) are retained until explicitly closed and may consume too much memory. (To control this warning, see the rcParam `figure.max_open_warning`).
  max_open_warning, RuntimeWarning)
2019-04-12 14:31:07.366545
**********************************************************************

Purpose: 8 Particle ground state calculation using adiabatic method 



30,000 MC steps 

a and b parameters are not fixed 

intermediate parameter plots are outputted 


------------------------------------------------------------
Total time = 6.001889714444445 hours
Final Summary: 
Delta: 0.95
Energy: -5.85E+00 + -2.02E-04j
------------------------------------------------------------
Delta: 0.90
Energy: -5.70E+00 + 7.27E-04j
------------------------------------------------------------
Delta: 0.85
Energy: -5.55E+00 + -9.80E-04j
------------------------------------------------------------
Delta: 0.80
Energy: -5.40E+00 + 8.19E-04j
------------------------------------------------------------
Delta: 0.75
Energy: -5.26E+00 + 3.09E-04j
------------------------------------------------------------
Delta: 0.70
Energy: -5.11E+00 + 1.57E-03j
------------------------------------------------------------
Delta: 0.65
Energy: -4.96E+00 + 3.45E-03j
------------------------------------------------------------
Delta: 0.60
Energy: -4.79E+00 + 6.59E-03j
------------------------------------------------------------
Delta: 0.55
Energy: -2.96E+00 + -6.18E-03j
------------------------------------------------------------
Delta: 0.50
Energy: -3.22E+00 + 4.88E-03j
------------------------------------------------------------
Delta: 0.45
Energy: -3.27E+00 + 1.01E-03j
------------------------------------------------------------
Delta: 0.40
Energy: -3.22E+00 + -1.15E-02j
------------------------------------------------------------
Delta: 0.35
Energy: -3.33E+00 + 1.37E-02j
------------------------------------------------------------
Delta: 0.30
Energy: -3.78E+00 + 4.68E-03j
------------------------------------------------------------
Delta: 0.25
Energy: -3.83E+00 + -2.15E-03j
------------------------------------------------------------
Delta: 0.20
Energy: -3.73E+00 + 8.61E-04j
------------------------------------------------------------
Delta: 0.15
Energy: -3.62E+00 + -8.20E-04j
------------------------------------------------------------
Delta: 0.10
Energy: -3.50E+00 + 1.55E-03j
------------------------------------------------------------
Delta: 0.05
Energy: -3.40E+00 + -8.10E-04j
------------------------------------------------------------
Delta: 0.00
Energy: -3.31E+00 + 2.18E-03j
------------------------------------------------------------
