Ending because loop count == 50
Ending because loop count == 50
Ending because loop count == 50
Ending because loop count == 50
Ending because loop count == 50
Ending because loop count == 50
Ending because loop count == 50
Ending because loop count == 50
Ending because loop count == 50
Ending because loop count == 50
Ending because loop count == 50
Ending because loop count == 50
Ending because loop count == 50
Ending because loop count == 50
Ending because loop count == 50
**********************************************************************
Total time = 20060.652327299118
Final Summary: 
Delta: 0.95
Energy: -5.85E+00 + -8.60E-05j
------------------------------------------------------------
Delta: 0.90
Energy: -3.71E+00 + 3.46E-02j
------------------------------------------------------------
Delta: 0.85
Energy: -4.39E+00 + 3.10E-02j
------------------------------------------------------------
Delta: 0.80
Energy: -4.72E+00 + 6.82E-03j
------------------------------------------------------------
Delta: 0.75
Energy: -4.91E+00 + 5.35E-03j
------------------------------------------------------------
Delta: 0.70
Energy: -4.91E+00 + 3.11E-03j
------------------------------------------------------------
Delta: 0.65
Energy: -4.85E+00 + -1.05E-03j
------------------------------------------------------------
Delta: 0.60
Energy: -4.74E+00 + -8.68E-04j
------------------------------------------------------------
Delta: 0.55
Energy: -4.60E+00 + -5.41E-04j
------------------------------------------------------------
Delta: 0.50
Energy: -4.47E+00 + -2.93E-04j
------------------------------------------------------------
Delta: 0.45
Energy: -4.34E+00 + 8.61E-04j
------------------------------------------------------------
Delta: 0.40
Energy: -4.21E+00 + 1.26E-03j
------------------------------------------------------------
Delta: 0.35
Energy: -4.07E+00 + -7.22E-03j
------------------------------------------------------------
Delta: 0.30
Energy: -3.94E+00 + -1.58E-03j
------------------------------------------------------------
Delta: 0.25
Energy: -3.81E+00 + -5.84E-03j
------------------------------------------------------------
Delta: 0.20
Energy: -3.69E+00 + 5.28E-03j
------------------------------------------------------------
Delta: 0.15
Energy: -3.56E+00 + -3.80E-03j
------------------------------------------------------------
Delta: 0.10
Energy: -3.43E+00 + -1.60E-03j
------------------------------------------------------------
Delta: 0.05
Energy: -3.33E+00 + 1.84E-02j
------------------------------------------------------------
Delta: 0.00
Energy: -3.22E+00 + 1.07E-02j
------------------------------------------------------------
