running build_ext
skipping 'lib/qvmc/utils.c' Cython extension (up-to-date)
skipping 'lib/qvmc/state.c' Cython extension (up-to-date)
skipping 'lib/qvmc/optimizer.c' Cython extension (up-to-date)
skipping 'lib/qvmc/debug.c' Cython extension (up-to-date)
skipping 'lib/qvmc/hamiltonian.c' Cython extension (up-to-date)
/home/hanbury.p/env/lib/python3.7/site-packages/numpy/core/numeric.py:538: ComplexWarning: Casting complex values to real discards the imaginary part
  return array(a, dtype, copy=False, order=order)
/home/hanbury.p/env/lib/python3.7/site-packages/matplotlib/pyplot.py:514: RuntimeWarning: More than 20 figures have been opened. Figures created through the pyplot interface (`matplotlib.pyplot.figure`) are retained until explicitly closed and may consume too much memory. (To control this warning, see the rcParam `figure.max_open_warning`).
  max_open_warning, RuntimeWarning)
Run Configurations:
{'deltas': [0.0,
            0.05,
            0.1,
            0.15,
            0.2,
            0.25,
            0.3,
            0.35,
            0.4,
            0.45,
            0.5,
            0.55,
            0.6,
            0.65,
            0.7,
            0.75,
            0.8,
            0.85,
            0.9,
            0.95,
            1.0],
 'fixed_params': ['a', 'b'],
 'initial_diamer_state': 'option_2',
 'learning_rate': 0.003,
 'name': '8LowLROption2',
 'notes': '\n'
          '              This is to test a smaller leanring rate, hoping to\n'
          '              fix the gradient descent problem. Using option 2\n'
          '              because that seemed to work last time.\n'
          '              ',
 'num_monte_carlos_per_delta': 100,
 'num_particles': 8,
 'num_steps': 10000,
 'save_dir': '/home/hanbury.p/feiguin/vmc/dynamic_adiabatic/outputs/8LowLROption2_2019-05-14-10:23'}
**************************************************


N=4
{'a': array([0, 0, 0, 0, 0, 0, 0, 0]), 'b': array([0, 0, 0, 0, 0, 0, 0, 0]), 'w': array([[-0.15044267+0.74503296j,  0.13102654+0.79133453j,
        -0.14686481-0.02397814j,  0.13411361+0.01731223j,
         0.        +0.j        ,  0.        +0.j        ,
         0.        +0.j        ,  0.        +0.j        ],
       [ 0.14184243+0.76323243j, -0.15420137+0.79769619j,
         0.14774349-0.02760758j, -0.14697871+0.00919624j,
         0.        +0.j        ,  0.        +0.j        ,
         0.        +0.j        ,  0.        +0.j        ],
       [ 0.0393525 -0.00264823j, -0.05131776-0.0251295j ,
         0.05617407+0.80233835j, -0.03612036+0.78195351j,
         0.        +0.j        ,  0.        +0.j        ,
         0.        +0.j        ,  0.        +0.j        ],
       [ 0.07845889+0.03126742j, -0.09463249-0.04391566j,
         0.11690466+0.82059363j, -0.05583821+0.74711688j,
         0.        +0.j        ,  0.        +0.j        ,
         0.        +0.j        ,  0.        +0.j        ],
       [ 0.        +0.j        ,  0.        +0.j        ,
         0.        +0.j        ,  0.        +0.j        ,
        -0.15044267+0.74503296j,  0.13102654+0.79133453j,
        -0.14686481-0.02397814j,  0.13411361+0.01731223j],
       [ 0.        +0.j        ,  0.        +0.j        ,
         0.        +0.j        ,  0.        +0.j        ,
         0.14184243+0.76323243j, -0.15420137+0.79769619j,
         0.14774349-0.02760758j, -0.14697871+0.00919624j],
       [ 0.        +0.j        ,  0.        +0.j        ,
         0.        +0.j        ,  0.        +0.j        ,
         0.0393525 -0.00264823j, -0.05131776-0.0251295j ,
         0.05617407+0.80233835j, -0.03612036+0.78195351j],
       [ 0.        +0.j        ,  0.        +0.j        ,
         0.        +0.j        ,  0.        +0.j        ,
         0.07845889+0.03126742j, -0.09463249-0.04391566j,
         0.11690466+0.82059363j, -0.05583821+0.74711688j]])}
**********************************************************************
Output for N=4 Hamiltonian
------------------------------------------------------------
Total time = 2.7661498852777777 hours
Parameters:
{'a': array([0, 0, 0, 0]),
 'b': array([0, 0, 0, 0]),
 'w': array([[-0.15044267+0.74503296j,  0.13102654+0.79133453j,
        -0.14686481-0.02397814j,  0.13411361+0.01731223j],
       [ 0.14184243+0.76323243j, -0.15420137+0.79769619j,
         0.14774349-0.02760758j, -0.14697871+0.00919624j],
       [ 0.0393525 -0.00264823j, -0.05131776-0.0251295j ,
         0.05617407+0.80233835j, -0.03612036+0.78195351j],
       [ 0.07845889+0.03126742j, -0.09463249-0.04391566j,
         0.11690466+0.82059363j, -0.05583821+0.74711688j]])}
------------------------------------------------------------
Summary: 
Delta: 0.00
Energy: -1.51E+00 + -6.73E-06j
------------------------------------------------------------






Delta: 0.05
Energy: -1.51E+00 + 2.09E-05j
------------------------------------------------------------






Delta: 0.10
Energy: -1.51E+00 + 3.00E-05j
------------------------------------------------------------






Delta: 0.15
Energy: -1.51E+00 + 3.88E-05j
------------------------------------------------------------






Delta: 0.20
Energy: -1.51E+00 + 3.38E-05j
------------------------------------------------------------






Delta: 0.25
Energy: -1.51E+00 + 6.61E-05j
------------------------------------------------------------






Delta: 0.30
Energy: -1.51E+00 + 8.27E-05j
------------------------------------------------------------






Delta: 0.35
Energy: -1.51E+00 + 1.48E-04j
------------------------------------------------------------






Delta: 0.40
Energy: -1.51E+00 + 1.83E-04j
------------------------------------------------------------






Delta: 0.45
Energy: -1.51E+00 + 2.63E-04j
------------------------------------------------------------






Delta: 0.50
Energy: -1.51E+00 + 2.91E-04j
------------------------------------------------------------






Delta: 0.55
Energy: -1.51E+00 + 3.34E-04j
------------------------------------------------------------






Delta: 0.60
Energy: -1.52E+00 + 6.46E-04j
------------------------------------------------------------






Delta: 0.65
Energy: -1.52E+00 + 7.25E-04j
------------------------------------------------------------






Delta: 0.70
Energy: -1.53E+00 + 1.15E-03j
------------------------------------------------------------






Delta: 0.75
Energy: -1.54E+00 + 8.00E-04j
------------------------------------------------------------






Delta: 0.80
Energy: -1.56E+00 + 1.01E-03j
------------------------------------------------------------






Delta: 0.85
Energy: -1.58E+00 + 2.61E-03j
------------------------------------------------------------






Delta: 0.90
Energy: -1.59E+00 + 1.84E-03j
------------------------------------------------------------






Delta: 0.95
Energy: -1.61E+00 + 2.90E-03j
------------------------------------------------------------






Delta: 1.00
Energy: -1.61E+00 + 9.60E-04j
------------------------------------------------------------






N=8
{'a': array([0, 0, 0, 0, 0, 0, 0, 0, 0, 0, 0, 0, 0, 0, 0, 0]), 'b': array([0, 0, 0, 0, 0, 0, 0, 0, 0, 0, 0, 0, 0, 0, 0, 0]), 'w': array([[-0.11627771+0.73973428j,  0.17037099+0.74936338j,
        -0.17513937+0.04166132j,  0.07425166+0.03628361j,
        -0.04626768+0.01879796j,  0.04390751-0.00592069j,
        -0.05574701-0.00214213j,  0.0593091 -0.03729953j,
         0.        +0.j        ,  0.        +0.j        ,
         0.        +0.j        ,  0.        +0.j        ,
         0.        +0.j        ,  0.        +0.j        ,
         0.        +0.j        ,  0.        +0.j        ],
       [ 0.06784925+0.74781579j, -0.16591807+0.77772399j,
         0.1773406 +0.01792796j, -0.09019287+0.05735674j,
         0.06717948+0.02570434j, -0.03031055-0.05236863j,
        -0.00018769+0.04502267j, -0.06089567-0.02717319j,
         0.        +0.j        ,  0.        +0.j        ,
         0.        +0.j        ,  0.        +0.j        ,
         0.        +0.j        ,  0.        +0.j        ,
         0.        +0.j        ,  0.        +0.j        ],
       [-0.02440005+0.073646j  , -0.05290208+0.01295762j,
         0.10093205+0.7271691j ,  0.02418046+0.72324517j,
        -0.01861723-0.05359503j, -0.03843075+0.03969228j,
        -0.00831254-0.08066978j, -0.00357465+0.08065627j,
         0.        +0.j        ,  0.        +0.j        ,
         0.        +0.j        ,  0.        +0.j        ,
         0.        +0.j        ,  0.        +0.j        ,
         0.        +0.j        ,  0.        +0.j        ],
       [ 0.05551623+0.03974942j, -0.0923802 +0.00354746j,
         0.16009721+0.80950578j,  0.01819378+0.71992335j,
         0.055154  -0.01935722j, -0.01318738-0.00628965j,
         0.02169195+0.01080784j, -0.05190256+0.01524129j,
         0.        +0.j        ,  0.        +0.j        ,
         0.        +0.j        ,  0.        +0.j        ,
         0.        +0.j        ,  0.        +0.j        ,
         0.        +0.j        ,  0.        +0.j        ],
       [ 0.01411886+0.00484103j, -0.02115443-0.01942089j,
        -0.00772898-0.00136413j,  0.02293453-0.00669786j,
        -0.11640704+0.73370446j,  0.15476311+0.78008804j,
        -0.07972377-0.01973525j,  0.12979732+0.00089351j,
         0.        +0.j        ,  0.        +0.j        ,
         0.        +0.j        ,  0.        +0.j        ,
         0.        +0.j        ,  0.        +0.j        ,
         0.        +0.j        ,  0.        +0.j        ],
       [-0.01168202-0.0370841j ,  0.00302221+0.02772145j,
         0.01264653-0.02584063j,  0.01004087-0.00514984j,
         0.14709619+0.77111706j, -0.14418495+0.80112775j,
         0.11116288-0.01426711j, -0.15043727+0.02763657j,
         0.        +0.j        ,  0.        +0.j        ,
         0.        +0.j        ,  0.        +0.j        ,
         0.        +0.j        ,  0.        +0.j        ,
         0.        +0.j        ,  0.        +0.j        ],
       [ 0.00746117+0.02979239j,  0.01654116+0.04643102j,
        -0.01121528-0.03352004j, -0.01168944-0.01991002j,
         0.06613595-0.03801137j, -0.062987  +0.00816011j,
         0.03907657+0.79024404j, -0.042313  +0.75619146j,
         0.        +0.j        ,  0.        +0.j        ,
         0.        +0.j        ,  0.        +0.j        ,
         0.        +0.j        ,  0.        +0.j        ,
         0.        +0.j        ,  0.        +0.j        ],
       [-0.04463963+0.03098126j, -0.04584781-0.01918624j,
        -0.01566436-0.04626526j, -0.01297384-0.03178205j,
         0.04347234+0.01861849j, -0.03698681+0.01474658j,
         0.12930611+0.80602421j,  0.01918212+0.74574946j,
         0.        +0.j        ,  0.        +0.j        ,
         0.        +0.j        ,  0.        +0.j        ,
         0.        +0.j        ,  0.        +0.j        ,
         0.        +0.j        ,  0.        +0.j        ],
       [ 0.        +0.j        ,  0.        +0.j        ,
         0.        +0.j        ,  0.        +0.j        ,
         0.        +0.j        ,  0.        +0.j        ,
         0.        +0.j        ,  0.        +0.j        ,
        -0.11627771+0.73973428j,  0.17037099+0.74936338j,
        -0.17513937+0.04166132j,  0.07425166+0.03628361j,
        -0.04626768+0.01879796j,  0.04390751-0.00592069j,
        -0.05574701-0.00214213j,  0.0593091 -0.03729953j],
       [ 0.        +0.j        ,  0.        +0.j        ,
         0.        +0.j        ,  0.        +0.j        ,
         0.        +0.j        ,  0.        +0.j        ,
         0.        +0.j        ,  0.        +0.j        ,
         0.06784925+0.74781579j, -0.16591807+0.77772399j,
         0.1773406 +0.01792796j, -0.09019287+0.05735674j,
         0.06717948+0.02570434j, -0.03031055-0.05236863j,
        -0.00018769+0.04502267j, -0.06089567-0.02717319j],
       [ 0.        +0.j        ,  0.        +0.j        ,
         0.        +0.j        ,  0.        +0.j        ,
         0.        +0.j        ,  0.        +0.j        ,
         0.        +0.j        ,  0.        +0.j        ,
        -0.02440005+0.073646j  , -0.05290208+0.01295762j,
         0.10093205+0.7271691j ,  0.02418046+0.72324517j,
        -0.01861723-0.05359503j, -0.03843075+0.03969228j,
        -0.00831254-0.08066978j, -0.00357465+0.08065627j],
       [ 0.        +0.j        ,  0.        +0.j        ,
         0.        +0.j        ,  0.        +0.j        ,
         0.        +0.j        ,  0.        +0.j        ,
         0.        +0.j        ,  0.        +0.j        ,
         0.05551623+0.03974942j, -0.0923802 +0.00354746j,
         0.16009721+0.80950578j,  0.01819378+0.71992335j,
         0.055154  -0.01935722j, -0.01318738-0.00628965j,
         0.02169195+0.01080784j, -0.05190256+0.01524129j],
       [ 0.        +0.j        ,  0.        +0.j        ,
         0.        +0.j        ,  0.        +0.j        ,
         0.        +0.j        ,  0.        +0.j        ,
         0.        +0.j        ,  0.        +0.j        ,
         0.01411886+0.00484103j, -0.02115443-0.01942089j,
        -0.00772898-0.00136413j,  0.02293453-0.00669786j,
        -0.11640704+0.73370446j,  0.15476311+0.78008804j,
        -0.07972377-0.01973525j,  0.12979732+0.00089351j],
       [ 0.        +0.j        ,  0.        +0.j        ,
         0.        +0.j        ,  0.        +0.j        ,
         0.        +0.j        ,  0.        +0.j        ,
         0.        +0.j        ,  0.        +0.j        ,
        -0.01168202-0.0370841j ,  0.00302221+0.02772145j,
         0.01264653-0.02584063j,  0.01004087-0.00514984j,
         0.14709619+0.77111706j, -0.14418495+0.80112775j,
         0.11116288-0.01426711j, -0.15043727+0.02763657j],
       [ 0.        +0.j        ,  0.        +0.j        ,
         0.        +0.j        ,  0.        +0.j        ,
         0.        +0.j        ,  0.        +0.j        ,
         0.        +0.j        ,  0.        +0.j        ,
         0.00746117+0.02979239j,  0.01654116+0.04643102j,
        -0.01121528-0.03352004j, -0.01168944-0.01991002j,
         0.06613595-0.03801137j, -0.062987  +0.00816011j,
         0.03907657+0.79024404j, -0.042313  +0.75619146j],
       [ 0.        +0.j        ,  0.        +0.j        ,
         0.        +0.j        ,  0.        +0.j        ,
         0.        +0.j        ,  0.        +0.j        ,
         0.        +0.j        ,  0.        +0.j        ,
        -0.04463963+0.03098126j, -0.04584781-0.01918624j,
        -0.01566436-0.04626526j, -0.01297384-0.03178205j,
         0.04347234+0.01861849j, -0.03698681+0.01474658j,
         0.12930611+0.80602421j,  0.01918212+0.74574946j]])}
**********************************************************************
Output for N=8 Hamiltonian
------------------------------------------------------------
Total time = 4.496815959444445 hours
Parameters:
{'a': array([0, 0, 0, 0, 0, 0, 0, 0]),
 'b': array([0, 0, 0, 0, 0, 0, 0, 0]),
 'w': array([[-0.11627771+0.73973428j,  0.17037099+0.74936338j,
        -0.17513937+0.04166132j,  0.07425166+0.03628361j,
        -0.04626768+0.01879796j,  0.04390751-0.00592069j,
        -0.05574701-0.00214213j,  0.0593091 -0.03729953j],
       [ 0.06784925+0.74781579j, -0.16591807+0.77772399j,
         0.1773406 +0.01792796j, -0.09019287+0.05735674j,
         0.06717948+0.02570434j, -0.03031055-0.05236863j,
        -0.00018769+0.04502267j, -0.06089567-0.02717319j],
       [-0.02440005+0.073646j  , -0.05290208+0.01295762j,
         0.10093205+0.7271691j ,  0.02418046+0.72324517j,
        -0.01861723-0.05359503j, -0.03843075+0.03969228j,
        -0.00831254-0.08066978j, -0.00357465+0.08065627j],
       [ 0.05551623+0.03974942j, -0.0923802 +0.00354746j,
         0.16009721+0.80950578j,  0.01819378+0.71992335j,
         0.055154  -0.01935722j, -0.01318738-0.00628965j,
         0.02169195+0.01080784j, -0.05190256+0.01524129j],
       [ 0.01411886+0.00484103j, -0.02115443-0.01942089j,
        -0.00772898-0.00136413j,  0.02293453-0.00669786j,
        -0.11640704+0.73370446j,  0.15476311+0.78008804j,
        -0.07972377-0.01973525j,  0.12979732+0.00089351j],
       [-0.01168202-0.0370841j ,  0.00302221+0.02772145j,
         0.01264653-0.02584063j,  0.01004087-0.00514984j,
         0.14709619+0.77111706j, -0.14418495+0.80112775j,
         0.11116288-0.01426711j, -0.15043727+0.02763657j],
       [ 0.00746117+0.02979239j,  0.01654116+0.04643102j,
        -0.01121528-0.03352004j, -0.01168944-0.01991002j,
         0.06613595-0.03801137j, -0.062987  +0.00816011j,
         0.03907657+0.79024404j, -0.042313  +0.75619146j],
       [-0.04463963+0.03098126j, -0.04584781-0.01918624j,
        -0.01566436-0.04626526j, -0.01297384-0.03178205j,
         0.04347234+0.01861849j, -0.03698681+0.01474658j,
         0.12930611+0.80602421j,  0.01918212+0.74574946j]])}
------------------------------------------------------------
Summary: 
Delta: 0.00
Energy: -4.87E+00 + -4.83E-01j
------------------------------------------------------------






Delta: 0.05
Energy: -5.28E+00 + -4.12E+00j
------------------------------------------------------------






Delta: 0.10
Energy: -7.57E+00 + 1.73E+00j
------------------------------------------------------------






Delta: 0.15
Energy: -5.12E+00 + 1.09E+00j
------------------------------------------------------------






Delta: 0.20
Energy: -4.13E+00 + 4.55E-01j
------------------------------------------------------------






Delta: 0.25
Energy: -3.06E+00 + -4.48E-03j
------------------------------------------------------------






Delta: 0.30
Energy: -1.04E+02 + 6.21E+01j
------------------------------------------------------------






Delta: 0.35
Energy: -5.98E+00 + -2.93E+00j
------------------------------------------------------------






Delta: 0.40
Energy: -3.06E+00 + 3.56E-03j
------------------------------------------------------------






Delta: 0.45
Energy: -3.06E+00 + -3.60E-03j
------------------------------------------------------------






Delta: 0.50
Energy: -3.50E+00 + -2.69E+00j
------------------------------------------------------------






Delta: 0.55
Energy: -3.13E+00 + 1.03E-02j
------------------------------------------------------------






Delta: 0.60
Energy: -3.13E+00 + 3.57E-02j
------------------------------------------------------------






Delta: 0.65
Energy: -3.05E+01 + -2.95E+01j
------------------------------------------------------------






Delta: 0.70
Energy: -6.06E+00 + -4.90E+00j
------------------------------------------------------------






Delta: 0.75
Energy: -3.10E+00 + -2.28E-03j
------------------------------------------------------------






Delta: 0.80
Energy: -2.20E+01 + -1.82E+01j
------------------------------------------------------------






Delta: 0.85
Energy: -6.54E+00 + 3.05E+00j
------------------------------------------------------------






Delta: 0.90
Energy: -6.38E+00 + 3.47E+00j
------------------------------------------------------------






Delta: 0.95
Energy: -3.11E+00 + -1.97E-03j
------------------------------------------------------------






Delta: 1.00
Energy: -4.07E+00 + -3.97E-02j
------------------------------------------------------------






Total time: -7.262969528888889
