running build_ext
skipping 'lib/qvmc/utils.c' Cython extension (up-to-date)
skipping 'lib/qvmc/state.c' Cython extension (up-to-date)
skipping 'lib/qvmc/optimizer.c' Cython extension (up-to-date)
cythoning lib/qvmc/debug.pyx to lib/qvmc/debug.c
building 'lib.qvmc.debug' extension
gcc -pthread -Wno-unused-result -Wsign-compare -DNDEBUG -g -fwrapv -O3 -Wall -fPIC -I/home/hanbury.p/env/include -I/shared/centos7/python/3.7.1/include/python3.7m -c lib/qvmc/debug.c -o build/temp.linux-x86_64-3.7/lib/qvmc/debug.o
gcc -pthread -shared build/temp.linux-x86_64-3.7/lib/qvmc/debug.o -L/shared/centos7/python/3.7.1/lib -lpython3.7m -o /home/hanbury.p/feiguin/vmc/dynamic_adiabatic/lib/qvmc/debug.cpython-37m-x86_64-linux-gnu.so
skipping 'lib/qvmc/hamiltonian.c' Cython extension (up-to-date)
/home/hanbury.p/env/lib/python3.7/site-packages/numpy/core/numeric.py:538: ComplexWarning: Casting complex values to real discards the imaginary part
  return array(a, dtype, copy=False, order=order)
/home/hanbury.p/env/lib/python3.7/site-packages/matplotlib/pyplot.py:514: RuntimeWarning: More than 20 figures have been opened. Figures created through the pyplot interface (`matplotlib.pyplot.figure`) are retained until explicitly closed and may consume too much memory. (To control this warning, see the rcParam `figure.max_open_warning`).
  max_open_warning, RuntimeWarning)
Run Configurations:
{'deltas': [0.0,
            0.05,
            0.1,
            0.15,
            0.2,
            0.25,
            0.3,
            0.35,
            0.4,
            0.45,
            0.5,
            0.55,
            0.6,
            0.65,
            0.7,
            0.75,
            0.8,
            0.85,
            0.9,
            0.95,
            1.0],
 'fixed_params': ['a', 'b'],
 'initial_diamer_state': 'option_2',
 'learning_rate': 0.01,
 'name': '8LowLROption2',
 'notes': '\n'
          '              This is to test a smaller learning rate,\n'
          '              but larger than the last one, hoping to\n'
          '              fix the gradient descent problem. Using option 2\n'
          '              because that seemed to work last time.\n'
          '              ',
 'num_monte_carlos_per_delta': 100,
 'num_particles': 8,
 'num_steps': 10000,
 'save_dir': '/home/hanbury.p/feiguin/vmc/dynamic_adiabatic/outputs/8LowLROption2_2019-05-14-16:21'}
**************************************************


N=4
{'a': array([0, 0, 0, 0, 0, 0, 0, 0]), 'b': array([0, 0, 0, 0, 0, 0, 0, 0]), 'w': array([[ 0.13400918+0.74732536j, -0.1457603 +0.79623795j,
         0.12592643-0.00816686j, -0.15492469+0.0375792j ,
         0.        +0.j        ,  0.        +0.j        ,
         0.        +0.j        ,  0.        +0.j        ],
       [ 0.02138711+0.6937927j , -0.01679501+0.84710735j,
         0.00437116-0.10047216j, -0.03445355+0.05313704j,
         0.        +0.j        ,  0.        +0.j        ,
         0.        +0.j        ,  0.        +0.j        ],
       [-0.15403839+0.01992773j,  0.17306329-0.00949377j,
        -0.14715284+0.78392843j,  0.18382167+0.75133809j,
         0.        +0.j        ,  0.        +0.j        ,
         0.        +0.j        ,  0.        +0.j        ],
       [ 0.15646614+0.03738053j, -0.15467137-0.06154559j,
         0.14148911+0.82597503j, -0.16707024+0.73063508j,
         0.        +0.j        ,  0.        +0.j        ,
         0.        +0.j        ,  0.        +0.j        ],
       [ 0.        +0.j        ,  0.        +0.j        ,
         0.        +0.j        ,  0.        +0.j        ,
         0.13400918+0.74732536j, -0.1457603 +0.79623795j,
         0.12592643-0.00816686j, -0.15492469+0.0375792j ],
       [ 0.        +0.j        ,  0.        +0.j        ,
         0.        +0.j        ,  0.        +0.j        ,
         0.02138711+0.6937927j , -0.01679501+0.84710735j,
         0.00437116-0.10047216j, -0.03445355+0.05313704j],
       [ 0.        +0.j        ,  0.        +0.j        ,
         0.        +0.j        ,  0.        +0.j        ,
        -0.15403839+0.01992773j,  0.17306329-0.00949377j,
        -0.14715284+0.78392843j,  0.18382167+0.75133809j],
       [ 0.        +0.j        ,  0.        +0.j        ,
         0.        +0.j        ,  0.        +0.j        ,
         0.15646614+0.03738053j, -0.15467137-0.06154559j,
         0.14148911+0.82597503j, -0.16707024+0.73063508j]])}
**********************************************************************
Output for N=4 Hamiltonian
------------------------------------------------------------
Total time = 2.4268570402777776 hours
Parameters:
{'a': array([0, 0, 0, 0]),
 'b': array([0, 0, 0, 0]),
 'w': array([[ 0.13400918+0.74732536j, -0.1457603 +0.79623795j,
         0.12592643-0.00816686j, -0.15492469+0.0375792j ],
       [ 0.02138711+0.6937927j , -0.01679501+0.84710735j,
         0.00437116-0.10047216j, -0.03445355+0.05313704j],
       [-0.15403839+0.01992773j,  0.17306329-0.00949377j,
        -0.14715284+0.78392843j,  0.18382167+0.75133809j],
       [ 0.15646614+0.03738053j, -0.15467137-0.06154559j,
         0.14148911+0.82597503j, -0.16707024+0.73063508j]])}
------------------------------------------------------------
Summary: 
Delta: 0.00
Energy: -1.51E+00 + 3.10E-05j
------------------------------------------------------------






Delta: 0.05
Energy: -1.51E+00 + 1.34E-04j
------------------------------------------------------------






Delta: 0.10
Energy: -1.51E+00 + 2.58E-04j
------------------------------------------------------------






Delta: 0.15
Energy: -1.52E+00 + 8.31E-04j
------------------------------------------------------------






Delta: 0.20
Energy: -1.53E+00 + 1.10E-03j
------------------------------------------------------------






Delta: 0.25
Energy: -1.54E+00 + 6.34E-04j
------------------------------------------------------------






Delta: 0.30
Energy: -1.55E+00 + 1.00E-03j
------------------------------------------------------------






Delta: 0.35
Energy: -1.56E+00 + 6.26E-04j
------------------------------------------------------------






Delta: 0.40
Energy: -1.56E+00 + 4.45E-04j
------------------------------------------------------------






Delta: 0.45
Energy: -1.56E+00 + 1.74E-04j
------------------------------------------------------------






Delta: 0.50
Energy: -1.57E+00 + 6.70E-05j
------------------------------------------------------------






Delta: 0.55
Energy: -1.57E+00 + 6.88E-05j
------------------------------------------------------------






Delta: 0.60
Energy: -1.58E+00 + 4.20E-05j
------------------------------------------------------------






Delta: 0.65
Energy: -1.58E+00 + 5.17E-05j
------------------------------------------------------------






Delta: 0.70
Energy: -1.59E+00 + 2.16E-05j
------------------------------------------------------------






Delta: 0.75
Energy: -1.59E+00 + 1.56E-05j
------------------------------------------------------------






Delta: 0.80
Energy: -1.60E+00 + 1.56E-05j
------------------------------------------------------------






Delta: 0.85
Energy: -1.60E+00 + 6.52E-06j
------------------------------------------------------------






Delta: 0.90
Energy: -1.61E+00 + -1.29E-05j
------------------------------------------------------------






Delta: 0.95
Energy: -1.61E+00 + -1.24E-05j
------------------------------------------------------------






Delta: 1.00
Energy: -1.62E+00 + -2.27E-05j
------------------------------------------------------------






N=8
{'a': array([0, 0, 0, 0, 0, 0, 0, 0, 0, 0, 0, 0, 0, 0, 0, 0]), 'b': array([0, 0, 0, 0, 0, 0, 0, 0, 0, 0, 0, 0, 0, 0, 0, 0]), 'w': array([[ 0.20101711+0.52589653j, -0.23857595+0.61054359j,
         0.29250228+0.24537366j, -0.29331249+0.17903264j,
         0.11747447-0.01556994j, -0.14831382+0.10102426j,
        -0.13921309+0.03793763j,  0.20340884-0.06684981j,
         0.        +0.j        ,  0.        +0.j        ,
         0.        +0.j        ,  0.        +0.j        ,
         0.        +0.j        ,  0.        +0.j        ,
         0.        +0.j        ,  0.        +0.j        ],
       [ 0.09796777+0.44784903j, -0.09871859+0.64689415j,
         0.129061  +0.02788289j, -0.17842053+0.33875739j,
        -0.01513268+0.05776995j,  0.02819814+0.02044643j,
         0.03623977-0.01685304j, -0.02051459-0.04128049j,
         0.        +0.j        ,  0.        +0.j        ,
         0.        +0.j        ,  0.        +0.j        ,
         0.        +0.j        ,  0.        +0.j        ,
         0.        +0.j        ,  0.        +0.j        ],
       [-0.24771093+0.18306566j,  0.21715639+0.29038574j,
        -0.29455023+0.42585083j,  0.34236862+0.54685755j,
        -0.00255839+0.00321052j,  0.08322187-0.01979821j,
         0.07434253+0.08724242j, -0.08547976+0.00150232j,
         0.        +0.j        ,  0.        +0.j        ,
         0.        +0.j        ,  0.        +0.j        ,
         0.        +0.j        ,  0.        +0.j        ,
         0.        +0.j        ,  0.        +0.j        ],
       [ 0.48972625-0.01847134j, -0.19130701-0.40043824j,
         0.12371109+1.19438893j, -0.42486205+0.74617266j,
        -0.12110376-0.00208771j,  0.03649696+0.06619898j,
         0.03341613-0.1804917j , -0.01550355+0.13960013j,
         0.        +0.j        ,  0.        +0.j        ,
         0.        +0.j        ,  0.        +0.j        ,
         0.        +0.j        ,  0.        +0.j        ,
         0.        +0.j        ,  0.        +0.j        ],
       [ 0.01472393+0.08786581j, -0.04799479-0.01174995j,
         0.21803462+0.21603551j, -0.1644923 -0.23869283j,
         0.1566685 +0.86733262j, -0.23964002+1.03380685j,
         0.23989963-0.30767874j, -0.16937611-0.08738053j,
         0.        +0.j        ,  0.        +0.j        ,
         0.        +0.j        ,  0.        +0.j        ,
         0.        +0.j        ,  0.        +0.j        ,
         0.        +0.j        ,  0.        +0.j        ],
       [ 0.10375352+0.00321515j, -0.09843581-0.02270891j,
        -0.13989608+0.37461887j,  0.14286174-0.39332332j,
         0.11510623+1.03305732j,  0.07182198+0.84582487j,
         0.05098114-0.28793237j, -0.32524768-0.08756636j,
         0.        +0.j        ,  0.        +0.j        ,
         0.        +0.j        ,  0.        +0.j        ,
         0.        +0.j        ,  0.        +0.j        ,
         0.        +0.j        ,  0.        +0.j        ],
       [ 0.04278931-0.01913317j, -0.04964975+0.04270189j,
        -0.13663436-0.17260106j,  0.12185471+0.11829877j,
        -0.11099409-0.21337829j,  0.13272763-0.17726925j,
        -0.34328649+1.11016938j,  0.29365915+0.84804805j,
         0.        +0.j        ,  0.        +0.j        ,
         0.        +0.j        ,  0.        +0.j        ,
         0.        +0.j        ,  0.        +0.j        ,
         0.        +0.j        ,  0.        +0.j        ],
       [ 0.33645652+0.17931028j, -0.28110129-0.26479662j,
        -0.53762487-0.3882254j ,  0.55552531+0.42576614j,
         0.01918563-0.31339166j, -0.01960293-0.38975495j,
         0.10256594+1.32755914j, -0.1604343 +0.919634j  ,
         0.        +0.j        ,  0.        +0.j        ,
         0.        +0.j        ,  0.        +0.j        ,
         0.        +0.j        ,  0.        +0.j        ,
         0.        +0.j        ,  0.        +0.j        ],
       [ 0.        +0.j        ,  0.        +0.j        ,
         0.        +0.j        ,  0.        +0.j        ,
         0.        +0.j        ,  0.        +0.j        ,
         0.        +0.j        ,  0.        +0.j        ,
         0.20101711+0.52589653j, -0.23857595+0.61054359j,
         0.29250228+0.24537366j, -0.29331249+0.17903264j,
         0.11747447-0.01556994j, -0.14831382+0.10102426j,
        -0.13921309+0.03793763j,  0.20340884-0.06684981j],
       [ 0.        +0.j        ,  0.        +0.j        ,
         0.        +0.j        ,  0.        +0.j        ,
         0.        +0.j        ,  0.        +0.j        ,
         0.        +0.j        ,  0.        +0.j        ,
         0.09796777+0.44784903j, -0.09871859+0.64689415j,
         0.129061  +0.02788289j, -0.17842053+0.33875739j,
        -0.01513268+0.05776995j,  0.02819814+0.02044643j,
         0.03623977-0.01685304j, -0.02051459-0.04128049j],
       [ 0.        +0.j        ,  0.        +0.j        ,
         0.        +0.j        ,  0.        +0.j        ,
         0.        +0.j        ,  0.        +0.j        ,
         0.        +0.j        ,  0.        +0.j        ,
        -0.24771093+0.18306566j,  0.21715639+0.29038574j,
        -0.29455023+0.42585083j,  0.34236862+0.54685755j,
        -0.00255839+0.00321052j,  0.08322187-0.01979821j,
         0.07434253+0.08724242j, -0.08547976+0.00150232j],
       [ 0.        +0.j        ,  0.        +0.j        ,
         0.        +0.j        ,  0.        +0.j        ,
         0.        +0.j        ,  0.        +0.j        ,
         0.        +0.j        ,  0.        +0.j        ,
         0.48972625-0.01847134j, -0.19130701-0.40043824j,
         0.12371109+1.19438893j, -0.42486205+0.74617266j,
        -0.12110376-0.00208771j,  0.03649696+0.06619898j,
         0.03341613-0.1804917j , -0.01550355+0.13960013j],
       [ 0.        +0.j        ,  0.        +0.j        ,
         0.        +0.j        ,  0.        +0.j        ,
         0.        +0.j        ,  0.        +0.j        ,
         0.        +0.j        ,  0.        +0.j        ,
         0.01472393+0.08786581j, -0.04799479-0.01174995j,
         0.21803462+0.21603551j, -0.1644923 -0.23869283j,
         0.1566685 +0.86733262j, -0.23964002+1.03380685j,
         0.23989963-0.30767874j, -0.16937611-0.08738053j],
       [ 0.        +0.j        ,  0.        +0.j        ,
         0.        +0.j        ,  0.        +0.j        ,
         0.        +0.j        ,  0.        +0.j        ,
         0.        +0.j        ,  0.        +0.j        ,
         0.10375352+0.00321515j, -0.09843581-0.02270891j,
        -0.13989608+0.37461887j,  0.14286174-0.39332332j,
         0.11510623+1.03305732j,  0.07182198+0.84582487j,
         0.05098114-0.28793237j, -0.32524768-0.08756636j],
       [ 0.        +0.j        ,  0.        +0.j        ,
         0.        +0.j        ,  0.        +0.j        ,
         0.        +0.j        ,  0.        +0.j        ,
         0.        +0.j        ,  0.        +0.j        ,
         0.04278931-0.01913317j, -0.04964975+0.04270189j,
        -0.13663436-0.17260106j,  0.12185471+0.11829877j,
        -0.11099409-0.21337829j,  0.13272763-0.17726925j,
        -0.34328649+1.11016938j,  0.29365915+0.84804805j],
       [ 0.        +0.j        ,  0.        +0.j        ,
         0.        +0.j        ,  0.        +0.j        ,
         0.        +0.j        ,  0.        +0.j        ,
         0.        +0.j        ,  0.        +0.j        ,
         0.33645652+0.17931028j, -0.28110129-0.26479662j,
        -0.53762487-0.3882254j ,  0.55552531+0.42576614j,
         0.01918563-0.31339166j, -0.01960293-0.38975495j,
         0.10256594+1.32755914j, -0.1604343 +0.919634j  ]])}
**********************************************************************
Output for N=8 Hamiltonian
------------------------------------------------------------
Total time = 3.0777991075 hours
Parameters:
{'a': array([0, 0, 0, 0, 0, 0, 0, 0]),
 'b': array([0, 0, 0, 0, 0, 0, 0, 0]),
 'w': array([[ 0.20101711+0.52589653j, -0.23857595+0.61054359j,
         0.29250228+0.24537366j, -0.29331249+0.17903264j,
         0.11747447-0.01556994j, -0.14831382+0.10102426j,
        -0.13921309+0.03793763j,  0.20340884-0.06684981j],
       [ 0.09796777+0.44784903j, -0.09871859+0.64689415j,
         0.129061  +0.02788289j, -0.17842053+0.33875739j,
        -0.01513268+0.05776995j,  0.02819814+0.02044643j,
         0.03623977-0.01685304j, -0.02051459-0.04128049j],
       [-0.24771093+0.18306566j,  0.21715639+0.29038574j,
        -0.29455023+0.42585083j,  0.34236862+0.54685755j,
        -0.00255839+0.00321052j,  0.08322187-0.01979821j,
         0.07434253+0.08724242j, -0.08547976+0.00150232j],
       [ 0.48972625-0.01847134j, -0.19130701-0.40043824j,
         0.12371109+1.19438893j, -0.42486205+0.74617266j,
        -0.12110376-0.00208771j,  0.03649696+0.06619898j,
         0.03341613-0.1804917j , -0.01550355+0.13960013j],
       [ 0.01472393+0.08786581j, -0.04799479-0.01174995j,
         0.21803462+0.21603551j, -0.1644923 -0.23869283j,
         0.1566685 +0.86733262j, -0.23964002+1.03380685j,
         0.23989963-0.30767874j, -0.16937611-0.08738053j],
       [ 0.10375352+0.00321515j, -0.09843581-0.02270891j,
        -0.13989608+0.37461887j,  0.14286174-0.39332332j,
         0.11510623+1.03305732j,  0.07182198+0.84582487j,
         0.05098114-0.28793237j, -0.32524768-0.08756636j],
       [ 0.04278931-0.01913317j, -0.04964975+0.04270189j,
        -0.13663436-0.17260106j,  0.12185471+0.11829877j,
        -0.11099409-0.21337829j,  0.13272763-0.17726925j,
        -0.34328649+1.11016938j,  0.29365915+0.84804805j],
       [ 0.33645652+0.17931028j, -0.28110129-0.26479662j,
        -0.53762487-0.3882254j ,  0.55552531+0.42576614j,
         0.01918563-0.31339166j, -0.01960293-0.38975495j,
         0.10256594+1.32755914j, -0.1604343 +0.919634j  ]])}
------------------------------------------------------------
Summary: 
Delta: 0.00
Energy: -4.86E+00 + 2.35E+00j
------------------------------------------------------------






Delta: 0.05
Energy: -2.44E+00 + -3.99E-03j
------------------------------------------------------------






Delta: 0.10
Energy: -2.72E+00 + -2.86E-02j
------------------------------------------------------------






Delta: 0.15
Energy: -6.65E+00 + -1.27E+01j
------------------------------------------------------------






Delta: 0.20
Energy: -2.98E+00 + 9.77E-02j
------------------------------------------------------------






Delta: 0.25
Energy: -5.37E+00 + 2.61E+00j
------------------------------------------------------------






Delta: 0.30
Energy: -3.27E+00 + -9.75E-01j
------------------------------------------------------------






Delta: 0.35
Energy: -3.23E+00 + 4.87E-02j
------------------------------------------------------------






Delta: 0.40
Energy: -3.28E+00 + 1.43E-01j
------------------------------------------------------------






Delta: 0.45
Energy: -5.34E+00 + 1.25E+00j
------------------------------------------------------------






Delta: 0.50
Energy: -2.89E+00 + 2.00E-02j
------------------------------------------------------------






Delta: 0.55
Energy: -3.03E+00 + -1.05E-03j
------------------------------------------------------------






Delta: 0.60
Energy: -3.05E+00 + -1.04E-02j
------------------------------------------------------------






Delta: 0.65
Energy: -3.05E+00 + -5.51E-03j
------------------------------------------------------------






Delta: 0.70
Energy: -3.04E+00 + 5.16E-03j
------------------------------------------------------------






Delta: 0.75
Energy: -3.07E+00 + -3.21E-04j
------------------------------------------------------------






Delta: 0.80
Energy: -3.07E+00 + 1.82E-03j
------------------------------------------------------------






Delta: 0.85
Energy: -3.05E+00 + 7.34E-03j
------------------------------------------------------------






Delta: 0.90
Energy: -3.06E+00 + 1.14E-03j
------------------------------------------------------------






Delta: 0.95
Energy: -3.06E+00 + -6.84E-03j
------------------------------------------------------------






Delta: 1.00
Energy: -3.07E+00 + -1.75E-02j
------------------------------------------------------------






Total time: -5.504659471944444
