running build_ext
skipping 'lib/qvmc/utils.c' Cython extension (up-to-date)
skipping 'lib/qvmc/state.c' Cython extension (up-to-date)
skipping 'lib/qvmc/optimizer.c' Cython extension (up-to-date)
skipping 'lib/qvmc/debug.c' Cython extension (up-to-date)
skipping 'lib/qvmc/hamiltonian.c' Cython extension (up-to-date)
/home/hanbury.p/env/lib/python3.7/site-packages/numpy/core/numeric.py:538: ComplexWarning: Casting complex values to real discards the imaginary part
  return array(a, dtype, copy=False, order=order)
/home/hanbury.p/env/lib/python3.7/site-packages/matplotlib/pyplot.py:514: RuntimeWarning: More than 20 figures have been opened. Figures created through the pyplot interface (`matplotlib.pyplot.figure`) are retained until explicitly closed and may consume too much memory. (To control this warning, see the rcParam `figure.max_open_warning`).
  max_open_warning, RuntimeWarning)
Run Configurations:
{'deltas': [0.0,
            0.05,
            0.1,
            0.15,
            0.2,
            0.25,
            0.3,
            0.35,
            0.4,
            0.45,
            0.5,
            0.55,
            0.6,
            0.65,
            0.7,
            0.75,
            0.8,
            0.85,
            0.9,
            0.95,
            1.0],
 'fixed_params': ['a', 'b'],
 'initial_diamer_state': 'option_1',
 'learning_rate': 0.03,
 'name': 'LessDeltasMoreSteps',
 'noise_scale': 0.01,
 'notes': '\n'
          '              This run is to test the effect of decreasing the '
          'random noise\n'
          '              ',
 'num_monte_carlos_per_delta': 100,
 'num_particles': 8,
 'num_steps': 15000,
 'save_dir': '/home/hanbury.p/feiguin/vmc/dynamic_adiabatic/outputs/LessDeltasMoreSteps_2019-05-17-11:21'}
**************************************************


N=4
{'a': array([0, 0, 0, 0, 0, 0, 0, 0]), 'b': array([0, 0, 0, 0, 0, 0, 0, 0]), 'w': array([[ 0.29160266+0.42134442j, -0.30123939+0.35990856j,
         0.058147  +0.48567921j, -0.0666081 +0.29648435j,
         0.        +0.j        ,  0.        +0.j        ,
         0.        +0.j        ,  0.        +0.j        ],
       [ 0.11115596-0.26413581j, -0.09966261+0.26449213j,
         0.05133563-0.19889366j, -0.03985926+0.19924307j,
         0.        +0.j        ,  0.        +0.j        ,
         0.        +0.j        ,  0.        +0.j        ],
       [ 0.1230572 +0.39086153j, -0.11054809+0.38560586j,
         0.20629353+0.40991547j, -0.19499412+0.36562959j,
         0.        +0.j        ,  0.        +0.j        ,
         0.        +0.j        ,  0.        +0.j        ],
       [ 0.19394478+0.02082349j, -0.17926645-0.02581929j,
         0.5108077 +0.08252993j, -0.49612553-0.08754117j,
         0.        +0.j        ,  0.        +0.j        ,
         0.        +0.j        ,  0.        +0.j        ],
       [ 0.        +0.j        ,  0.        +0.j        ,
         0.        +0.j        ,  0.        +0.j        ,
         0.29160266+0.42134442j, -0.30123939+0.35990856j,
         0.058147  +0.48567921j, -0.0666081 +0.29648435j],
       [ 0.        +0.j        ,  0.        +0.j        ,
         0.        +0.j        ,  0.        +0.j        ,
         0.11115596-0.26413581j, -0.09966261+0.26449213j,
         0.05133563-0.19889366j, -0.03985926+0.19924307j],
       [ 0.        +0.j        ,  0.        +0.j        ,
         0.        +0.j        ,  0.        +0.j        ,
         0.1230572 +0.39086153j, -0.11054809+0.38560586j,
         0.20629353+0.40991547j, -0.19499412+0.36562959j],
       [ 0.        +0.j        ,  0.        +0.j        ,
         0.        +0.j        ,  0.        +0.j        ,
         0.19394478+0.02082349j, -0.17926645-0.02581929j,
         0.5108077 +0.08252993j, -0.49612553-0.08754117j]])}
**********************************************************************
Output for N=4 Hamiltonian
------------------------------------------------------------
Total time = 3.7069355191666666 hours
Parameters:
{'a': array([0, 0, 0, 0]),
 'b': array([0, 0, 0, 0]),
 'w': array([[ 0.29160266+0.42134442j, -0.30123939+0.35990856j,
         0.058147  +0.48567921j, -0.0666081 +0.29648435j],
       [ 0.11115596-0.26413581j, -0.09966261+0.26449213j,
         0.05133563-0.19889366j, -0.03985926+0.19924307j],
       [ 0.1230572 +0.39086153j, -0.11054809+0.38560586j,
         0.20629353+0.40991547j, -0.19499412+0.36562959j],
       [ 0.19394478+0.02082349j, -0.17926645-0.02581929j,
         0.5108077 +0.08252993j, -0.49612553-0.08754117j]])}
------------------------------------------------------------
Summary: 
Delta: 0.00
Energy: -1.50E+00 + 3.47E-05j
------------------------------------------------------------






Delta: 0.05
Energy: -1.50E+00 + 2.96E-05j
------------------------------------------------------------






Delta: 0.10
Energy: -1.50E+00 + 2.13E-05j
------------------------------------------------------------






Delta: 0.15
Energy: -1.50E+00 + 2.17E-05j
------------------------------------------------------------






Delta: 0.20
Energy: -1.50E+00 + 1.02E-05j
------------------------------------------------------------






Delta: 0.25
Energy: -1.50E+00 + -5.72E-05j
------------------------------------------------------------






Delta: 0.30
Energy: -1.50E+00 + -1.58E-04j
------------------------------------------------------------






Delta: 0.35
Energy: -1.50E+00 + -5.19E-04j
------------------------------------------------------------






Delta: 0.40
Energy: -1.50E+00 + -4.52E-04j
------------------------------------------------------------






Delta: 0.45
Energy: -1.69E+00 + -3.20E-01j
------------------------------------------------------------






Delta: 0.50
Energy: -1.59E+00 + 3.88E-05j
------------------------------------------------------------






Delta: 0.55
Energy: -1.62E+00 + 1.73E-05j
------------------------------------------------------------






Delta: 0.60
Energy: -1.64E+00 + 8.14E-06j
------------------------------------------------------------






Delta: 0.65
Energy: -1.66E+00 + 1.56E-04j
------------------------------------------------------------






Delta: 0.70
Energy: -1.73E+00 + 8.51E-04j
------------------------------------------------------------






Delta: 0.75
Energy: -1.75E+00 + 1.27E-04j
------------------------------------------------------------






Delta: 0.80
Energy: -1.77E+00 + -2.14E-04j
------------------------------------------------------------






Delta: 0.85
Energy: -1.79E+00 + -6.48E-05j
------------------------------------------------------------






Delta: 0.90
Energy: -1.81E+00 + -4.49E-05j
------------------------------------------------------------






Delta: 0.95
Energy: -1.83E+00 + -5.38E-05j
------------------------------------------------------------






Delta: 1.00
Energy: -1.85E+00 + -3.48E-05j
------------------------------------------------------------






N=8
{'a': array([0, 0, 0, 0, 0, 0, 0, 0, 0, 0, 0, 0, 0, 0, 0, 0]), 'b': array([0, 0, 0, 0, 0, 0, 0, 0, 0, 0, 0, 0, 0, 0, 0, 0]), 'w': array([[ 0.39703655+0.41681688j, -0.88198117+0.0942135j ,
         0.42910183+0.27284336j,  0.3855446 +0.23386795j,
        -0.25959763+0.17647739j, -0.08398834+0.15786087j,
        -0.0230186 +0.11871195j,  0.01880492+0.09262465j,
         0.        +0.j        ,  0.        +0.j        ,
         0.        +0.j        ,  0.        +0.j        ,
         0.        +0.j        ,  0.        +0.j        ,
         0.        +0.j        ,  0.        +0.j        ],
       [ 0.64864872-0.20229172j, -0.18401972+0.29767178j,
        -0.0923457 -0.12999075j, -0.00946537-0.02340456j,
         0.15303853+0.08079629j, -0.07424412-0.03932914j,
        -0.03263006+0.02405106j, -0.38601256-0.00679723j,
         0.        +0.j        ,  0.        +0.j        ,
         0.        +0.j        ,  0.        +0.j        ,
         0.        +0.j        ,  0.        +0.j        ,
         0.        +0.j        ,  0.        +0.j        ],
       [-0.00737271+0.29163181j, -0.26819117+0.16449833j,
         0.36759261+0.17387574j, -0.16175285+0.2157068j ,
        -0.03379516+0.1505599j ,  0.02716015+0.23230319j,
         0.03620391+0.20774303j,  0.06396374+0.11569365j,
         0.        +0.j        ,  0.        +0.j        ,
         0.        +0.j        ,  0.        +0.j        ,
         0.        +0.j        ,  0.        +0.j        ,
         0.        +0.j        ,  0.        +0.j        ],
       [-0.09136188-0.03852788j, -0.18677768+0.06424805j,
         0.80103416-0.04709329j, -0.68709343-0.08240681j,
         0.08202889+0.06897788j,  0.10186092-0.04029753j,
         0.03172129+0.02427657j, -0.02205178+0.04081596j,
         0.        +0.j        ,  0.        +0.j        ,
         0.        +0.j        ,  0.        +0.j        ,
         0.        +0.j        ,  0.        +0.j        ,
         0.        +0.j        ,  0.        +0.j        ],
       [-0.2597528 +0.17702425j, -0.08306741+0.15969599j,
        -0.02281721+0.11810117j,  0.01868481+0.09275815j,
         0.396416  +0.41506923j, -0.88079361+0.09386552j,
         0.42796663+0.27301406j,  0.38526576+0.23388816j,
         0.        +0.j        ,  0.        +0.j        ,
         0.        +0.j        ,  0.        +0.j        ,
         0.        +0.j        ,  0.        +0.j        ,
         0.        +0.j        ,  0.        +0.j        ],
       [ 0.15254716+0.08085335j, -0.07292999-0.03924635j,
        -0.03274832+0.02317685j, -0.38690971-0.00603245j,
         0.64800399-0.20229673j, -0.18331083+0.29689081j,
        -0.09190856-0.12934935j, -0.00977402-0.0232904j ,
         0.        +0.j        ,  0.        +0.j        ,
         0.        +0.j        ,  0.        +0.j        ,
         0.        +0.j        ,  0.        +0.j        ,
         0.        +0.j        ,  0.        +0.j        ],
       [-0.03517573+0.1498131j ,  0.02624053+0.23494263j,
         0.03653043+0.20745434j,  0.06449925+0.11369194j,
        -0.00681983+0.2906081j , -0.27044144+0.16724534j,
         0.36872899+0.1745983j , -0.15975369+0.21365871j,
         0.        +0.j        ,  0.        +0.j        ,
         0.        +0.j        ,  0.        +0.j        ,
         0.        +0.j        ,  0.        +0.j        ,
         0.        +0.j        ,  0.        +0.j        ],
       [ 0.08318329+0.06815704j,  0.102857  -0.04114562j,
         0.03016863+0.02399713j, -0.02166337+0.04200242j,
        -0.09095107-0.03816505j, -0.1862304 +0.06404793j,
         0.79988268-0.04725932j, -0.68788627-0.08164158j,
         0.        +0.j        ,  0.        +0.j        ,
         0.        +0.j        ,  0.        +0.j        ,
         0.        +0.j        ,  0.        +0.j        ,
         0.        +0.j        ,  0.        +0.j        ],
       [ 0.        +0.j        ,  0.        +0.j        ,
         0.        +0.j        ,  0.        +0.j        ,
         0.        +0.j        ,  0.        +0.j        ,
         0.        +0.j        ,  0.        +0.j        ,
         0.39703655+0.41681688j, -0.88198117+0.0942135j ,
         0.42910183+0.27284336j,  0.3855446 +0.23386795j,
        -0.25959763+0.17647739j, -0.08398834+0.15786087j,
        -0.0230186 +0.11871195j,  0.01880492+0.09262465j],
       [ 0.        +0.j        ,  0.        +0.j        ,
         0.        +0.j        ,  0.        +0.j        ,
         0.        +0.j        ,  0.        +0.j        ,
         0.        +0.j        ,  0.        +0.j        ,
         0.64864872-0.20229172j, -0.18401972+0.29767178j,
        -0.0923457 -0.12999075j, -0.00946537-0.02340456j,
         0.15303853+0.08079629j, -0.07424412-0.03932914j,
        -0.03263006+0.02405106j, -0.38601256-0.00679723j],
       [ 0.        +0.j        ,  0.        +0.j        ,
         0.        +0.j        ,  0.        +0.j        ,
         0.        +0.j        ,  0.        +0.j        ,
         0.        +0.j        ,  0.        +0.j        ,
        -0.00737271+0.29163181j, -0.26819117+0.16449833j,
         0.36759261+0.17387574j, -0.16175285+0.2157068j ,
        -0.03379516+0.1505599j ,  0.02716015+0.23230319j,
         0.03620391+0.20774303j,  0.06396374+0.11569365j],
       [ 0.        +0.j        ,  0.        +0.j        ,
         0.        +0.j        ,  0.        +0.j        ,
         0.        +0.j        ,  0.        +0.j        ,
         0.        +0.j        ,  0.        +0.j        ,
        -0.09136188-0.03852788j, -0.18677768+0.06424805j,
         0.80103416-0.04709329j, -0.68709343-0.08240681j,
         0.08202889+0.06897788j,  0.10186092-0.04029753j,
         0.03172129+0.02427657j, -0.02205178+0.04081596j],
       [ 0.        +0.j        ,  0.        +0.j        ,
         0.        +0.j        ,  0.        +0.j        ,
         0.        +0.j        ,  0.        +0.j        ,
         0.        +0.j        ,  0.        +0.j        ,
        -0.2597528 +0.17702425j, -0.08306741+0.15969599j,
        -0.02281721+0.11810117j,  0.01868481+0.09275815j,
         0.396416  +0.41506923j, -0.88079361+0.09386552j,
         0.42796663+0.27301406j,  0.38526576+0.23388816j],
       [ 0.        +0.j        ,  0.        +0.j        ,
         0.        +0.j        ,  0.        +0.j        ,
         0.        +0.j        ,  0.        +0.j        ,
         0.        +0.j        ,  0.        +0.j        ,
         0.15254716+0.08085335j, -0.07292999-0.03924635j,
        -0.03274832+0.02317685j, -0.38690971-0.00603245j,
         0.64800399-0.20229673j, -0.18331083+0.29689081j,
        -0.09190856-0.12934935j, -0.00977402-0.0232904j ],
       [ 0.        +0.j        ,  0.        +0.j        ,
         0.        +0.j        ,  0.        +0.j        ,
         0.        +0.j        ,  0.        +0.j        ,
         0.        +0.j        ,  0.        +0.j        ,
        -0.03517573+0.1498131j ,  0.02624053+0.23494263j,
         0.03653043+0.20745434j,  0.06449925+0.11369194j,
        -0.00681983+0.2906081j , -0.27044144+0.16724534j,
         0.36872899+0.1745983j , -0.15975369+0.21365871j],
       [ 0.        +0.j        ,  0.        +0.j        ,
         0.        +0.j        ,  0.        +0.j        ,
         0.        +0.j        ,  0.        +0.j        ,
         0.        +0.j        ,  0.        +0.j        ,
         0.08318329+0.06815704j,  0.102857  -0.04114562j,
         0.03016863+0.02399713j, -0.02166337+0.04200242j,
        -0.09095107-0.03816505j, -0.1862304 +0.06404793j,
         0.79988268-0.04725932j, -0.68788627-0.08164158j]])}
**********************************************************************
Output for N=8 Hamiltonian
------------------------------------------------------------
Total time = 9.9270210875 hours
Parameters:
{'a': array([0, 0, 0, 0, 0, 0, 0, 0]),
 'b': array([0, 0, 0, 0, 0, 0, 0, 0]),
 'w': array([[ 0.39703655+0.41681688j, -0.88198117+0.0942135j ,
         0.42910183+0.27284336j,  0.3855446 +0.23386795j,
        -0.25959763+0.17647739j, -0.08398834+0.15786087j,
        -0.0230186 +0.11871195j,  0.01880492+0.09262465j],
       [ 0.64864872-0.20229172j, -0.18401972+0.29767178j,
        -0.0923457 -0.12999075j, -0.00946537-0.02340456j,
         0.15303853+0.08079629j, -0.07424412-0.03932914j,
        -0.03263006+0.02405106j, -0.38601256-0.00679723j],
       [-0.00737271+0.29163181j, -0.26819117+0.16449833j,
         0.36759261+0.17387574j, -0.16175285+0.2157068j ,
        -0.03379516+0.1505599j ,  0.02716015+0.23230319j,
         0.03620391+0.20774303j,  0.06396374+0.11569365j],
       [-0.09136188-0.03852788j, -0.18677768+0.06424805j,
         0.80103416-0.04709329j, -0.68709343-0.08240681j,
         0.08202889+0.06897788j,  0.10186092-0.04029753j,
         0.03172129+0.02427657j, -0.02205178+0.04081596j],
       [-0.2597528 +0.17702425j, -0.08306741+0.15969599j,
        -0.02281721+0.11810117j,  0.01868481+0.09275815j,
         0.396416  +0.41506923j, -0.88079361+0.09386552j,
         0.42796663+0.27301406j,  0.38526576+0.23388816j],
       [ 0.15254716+0.08085335j, -0.07292999-0.03924635j,
        -0.03274832+0.02317685j, -0.38690971-0.00603245j,
         0.64800399-0.20229673j, -0.18331083+0.29689081j,
        -0.09190856-0.12934935j, -0.00977402-0.0232904j ],
       [-0.03517573+0.1498131j ,  0.02624053+0.23494263j,
         0.03653043+0.20745434j,  0.06449925+0.11369194j,
        -0.00681983+0.2906081j , -0.27044144+0.16724534j,
         0.36872899+0.1745983j , -0.15975369+0.21365871j],
       [ 0.08318329+0.06815704j,  0.102857  -0.04114562j,
         0.03016863+0.02399713j, -0.02166337+0.04200242j,
        -0.09095107-0.03816505j, -0.1862304 +0.06404793j,
         0.79988268-0.04725932j, -0.68788627-0.08164158j]])}
------------------------------------------------------------
Summary: 
Delta: 0.00
Energy: -3.04E+00 + 3.02E-04j
------------------------------------------------------------






Delta: 0.05
Energy: -3.12E+00 + 9.35E-04j
------------------------------------------------------------






Delta: 0.10
Energy: -3.14E+00 + 1.65E-04j
------------------------------------------------------------






Delta: 0.15
Energy: -3.16E+00 + 9.93E-04j
------------------------------------------------------------






Delta: 0.20
Energy: -3.17E+00 + 1.09E-03j
------------------------------------------------------------






Delta: 0.25
Energy: -3.19E+00 + 8.32E-04j
------------------------------------------------------------






Delta: 0.30
Energy: -3.21E+00 + 1.91E-03j
------------------------------------------------------------






Delta: 0.35
Energy: -3.23E+00 + 1.48E-03j
------------------------------------------------------------






Delta: 0.40
Energy: -3.26E+00 + 1.30E-03j
------------------------------------------------------------






Delta: 0.45
Energy: -3.28E+00 + 1.92E-03j
------------------------------------------------------------






Delta: 0.50
Energy: -3.31E+00 + 2.39E-03j
------------------------------------------------------------






Delta: 0.55
Energy: -3.33E+00 + 3.17E-03j
------------------------------------------------------------






Delta: 0.60
Energy: -3.35E+00 + 7.95E-04j
------------------------------------------------------------






Delta: 0.65
Energy: -3.38E+00 + 2.48E-03j
------------------------------------------------------------






Delta: 0.70
Energy: -3.41E+00 + 8.27E-04j
------------------------------------------------------------






Delta: 0.75
Energy: -3.44E+00 + 2.63E-04j
------------------------------------------------------------






Delta: 0.80
Energy: -3.48E+00 + -2.45E-03j
------------------------------------------------------------






Delta: 0.85
Energy: -3.51E+00 + 1.29E-03j
------------------------------------------------------------






Delta: 0.90
Energy: -3.55E+00 + 6.67E-04j
------------------------------------------------------------






Delta: 0.95
Energy: -3.60E+00 + -3.17E-03j
------------------------------------------------------------






Delta: 1.00
Energy: -3.64E+00 + -1.14E-03j
------------------------------------------------------------






Total time: -13.633959393888889
