**********************************************************************
{'deltas': [0.0,
            0.05,
            0.1,
            0.15,
            0.2,
            0.25,
            0.3,
            0.35,
            0.4,
            0.45,
            0.5,
            0.55,
            0.6,
            0.65,
            0.7,
            0.75,
            0.8,
            0.85,
            0.9,
            0.95,
            1.0],
 'fixed_params': {'a': array([0, 0, 0, 0, 0, 0, 0, 0]),
                  'b': array([0, 0, 0, 0, 0, 0, 0, 0])},
 'learning_rate': 0.01,
 'name': 'EnumerationRunFixed0Error',
 'notes': '\n'
          '              With this run, the sign is returned to normal\n'
          '              and the 0 sign error is fixed.\n'
          '              ',
 'num_monte_carlos_per_delta': 200,
 'num_particles': 8,
 'print_params': True,
 'save_dir': '/home/hanbury.p/feiguin/vmc/cython_version/outputs/EnumerationRunFixed0Error/2019-05-17-16:04'}
------------------------------------------------------------
Total time = 0.2467366802777778 hours
Final Parameters:
{'a': array([0, 0, 0, 0, 0, 0, 0, 0]),
 'b': array([0, 0, 0, 0, 0, 0, 0, 0]),
 'w': array([[-0.0117489 +5.50438805e-01j, -0.03049623+6.34554823e-01j,
         0.03608135+2.51623093e-01j,  0.12152684-1.20655493e-02j,
        -0.03094018-6.82429934e-05j, -0.0057436 -2.78000049e-03j,
        -0.02608388+3.14344353e-02j, -0.0238121 +2.12315767e-01j],
       [-0.00696498-2.93907526e-02j, -0.00832207-2.34529289e-02j,
         0.02023192-3.18621226e-02j, -0.00555659+3.28944166e-02j,
         0.02196592-4.48091483e-02j, -0.01104003+7.05276299e-02j,
         0.00133986+9.66944010e-02j, -0.00497917-8.46627135e-02j],
       [-0.08021182-2.54651799e-02j, -0.03828257+2.35814552e-01j,
         0.02873948+5.90970729e-01j,  0.02646588+5.67176876e-01j,
        -0.0142632 +2.04181266e-01j,  0.01750325+1.53054507e-02j,
         0.01269715-2.40513483e-02j,  0.02047929-2.49542120e-02j],
       [ 0.06849187+1.95067113e-02j, -0.04945245+5.70362101e-03j,
         0.07107352+1.98720783e-02j, -0.08384214-4.35631433e-02j,
         0.06941724-7.24793428e-02j, -0.09250047+5.95666724e-02j,
         0.0877968 +4.30298190e-02j, -0.04405928+3.65004032e-03j],
       [-0.05329742-2.09776756e-02j, -0.00709449-1.66219595e-03j,
        -0.03592381+1.72528062e-02j,  0.10082175+2.36607234e-01j,
        -0.08187009+5.74403394e-01j,  0.04423877+5.36105027e-01j,
         0.04453242+2.51474698e-01j,  0.02618013-4.57765953e-02j],
       [-0.14219796-8.00331805e-03j,  0.06357079-2.72679482e-03j,
        -0.07838121+1.40180485e-02j,  0.11596637-4.97618504e-02j,
        -0.11239097-2.72769067e-02j,  0.13271864+1.86462568e-02j,
        -0.13439847-1.12818642e-03j,  0.09505042+1.49635750e-02j],
       [-0.04569143+2.32204974e-01j,  0.04528433+1.25455941e-02j,
        -0.00409322+1.77857974e-02j,  0.06853239+1.32432711e-03j,
        -0.05185845-3.83734883e-02j, -0.02849808+2.40023926e-01j,
        -0.03012148+5.65649476e-01j,  0.04919203+5.72749446e-01j],
       [ 0.00864633-1.58498296e-01j, -0.05835106+1.49224870e-01j,
         0.03755135+1.38916988e-01j, -0.02433349-9.80972635e-02j,
         0.01375593-1.27334267e-01j,  0.01051985+1.26269508e-01j,
         0.01301077+1.59655050e-01j,  0.01093701-1.71181018e-01j]])}



Optimal Parameters:
{'a': array([0, 0, 0, 0, 0, 0, 0, 0]),
 'b': array([0, 0, 0, 0, 0, 0, 0, 0]),
 'w': array([[-0.0117489 +5.50438805e-01j, -0.03049623+6.34554823e-01j,
         0.03608135+2.51623093e-01j,  0.12152684-1.20655493e-02j,
        -0.03094018-6.82429934e-05j, -0.0057436 -2.78000049e-03j,
        -0.02608388+3.14344353e-02j, -0.0238121 +2.12315767e-01j],
       [-0.00696498-2.93907526e-02j, -0.00832207-2.34529289e-02j,
         0.02023192-3.18621226e-02j, -0.00555659+3.28944166e-02j,
         0.02196592-4.48091483e-02j, -0.01104003+7.05276299e-02j,
         0.00133986+9.66944010e-02j, -0.00497917-8.46627135e-02j],
       [-0.08021182-2.54651799e-02j, -0.03828257+2.35814552e-01j,
         0.02873948+5.90970729e-01j,  0.02646588+5.67176876e-01j,
        -0.0142632 +2.04181266e-01j,  0.01750325+1.53054507e-02j,
         0.01269715-2.40513483e-02j,  0.02047929-2.49542120e-02j],
       [ 0.06849187+1.95067113e-02j, -0.04945245+5.70362101e-03j,
         0.07107352+1.98720783e-02j, -0.08384214-4.35631433e-02j,
         0.06941724-7.24793428e-02j, -0.09250047+5.95666724e-02j,
         0.0877968 +4.30298190e-02j, -0.04405928+3.65004032e-03j],
       [-0.05329742-2.09776756e-02j, -0.00709449-1.66219595e-03j,
        -0.03592381+1.72528062e-02j,  0.10082175+2.36607234e-01j,
        -0.08187009+5.74403394e-01j,  0.04423877+5.36105027e-01j,
         0.04453242+2.51474698e-01j,  0.02618013-4.57765953e-02j],
       [-0.14219796-8.00331805e-03j,  0.06357079-2.72679482e-03j,
        -0.07838121+1.40180485e-02j,  0.11596637-4.97618504e-02j,
        -0.11239097-2.72769067e-02j,  0.13271864+1.86462568e-02j,
        -0.13439847-1.12818642e-03j,  0.09505042+1.49635750e-02j],
       [-0.04569143+2.32204974e-01j,  0.04528433+1.25455941e-02j,
        -0.00409322+1.77857974e-02j,  0.06853239+1.32432711e-03j,
        -0.05185845-3.83734883e-02j, -0.02849808+2.40023926e-01j,
        -0.03012148+5.65649476e-01j,  0.04919203+5.72749446e-01j],
       [ 0.00864633-1.58498296e-01j, -0.05835106+1.49224870e-01j,
         0.03755135+1.38916988e-01j, -0.02433349-9.80972635e-02j,
         0.01375593-1.27334267e-01j,  0.01051985+1.26269508e-01j,
         0.01301077+1.59655050e-01j,  0.01093701-1.71181018e-01j]])}
------------------------------------------------------------
Final Summary: 
Delta: 0.00
Energy: -3.00E+00 + -7.49E-19j
------------------------------------------------------------
Delta: 0.05
Energy: -3.00E+00 + -2.68E-19j
------------------------------------------------------------
Delta: 0.10
Energy: -3.00E+00 + -2.49E-19j
------------------------------------------------------------
Delta: 0.15
Energy: -3.00E+00 + 8.20E-19j
------------------------------------------------------------
Delta: 0.20
Energy: -3.01E+00 + -4.13E-19j
------------------------------------------------------------
Delta: 0.25
Energy: -3.02E+00 + 4.47E-19j
------------------------------------------------------------
Delta: 0.30
Energy: -3.04E+00 + -1.57E-18j
------------------------------------------------------------
Delta: 0.35
Energy: -3.05E+00 + 9.54E-19j
------------------------------------------------------------
Delta: 0.40
Energy: -3.07E+00 + 8.12E-19j
------------------------------------------------------------
Delta: 0.45
Energy: -3.09E+00 + -1.45E-18j
------------------------------------------------------------
Delta: 0.50
Energy: -3.11E+00 + -1.44E-18j
------------------------------------------------------------
Delta: 0.55
Energy: -3.14E+00 + -2.16E-18j
------------------------------------------------------------
Delta: 0.60
Energy: -3.17E+00 + -7.31E-19j
------------------------------------------------------------
Delta: 0.65
Energy: -3.21E+00 + 2.05E-20j
------------------------------------------------------------
Delta: 0.70
Energy: -3.25E+00 + -1.77E-18j
------------------------------------------------------------
Delta: 0.75
Energy: -3.29E+00 + 4.33E-19j
------------------------------------------------------------
Delta: 0.80
Energy: -3.35E+00 + 4.18E-18j
------------------------------------------------------------
Delta: 0.85
Energy: -3.41E+00 + 6.23E-19j
------------------------------------------------------------
Delta: 0.90
Energy: -3.48E+00 + -1.65E-18j
------------------------------------------------------------
Delta: 0.95
Energy: -3.56E+00 + -2.69E-18j
------------------------------------------------------------
Delta: 1.00
Energy: -3.65E+00 + 1.81E-18j
------------------------------------------------------------
