running build_ext
skipping 'lib/qvmc/utils.c' Cython extension (up-to-date)
skipping 'lib/qvmc/state.c' Cython extension (up-to-date)
skipping 'lib/qvmc/optimizer.c' Cython extension (up-to-date)
skipping 'lib/qvmc/debug.c' Cython extension (up-to-date)
skipping 'lib/qvmc/hamiltonian.c' Cython extension (up-to-date)
/home/hanbury.p/env/lib/python3.7/site-packages/numpy/core/numeric.py:538: ComplexWarning: Casting complex values to real discards the imaginary part
  return array(a, dtype, copy=False, order=order)
/home/hanbury.p/env/lib/python3.7/site-packages/matplotlib/pyplot.py:514: RuntimeWarning: More than 20 figures have been opened. Figures created through the pyplot interface (`matplotlib.pyplot.figure`) are retained until explicitly closed and may consume too much memory. (To control this warning, see the rcParam `figure.max_open_warning`).
  max_open_warning, RuntimeWarning)
**********************************************************************
{'deltas': [0.0,
            0.05,
            0.1,
            0.15,
            0.2,
            0.25,
            0.3,
            0.35,
            0.4,
            0.45,
            0.5,
            0.55,
            0.6,
            0.65,
            0.7,
            0.75,
            0.8,
            0.85,
            0.9,
            0.95,
            1.0],
 'fixed_params': {'a': array([0, 0, 0, 0, 0, 0, 0, 0, 0, 0, 0, 0, 0, 0, 0, 0]),
                  'b': array([0, 0, 0, 0, 0, 0, 0, 0, 0, 0, 0, 0, 0, 0, 0, 0])},
 'learning_rate': 0.04,
 'name': '16ParticleHigherLR',
 'notes': '\n'
          '              16 particles more steps and more monte carlos\n'
          '              and a higher learning rate\n'
          '              ',
 'num_monte_carlos_per_delta': 40,
 'num_particles': 16,
 'num_steps': 15000,
 'print_params': False,
 'save_dir': '/home/hanbury.p/feiguin/vmc/cython_version/outputs/16ParticleHigherLR/2019-05-28-09:49'}
------------------------------------------------------------
Total time = 12.982354546944446 hours
------------------------------------------------------------
Final Summary: 
Delta: 0.00
Energy: -6.00E+00 + 6.84E-04j
------------------------------------------------------------
Delta: 0.05
Energy: -6.00E+00 + -2.04E-03j
------------------------------------------------------------
Delta: 0.10
Energy: -6.01E+00 + -1.10E-03j
------------------------------------------------------------
Delta: 0.15
Energy: -6.01E+00 + 9.81E-03j
------------------------------------------------------------
Delta: 0.20
Energy: -6.02E+00 + 1.46E-03j
------------------------------------------------------------
Delta: 0.25
Energy: -6.03E+00 + -7.96E-03j
------------------------------------------------------------
Delta: 0.30
Energy: -6.05E+00 + -3.61E-03j
------------------------------------------------------------
Delta: 0.35
Energy: -6.06E+00 + 1.86E-03j
------------------------------------------------------------
Delta: 0.40
Energy: -6.11E+00 + 3.61E-03j
------------------------------------------------------------
Delta: 0.45
Energy: -6.12E+00 + 5.63E-03j
------------------------------------------------------------
Delta: 0.50
Energy: -6.17E+00 + 3.79E-03j
------------------------------------------------------------
Delta: 0.55
Energy: -6.22E+00 + -8.91E-04j
------------------------------------------------------------
Delta: 0.60
Energy: -6.26E+00 + 1.72E-03j
------------------------------------------------------------
Delta: 0.65
Energy: -6.33E+00 + 4.56E-03j
------------------------------------------------------------
Delta: 0.70
Energy: -6.39E+00 + -1.05E-03j
------------------------------------------------------------
Delta: 0.75
Energy: -6.47E+00 + -1.74E-03j
------------------------------------------------------------
Delta: 0.80
Energy: -6.54E+00 + -4.43E-03j
------------------------------------------------------------
Delta: 0.85
Energy: -6.63E+00 + 7.10E-03j
------------------------------------------------------------
Delta: 0.90
Energy: -6.72E+00 + 4.49E-03j
------------------------------------------------------------
Delta: 0.95
Energy: -6.81E+00 + -5.90E-03j
------------------------------------------------------------
Delta: 1.00
Energy: -6.92E+00 + 1.80E-03j
------------------------------------------------------------
