running build_ext
skipping 'lib/qvmc/utils.c' Cython extension (up-to-date)
skipping 'lib/qvmc/state.c' Cython extension (up-to-date)
skipping 'lib/qvmc/optimizer.c' Cython extension (up-to-date)
skipping 'lib/qvmc/debug.c' Cython extension (up-to-date)
skipping 'lib/qvmc/hamiltonian.c' Cython extension (up-to-date)
/home/hanbury.p/env/lib/python3.7/site-packages/numpy/core/numeric.py:538: ComplexWarning: Casting complex values to real discards the imaginary part
  return array(a, dtype, copy=False, order=order)
/home/hanbury.p/env/lib/python3.7/site-packages/matplotlib/pyplot.py:514: RuntimeWarning: More than 20 figures have been opened. Figures created through the pyplot interface (`matplotlib.pyplot.figure`) are retained until explicitly closed and may consume too much memory. (To control this warning, see the rcParam `figure.max_open_warning`).
  max_open_warning, RuntimeWarning)
**********************************************************************
{'deltas': [0.0,
            0.05,
            0.1,
            0.15,
            0.2,
            0.25,
            0.3,
            0.35,
            0.4,
            0.45,
            0.5,
            0.55,
            0.6,
            0.65,
            0.7,
            0.75,
            0.8,
            0.85,
            0.9,
            0.95,
            1.0],
 'fixed_params': {'a': array([0, 0, 0, 0, 0, 0, 0, 0, 0, 0, 0, 0, 0, 0, 0, 0]),
                  'b': array([0, 0, 0, 0, 0, 0, 0, 0, 0, 0, 0, 0, 0, 0, 0, 0])},
 'learning_rate': 0.01,
 'name': '16Particle',
 'notes': '\n              16 particles more steps\n              ',
 'num_monte_carlos_per_delta': 50,
 'num_particles': 16,
 'num_steps': 15000,
 'print_params': False,
 'save_dir': '/home/hanbury.p/feiguin/vmc/cython_version/outputs/16Particle/2019-05-24-11:08'}
------------------------------------------------------------
Total time = 9.688223235555554 hours
------------------------------------------------------------
Final Summary: 
Delta: 0.00
Energy: -6.00E+00 + -3.04E-03j
------------------------------------------------------------
Delta: 0.05
Energy: -6.00E+00 + 3.61E-04j
------------------------------------------------------------
Delta: 0.10
Energy: -6.01E+00 + -1.21E-02j
------------------------------------------------------------
Delta: 0.15
Energy: -6.01E+00 + -3.89E-03j
------------------------------------------------------------
Delta: 0.20
Energy: -6.01E+00 + 9.84E-03j
------------------------------------------------------------
Delta: 0.25
Energy: -6.03E+00 + 2.62E-03j
------------------------------------------------------------
Delta: 0.30
Energy: -6.05E+00 + 8.22E-04j
------------------------------------------------------------
Delta: 0.35
Energy: -6.08E+00 + 1.67E-02j
------------------------------------------------------------
Delta: 0.40
Energy: -6.11E+00 + 4.84E-03j
------------------------------------------------------------
Delta: 0.45
Energy: -6.16E+00 + -8.66E-04j
------------------------------------------------------------
Delta: 0.50
Energy: -6.20E+00 + 6.38E-03j
------------------------------------------------------------
Delta: 0.55
Energy: -6.23E+00 + -5.19E-06j
------------------------------------------------------------
Delta: 0.60
Energy: -6.29E+00 + 4.07E-04j
------------------------------------------------------------
Delta: 0.65
Energy: -6.35E+00 + -1.61E-05j
------------------------------------------------------------
Delta: 0.70
Energy: -6.42E+00 + -5.11E-05j
------------------------------------------------------------
Delta: 0.75
Energy: -6.49E+00 + -1.87E-03j
------------------------------------------------------------
Delta: 0.80
Energy: -6.56E+00 + 2.34E-03j
------------------------------------------------------------
Delta: 0.85
Energy: -6.64E+00 + 3.69E-03j
------------------------------------------------------------
Delta: 0.90
Energy: -6.74E+00 + -1.38E-03j
------------------------------------------------------------
Delta: 0.95
Energy: -6.84E+00 + -1.81E-03j
------------------------------------------------------------
Delta: 1.00
Energy: -6.96E+00 + -1.17E-02j
------------------------------------------------------------
