running build_ext
skipping 'lib/enumeration_qvmc/utils.c' Cython extension (up-to-date)
skipping 'lib/enumeration_qvmc/state.c' Cython extension (up-to-date)
skipping 'lib/enumeration_qvmc/optimizer.c' Cython extension (up-to-date)
skipping 'lib/enumeration_qvmc/debug.c' Cython extension (up-to-date)
skipping 'lib/enumeration_qvmc/hamiltonian.c' Cython extension (up-to-date)
/home/hanbury.p/env/lib/python3.7/site-packages/numpy/core/numeric.py:538: ComplexWarning: Casting complex values to real discards the imaginary part
  return array(a, dtype, copy=False, order=order)
All Derivatives: 
{'a': array([-0.01544+0.03484j,  0.01538-0.03484j, -0.0351 -0.05086j,
        0.03529+0.05086j,  0.03435-0.03797j, -0.03442+0.03797j,
        0.01351-0.01947j, -0.01357+0.01947j]), 'b': array([ 0.00064-0.00427j,  0.0039 -0.00092j,  0.00013+0.00052j,
        0.00346+0.00002j,  0.0011 +0.00309j, -0.00416-0.00218j,
        0.00407-0.00035j,  0.00399+0.00036j]), 'w': array([[-0.00175+0.00003j,  0.00027+0.00058j,  0.00006-0.00099j,
         0.00139+0.00128j,  0.00081+0.00135j, -0.00077-0.00167j,
         0.00156-0.00211j, -0.00158+0.00153j],
       [-0.00112-0.00065j,  0.00111+0.00065j,  0.00124+0.00044j,
        -0.00123-0.00043j, -0.00017+0.00199j,  0.00019-0.00198j,
         0.00125+0.00075j, -0.00125-0.00077j],
       [-0.00018-0.00007j,  0.00048+0.00116j,  0.00254-0.00218j,
        -0.0027 -0.00003j,  0.00254-0.00041j, -0.00238+0.00075j,
        -0.001  +0.00036j,  0.00071+0.00043j],
       [ 0.00072-0.00074j, -0.00074+0.00073j,  0.00102+0.00097j,
        -0.00099-0.00097j, -0.00099+0.00064j,  0.00099-0.00063j,
        -0.00006+0.00067j,  0.00006-0.00069j],
       [-0.00082+0.00115j,  0.00138-0.00173j, -0.00103-0.00038j,
         0.00158+0.00047j, -0.00047+0.00044j, -0.00125+0.00064j,
         0.001  +0.00058j, -0.00038-0.00118j],
       [ 0.00148-0.00069j, -0.00146+0.00067j,  0.00134+0.00202j,
        -0.00136-0.00199j, -0.00031+0.00083j,  0.00031-0.00083j,
        -0.00095+0.00029j,  0.00095-0.00028j],
       [-0.00216+0.00145j,  0.00182-0.00188j, -0.00129-0.0015j ,
         0.00099+0.00076j,  0.00057-0.00052j, -0.0012 -0.00004j,
         0.00261+0.0008j , -0.00134+0.00092j],
       [-0.00009+0.00075j,  0.00008-0.00075j, -0.00141-0.00088j,
         0.00142+0.00088j, -0.00035-0.00104j,  0.00035+0.00105j,
         0.00051-0.00012j, -0.00052+0.00011j]])}
All Derivatives: 
{'a': array([ 0.-0.j, -0.+0.j,  0.-0.j, -0.-0.j, -0.-0.j, -0.+0.j, -0.-0.j,
       -0.+0.j]), 'b': array([-0.-0.j,  0.+0.j,  0.-0.j,  0.-0.j,  0.-0.j,  0.+0.j, -0.-0.j,
        0.+0.j]), 'w': array([[-0.00132-0.00032j,  0.00006+0.00082j, -0.00002-0.0006j ,
         0.00119+0.001j  ,  0.00007+0.00152j,  0.00001-0.00188j,
         0.00131-0.00175j, -0.00131+0.0012j ],
       [-0.00085+0.00044j,  0.00084-0.00044j, -0.00071-0.00044j,
         0.00072+0.00044j, -0.00033+0.00046j,  0.00034-0.00045j,
         0.00119+0.00003j, -0.00119-0.00005j],
       [ 0.00134+0.00019j, -0.00102+0.00081j,  0.0008 -0.0001j ,
        -0.00105-0.00166j,  0.00115-0.00142j, -0.00098+0.00165j,
        -0.00185-0.0001j ,  0.00161+0.00063j],
       [ 0.00034+0.00018j, -0.00036-0.00019j,  0.00023-0.00021j,
        -0.00021+0.00021j, -0.00017-0.00032j,  0.00017+0.00034j,
         0.0002 +0.00016j, -0.0002 -0.00017j],
       [-0.0007 +0.00095j,  0.00125-0.00152j, -0.00126-0.00005j,
         0.00164+0.00015j, -0.00103+0.00036j, -0.00052+0.00069j,
         0.00078+0.00049j, -0.00015-0.00106j],
       [ 0.00121+0.00014j, -0.0012 -0.00017j,  0.00027+0.00107j,
        -0.00028-0.00105j,  0.00062-0.00021j, -0.00063+0.0002j ,
        -0.00072-0.00019j,  0.00072+0.00019j],
       [-0.00106+0.00117j,  0.00072-0.00159j, -0.00163+0.0001j ,
         0.00141-0.00057j, -0.001  -0.00007j,  0.0004 -0.00049j,
         0.0018 +0.00069j, -0.00064+0.00077j],
       [-0.00015+0.00033j,  0.00014-0.00033j, -0.00041-0.00045j,
         0.00042+0.00044j, -0.00058-0.0002j ,  0.00059+0.00021j,
         0.00041+0.00016j, -0.00041-0.00016j]])}
All Derivatives: 
{'a': array([ 0.+0.j, -0.-0.j, -0.-0.j, -0.+0.j, -0.+0.j,  0.-0.j,  0.-0.j,
        0.+0.j]), 'b': array([-0.+0.j,  0.+0.j, -0.-0.j, -0.+0.j, -0.-0.j, -0.-0.j, -0.-0.j,
       -0.-0.j]), 'w': array([[-0.00131-0.00032j,  0.00006+0.00082j, -0.00002-0.0006j ,
         0.00119+0.001j  ,  0.00007+0.00151j,  0.00001-0.00187j,
         0.00131-0.00174j, -0.00131+0.0012j ],
       [-0.00085+0.00044j,  0.00083-0.00044j, -0.00071-0.00043j,
         0.00071+0.00044j, -0.00033+0.00046j,  0.00034-0.00045j,
         0.00118+0.00003j, -0.00119-0.00005j],
       [ 0.00133+0.00019j, -0.00102+0.0008j ,  0.0008 -0.0001j ,
        -0.00105-0.00166j,  0.00114-0.00141j, -0.00097+0.00165j,
        -0.00185-0.0001j ,  0.00161+0.00063j],
       [ 0.00034+0.00018j, -0.00036-0.00019j,  0.00023-0.00021j,
        -0.00021+0.00021j, -0.00017-0.00032j,  0.00017+0.00034j,
         0.0002 +0.00016j, -0.0002 -0.00017j],
       [-0.00069+0.00094j,  0.00124-0.00152j, -0.00125-0.00005j,
         0.00163+0.00015j, -0.00103+0.00036j, -0.00052+0.00069j,
         0.00078+0.00049j, -0.00015-0.00106j],
       [ 0.0012 +0.00014j, -0.00119-0.00017j,  0.00027+0.00107j,
        -0.00028-0.00105j,  0.00062-0.00021j, -0.00062+0.0002j ,
        -0.00071-0.00019j,  0.00072+0.00019j],
       [-0.00106+0.00117j,  0.00072-0.00159j, -0.00162+0.0001j ,
         0.00141-0.00057j, -0.00099-0.00007j,  0.00039-0.00049j,
         0.0018 +0.00069j, -0.00064+0.00076j],
       [-0.00015+0.00033j,  0.00014-0.00033j, -0.00041-0.00044j,
         0.00042+0.00044j, -0.00058-0.0002j ,  0.00059+0.00021j,
         0.0004 +0.00016j, -0.00041-0.00016j]])}
All Derivatives: 
{'a': array([ 0.-0.j, -0.+0.j,  0.+0.j, -0.-0.j,  0.-0.j, -0.+0.j, -0.+0.j,
        0.+0.j]), 'b': array([-0.-0.j, -0.+0.j, -0.-0.j,  0.-0.j,  0.-0.j, -0.-0.j, -0.-0.j,
        0.-0.j]), 'w': array([[-0.0013 -0.00032j,  0.00006+0.00082j, -0.00002-0.00059j,
         0.00118+0.00099j,  0.00007+0.0015j ,  0.00001-0.00186j,
         0.0013 -0.00173j, -0.0013 +0.00119j],
       [-0.00084+0.00044j,  0.00083-0.00044j, -0.0007 -0.00043j,
         0.00071+0.00043j, -0.00033+0.00046j,  0.00034-0.00044j,
         0.00118+0.00003j, -0.00118-0.00005j],
       [ 0.00133+0.00019j, -0.00101+0.0008j ,  0.0008 -0.0001j ,
        -0.00104-0.00165j,  0.00114-0.00141j, -0.00097+0.00164j,
        -0.00184-0.0001j ,  0.0016 +0.00062j],
       [ 0.00034+0.00018j, -0.00036-0.00019j,  0.00022-0.0002j ,
        -0.0002 +0.00021j, -0.00017-0.00032j,  0.00017+0.00033j,
         0.0002 +0.00016j, -0.0002 -0.00017j],
       [-0.00069+0.00094j,  0.00123-0.00151j, -0.00125-0.00005j,
         0.00162+0.00014j, -0.00102+0.00036j, -0.00052+0.00069j,
         0.00077+0.00049j, -0.00015-0.00106j],
       [ 0.0012 +0.00015j, -0.00119-0.00017j,  0.00027+0.00107j,
        -0.00028-0.00104j,  0.00062-0.0002j , -0.00062+0.0002j ,
        -0.00071-0.00019j,  0.00071+0.00019j],
       [-0.00106+0.00116j,  0.00072-0.00158j, -0.00162+0.0001j ,
         0.0014 -0.00057j, -0.00099-0.00007j,  0.00039-0.00049j,
         0.00179+0.00069j, -0.00063+0.00076j],
       [-0.00015+0.00033j,  0.00014-0.00033j, -0.00041-0.00044j,
         0.00041+0.00044j, -0.00058-0.0002j ,  0.00058+0.00021j,
         0.0004 +0.00016j, -0.00041-0.00016j]])}
All Derivatives: 
{'a': array([-0.+0.j,  0.-0.j,  0.-0.j,  0.+0.j, -0.+0.j,  0.+0.j,  0.-0.j,
        0.+0.j]), 'b': array([-0.+0.j,  0.-0.j,  0.+0.j, -0.-0.j, -0.+0.j,  0.-0.j, -0.+0.j,
        0.+0.j]), 'w': array([[-0.0013 -0.00031j,  0.00006+0.00081j, -0.00002-0.00059j,
         0.00118+0.00099j,  0.00007+0.0015j ,  0.00001-0.00186j,
         0.00129-0.00172j, -0.0013 +0.00118j],
       [-0.00084+0.00044j,  0.00082-0.00044j, -0.0007 -0.00043j,
         0.00071+0.00043j, -0.00033+0.00045j,  0.00034-0.00044j,
         0.00117+0.00003j, -0.00118-0.00005j],
       [ 0.00132+0.00019j, -0.001  +0.00079j,  0.00079-0.0001j ,
        -0.00104-0.00164j,  0.00113-0.0014j , -0.00096+0.00163j,
        -0.00183-0.0001j ,  0.00159+0.00062j],
       [ 0.00034+0.00018j, -0.00036-0.00019j,  0.00022-0.0002j ,
        -0.0002 +0.00021j, -0.00017-0.00032j,  0.00017+0.00033j,
         0.0002 +0.00016j, -0.0002 -0.00017j],
       [-0.00068+0.00093j,  0.00123-0.0015j , -0.00124-0.00005j,
         0.00162+0.00014j, -0.00101+0.00036j, -0.00052+0.00069j,
         0.00077+0.00048j, -0.00015-0.00105j],
       [ 0.00119+0.00015j, -0.00118-0.00017j,  0.00027+0.00106j,
        -0.00028-0.00104j,  0.00061-0.0002j , -0.00062+0.0002j ,
        -0.00071-0.00019j,  0.00071+0.00019j],
       [-0.00105+0.00116j,  0.00071-0.00157j, -0.00161+0.0001j ,
         0.00139-0.00057j, -0.00098-0.00007j,  0.00039-0.00049j,
         0.00178+0.00068j, -0.00063+0.00076j],
       [-0.00015+0.00032j,  0.00014-0.00033j, -0.0004 -0.00044j,
         0.00041+0.00044j, -0.00057-0.0002j ,  0.00058+0.00021j,
         0.0004 +0.00016j, -0.00041-0.00016j]])}
All Derivatives: 
{'a': array([-0.-0.j,  0.+0.j,  0.+0.j, -0.-0.j,  0.-0.j,  0.+0.j,  0.-0.j,
       -0.+0.j]), 'b': array([ 0.+0.j, -0.-0.j,  0.-0.j, -0.+0.j,  0.-0.j,  0.-0.j,  0.-0.j,
       -0.+0.j]), 'w': array([[-0.00129-0.00031j,  0.00005+0.00081j, -0.00002-0.00059j,
         0.00117+0.00099j,  0.00007+0.00149j,  0.00001-0.00185j,
         0.00129-0.00172j, -0.00129+0.00118j],
       [-0.00083+0.00043j,  0.00082-0.00043j, -0.0007 -0.00043j,
         0.0007 +0.00043j, -0.00032+0.00045j,  0.00033-0.00044j,
         0.00117+0.00003j, -0.00117-0.00005j],
       [ 0.00131+0.00019j, -0.001  +0.00079j,  0.00079-0.0001j ,
        -0.00103-0.00164j,  0.00112-0.00139j, -0.00096+0.00163j,
        -0.00182-0.0001j ,  0.00158+0.00062j],
       [ 0.00034+0.00018j, -0.00035-0.00019j,  0.00022-0.0002j ,
        -0.0002 +0.00021j, -0.00017-0.00032j,  0.00017+0.00033j,
         0.0002 +0.00016j, -0.0002 -0.00017j],
       [-0.00068+0.00093j,  0.00122-0.0015j , -0.00124-0.00005j,
         0.00161+0.00014j, -0.00101+0.00036j, -0.00052+0.00068j,
         0.00076+0.00048j, -0.00015-0.00105j],
       [ 0.00119+0.00015j, -0.00118-0.00017j,  0.00027+0.00106j,
        -0.00028-0.00104j,  0.00061-0.0002j , -0.00062+0.0002j ,
        -0.0007 -0.00019j,  0.00071+0.00019j],
       [-0.00105+0.00115j,  0.00071-0.00156j, -0.0016 +0.0001j ,
         0.00139-0.00057j, -0.00098-0.00007j,  0.00039-0.00048j,
         0.00177+0.00068j, -0.00063+0.00076j],
       [-0.00015+0.00032j,  0.00014-0.00033j, -0.0004 -0.00044j,
         0.00041+0.00044j, -0.00057-0.0002j ,  0.00058+0.00021j,
         0.0004 +0.00016j, -0.0004 -0.00016j]])}
All Derivatives: 
{'a': array([ 0.+0.j, -0.-0.j, -0.-0.j, -0.-0.j, -0.-0.j, -0.-0.j,  0.-0.j,
       -0.+0.j]), 'b': array([ 0.+0.j,  0.-0.j,  0.+0.j,  0.+0.j,  0.+0.j, -0.-0.j, -0.-0.j,
        0.-0.j]), 'w': array([[-0.00128-0.00031j,  0.00005+0.00081j, -0.00002-0.00059j,
         0.00117+0.00098j,  0.00007+0.00148j,  0.00001-0.00184j,
         0.00128-0.00171j, -0.00128+0.00117j],
       [-0.00083+0.00043j,  0.00081-0.00043j, -0.00069-0.00042j,
         0.0007 +0.00043j, -0.00032+0.00045j,  0.00033-0.00044j,
         0.00116+0.00003j, -0.00117-0.00005j],
       [ 0.0013 +0.00019j, -0.00099+0.00079j,  0.00079-0.0001j ,
        -0.00102-0.00163j,  0.00112-0.00139j, -0.00096+0.00162j,
        -0.00181-0.0001j ,  0.00157+0.00062j],
       [ 0.00033+0.00018j, -0.00035-0.00019j,  0.00022-0.0002j ,
        -0.0002 +0.00021j, -0.00016-0.00032j,  0.00017+0.00033j,
         0.0002 +0.00016j, -0.0002 -0.00017j],
       [-0.00067+0.00092j,  0.00121-0.00149j, -0.00123-0.00005j,
         0.0016 +0.00014j, -0.001  +0.00035j, -0.00052+0.00068j,
         0.00076+0.00048j, -0.00014-0.00104j],
       [ 0.00118+0.00015j, -0.00117-0.00017j,  0.00027+0.00106j,
        -0.00027-0.00103j,  0.00061-0.0002j , -0.00061+0.00019j,
        -0.0007 -0.00019j,  0.0007 +0.00019j],
       [-0.00104+0.00115j,  0.00071-0.00156j, -0.00159+0.0001j ,
         0.00138-0.00057j, -0.00097-0.00007j,  0.00038-0.00048j,
         0.00176+0.00068j, -0.00062+0.00076j],
       [-0.00015+0.00032j,  0.00014-0.00032j, -0.0004 -0.00044j,
         0.00041+0.00044j, -0.00057-0.0002j ,  0.00058+0.00021j,
         0.00039+0.00016j, -0.0004 -0.00016j]])}
All Derivatives: 
{'a': array([ 0.-0.j,  0.+0.j, -0.-0.j,  0.+0.j, -0.-0.j, -0.+0.j,  0.+0.j,
       -0.-0.j]), 'b': array([ 0.-0.j,  0.+0.j,  0.+0.j,  0.-0.j,  0.+0.j,  0.+0.j, -0.-0.j,
        0.+0.j]), 'w': array([[-0.00127-0.00031j,  0.00005+0.00081j, -0.00002-0.00058j,
         0.00116+0.00098j,  0.00007+0.00148j,  0.00001-0.00183j,
         0.00127-0.0017j , -0.00128+0.00117j],
       [-0.00082+0.00043j,  0.00081-0.00043j, -0.00069-0.00042j,
         0.0007 +0.00043j, -0.00032+0.00045j,  0.00033-0.00044j,
         0.00116+0.00003j, -0.00116-0.00005j],
       [ 0.00129+0.00019j, -0.00099+0.00078j,  0.00078-0.0001j ,
        -0.00102-0.00162j,  0.00111-0.00138j, -0.00095+0.00161j,
        -0.0018 -0.0001j ,  0.00157+0.00062j],
       [ 0.00033+0.00018j, -0.00035-0.00019j,  0.00022-0.0002j ,
        -0.0002 +0.00021j, -0.00016-0.00032j,  0.00016+0.00033j,
         0.00019+0.00016j, -0.0002 -0.00017j],
       [-0.00067+0.00092j,  0.00121-0.00148j, -0.00122-0.00005j,
         0.00159+0.00014j, -0.001  +0.00035j, -0.00052+0.00068j,
         0.00075+0.00047j, -0.00014-0.00104j],
       [ 0.00118+0.00015j, -0.00117-0.00017j,  0.00026+0.00105j,
        -0.00027-0.00103j,  0.00061-0.0002j , -0.00061+0.00019j,
        -0.0007 -0.00019j,  0.0007 +0.00019j],
       [-0.00104+0.00114j,  0.0007 -0.00155j, -0.00159+0.0001j ,
         0.00137-0.00057j, -0.00097-0.00007j,  0.00038-0.00048j,
         0.00175+0.00067j, -0.00062+0.00076j],
       [-0.00015+0.00032j,  0.00014-0.00032j, -0.0004 -0.00044j,
         0.0004 +0.00044j, -0.00057-0.0002j ,  0.00057+0.00021j,
         0.00039+0.00016j, -0.0004 -0.00016j]])}
All Derivatives: 
{'a': array([-0.+0.j, -0.-0.j,  0.-0.j, -0.+0.j,  0.+0.j,  0.+0.j,  0.+0.j,
       -0.+0.j]), 'b': array([ 0.+0.j, -0.+0.j,  0.-0.j, -0.+0.j,  0.-0.j,  0.+0.j, -0.-0.j,
        0.-0.j]), 'w': array([[-0.00127-0.0003j ,  0.00005+0.0008j , -0.00002-0.00058j,
         0.00116+0.00097j,  0.00007+0.00147j,  0.00001-0.00183j,
         0.00127-0.0017j , -0.00127+0.00116j],
       [-0.00082+0.00043j,  0.00081-0.00043j, -0.00069-0.00042j,
         0.00069+0.00042j, -0.00032+0.00045j,  0.00033-0.00043j,
         0.00115+0.00003j, -0.00116-0.00004j],
       [ 0.00129+0.00019j, -0.00098+0.00078j,  0.00078-0.0001j ,
        -0.00101-0.00162j,  0.00111-0.00138j, -0.00095+0.00161j,
        -0.00179-0.0001j ,  0.00156+0.00061j],
       [ 0.00033+0.00018j, -0.00035-0.00018j,  0.00022-0.0002j ,
        -0.0002 +0.00021j, -0.00016-0.00032j,  0.00016+0.00033j,
         0.00019+0.00016j, -0.0002 -0.00017j],
       [-0.00066+0.00092j,  0.0012 -0.00148j, -0.00122-0.00004j,
         0.00159+0.00014j, -0.00099+0.00035j, -0.00052+0.00068j,
         0.00075+0.00047j, -0.00014-0.00103j],
       [ 0.00117+0.00015j, -0.00116-0.00017j,  0.00026+0.00105j,
        -0.00027-0.00103j,  0.0006 -0.0002j , -0.00061+0.00019j,
        -0.00069-0.00019j,  0.0007 +0.00019j],
       [-0.00103+0.00113j,  0.0007 -0.00154j, -0.00158+0.0001j ,
         0.00137-0.00056j, -0.00096-0.00007j,  0.00038-0.00048j,
         0.00174+0.00067j, -0.00062+0.00076j],
       [-0.00015+0.00032j,  0.00014-0.00032j, -0.0004 -0.00044j,
         0.0004 +0.00043j, -0.00056-0.0002j ,  0.00057+0.00021j,
         0.00039+0.00016j, -0.0004 -0.00016j]])}
All Derivatives: 
{'a': array([ 0.+0.j, -0.-0.j,  0.+0.j, -0.-0.j,  0.+0.j, -0.+0.j,  0.-0.j,
        0.+0.j]), 'b': array([ 0.+0.j,  0.-0.j,  0.+0.j, -0.+0.j,  0.-0.j,  0.+0.j,  0.-0.j,
       -0.-0.j]), 'w': array([[-0.00126-0.0003j ,  0.00004+0.0008j , -0.00001-0.00058j,
         0.00115+0.00097j,  0.00007+0.00146j,  0.00001-0.00182j,
         0.00126-0.00169j, -0.00126+0.00115j],
       [-0.00082+0.00042j,  0.0008 -0.00042j, -0.00068-0.00042j,
         0.00069+0.00042j, -0.00031+0.00044j,  0.00033-0.00043j,
         0.00115+0.00003j, -0.00115-0.00004j],
       [ 0.00128+0.00019j, -0.00098+0.00078j,  0.00078-0.0001j ,
        -0.00101-0.00161j,  0.0011 -0.00137j, -0.00094+0.0016j ,
        -0.00179-0.0001j ,  0.00155+0.00061j],
       [ 0.00033+0.00018j, -0.00035-0.00018j,  0.00022-0.0002j ,
        -0.0002 +0.00021j, -0.00016-0.00032j,  0.00016+0.00033j,
         0.00019+0.00016j, -0.0002 -0.00017j],
       [-0.00066+0.00091j,  0.00119-0.00147j, -0.00121-0.00004j,
         0.00158+0.00014j, -0.00099+0.00035j, -0.00052+0.00068j,
         0.00075+0.00047j, -0.00014-0.00103j],
       [ 0.00117+0.00015j, -0.00116-0.00017j,  0.00026+0.00105j,
        -0.00027-0.00102j,  0.0006 -0.0002j , -0.0006 +0.00019j,
        -0.00069-0.00019j,  0.00069+0.00019j],
       [-0.00103+0.00113j,  0.0007 -0.00154j, -0.00157+0.0001j ,
         0.00136-0.00056j, -0.00096-0.00008j,  0.00038-0.00048j,
         0.00174+0.00067j, -0.00061+0.00075j],
       [-0.00015+0.00032j,  0.00014-0.00032j, -0.00039-0.00044j,
         0.0004 +0.00043j, -0.00056-0.0002j ,  0.00057+0.00021j,
         0.00039+0.00015j, -0.00039-0.00016j]])}
All Derivatives: 
{'a': array([ 0.-0.j,  0.+0.j, -0.+0.j,  0.-0.j, -0.+0.j, -0.-0.j,  0.-0.j,
        0.+0.j]), 'b': array([-0.-0.j, -0.-0.j, -0.-0.j, -0.+0.j,  0.-0.j,  0.+0.j, -0.+0.j,
       -0.-0.j]), 'w': array([[-0.00125-0.0003j ,  0.00004+0.0008j , -0.00001-0.00057j,
         0.00115+0.00096j,  0.00007+0.00146j,  0.00001-0.00181j,
         0.00125-0.00168j, -0.00126+0.00115j],
       [-0.00081+0.00042j,  0.0008 -0.00042j, -0.00068-0.00042j,
         0.00069+0.00042j, -0.00031+0.00044j,  0.00032-0.00043j,
         0.00114+0.00003j, -0.00115-0.00004j],
       [ 0.00127+0.00019j, -0.00097+0.00077j,  0.00077-0.0001j ,
        -0.001  -0.0016j ,  0.0011 -0.00137j, -0.00094+0.00159j,
        -0.00178-0.0001j ,  0.00154+0.00061j],
       [ 0.00033+0.00018j, -0.00035-0.00018j,  0.00022-0.0002j ,
        -0.0002 +0.0002j , -0.00016-0.00032j,  0.00016+0.00033j,
         0.00019+0.00015j, -0.0002 -0.00017j],
       [-0.00066+0.00091j,  0.00119-0.00146j, -0.00121-0.00004j,
         0.00157+0.00014j, -0.00098+0.00035j, -0.00052+0.00067j,
         0.00074+0.00046j, -0.00014-0.00102j],
       [ 0.00116+0.00015j, -0.00115-0.00017j,  0.00026+0.00104j,
        -0.00027-0.00102j,  0.0006 -0.0002j , -0.0006 +0.00019j,
        -0.00069-0.00019j,  0.00069+0.00019j],
       [-0.00102+0.00112j,  0.00069-0.00153j, -0.00156+0.0001j ,
         0.00135-0.00056j, -0.00095-0.00008j,  0.00037-0.00047j,
         0.00173+0.00066j, -0.00061+0.00075j],
       [-0.00015+0.00032j,  0.00014-0.00032j, -0.00039-0.00043j,
         0.0004 +0.00043j, -0.00056-0.0002j ,  0.00057+0.00021j,
         0.00038+0.00015j, -0.00039-0.00015j]])}
All Derivatives: 
{'a': array([ 0.-0.j,  0.+0.j,  0.-0.j, -0.+0.j, -0.-0.j,  0.-0.j,  0.+0.j,
        0.-0.j]), 'b': array([ 0.-0.j,  0.+0.j, -0.-0.j, -0.-0.j, -0.+0.j,  0.-0.j,  0.-0.j,
       -0.-0.j]), 'w': array([[-0.00125-0.0003j ,  0.00004+0.00079j, -0.00001-0.00057j,
         0.00114+0.00096j,  0.00007+0.00145j,  0.00001-0.0018j ,
         0.00125-0.00167j, -0.00125+0.00114j],
       [-0.00081+0.00042j,  0.00079-0.00042j, -0.00068-0.00041j,
         0.00068+0.00042j, -0.00031+0.00044j,  0.00032-0.00043j,
         0.00114+0.00003j, -0.00114-0.00004j],
       [ 0.00126+0.00019j, -0.00096+0.00077j,  0.00077-0.0001j ,
        -0.00099-0.0016j ,  0.00109-0.00136j, -0.00093+0.00159j,
        -0.00177-0.0001j ,  0.00154+0.00061j],
       [ 0.00033+0.00017j, -0.00034-0.00018j,  0.00022-0.0002j ,
        -0.0002 +0.0002j , -0.00016-0.00032j,  0.00016+0.00033j,
         0.00019+0.00015j, -0.0002 -0.00016j],
       [-0.00065+0.0009j ,  0.00118-0.00146j, -0.0012 -0.00004j,
         0.00157+0.00013j, -0.00098+0.00035j, -0.00052+0.00067j,
         0.00074+0.00046j, -0.00014-0.00102j],
       [ 0.00116+0.00015j, -0.00115-0.00017j,  0.00026+0.00104j,
        -0.00026-0.00102j,  0.00059-0.0002j , -0.0006 +0.00019j,
        -0.00068-0.00019j,  0.00069+0.00019j],
       [-0.00102+0.00112j,  0.00069-0.00152j, -0.00156+0.0001j ,
         0.00135-0.00056j, -0.00095-0.00008j,  0.00037-0.00047j,
         0.00172+0.00066j, -0.0006 +0.00075j],
       [-0.00015+0.00032j,  0.00014-0.00032j, -0.00039-0.00043j,
         0.00039+0.00043j, -0.00056-0.0002j ,  0.00056+0.00021j,
         0.00038+0.00015j, -0.00039-0.00015j]])}
All Derivatives: 
{'a': array([ 0.-0.j, -0.+0.j,  0.+0.j, -0.-0.j, -0.-0.j,  0.-0.j,  0.-0.j,
        0.+0.j]), 'b': array([ 0.-0.j,  0.-0.j, -0.+0.j, -0.-0.j, -0.-0.j,  0.+0.j, -0.-0.j,
       -0.+0.j]), 'w': array([[-0.00124-0.00029j,  0.00004+0.00079j, -0.00001-0.00057j,
         0.00114+0.00095j,  0.00007+0.00144j,  0.00001-0.0018j ,
         0.00124-0.00167j, -0.00125+0.00114j],
       [-0.0008 +0.00042j,  0.00079-0.00042j, -0.00067-0.00041j,
         0.00068+0.00042j, -0.00031+0.00044j,  0.00032-0.00043j,
         0.00113+0.00003j, -0.00114-0.00004j],
       [ 0.00126+0.00019j, -0.00096+0.00077j,  0.00077-0.0001j ,
        -0.00099-0.00159j,  0.00109-0.00135j, -0.00093+0.00158j,
        -0.00176-0.00009j,  0.00153+0.0006j ],
       [ 0.00033+0.00017j, -0.00034-0.00018j,  0.00022-0.0002j ,
        -0.0002 +0.0002j , -0.00016-0.00031j,  0.00016+0.00033j,
         0.00019+0.00015j, -0.00019-0.00016j],
       [-0.00065+0.0009j ,  0.00118-0.00145j, -0.0012 -0.00004j,
         0.00156+0.00013j, -0.00097+0.00035j, -0.00052+0.00067j,
         0.00073+0.00046j, -0.00013-0.00102j],
       [ 0.00115+0.00015j, -0.00114-0.00017j,  0.00025+0.00104j,
        -0.00026-0.00101j,  0.00059-0.00019j, -0.0006 +0.00019j,
        -0.00068-0.00019j,  0.00068+0.00019j],
       [-0.00101+0.00111j,  0.00069-0.00152j, -0.00155+0.0001j ,
         0.00134-0.00056j, -0.00094-0.00008j,  0.00037-0.00047j,
         0.00171+0.00066j, -0.0006 +0.00075j],
       [-0.00015+0.00032j,  0.00014-0.00032j, -0.00039-0.00043j,
         0.00039+0.00043j, -0.00056-0.00021j,  0.00056+0.00021j,
         0.00038+0.00015j, -0.00039-0.00015j]])}
All Derivatives: 
{'a': array([-0.-0.j, -0.+0.j,  0.+0.j, -0.-0.j,  0.+0.j,  0.-0.j, -0.-0.j,
       -0.+0.j]), 'b': array([-0.-0.j, -0.+0.j,  0.+0.j, -0.+0.j,  0.-0.j, -0.+0.j, -0.-0.j,
        0.-0.j]), 'w': array([[-0.00123-0.00029j,  0.00004+0.00079j, -0.00001-0.00057j,
         0.00113+0.00095j,  0.00007+0.00144j,  0.00001-0.00179j,
         0.00123-0.00166j, -0.00124+0.00113j],
       [-0.0008 +0.00041j,  0.00078-0.00041j, -0.00067-0.00041j,
         0.00068+0.00041j, -0.00031+0.00044j,  0.00032-0.00042j,
         0.00113+0.00003j, -0.00113-0.00004j],
       [ 0.00125+0.00019j, -0.00095+0.00076j,  0.00076-0.0001j ,
        -0.00098-0.00158j,  0.00108-0.00135j, -0.00092+0.00158j,
        -0.00175-0.00009j,  0.00152+0.0006j ],
       [ 0.00032+0.00017j, -0.00034-0.00018j,  0.00022-0.0002j ,
        -0.0002 +0.0002j , -0.00016-0.00031j,  0.00016+0.00033j,
         0.00019+0.00015j, -0.00019-0.00016j],
       [-0.00064+0.00089j,  0.00117-0.00145j, -0.00119-0.00004j,
         0.00155+0.00013j, -0.00097+0.00035j, -0.00052+0.00067j,
         0.00073+0.00045j, -0.00013-0.00101j],
       [ 0.00115+0.00015j, -0.00114-0.00017j,  0.00025+0.00103j,
        -0.00026-0.00101j,  0.00059-0.00019j, -0.00059+0.00019j,
        -0.00068-0.00019j,  0.00068+0.00019j],
       [-0.00101+0.00111j,  0.00068-0.00151j, -0.00154+0.0001j ,
         0.00134-0.00056j, -0.00094-0.00008j,  0.00037-0.00047j,
         0.0017 +0.00065j, -0.0006 +0.00075j],
       [-0.00015+0.00031j,  0.00014-0.00032j, -0.00038-0.00043j,
         0.00039+0.00043j, -0.00055-0.00021j,  0.00056+0.00021j,
         0.00038+0.00015j, -0.00038-0.00015j]])}
All Derivatives: 
{'a': array([ 0.-0.j, -0.+0.j, -0.-0.j, -0.+0.j,  0.+0.j,  0.+0.j,  0.-0.j,
        0.+0.j]), 'b': array([ 0.-0.j,  0.-0.j, -0.-0.j,  0.+0.j,  0.+0.j,  0.-0.j, -0.-0.j,
       -0.+0.j]), 'w': array([[-0.00122-0.00029j,  0.00003+0.00079j, -0.00001-0.00056j,
         0.00113+0.00095j,  0.00007+0.00143j,  0.00001-0.00178j,
         0.00123-0.00165j, -0.00123+0.00113j],
       [-0.00079+0.00041j,  0.00078-0.00041j, -0.00067-0.00041j,
         0.00067+0.00041j, -0.0003 +0.00043j,  0.00032-0.00042j,
         0.00112+0.00003j, -0.00113-0.00004j],
       [ 0.00124+0.00019j, -0.00095+0.00076j,  0.00076-0.0001j ,
        -0.00098-0.00158j,  0.00108-0.00134j, -0.00092+0.00157j,
        -0.00175-0.00009j,  0.00151+0.0006j ],
       [ 0.00032+0.00017j, -0.00034-0.00018j,  0.00022-0.0002j ,
        -0.0002 +0.0002j , -0.00016-0.00031j,  0.00016+0.00033j,
         0.00019+0.00015j, -0.00019-0.00016j],
       [-0.00064+0.00089j,  0.00116-0.00144j, -0.00119-0.00004j,
         0.00155+0.00013j, -0.00096+0.00035j, -0.00052+0.00066j,
         0.00072+0.00045j, -0.00013-0.00101j],
       [ 0.00114+0.00015j, -0.00113-0.00017j,  0.00025+0.00103j,
        -0.00026-0.00101j,  0.00059-0.00019j, -0.00059+0.00019j,
        -0.00067-0.00019j,  0.00068+0.00019j],
       [-0.00101+0.0011j ,  0.00068-0.00151j, -0.00153+0.0001j ,
         0.00133-0.00055j, -0.00094-0.00008j,  0.00036-0.00046j,
         0.0017 +0.00065j, -0.00059+0.00075j],
       [-0.00014+0.00031j,  0.00014-0.00031j, -0.00038-0.00043j,
         0.00039+0.00043j, -0.00055-0.00021j,  0.00056+0.00021j,
         0.00037+0.00015j, -0.00038-0.00015j]])}
All Derivatives: 
{'a': array([ 0.+0.j,  0.-0.j,  0.+0.j,  0.-0.j, -0.-0.j, -0.+0.j, -0.+0.j,
        0.-0.j]), 'b': array([-0.-0.j,  0.+0.j,  0.-0.j,  0.-0.j, -0.+0.j,  0.-0.j, -0.+0.j,
        0.+0.j]), 'w': array([[-0.00122-0.00029j,  0.00003+0.00078j, -0.00001-0.00056j,
         0.00113+0.00094j,  0.00007+0.00143j,  0.00001-0.00178j,
         0.00122-0.00165j, -0.00123+0.00112j],
       [-0.00079+0.00041j,  0.00078-0.00041j, -0.00067-0.00041j,
         0.00067+0.00041j, -0.0003 +0.00043j,  0.00031-0.00042j,
         0.00112+0.00003j, -0.00112-0.00004j],
       [ 0.00123+0.00019j, -0.00094+0.00076j,  0.00076-0.0001j ,
        -0.00097-0.00157j,  0.00107-0.00134j, -0.00091+0.00156j,
        -0.00174-0.00009j,  0.00151+0.0006j ],
       [ 0.00032+0.00017j, -0.00034-0.00018j,  0.00022-0.0002j ,
        -0.0002 +0.0002j , -0.00016-0.00031j,  0.00016+0.00033j,
         0.00019+0.00015j, -0.00019-0.00016j],
       [-0.00063+0.00089j,  0.00116-0.00143j, -0.00118-0.00004j,
         0.00154+0.00013j, -0.00095+0.00035j, -0.00051+0.00066j,
         0.00072+0.00045j, -0.00013-0.001j  ],
       [ 0.00114+0.00015j, -0.00113-0.00017j,  0.00025+0.00103j,
        -0.00026-0.001j  ,  0.00058-0.00019j, -0.00059+0.00018j,
        -0.00067-0.00019j,  0.00067+0.00019j],
       [-0.001  +0.0011j ,  0.00068-0.0015j , -0.00153+0.0001j ,
         0.00132-0.00055j, -0.00093-0.00008j,  0.00036-0.00046j,
         0.00169+0.00065j, -0.00059+0.00074j],
       [-0.00014+0.00031j,  0.00014-0.00031j, -0.00038-0.00043j,
         0.00039+0.00043j, -0.00055-0.00021j,  0.00055+0.00021j,
         0.00037+0.00015j, -0.00038-0.00015j]])}
All Derivatives: 
{'a': array([ 0.-0.j,  0.+0.j,  0.-0.j,  0.+0.j,  0.-0.j,  0.-0.j,  0.-0.j,
       -0.-0.j]), 'b': array([ 0.-0.j,  0.-0.j, -0.+0.j, -0.-0.j, -0.-0.j,  0.-0.j, -0.-0.j,
       -0.+0.j]), 'w': array([[-0.00121-0.00028j,  0.00003+0.00078j, -0.00001-0.00056j,
         0.00112+0.00094j,  0.00007+0.00142j,  0.00001-0.00177j,
         0.00121-0.00164j, -0.00122+0.00111j],
       [-0.00079+0.00041j,  0.00077-0.00041j, -0.00066-0.0004j ,
         0.00067+0.00041j, -0.0003 +0.00043j,  0.00031-0.00042j,
         0.00111+0.00003j, -0.00112-0.00004j],
       [ 0.00123+0.00019j, -0.00094+0.00075j,  0.00075-0.0001j ,
        -0.00097-0.00156j,  0.00106-0.00133j, -0.00091+0.00156j,
        -0.00173-0.00009j,  0.0015 +0.00059j],
       [ 0.00032+0.00017j, -0.00034-0.00018j,  0.00022-0.0002j ,
        -0.0002 +0.0002j , -0.00016-0.00031j,  0.00016+0.00033j,
         0.00019+0.00015j, -0.00019-0.00016j],
       [-0.00063+0.00088j,  0.00115-0.00143j, -0.00118-0.00004j,
         0.00153+0.00013j, -0.00095+0.00035j, -0.00051+0.00066j,
         0.00071+0.00044j, -0.00013-0.001j  ],
       [ 0.00113+0.00015j, -0.00112-0.00017j,  0.00025+0.00102j,
        -0.00025-0.001j  ,  0.00058-0.00019j, -0.00059+0.00018j,
        -0.00067-0.00019j,  0.00067+0.00019j],
       [-0.001  +0.00109j,  0.00067-0.00149j, -0.00152+0.0001j ,
         0.00132-0.00055j, -0.00093-0.00008j,  0.00036-0.00046j,
         0.00168+0.00064j, -0.00059+0.00074j],
       [-0.00014+0.00031j,  0.00014-0.00031j, -0.00038-0.00043j,
         0.00038+0.00042j, -0.00055-0.00021j,  0.00055+0.00021j,
         0.00037+0.00015j, -0.00038-0.00015j]])}
All Derivatives: 
{'a': array([ 0.-0.j,  0.+0.j,  0.-0.j, -0.-0.j,  0.+0.j,  0.-0.j,  0.+0.j,
        0.+0.j]), 'b': array([ 0.-0.j, -0.+0.j,  0.-0.j,  0.+0.j, -0.-0.j,  0.+0.j, -0.+0.j,
        0.+0.j]), 'w': array([[-0.0012 -0.00028j,  0.00003+0.00078j, -0.00001-0.00056j,
         0.00112+0.00093j,  0.00007+0.00141j,  0.00001-0.00176j,
         0.00121-0.00163j, -0.00122+0.00111j],
       [-0.00078+0.0004j ,  0.00077-0.0004j , -0.00066-0.0004j ,
         0.00067+0.00041j, -0.0003 +0.00043j,  0.00031-0.00042j,
         0.00111+0.00003j, -0.00111-0.00004j],
       [ 0.00122+0.00019j, -0.00093+0.00075j,  0.00075-0.0001j ,
        -0.00096-0.00156j,  0.00106-0.00133j, -0.00091+0.00155j,
        -0.00172-0.00009j,  0.00149+0.00059j],
       [ 0.00032+0.00017j, -0.00033-0.00018j,  0.00022-0.0002j ,
        -0.0002 +0.0002j , -0.00015-0.00031j,  0.00016+0.00033j,
         0.00019+0.00015j, -0.00019-0.00016j],
       [-0.00063+0.00088j,  0.00114-0.00142j, -0.00117-0.00004j,
         0.00153+0.00013j, -0.00094+0.00035j, -0.00051+0.00066j,
         0.00071+0.00044j, -0.00013-0.00099j],
       [ 0.00113+0.00015j, -0.00112-0.00017j,  0.00025+0.00102j,
        -0.00025-0.001j  ,  0.00058-0.00019j, -0.00058+0.00018j,
        -0.00066-0.00019j,  0.00067+0.00019j],
       [-0.00099+0.00109j,  0.00067-0.00149j, -0.00151+0.0001j ,
         0.00131-0.00055j, -0.00092-0.00008j,  0.00036-0.00046j,
         0.00167+0.00064j, -0.00058+0.00074j],
       [-0.00014+0.00031j,  0.00014-0.00031j, -0.00038-0.00042j,
         0.00038+0.00042j, -0.00054-0.00021j,  0.00055+0.00021j,
         0.00037+0.00015j, -0.00037-0.00015j]])}
All Derivatives: 
{'a': array([-0.+0.j,  0.-0.j, -0.-0.j,  0.-0.j,  0.-0.j,  0.-0.j,  0.-0.j,
       -0.+0.j]), 'b': array([-0.-0.j, -0.+0.j,  0.-0.j, -0.-0.j, -0.+0.j,  0.-0.j, -0.-0.j,
       -0.-0.j]), 'w': array([[-0.0012 -0.00028j,  0.00003+0.00077j, -0.00001-0.00055j,
         0.00111+0.00093j,  0.00007+0.00141j,  0.00001-0.00176j,
         0.0012 -0.00163j, -0.00121+0.0011j ],
       [-0.00078+0.0004j ,  0.00076-0.0004j , -0.00066-0.0004j ,
         0.00066+0.0004j , -0.0003 +0.00043j,  0.00031-0.00042j,
         0.0011 +0.00003j, -0.00111-0.00004j],
       [ 0.00121+0.00019j, -0.00093+0.00075j,  0.00075-0.0001j ,
        -0.00096-0.00155j,  0.00105-0.00132j, -0.0009 +0.00155j,
        -0.00171-0.00009j,  0.00149+0.00059j],
       [ 0.00032+0.00017j, -0.00033-0.00018j,  0.00022-0.0002j ,
        -0.0002 +0.0002j , -0.00015-0.00031j,  0.00015+0.00033j,
         0.00019+0.00015j, -0.00019-0.00016j],
       [-0.00062+0.00087j,  0.00114-0.00141j, -0.00117-0.00003j,
         0.00152+0.00013j, -0.00094+0.00034j, -0.00051+0.00066j,
         0.00071+0.00044j, -0.00012-0.00099j],
       [ 0.00112+0.00015j, -0.00111-0.00017j,  0.00024+0.00102j,
        -0.00025-0.00099j,  0.00058-0.00019j, -0.00058+0.00018j,
        -0.00066-0.00019j,  0.00066+0.00019j],
       [-0.00099+0.00108j,  0.00067-0.00148j, -0.00151+0.0001j ,
         0.00131-0.00055j, -0.00092-0.00008j,  0.00035-0.00046j,
         0.00167+0.00064j, -0.00058+0.00074j],
       [-0.00014+0.00031j,  0.00014-0.00031j, -0.00037-0.00042j,
         0.00038+0.00042j, -0.00054-0.00021j,  0.00055+0.00021j,
         0.00036+0.00015j, -0.00037-0.00015j]])}
All Derivatives: 
{'a': array([-0.-0.j,  0.+0.j,  0.+0.j, -0.+0.j, -0.+0.j, -0.+0.j, -0.+0.j,
       -0.-0.j]), 'b': array([-0.-0.j,  0.+0.j,  0.-0.j, -0.-0.j, -0.+0.j,  0.-0.j,  0.+0.j,
        0.-0.j]), 'w': array([[-0.00119-0.00028j,  0.00002+0.00077j, -0.00001-0.00055j,
         0.00111+0.00092j,  0.00007+0.0014j ,  0.00001-0.00175j,
         0.00119-0.00162j, -0.00121+0.0011j ],
       [-0.00077+0.0004j ,  0.00076-0.0004j , -0.00065-0.0004j ,
         0.00066+0.0004j , -0.00029+0.00042j,  0.0003 -0.00041j,
         0.0011 +0.00002j, -0.0011 -0.00004j],
       [ 0.0012 +0.00019j, -0.00092+0.00074j,  0.00074-0.0001j ,
        -0.00095-0.00155j,  0.00105-0.00132j, -0.0009 +0.00154j,
        -0.00171-0.00009j,  0.00148+0.00059j],
       [ 0.00031+0.00017j, -0.00033-0.00018j,  0.00022-0.0002j ,
        -0.0002 +0.0002j , -0.00015-0.00031j,  0.00015+0.00033j,
         0.00019+0.00015j, -0.00019-0.00016j],
       [-0.00062+0.00087j,  0.00113-0.00141j, -0.00116-0.00003j,
         0.00151+0.00013j, -0.00093+0.00034j, -0.00051+0.00065j,
         0.0007 +0.00043j, -0.00012-0.00099j],
       [ 0.00112+0.00015j, -0.00111-0.00017j,  0.00024+0.00101j,
        -0.00025-0.00099j,  0.00057-0.00019j, -0.00058+0.00018j,
        -0.00066-0.00019j,  0.00066+0.00019j],
       [-0.00098+0.00108j,  0.00066-0.00147j, -0.0015 +0.0001j ,
         0.0013 -0.00055j, -0.00091-0.00008j,  0.00035-0.00045j,
         0.00166+0.00063j, -0.00058+0.00074j],
       [-0.00014+0.00031j,  0.00014-0.00031j, -0.00037-0.00042j,
         0.00038+0.00042j, -0.00054-0.00021j,  0.00055+0.00021j,
         0.00036+0.00015j, -0.00037-0.00015j]])}
All Derivatives: 
{'a': array([ 0.+0.j,  0.-0.j, -0.+0.j, -0.-0.j, -0.+0.j, -0.-0.j, -0.-0.j,
       -0.+0.j]), 'b': array([-0.-0.j, -0.+0.j,  0.+0.j,  0.-0.j,  0.+0.j,  0.-0.j,  0.-0.j,
        0.+0.j]), 'w': array([[-0.00118-0.00028j,  0.00002+0.00077j, -0.00001-0.00055j,
         0.0011 +0.00092j,  0.00007+0.0014j ,  0.00001-0.00174j,
         0.00119-0.00161j, -0.0012 +0.00109j],
       [-0.00077+0.0004j ,  0.00076-0.0004j , -0.00065-0.0004j ,
         0.00066+0.0004j , -0.00029+0.00042j,  0.0003 -0.00041j,
         0.0011 +0.00002j, -0.0011 -0.00004j],
       [ 0.0012 +0.00018j, -0.00092+0.00074j,  0.00074-0.0001j ,
        -0.00095-0.00154j,  0.00104-0.00131j, -0.00089+0.00153j,
        -0.0017 -0.00009j,  0.00147+0.00059j],
       [ 0.00031+0.00017j, -0.00033-0.00018j,  0.00022-0.00019j,
        -0.0002 +0.0002j , -0.00015-0.00031j,  0.00015+0.00032j,
         0.00019+0.00015j, -0.00019-0.00016j],
       [-0.00061+0.00087j,  0.00113-0.0014j , -0.00116-0.00003j,
         0.00151+0.00012j, -0.00093+0.00034j, -0.00051+0.00065j,
         0.0007 +0.00043j, -0.00012-0.00098j],
       [ 0.00111+0.00015j, -0.0011 -0.00017j,  0.00024+0.00101j,
        -0.00025-0.00099j,  0.00057-0.00019j, -0.00058+0.00018j,
        -0.00066-0.00019j,  0.00066+0.00019j],
       [-0.00098+0.00107j,  0.00066-0.00147j, -0.00149+0.0001j ,
         0.00129-0.00054j, -0.00091-0.00008j,  0.00035-0.00045j,
         0.00165+0.00063j, -0.00057+0.00074j],
       [-0.00014+0.00031j,  0.00014-0.00031j, -0.00037-0.00042j,
         0.00037+0.00042j, -0.00054-0.00021j,  0.00054+0.00021j,
         0.00036+0.00015j, -0.00037-0.00015j]])}
All Derivatives: 
{'a': array([-0.+0.j, -0.-0.j,  0.-0.j, -0.+0.j,  0.+0.j,  0.-0.j,  0.-0.j,
       -0.-0.j]), 'b': array([-0.-0.j, -0.+0.j, -0.+0.j,  0.+0.j, -0.+0.j,  0.-0.j,  0.+0.j,
       -0.-0.j]), 'w': array([[-0.00118-0.00027j,  0.00002+0.00077j, -0.00001-0.00055j,
         0.0011 +0.00092j,  0.00007+0.00139j,  0.00001-0.00173j,
         0.00118-0.00161j, -0.0012 +0.00109j],
       [-0.00077+0.0004j ,  0.00075-0.00039j, -0.00065-0.0004j ,
         0.00065+0.0004j , -0.00029+0.00042j,  0.0003 -0.00041j,
         0.00109+0.00002j, -0.00109-0.00004j],
       [ 0.00119+0.00018j, -0.00091+0.00074j,  0.00074-0.0001j ,
        -0.00094-0.00153j,  0.00104-0.00131j, -0.00089+0.00153j,
        -0.00169-0.00009j,  0.00146+0.00058j],
       [ 0.00031+0.00017j, -0.00033-0.00018j,  0.00022-0.00019j,
        -0.0002 +0.0002j , -0.00015-0.00031j,  0.00015+0.00032j,
         0.00018+0.00015j, -0.00019-0.00016j],
       [-0.00061+0.00086j,  0.00112-0.0014j , -0.00115-0.00003j,
         0.0015 +0.00012j, -0.00092+0.00034j, -0.00051+0.00065j,
         0.00069+0.00043j, -0.00012-0.00098j],
       [ 0.00111+0.00015j, -0.0011 -0.00017j,  0.00024+0.00101j,
        -0.00025-0.00098j,  0.00057-0.00018j, -0.00057+0.00018j,
        -0.00065-0.00019j,  0.00065+0.00019j],
       [-0.00098+0.00107j,  0.00066-0.00146j, -0.00149+0.0001j ,
         0.00129-0.00054j, -0.0009 -0.00008j,  0.00035-0.00045j,
         0.00164+0.00063j, -0.00057+0.00074j],
       [-0.00014+0.00031j,  0.00014-0.00031j, -0.00037-0.00042j,
         0.00037+0.00042j, -0.00053-0.00021j,  0.00054+0.00021j,
         0.00036+0.00015j, -0.00036-0.00015j]])}
All Derivatives: 
{'a': array([ 0.-0.j, -0.+0.j, -0.+0.j, -0.-0.j,  0.-0.j, -0.+0.j,  0.-0.j,
       -0.-0.j]), 'b': array([-0.+0.j, -0.-0.j,  0.+0.j,  0.-0.j, -0.-0.j, -0.+0.j,  0.-0.j,
       -0.-0.j]), 'w': array([[-0.00117-0.00027j,  0.00002+0.00076j, -0.00001-0.00054j,
         0.0011 +0.00091j,  0.00007+0.00138j,  0.00001-0.00173j,
         0.00118-0.0016j , -0.00119+0.00108j],
       [-0.00076+0.00039j,  0.00075-0.00039j, -0.00064-0.00039j,
         0.00065+0.0004j , -0.00029+0.00042j,  0.0003 -0.00041j,
         0.00109+0.00002j, -0.00109-0.00004j],
       [ 0.00118+0.00018j, -0.00091+0.00073j,  0.00074-0.0001j ,
        -0.00093-0.00153j,  0.00103-0.0013j , -0.00089+0.00152j,
        -0.00168-0.00009j,  0.00146+0.00058j],
       [ 0.00031+0.00017j, -0.00033-0.00018j,  0.00022-0.00019j,
        -0.0002 +0.0002j , -0.00015-0.00031j,  0.00015+0.00032j,
         0.00018+0.00015j, -0.00019-0.00015j],
       [-0.00061+0.00086j,  0.00112-0.00139j, -0.00115-0.00003j,
         0.00149+0.00012j, -0.00092+0.00034j, -0.00051+0.00065j,
         0.00069+0.00042j, -0.00012-0.00097j],
       [ 0.0011 +0.00015j, -0.00109-0.00017j,  0.00024+0.001j  ,
        -0.00024-0.00098j,  0.00057-0.00018j, -0.00057+0.00018j,
        -0.00065-0.00019j,  0.00065+0.00019j],
       [-0.00097+0.00106j,  0.00066-0.00146j, -0.00148+0.00011j,
         0.00128-0.00054j, -0.0009 -0.00009j,  0.00034-0.00045j,
         0.00164+0.00063j, -0.00057+0.00073j],
       [-0.00014+0.0003j ,  0.00014-0.00031j, -0.00036-0.00042j,
         0.00037+0.00042j, -0.00053-0.00021j,  0.00054+0.00021j,
         0.00036+0.00015j, -0.00036-0.00015j]])}
All Derivatives: 
{'a': array([ 0.+0.j, -0.-0.j, -0.-0.j,  0.-0.j,  0.+0.j,  0.-0.j, -0.-0.j,
        0.+0.j]), 'b': array([ 0.-0.j,  0.+0.j, -0.+0.j,  0.+0.j, -0.-0.j, -0.+0.j, -0.+0.j,
       -0.-0.j]), 'w': array([[-0.00116-0.00027j,  0.00002+0.00076j, -0.00001-0.00054j,
         0.00109+0.00091j,  0.00007+0.00138j,  0.00001-0.00172j,
         0.00117-0.00159j, -0.00118+0.00108j],
       [-0.00076+0.00039j,  0.00074-0.00039j, -0.00064-0.00039j,
         0.00065+0.0004j , -0.00029+0.00042j,  0.0003 -0.00041j,
         0.00108+0.00002j, -0.00109-0.00004j],
       [ 0.00118+0.00018j, -0.0009 +0.00073j,  0.00073-0.0001j ,
        -0.00093-0.00152j,  0.00103-0.0013j , -0.00088+0.00152j,
        -0.00168-0.00009j,  0.00145+0.00058j],
       [ 0.00031+0.00017j, -0.00032-0.00018j,  0.00022-0.00019j,
        -0.0002 +0.0002j , -0.00015-0.00031j,  0.00015+0.00032j,
         0.00018+0.00014j, -0.00019-0.00015j],
       [-0.0006 +0.00085j,  0.00111-0.00139j, -0.00114-0.00003j,
         0.00149+0.00012j, -0.00091+0.00034j, -0.00051+0.00065j,
         0.00069+0.00042j, -0.00012-0.00097j],
       [ 0.0011 +0.00015j, -0.00109-0.00017j,  0.00024+0.001j  ,
        -0.00024-0.00098j,  0.00056-0.00018j, -0.00057+0.00018j,
        -0.00065-0.00019j,  0.00065+0.00019j],
       [-0.00097+0.00106j,  0.00065-0.00145j, -0.00147+0.00011j,
         0.00128-0.00054j, -0.0009 -0.00009j,  0.00034-0.00044j,
         0.00163+0.00062j, -0.00056+0.00073j],
       [-0.00014+0.0003j ,  0.00014-0.0003j , -0.00036-0.00042j,
         0.00037+0.00042j, -0.00053-0.00021j,  0.00054+0.00021j,
         0.00035+0.00015j, -0.00036-0.00015j]])}
All Derivatives: 
{'a': array([-0.+0.j,  0.-0.j,  0.-0.j, -0.-0.j, -0.+0.j,  0.-0.j,  0.+0.j,
       -0.-0.j]), 'b': array([ 0.+0.j,  0.-0.j, -0.-0.j,  0.+0.j, -0.+0.j,  0.-0.j, -0.+0.j,
       -0.-0.j]), 'w': array([[-0.00116-0.00027j,  0.00002+0.00076j, -0.00001-0.00054j,
         0.00109+0.0009j ,  0.00007+0.00137j,  0.00001-0.00171j,
         0.00116-0.00159j, -0.00118+0.00107j],
       [-0.00075+0.00039j,  0.00074-0.00039j, -0.00064-0.00039j,
         0.00065+0.00039j, -0.00028+0.00042j,  0.00029-0.0004j ,
         0.00108+0.00002j, -0.00108-0.00004j],
       [ 0.00117+0.00018j, -0.0009 +0.00073j,  0.00073-0.0001j ,
        -0.00092-0.00152j,  0.00102-0.00129j, -0.00088+0.00151j,
        -0.00167-0.00009j,  0.00144+0.00058j],
       [ 0.00031+0.00017j, -0.00032-0.00018j,  0.00022-0.00019j,
        -0.0002 +0.0002j , -0.00015-0.00031j,  0.00015+0.00032j,
         0.00018+0.00014j, -0.00019-0.00015j],
       [-0.0006 +0.00085j,  0.0011 -0.00138j, -0.00114-0.00003j,
         0.00148+0.00012j, -0.00091+0.00034j, -0.00051+0.00064j,
         0.00068+0.00042j, -0.00011-0.00097j],
       [ 0.00109+0.00015j, -0.00108-0.00017j,  0.00023+0.001j  ,
        -0.00024-0.00098j,  0.00056-0.00018j, -0.00057+0.00018j,
        -0.00064-0.00019j,  0.00064+0.00019j],
       [-0.00096+0.00105j,  0.00065-0.00144j, -0.00146+0.00011j,
         0.00127-0.00054j, -0.00089-0.00009j,  0.00034-0.00044j,
         0.00162+0.00062j, -0.00056+0.00073j],
       [-0.00014+0.0003j ,  0.00013-0.0003j , -0.00036-0.00042j,
         0.00037+0.00041j, -0.00053-0.00021j,  0.00053+0.00021j,
         0.00035+0.00014j, -0.00036-0.00014j]])}
All Derivatives: 
{'a': array([ 0.+0.j, -0.-0.j,  0.-0.j,  0.-0.j, -0.+0.j, -0.+0.j,  0.-0.j,
        0.+0.j]), 'b': array([-0.+0.j,  0.-0.j,  0.-0.j, -0.-0.j,  0.+0.j, -0.+0.j, -0.-0.j,
       -0.-0.j]), 'w': array([[-0.00115-0.00026j,  0.00001+0.00076j, -0.00001-0.00054j,
         0.00108+0.0009j ,  0.00007+0.00137j,  0.00001-0.00171j,
         0.00116-0.00158j, -0.00117+0.00106j],
       [-0.00075+0.00039j,  0.00074-0.00039j, -0.00064-0.00039j,
         0.00064+0.00039j, -0.00028+0.00041j,  0.00029-0.0004j ,
         0.00107+0.00002j, -0.00108-0.00004j],
       [ 0.00116+0.00018j, -0.00089+0.00072j,  0.00073-0.0001j ,
        -0.00092-0.00151j,  0.00102-0.00129j, -0.00087+0.0015j ,
        -0.00166-0.00009j,  0.00144+0.00058j],
       [ 0.00031+0.00017j, -0.00032-0.00018j,  0.00022-0.00019j,
        -0.0002 +0.0002j , -0.00015-0.00031j,  0.00015+0.00032j,
         0.00018+0.00014j, -0.00019-0.00015j],
       [-0.00059+0.00085j,  0.0011 -0.00137j, -0.00113-0.00003j,
         0.00148+0.00012j, -0.0009 +0.00034j, -0.00051+0.00064j,
         0.00068+0.00042j, -0.00011-0.00096j],
       [ 0.00109+0.00015j, -0.00108-0.00017j,  0.00023+0.00099j,
        -0.00024-0.00097j,  0.00056-0.00018j, -0.00056+0.00017j,
        -0.00064-0.00019j,  0.00064+0.00019j],
       [-0.00096+0.00105j,  0.00065-0.00144j, -0.00146+0.00011j,
         0.00127-0.00054j, -0.00089-0.00009j,  0.00034-0.00044j,
         0.00161+0.00062j, -0.00056+0.00073j],
       [-0.00014+0.0003j ,  0.00013-0.0003j , -0.00036-0.00042j,
         0.00036+0.00041j, -0.00053-0.00021j,  0.00053+0.00021j,
         0.00035+0.00014j, -0.00035-0.00014j]])}
All Derivatives: 
{'a': array([-0.+0.j,  0.-0.j,  0.-0.j, -0.+0.j,  0.-0.j,  0.+0.j, -0.-0.j,
       -0.-0.j]), 'b': array([ 0.-0.j, -0.-0.j, -0.-0.j,  0.-0.j, -0.-0.j, -0.-0.j, -0.-0.j,
       -0.-0.j]), 'w': array([[-0.00115-0.00026j,  0.00001+0.00075j, -0.00001-0.00053j,
         0.00108+0.0009j ,  0.00007+0.00136j,  0.00001-0.0017j ,
         0.00115-0.00157j, -0.00117+0.00106j],
       [-0.00075+0.00038j,  0.00073-0.00038j, -0.00063-0.00039j,
         0.00064+0.00039j, -0.00028+0.00041j,  0.00029-0.0004j ,
         0.00107+0.00002j, -0.00107-0.00004j],
       [ 0.00116+0.00018j, -0.00089+0.00072j,  0.00072-0.0001j ,
        -0.00091-0.00151j,  0.00101-0.00128j, -0.00087+0.0015j ,
        -0.00166-0.00009j,  0.00143+0.00057j],
       [ 0.0003 +0.00017j, -0.00032-0.00018j,  0.00022-0.00019j,
        -0.0002 +0.00019j, -0.00015-0.00031j,  0.00015+0.00032j,
         0.00018+0.00014j, -0.00018-0.00015j],
       [-0.00059+0.00084j,  0.00109-0.00137j, -0.00113-0.00003j,
         0.00147+0.00012j, -0.0009 +0.00034j, -0.00051+0.00064j,
         0.00067+0.00041j, -0.00011-0.00096j],
       [ 0.00108+0.00015j, -0.00107-0.00017j,  0.00023+0.00099j,
        -0.00024-0.00097j,  0.00056-0.00018j, -0.00056+0.00017j,
        -0.00064-0.00019j,  0.00064+0.00019j],
       [-0.00096+0.00104j,  0.00064-0.00143j, -0.00145+0.00011j,
         0.00126-0.00054j, -0.00088-0.00009j,  0.00034-0.00044j,
         0.00161+0.00061j, -0.00055+0.00073j],
       [-0.00014+0.0003j ,  0.00013-0.0003j , -0.00036-0.00041j,
         0.00036+0.00041j, -0.00052-0.00021j,  0.00053+0.00021j,
         0.00035+0.00014j, -0.00035-0.00014j]])}
All Derivatives: 
{'a': array([ 0.+0.j, -0.-0.j, -0.+0.j, -0.-0.j, -0.-0.j, -0.+0.j, -0.+0.j,
       -0.-0.j]), 'b': array([-0.-0.j, -0.-0.j,  0.+0.j, -0.-0.j, -0.-0.j, -0.-0.j,  0.-0.j,
       -0.+0.j]), 'w': array([[-0.00114-0.00026j,  0.00001+0.00075j, -0.00001-0.00053j,
         0.00107+0.00089j,  0.00007+0.00136j,  0.00001-0.0017j ,
         0.00115-0.00157j, -0.00116+0.00105j],
       [-0.00074+0.00038j,  0.00073-0.00038j, -0.00063-0.00038j,
         0.00064+0.00039j, -0.00028+0.00041j,  0.00029-0.0004j ,
         0.00106+0.00002j, -0.00107-0.00004j],
       [ 0.00115+0.00018j, -0.00088+0.00072j,  0.00072-0.0001j ,
        -0.00091-0.0015j ,  0.00101-0.00128j, -0.00086+0.00149j,
        -0.00165-0.00009j,  0.00142+0.00057j],
       [ 0.0003 +0.00017j, -0.00032-0.00018j,  0.00022-0.00019j,
        -0.0002 +0.00019j, -0.00015-0.00031j,  0.00015+0.00032j,
         0.00018+0.00014j, -0.00018-0.00015j],
       [-0.00059+0.00084j,  0.00109-0.00136j, -0.00112-0.00003j,
         0.00146+0.00012j, -0.0009 +0.00034j, -0.00051+0.00064j,
         0.00067+0.00041j, -0.00011-0.00095j],
       [ 0.00108+0.00015j, -0.00107-0.00017j,  0.00023+0.00099j,
        -0.00024-0.00097j,  0.00055-0.00018j, -0.00056+0.00017j,
        -0.00063-0.00019j,  0.00064+0.00019j],
       [-0.00095+0.00104j,  0.00064-0.00143j, -0.00145+0.00011j,
         0.00125-0.00053j, -0.00088-0.00009j,  0.00033-0.00044j,
         0.0016 +0.00061j, -0.00055+0.00073j],
       [-0.00014+0.0003j ,  0.00013-0.0003j , -0.00035-0.00041j,
         0.00036+0.00041j, -0.00052-0.00021j,  0.00053+0.00021j,
         0.00034+0.00014j, -0.00035-0.00014j]])}
All Derivatives: 
{'a': array([ 0.+0.j,  0.-0.j, -0.+0.j, -0.+0.j, -0.+0.j, -0.+0.j,  0.+0.j,
       -0.+0.j]), 'b': array([-0.-0.j,  0.+0.j, -0.-0.j, -0.+0.j, -0.+0.j,  0.-0.j,  0.+0.j,
        0.+0.j]), 'w': array([[-0.00113-0.00026j,  0.00001+0.00075j, -0.00001-0.00053j,
         0.00107+0.00089j,  0.00007+0.00135j,  0.00001-0.00169j,
         0.00114-0.00156j, -0.00116+0.00105j],
       [-0.00074+0.00038j,  0.00073-0.00038j, -0.00063-0.00038j,
         0.00063+0.00039j, -0.00028+0.00041j,  0.00029-0.0004j ,
         0.00106+0.00002j, -0.00106-0.00004j],
       [ 0.00114+0.00018j, -0.00088+0.00071j,  0.00072-0.0001j ,
        -0.0009 -0.00149j,  0.00101-0.00127j, -0.00086+0.00149j,
        -0.00164-0.00009j,  0.00142+0.00057j],
       [ 0.0003 +0.00017j, -0.00032-0.00018j,  0.00022-0.00019j,
        -0.0002 +0.00019j, -0.00014-0.00031j,  0.00015+0.00032j,
         0.00018+0.00014j, -0.00018-0.00015j],
       [-0.00058+0.00084j,  0.00108-0.00136j, -0.00112-0.00003j,
         0.00146+0.00012j, -0.00089+0.00034j, -0.00051+0.00064j,
         0.00067+0.00041j, -0.00011-0.00095j],
       [ 0.00108+0.00015j, -0.00107-0.00017j,  0.00023+0.00098j,
        -0.00023-0.00096j,  0.00055-0.00018j, -0.00056+0.00017j,
        -0.00063-0.00019j,  0.00063+0.00019j],
       [-0.00095+0.00104j,  0.00064-0.00142j, -0.00144+0.00011j,
         0.00125-0.00053j, -0.00088-0.00009j,  0.00033-0.00043j,
         0.00159+0.00061j, -0.00055+0.00073j],
       [-0.00014+0.0003j ,  0.00013-0.0003j , -0.00035-0.00041j,
         0.00036+0.00041j, -0.00052-0.00021j,  0.00053+0.00021j,
         0.00034+0.00014j, -0.00035-0.00014j]])}
All Derivatives: 
{'a': array([-0.-0.j,  0.+0.j,  0.+0.j,  0.+0.j, -0.+0.j, -0.-0.j,  0.+0.j,
        0.-0.j]), 'b': array([ 0.+0.j, -0.+0.j,  0.+0.j,  0.+0.j,  0.-0.j, -0.+0.j, -0.-0.j,
        0.+0.j]), 'w': array([[-0.00113-0.00026j,  0.00001+0.00074j, -0.00001-0.00053j,
         0.00107+0.00089j,  0.00007+0.00135j,  0.00001-0.00168j,
         0.00114-0.00155j, -0.00115+0.00104j],
       [-0.00073+0.00038j,  0.00072-0.00038j, -0.00063-0.00038j,
         0.00063+0.00038j, -0.00027+0.00041j,  0.00029-0.0004j ,
         0.00106+0.00002j, -0.00106-0.00004j],
       [ 0.00114+0.00018j, -0.00087+0.00071j,  0.00071-0.0001j ,
        -0.0009 -0.00149j,  0.001  -0.00127j, -0.00086+0.00148j,
        -0.00163-0.00009j,  0.00141+0.00057j],
       [ 0.0003 +0.00017j, -0.00031-0.00017j,  0.00022-0.00019j,
        -0.0002 +0.00019j, -0.00014-0.00031j,  0.00015+0.00032j,
         0.00018+0.00014j, -0.00018-0.00015j],
       [-0.00058+0.00083j,  0.00108-0.00135j, -0.00111-0.00002j,
         0.00145+0.00012j, -0.00089+0.00034j, -0.0005 +0.00063j,
         0.00066+0.0004j , -0.00011-0.00095j],
       [ 0.00107+0.00015j, -0.00106-0.00017j,  0.00023+0.00098j,
        -0.00023-0.00096j,  0.00055-0.00018j, -0.00055+0.00017j,
        -0.00063-0.00019j,  0.00063+0.00019j],
       [-0.00094+0.00103j,  0.00064-0.00141j, -0.00143+0.00011j,
         0.00124-0.00053j, -0.00087-0.00009j,  0.00033-0.00043j,
         0.00158+0.00061j, -0.00054+0.00072j],
       [-0.00014+0.0003j ,  0.00013-0.0003j , -0.00035-0.00041j,
         0.00036+0.00041j, -0.00052-0.00021j,  0.00052+0.00021j,
         0.00034+0.00014j, -0.00035-0.00014j]])}
All Derivatives: 
{'a': array([ 0.+0.j,  0.-0.j, -0.+0.j,  0.-0.j,  0.-0.j,  0.-0.j,  0.-0.j,
        0.+0.j]), 'b': array([ 0.+0.j, -0.+0.j, -0.-0.j, -0.-0.j, -0.-0.j,  0.+0.j,  0.-0.j,
        0.-0.j]), 'w': array([[-0.00112-0.00025j,  0.     +0.00074j, -0.00001-0.00052j,
         0.00106+0.00088j,  0.00007+0.00134j,  0.00001-0.00168j,
         0.00113-0.00155j, -0.00115+0.00104j],
       [-0.00073+0.00038j,  0.00072-0.00038j, -0.00062-0.00038j,
         0.00063+0.00038j, -0.00027+0.0004j ,  0.00028-0.00039j,
         0.00105+0.00002j, -0.00106-0.00004j],
       [ 0.00113+0.00018j, -0.00087+0.00071j,  0.00071-0.0001j ,
        -0.00089-0.00148j,  0.001  -0.00126j, -0.00085+0.00148j,
        -0.00163-0.00009j,  0.0014 +0.00057j],
       [ 0.0003 +0.00017j, -0.00031-0.00017j,  0.00022-0.00019j,
        -0.0002 +0.00019j, -0.00014-0.00031j,  0.00014+0.00032j,
         0.00018+0.00014j, -0.00018-0.00015j],
       [-0.00058+0.00083j,  0.00107-0.00135j, -0.00111-0.00002j,
         0.00145+0.00011j, -0.00088+0.00033j, -0.0005 +0.00063j,
         0.00066+0.0004j , -0.00011-0.00094j],
       [ 0.00107+0.00015j, -0.00106-0.00017j,  0.00022+0.00098j,
        -0.00023-0.00096j,  0.00055-0.00018j, -0.00055+0.00017j,
        -0.00063-0.00019j,  0.00063+0.00019j],
       [-0.00094+0.00103j,  0.00063-0.00141j, -0.00143+0.00011j,
         0.00124-0.00053j, -0.00087-0.00009j,  0.00033-0.00043j,
         0.00158+0.0006j , -0.00054+0.00072j],
       [-0.00014+0.0003j ,  0.00013-0.0003j , -0.00035-0.00041j,
         0.00035+0.00041j, -0.00051-0.00021j,  0.00052+0.00022j,
         0.00034+0.00014j, -0.00034-0.00014j]])}
All Derivatives: 
{'a': array([ 0.+0.j,  0.-0.j, -0.-0.j,  0.-0.j, -0.-0.j, -0.-0.j,  0.+0.j,
        0.-0.j]), 'b': array([ 0.+0.j, -0.-0.j, -0.+0.j, -0.-0.j, -0.-0.j, -0.-0.j, -0.-0.j,
        0.-0.j]), 'w': array([[-0.00111-0.00025j,  0.     +0.00074j, -0.00001-0.00052j,
         0.00106+0.00088j,  0.00007+0.00133j,  0.00001-0.00167j,
         0.00112-0.00154j, -0.00114+0.00103j],
       [-0.00073+0.00037j,  0.00071-0.00037j, -0.00062-0.00038j,
         0.00063+0.00038j, -0.00027+0.0004j ,  0.00028-0.00039j,
         0.00105+0.00002j, -0.00105-0.00004j],
       [ 0.00112+0.00018j, -0.00086+0.00071j,  0.00071-0.0001j ,
        -0.00089-0.00148j,  0.00099-0.00126j, -0.00085+0.00147j,
        -0.00162-0.00009j,  0.0014 +0.00056j],
       [ 0.0003 +0.00017j, -0.00031-0.00017j,  0.00022-0.00019j,
        -0.0002 +0.00019j, -0.00014-0.00031j,  0.00014+0.00032j,
         0.00018+0.00014j, -0.00018-0.00015j],
       [-0.00057+0.00082j,  0.00107-0.00134j, -0.0011 -0.00002j,
         0.00144+0.00011j, -0.00088+0.00033j, -0.0005 +0.00063j,
         0.00065+0.0004j , -0.0001 -0.00094j],
       [ 0.00106+0.00015j, -0.00105-0.00017j,  0.00022+0.00097j,
        -0.00023-0.00095j,  0.00054-0.00018j, -0.00055+0.00017j,
        -0.00062-0.00019j,  0.00062+0.00019j],
       [-0.00094+0.00102j,  0.00063-0.0014j , -0.00142+0.00011j,
         0.00123-0.00053j, -0.00086-0.00009j,  0.00033-0.00043j,
         0.00157+0.0006j , -0.00054+0.00072j],
       [-0.00014+0.00029j,  0.00013-0.0003j , -0.00035-0.00041j,
         0.00035+0.00041j, -0.00051-0.00021j,  0.00052+0.00022j,
         0.00034+0.00014j, -0.00034-0.00014j]])}
All Derivatives: 
{'a': array([ 0.-0.j,  0.+0.j,  0.+0.j, -0.-0.j,  0.-0.j, -0.+0.j, -0.-0.j,
       -0.+0.j]), 'b': array([-0.+0.j, -0.+0.j,  0.+0.j,  0.+0.j,  0.+0.j,  0.-0.j, -0.-0.j,
       -0.+0.j]), 'w': array([[-0.00111-0.00025j,  0.     +0.00074j, -0.00001-0.00052j,
         0.00105+0.00087j,  0.00007+0.00133j,  0.00001-0.00166j,
         0.00112-0.00154j, -0.00114+0.00103j],
       [-0.00072+0.00037j,  0.00071-0.00037j, -0.00062-0.00038j,
         0.00062+0.00038j, -0.00027+0.0004j ,  0.00028-0.00039j,
         0.00104+0.00002j, -0.00105-0.00004j],
       [ 0.00112+0.00018j, -0.00086+0.0007j ,  0.00071-0.0001j ,
        -0.00089-0.00147j,  0.00099-0.00125j, -0.00085+0.00146j,
        -0.00161-0.00008j,  0.00139+0.00056j],
       [ 0.0003 +0.00017j, -0.00031-0.00017j,  0.00022-0.00019j,
        -0.0002 +0.00019j, -0.00014-0.0003j ,  0.00014+0.00032j,
         0.00018+0.00014j, -0.00018-0.00015j],
       [-0.00057+0.00082j,  0.00106-0.00133j, -0.0011 -0.00002j,
         0.00143+0.00011j, -0.00087+0.00033j, -0.0005 +0.00063j,
         0.00065+0.0004j , -0.0001 -0.00093j],
       [ 0.00106+0.00015j, -0.00105-0.00017j,  0.00022+0.00097j,
        -0.00023-0.00095j,  0.00054-0.00017j, -0.00055+0.00017j,
        -0.00062-0.00019j,  0.00062+0.00019j],
       [-0.00093+0.00102j,  0.00063-0.0014j , -0.00141+0.00011j,
         0.00123-0.00053j, -0.00086-0.00009j,  0.00032-0.00043j,
         0.00156+0.0006j , -0.00053+0.00072j],
       [-0.00014+0.00029j,  0.00013-0.0003j , -0.00034-0.00041j,
         0.00035+0.0004j , -0.00051-0.00021j,  0.00052+0.00022j,
         0.00033+0.00014j, -0.00034-0.00014j]])}
All Derivatives: 
{'a': array([ 0.-0.j, -0.+0.j,  0.+0.j,  0.-0.j,  0.-0.j, -0.-0.j,  0.-0.j,
       -0.+0.j]), 'b': array([-0.-0.j,  0.-0.j, -0.+0.j,  0.+0.j,  0.-0.j,  0.-0.j,  0.-0.j,
       -0.-0.j]), 'w': array([[-0.0011 -0.00025j, -0.     +0.00073j, -0.00001-0.00052j,
         0.00105+0.00087j,  0.00007+0.00132j,  0.00001-0.00166j,
         0.00111-0.00153j, -0.00113+0.00102j],
       [-0.00072+0.00037j,  0.00071-0.00037j, -0.00061-0.00037j,
         0.00062+0.00038j, -0.00027+0.0004j ,  0.00028-0.00039j,
         0.00104+0.00002j, -0.00104-0.00003j],
       [ 0.00111+0.00018j, -0.00085+0.0007j ,  0.0007 -0.0001j ,
        -0.00088-0.00147j,  0.00098-0.00125j, -0.00084+0.00146j,
        -0.00161-0.00008j,  0.00139+0.00056j],
       [ 0.00029+0.00017j, -0.00031-0.00017j,  0.00022-0.00019j,
        -0.0002 +0.00019j, -0.00014-0.0003j ,  0.00014+0.00032j,
         0.00018+0.00014j, -0.00018-0.00015j],
       [-0.00056+0.00082j,  0.00105-0.00133j, -0.0011 -0.00002j,
         0.00143+0.00011j, -0.00087+0.00033j, -0.0005 +0.00063j,
         0.00065+0.00039j, -0.0001 -0.00093j],
       [ 0.00105+0.00015j, -0.00104-0.00017j,  0.00022+0.00097j,
        -0.00023-0.00095j,  0.00054-0.00017j, -0.00054+0.00017j,
        -0.00062-0.00019j,  0.00062+0.00019j],
       [-0.00093+0.00101j,  0.00062-0.00139j, -0.00141+0.00011j,
         0.00122-0.00053j, -0.00086-0.00009j,  0.00032-0.00042j,
         0.00156+0.00059j, -0.00053+0.00072j],
       [-0.00014+0.00029j,  0.00013-0.00029j, -0.00034-0.00041j,
         0.00035+0.0004j , -0.00051-0.00021j,  0.00051+0.00022j,
         0.00033+0.00014j, -0.00034-0.00014j]])}
All Derivatives: 
{'a': array([ 0.+0.j,  0.-0.j, -0.+0.j,  0.-0.j,  0.+0.j, -0.-0.j, -0.-0.j,
       -0.-0.j]), 'b': array([-0.+0.j,  0.+0.j,  0.+0.j, -0.+0.j,  0.-0.j, -0.+0.j,  0.-0.j,
       -0.+0.j]), 'w': array([[-0.0011 -0.00025j, -0.     +0.00073j, -0.     -0.00052j,
         0.00105+0.00087j,  0.00007+0.00132j,  0.00001-0.00165j,
         0.00111-0.00152j, -0.00113+0.00102j],
       [-0.00072+0.00037j,  0.0007 -0.00037j, -0.00061-0.00037j,
         0.00062+0.00038j, -0.00027+0.0004j ,  0.00028-0.00039j,
         0.00104+0.00002j, -0.00104-0.00003j],
       [ 0.0011 +0.00018j, -0.00085+0.0007j ,  0.0007 -0.0001j ,
        -0.00088-0.00146j,  0.00098-0.00124j, -0.00084+0.00145j,
        -0.0016 -0.00008j,  0.00138+0.00056j],
       [ 0.00029+0.00016j, -0.00031-0.00017j,  0.00021-0.00019j,
        -0.0002 +0.00019j, -0.00014-0.0003j ,  0.00014+0.00032j,
         0.00018+0.00014j, -0.00018-0.00015j],
       [-0.00056+0.00081j,  0.00105-0.00132j, -0.00109-0.00002j,
         0.00142+0.00011j, -0.00086+0.00033j, -0.0005 +0.00062j,
         0.00064+0.00039j, -0.0001 -0.00093j],
       [ 0.00105+0.00015j, -0.00104-0.00017j,  0.00022+0.00096j,
        -0.00023-0.00095j,  0.00054-0.00017j, -0.00054+0.00017j,
        -0.00061-0.00019j,  0.00062+0.00019j],
       [-0.00093+0.00101j,  0.00062-0.00138j, -0.0014 +0.00011j,
         0.00122-0.00052j, -0.00085-0.00009j,  0.00032-0.00042j,
         0.00155+0.00059j, -0.00053+0.00072j],
       [-0.00014+0.00029j,  0.00013-0.00029j, -0.00034-0.0004j ,
         0.00035+0.0004j , -0.00051-0.00021j,  0.00051+0.00022j,
         0.00033+0.00014j, -0.00034-0.00014j]])}
All Derivatives: 
{'a': array([-0.-0.j,  0.+0.j, -0.-0.j,  0.+0.j, -0.-0.j, -0.-0.j,  0.+0.j,
        0.+0.j]), 'b': array([ 0.-0.j,  0.-0.j, -0.+0.j, -0.-0.j,  0.-0.j, -0.+0.j, -0.-0.j,
        0.+0.j]), 'w': array([[-0.00109-0.00024j, -0.     +0.00073j, -0.     -0.00051j,
         0.00104+0.00086j,  0.00007+0.00131j,  0.00001-0.00164j,
         0.0011 -0.00152j, -0.00112+0.00101j],
       [-0.00071+0.00037j,  0.0007 -0.00037j, -0.00061-0.00037j,
         0.00062+0.00037j, -0.00026+0.0004j ,  0.00027-0.00039j,
         0.00103+0.00002j, -0.00104-0.00003j],
       [ 0.0011 +0.00018j, -0.00084+0.00069j,  0.0007 -0.0001j ,
        -0.00087-0.00145j,  0.00097-0.00124j, -0.00083+0.00145j,
        -0.00159-0.00008j,  0.00137+0.00056j],
       [ 0.00029+0.00016j, -0.00031-0.00017j,  0.00021-0.00019j,
        -0.0002 +0.00019j, -0.00014-0.0003j ,  0.00014+0.00032j,
         0.00018+0.00014j, -0.00018-0.00014j],
       [-0.00056+0.00081j,  0.00104-0.00132j, -0.00109-0.00002j,
         0.00142+0.00011j, -0.00086+0.00033j, -0.0005 +0.00062j,
         0.00064+0.00039j, -0.0001 -0.00092j],
       [ 0.00104+0.00015j, -0.00103-0.00017j,  0.00022+0.00096j,
        -0.00022-0.00094j,  0.00053-0.00017j, -0.00054+0.00017j,
        -0.00061-0.00019j,  0.00061+0.00019j],
       [-0.00092+0.001j  ,  0.00062-0.00138j, -0.00139+0.00011j,
         0.00121-0.00052j, -0.00085-0.00009j,  0.00032-0.00042j,
         0.00154+0.00059j, -0.00053+0.00072j],
       [-0.00014+0.00029j,  0.00013-0.00029j, -0.00034-0.0004j ,
         0.00034+0.0004j , -0.0005 -0.00021j,  0.00051+0.00022j,
         0.00033+0.00014j, -0.00033-0.00014j]])}
All Derivatives: 
{'a': array([ 0.+0.j, -0.-0.j,  0.+0.j, -0.-0.j, -0.-0.j,  0.-0.j,  0.+0.j,
        0.-0.j]), 'b': array([-0.+0.j,  0.+0.j,  0.+0.j,  0.+0.j,  0.+0.j,  0.-0.j, -0.-0.j,
       -0.-0.j]), 'w': array([[-0.00108-0.00024j, -0.00001+0.00073j, -0.     -0.00051j,
         0.00104+0.00086j,  0.00007+0.00131j,  0.00001-0.00164j,
         0.0011 -0.00151j, -0.00112+0.00101j],
       [-0.00071+0.00036j,  0.0007 -0.00036j, -0.00061-0.00037j,
         0.00061+0.00037j, -0.00026+0.00039j,  0.00027-0.00038j,
         0.00103+0.00002j, -0.00103-0.00003j],
       [ 0.00109+0.00018j, -0.00084+0.00069j,  0.0007 -0.0001j ,
        -0.00087-0.00145j,  0.00097-0.00123j, -0.00083+0.00144j,
        -0.00159-0.00008j,  0.00137+0.00055j],
       [ 0.00029+0.00016j, -0.0003 -0.00017j,  0.00021-0.00019j,
        -0.0002 +0.00019j, -0.00014-0.0003j ,  0.00014+0.00032j,
         0.00017+0.00013j, -0.00018-0.00014j],
       [-0.00055+0.00081j,  0.00104-0.00131j, -0.00108-0.00002j,
         0.00141+0.00011j, -0.00085+0.00033j, -0.0005 +0.00062j,
         0.00064+0.00038j, -0.0001 -0.00092j],
       [ 0.00104+0.00015j, -0.00103-0.00017j,  0.00022+0.00096j,
        -0.00022-0.00094j,  0.00053-0.00017j, -0.00054+0.00016j,
        -0.00061-0.00019j,  0.00061+0.00019j],
       [-0.00092+0.001j  ,  0.00062-0.00137j, -0.00139+0.00011j,
         0.00121-0.00052j, -0.00084-0.00009j,  0.00031-0.00042j,
         0.00154+0.00059j, -0.00052+0.00071j],
       [-0.00014+0.00029j,  0.00013-0.00029j, -0.00034-0.0004j ,
         0.00034+0.0004j , -0.0005 -0.00021j,  0.00051+0.00022j,
         0.00033+0.00014j, -0.00033-0.00014j]])}
All Derivatives: 
{'a': array([-0.-0.j, -0.+0.j,  0.-0.j,  0.-0.j, -0.-0.j, -0.+0.j, -0.-0.j,
       -0.+0.j]), 'b': array([ 0.-0.j,  0.+0.j,  0.+0.j,  0.+0.j,  0.-0.j, -0.-0.j, -0.-0.j,
       -0.+0.j]), 'w': array([[-0.00108-0.00024j, -0.00001+0.00072j, -0.     -0.00051j,
         0.00103+0.00086j,  0.00007+0.0013j ,  0.00001-0.00163j,
         0.00109-0.0015j , -0.00111+0.001j  ],
       [-0.0007 +0.00036j,  0.00069-0.00036j, -0.0006 -0.00037j,
         0.00061+0.00037j, -0.00026+0.00039j,  0.00027-0.00038j,
         0.00102+0.00002j, -0.00103-0.00003j],
       [ 0.00108+0.00018j, -0.00083+0.00069j,  0.00069-0.0001j ,
        -0.00086-0.00144j,  0.00096-0.00123j, -0.00083+0.00144j,
        -0.00158-0.00008j,  0.00136+0.00055j],
       [ 0.00029+0.00016j, -0.0003 -0.00017j,  0.00021-0.00019j,
        -0.0002 +0.00019j, -0.00014-0.0003j ,  0.00014+0.00032j,
         0.00017+0.00013j, -0.00018-0.00014j],
       [-0.00055+0.0008j ,  0.00103-0.00131j, -0.00108-0.00002j,
         0.00141+0.00011j, -0.00085+0.00033j, -0.0005 +0.00062j,
         0.00063+0.00038j, -0.0001 -0.00092j],
       [ 0.00104+0.00015j, -0.00103-0.00017j,  0.00021+0.00096j,
        -0.00022-0.00094j,  0.00053-0.00017j, -0.00053+0.00016j,
        -0.00061-0.00019j,  0.00061+0.00019j],
       [-0.00091+0.00099j,  0.00061-0.00137j, -0.00138+0.00011j,
         0.0012 -0.00052j, -0.00084-0.0001j ,  0.00031-0.00042j,
         0.00153+0.00058j, -0.00052+0.00071j],
       [-0.00014+0.00029j,  0.00013-0.00029j, -0.00034-0.0004j ,
         0.00034+0.0004j , -0.0005 -0.00021j,  0.00051+0.00022j,
         0.00032+0.00014j, -0.00033-0.00014j]])}
All Derivatives: 
{'a': array([-0.+0.j,  0.-0.j,  0.-0.j, -0.-0.j,  0.-0.j, -0.-0.j,  0.+0.j,
       -0.-0.j]), 'b': array([-0.-0.j,  0.+0.j, -0.+0.j,  0.-0.j, -0.-0.j,  0.-0.j,  0.+0.j,
       -0.-0.j]), 'w': array([[-0.00107-0.00024j, -0.00001+0.00072j, -0.     -0.00051j,
         0.00103+0.00085j,  0.00007+0.0013j ,  0.00001-0.00163j,
         0.00109-0.0015j , -0.00111+0.001j  ],
       [-0.0007 +0.00036j,  0.00069-0.00036j, -0.0006 -0.00037j,
         0.00061+0.00037j, -0.00026+0.00039j,  0.00027-0.00038j,
         0.00102+0.00002j, -0.00102-0.00003j],
       [ 0.00108+0.00018j, -0.00083+0.00068j,  0.00069-0.0001j ,
        -0.00086-0.00144j,  0.00096-0.00122j, -0.00082+0.00143j,
        -0.00157-0.00008j,  0.00135+0.00055j],
       [ 0.00029+0.00016j, -0.0003 -0.00017j,  0.00021-0.00018j,
        -0.0002 +0.00019j, -0.00014-0.0003j ,  0.00014+0.00031j,
         0.00017+0.00013j, -0.00018-0.00014j],
       [-0.00055+0.0008j ,  0.00103-0.0013j , -0.00107-0.00002j,
         0.0014 +0.00011j, -0.00084+0.00033j, -0.0005 +0.00062j,
         0.00063+0.00038j, -0.00009-0.00091j],
       [ 0.00103+0.00015j, -0.00102-0.00016j,  0.00021+0.00095j,
        -0.00022-0.00093j,  0.00053-0.00017j, -0.00053+0.00016j,
        -0.0006 -0.00019j,  0.0006 +0.00019j],
       [-0.00091+0.00099j,  0.00061-0.00136j, -0.00138+0.00011j,
         0.0012 -0.00052j, -0.00084-0.0001j ,  0.00031-0.00041j,
         0.00152+0.00058j, -0.00052+0.00071j],
       [-0.00014+0.00029j,  0.00013-0.00029j, -0.00033-0.0004j ,
         0.00034+0.0004j , -0.0005 -0.00021j,  0.0005 +0.00022j,
         0.00032+0.00014j, -0.00033-0.00014j]])}
All Derivatives: 
{'a': array([-0.+0.j,  0.-0.j,  0.-0.j,  0.-0.j,  0.+0.j, -0.-0.j, -0.-0.j,
        0.+0.j]), 'b': array([ 0.+0.j,  0.-0.j, -0.+0.j, -0.+0.j, -0.-0.j, -0.-0.j,  0.-0.j,
        0.-0.j]), 'w': array([[-0.00107-0.00024j, -0.00001+0.00072j, -0.     -0.0005j ,
         0.00103+0.00085j,  0.00007+0.00129j,  0.00001-0.00162j,
         0.00108-0.00149j, -0.0011 +0.00099j],
       [-0.0007 +0.00036j,  0.00069-0.00036j, -0.0006 -0.00036j,
         0.0006 +0.00037j, -0.00026+0.00039j,  0.00027-0.00038j,
         0.00101+0.00002j, -0.00102-0.00003j],
       [ 0.00107+0.00018j, -0.00083+0.00068j,  0.00069-0.0001j ,
        -0.00085-0.00143j,  0.00095-0.00122j, -0.00082+0.00143j,
        -0.00157-0.00008j,  0.00135+0.00055j],
       [ 0.00029+0.00016j, -0.0003 -0.00017j,  0.00021-0.00018j,
        -0.0002 +0.00019j, -0.00014-0.0003j ,  0.00014+0.00031j,
         0.00017+0.00013j, -0.00018-0.00014j],
       [-0.00054+0.0008j ,  0.00102-0.0013j , -0.00107-0.00002j,
         0.00139+0.00011j, -0.00084+0.00033j, -0.0005 +0.00062j,
         0.00063+0.00038j, -0.00009-0.00091j],
       [ 0.00103+0.00015j, -0.00102-0.00016j,  0.00021+0.00095j,
        -0.00022-0.00093j,  0.00052-0.00017j, -0.00053+0.00016j,
        -0.0006 -0.00019j,  0.0006 +0.00019j],
       [-0.00091+0.00099j,  0.00061-0.00136j, -0.00137+0.00011j,
         0.00119-0.00052j, -0.00083-0.0001j ,  0.00031-0.00041j,
         0.00152+0.00058j, -0.00051+0.00071j],
       [-0.00014+0.00029j,  0.00013-0.00029j, -0.00033-0.0004j ,
         0.00034+0.0004j , -0.0005 -0.00021j,  0.0005 +0.00022j,
         0.00032+0.00013j, -0.00032-0.00014j]])}
Traceback (most recent call last):
  File "/home/hanbury.p/feiguin/vmc/cython_version/enumeration_run.py", line 62, in <module>
    energy, optimal_parameters, final_parameters = opt.get_ground_state()
  File "lib/enumeration_qvmc/optimizer.pyx", line 190, in lib.enumeration_qvmc.optimizer.Optimizer.get_ground_state
    self.plotter.save_parameter_plot()
  File "lib/enumeration_qvmc/debug.pyx", line 105, in lib.enumeration_qvmc.debug.Plotter.save_parameter_plot
    self.save_plot(np.arrange(len(self.energy_history)), self.energy_history,
AttributeError: module 'numpy' has no attribute 'arrange'
